[0.023s] Invoking command in '/home/bingflame/RoArm-M1/build/astra_camera': CMAKE_PREFIX_PATH=/home/bingflame/RoArm-M1/install/astra_camera_msgs:/home/bingflame/RoArm-M1/install/roarm:/home/bingflame/RoArm-M1/install/astra_camera:/home/bingflame/RoArm-M1/install/serial_reader:/home/bingflame/RoArm-M1/install/serial_ctrl:/opt/ros/humble CONDA_PROMPT_MODIFIER=(base) LD_LIBRARY_PATH=/home/bingflame/RoArm-M1/install/astra_camera_msgs/lib:/home/bingflame/RoArm-M1/install/astra_camera/lib:/opt/ros/humble/opt/rviz_ogre_vendor/lib:/opt/ros/humble/lib/aarch64-linux-gnu:/opt/ros/humble/lib:/usr/local/cuda-12.6/lib64:/home/bingflame/xiugaihou/JetsonGPIO/build/ PYTHONPATH=/home/bingflame/RoArm-M1/install/astra_camera_msgs/lib/python3.10/site-packages:/home/bingflame/RoArm-M1/install/serial_reader/lib/python3.10/site-packages:/home/bingflame/RoArm-M1/install/serial_ctrl/lib/python3.10/site-packages:/opt/ros/humble/lib/python3.10/site-packages:/opt/ros/humble/local/lib/python3.10/dist-packages /usr/bin/cmake --build /home/bingflame/RoArm-M1/build/astra_camera -- -j6 -l6
[0.110s] [35m[1mConsolidate compiler generated dependencies of target point_cloud_subscriber[0m
[0.145s] [  5%] [32mBuilding CXX object CMakeFiles/point_cloud_subscriber.dir/src/point_cloud_subscriber.cpp.o[0m
[0.196s] [ 83%] Built target astra_camera
[0.264s] [ 94%] Built target list_devices_node
[6.073s] [01m[K/home/bingflame/RoArm-M1/src/astra_camera/src/point_cloud_subscriber.cpp:[m[K In member function ‘[01m[Kvoid DepthSubscriber::serial_callback(std_msgs::msg::String_<std::allocator<void> >::SharedPtr)[m[K’:
[6.074s] [01m[K/home/bingflame/RoArm-M1/src/astra_camera/src/point_cloud_subscriber.cpp:111:30:[m[K [01;31m[Kerror: [m[K‘[01m[Kconst SharedPtr[m[K’ {aka ‘[01m[Kconst class std::shared_ptr<std_msgs::msg::String_<std::allocator<void> > >[m[K’} has no member named ‘[01m[Kfind[m[K’
[6.074s]   111 |     size_t start_index = msg.[01;31m[Kfind[m[K("(");
[6.074s]       |                              [01;31m[K^~~~[m[K
[6.074s] [01m[K/home/bingflame/RoArm-M1/src/astra_camera/src/point_cloud_subscriber.cpp:112:28:[m[K [01;31m[Kerror: [m[K‘[01m[Kconst SharedPtr[m[K’ {aka ‘[01m[Kconst class std::shared_ptr<std_msgs::msg::String_<std::allocator<void> > >[m[K’} has no member named ‘[01m[Kfind[m[K’
[6.074s]   112 |     size_t end_index = msg.[01;31m[Kfind[m[K(")");
[6.074s]       |                            [01;31m[K^~~~[m[K
[6.075s] [01m[K/home/bingflame/RoArm-M1/src/astra_camera/src/point_cloud_subscriber.cpp:113:39:[m[K [01;31m[Kerror: [m[K‘[01m[Kconst SharedPtr[m[K’ {aka ‘[01m[Kconst class std::shared_ptr<std_msgs::msg::String_<std::allocator<void> > >[m[K’} has no member named ‘[01m[Ksubstr[m[K’
[6.075s]   113 |     std::string coordinates_str = msg.[01;31m[Ksubstr[m[K(start_index + 1, end_index - start_index - 1);
[6.075s]       |                                       [01;31m[K^~~~~~[m[K
[6.075s] [01m[K/home/bingflame/RoArm-M1/src/astra_camera/src/point_cloud_subscriber.cpp:125:23:[m[K [01;31m[Kerror: [m[K‘[01m[Kconst SharedPtr[m[K’ {aka ‘[01m[Kconst class std::shared_ptr<std_msgs::msg::String_<std::allocator<void> > >[m[K’} has no member named ‘[01m[Kfind[m[K’
[6.075s]   125 |     start_index = msg.[01;31m[Kfind[m[K(": ") + 2;
[6.075s]       |                       [01;31m[K^~~~[m[K
[6.075s] [01m[K/home/bingflame/RoArm-M1/src/astra_camera/src/point_cloud_subscriber.cpp:126:21:[m[K [01;31m[Kerror: [m[K‘[01m[Kconst SharedPtr[m[K’ {aka ‘[01m[Kconst class std::shared_ptr<std_msgs::msg::String_<std::allocator<void> > >[m[K’} has no member named ‘[01m[Kfind[m[K’
[6.075s]   126 |     end_index = msg.[01;31m[Kfind[m[K(" C");
[6.076s]       |                     [01;31m[K^~~~[m[K
[6.076s] [01m[K/home/bingflame/RoArm-M1/src/astra_camera/src/point_cloud_subscriber.cpp:127:39:[m[K [01;31m[Kerror: [m[K‘[01m[Kconst SharedPtr[m[K’ {aka ‘[01m[Kconst class std::shared_ptr<std_msgs::msg::String_<std::allocator<void> > >[m[K’} has no member named ‘[01m[Ksubstr[m[K’
[6.076s]   127 |     std::string temperature_str = msg.[01;31m[Ksubstr[m[K(start_index, end_index - start_index);
[6.076s]       |                                       [01;31m[K^~~~~~[m[K
[14.929s] gmake[2]: *** [CMakeFiles/point_cloud_subscriber.dir/build.make:76: CMakeFiles/point_cloud_subscriber.dir/src/point_cloud_subscriber.cpp.o] Error 1
[14.930s] gmake[1]: *** [CMakeFiles/Makefile2:193: CMakeFiles/point_cloud_subscriber.dir/all] Error 2
[14.930s] gmake: *** [Makefile:146: all] Error 2
[14.936s] Invoked command in '/home/bingflame/RoArm-M1/build/astra_camera' returned '2': CMAKE_PREFIX_PATH=/home/bingflame/RoArm-M1/install/astra_camera_msgs:/home/bingflame/RoArm-M1/install/roarm:/home/bingflame/RoArm-M1/install/astra_camera:/home/bingflame/RoArm-M1/install/serial_reader:/home/bingflame/RoArm-M1/install/serial_ctrl:/opt/ros/humble CONDA_PROMPT_MODIFIER=(base) LD_LIBRARY_PATH=/home/bingflame/RoArm-M1/install/astra_camera_msgs/lib:/home/bingflame/RoArm-M1/install/astra_camera/lib:/opt/ros/humble/opt/rviz_ogre_vendor/lib:/opt/ros/humble/lib/aarch64-linux-gnu:/opt/ros/humble/lib:/usr/local/cuda-12.6/lib64:/home/bingflame/xiugaihou/JetsonGPIO/build/ PYTHONPATH=/home/bingflame/RoArm-M1/install/astra_camera_msgs/lib/python3.10/site-packages:/home/bingflame/RoArm-M1/install/serial_reader/lib/python3.10/site-packages:/home/bingflame/RoArm-M1/install/serial_ctrl/lib/python3.10/site-packages:/opt/ros/humble/lib/python3.10/site-packages:/opt/ros/humble/local/lib/python3.10/dist-packages /usr/bin/cmake --build /home/bingflame/RoArm-M1/build/astra_camera -- -j6 -l6
