[0.240s] DEBUG:colcon:Command line arguments: ['/usr/bin/colcon', 'build']
[0.241s] DEBUG:colcon:Parsed command line arguments: Namespace(log_base=None, log_level=None, verb_name='build', build_base='build', install_base='install', merge_install=False, symlink_install=False, test_result_base=None, continue_on_error=False, executor='parallel', parallel_workers=6, event_handlers=None, ignore_user_meta=False, metas=['./colcon.meta'], base_paths=['.'], packages_ignore=None, packages_ignore_regex=None, paths=None, packages_up_to=None, packages_up_to_regex=None, packages_above=None, packages_above_and_dependencies=None, packages_above_depth=None, packages_select_by_dep=None, packages_skip_by_dep=None, packages_skip_up_to=None, packages_select_build_failed=False, packages_skip_build_finished=False, packages_select_test_failures=False, packages_skip_test_passed=False, packages_select=None, packages_skip=None, packages_select_regex=None, packages_skip_regex=None, packages_start=None, packages_end=None, allow_overriding=[], cmake_args=None, cmake_target=None, cmake_target_skip_unavailable=False, cmake_clean_cache=False, cmake_clean_first=False, cmake_force_configure=False, ament_cmake_args=None, catkin_cmake_args=None, catkin_skip_building_tests=False, verb_parser=<colcon_defaults.argument_parser.defaults.DefaultArgumentsDecorator object at 0xffffb54d80a0>, verb_extension=<colcon_core.verb.build.BuildVerb object at 0xffffb56b0ca0>, main=<bound method BuildVerb.main of <colcon_core.verb.build.BuildVerb object at 0xffffb56b0ca0>>)
[0.589s] Level 1:colcon.colcon_core.package_discovery:discover_packages(colcon_meta) check parameters
[0.589s] Level 1:colcon.colcon_core.package_discovery:discover_packages(recursive) check parameters
[0.589s] Level 1:colcon.colcon_core.package_discovery:discover_packages(ignore) check parameters
[0.589s] Level 1:colcon.colcon_core.package_discovery:discover_packages(path) check parameters
[0.589s] Level 1:colcon.colcon_core.package_discovery:discover_packages(colcon_meta) discover
[0.589s] Level 1:colcon.colcon_core.package_discovery:discover_packages(recursive) discover
[0.590s] INFO:colcon.colcon_core.package_discovery:Crawling recursively for packages in '/home/bingflame/RoArm-M1'
[0.590s] Level 1:colcon.colcon_core.package_identification:_identify(.) by extensions ['ignore', 'ignore_ament_install']
[0.590s] Level 1:colcon.colcon_core.package_identification:_identify(.) by extension 'ignore'
[0.590s] Level 1:colcon.colcon_core.package_identification:_identify(.) by extension 'ignore_ament_install'
[0.590s] Level 1:colcon.colcon_core.package_identification:_identify(.) by extensions ['colcon_pkg']
[0.590s] Level 1:colcon.colcon_core.package_identification:_identify(.) by extension 'colcon_pkg'
[0.591s] Level 1:colcon.colcon_core.package_identification:_identify(.) by extensions ['colcon_meta']
[0.591s] Level 1:colcon.colcon_core.package_identification:_identify(.) by extension 'colcon_meta'
[0.591s] Level 1:colcon.colcon_core.package_identification:_identify(.) by extensions ['ros']
[0.591s] Level 1:colcon.colcon_core.package_identification:_identify(.) by extension 'ros'
[0.618s] Level 1:colcon.colcon_core.package_identification:_identify(.) by extensions ['cmake', 'python']
[0.618s] Level 1:colcon.colcon_core.package_identification:_identify(.) by extension 'cmake'
[0.619s] Level 1:colcon.colcon_core.package_identification:_identify(.) by extension 'python'
[0.619s] Level 1:colcon.colcon_core.package_identification:_identify(.) by extensions ['python_setup_py']
[0.619s] Level 1:colcon.colcon_core.package_identification:_identify(.) by extension 'python_setup_py'
[0.619s] Level 1:colcon.colcon_core.package_identification:_identify(build) by extensions ['ignore', 'ignore_ament_install']
[0.619s] Level 1:colcon.colcon_core.package_identification:_identify(build) by extension 'ignore'
[0.620s] Level 1:colcon.colcon_core.package_identification:_identify(build) ignored
[0.620s] Level 1:colcon.colcon_core.package_identification:_identify(install) by extensions ['ignore', 'ignore_ament_install']
[0.620s] Level 1:colcon.colcon_core.package_identification:_identify(install) by extension 'ignore'
[0.620s] Level 1:colcon.colcon_core.package_identification:_identify(install) ignored
[0.620s] Level 1:colcon.colcon_core.package_identification:_identify(log) by extensions ['ignore', 'ignore_ament_install']
[0.621s] Level 1:colcon.colcon_core.package_identification:_identify(log) by extension 'ignore'
[0.621s] Level 1:colcon.colcon_core.package_identification:_identify(log) ignored
[0.621s] Level 1:colcon.colcon_core.package_identification:_identify(src) by extensions ['ignore', 'ignore_ament_install']
[0.621s] Level 1:colcon.colcon_core.package_identification:_identify(src) by extension 'ignore'
[0.621s] Level 1:colcon.colcon_core.package_identification:_identify(src) by extension 'ignore_ament_install'
[0.621s] Level 1:colcon.colcon_core.package_identification:_identify(src) by extensions ['colcon_pkg']
[0.621s] Level 1:colcon.colcon_core.package_identification:_identify(src) by extension 'colcon_pkg'
[0.622s] Level 1:colcon.colcon_core.package_identification:_identify(src) by extensions ['colcon_meta']
[0.622s] Level 1:colcon.colcon_core.package_identification:_identify(src) by extension 'colcon_meta'
[0.622s] Level 1:colcon.colcon_core.package_identification:_identify(src) by extensions ['ros']
[0.622s] Level 1:colcon.colcon_core.package_identification:_identify(src) by extension 'ros'
[0.622s] Level 1:colcon.colcon_core.package_identification:_identify(src) by extensions ['cmake', 'python']
[0.622s] Level 1:colcon.colcon_core.package_identification:_identify(src) by extension 'cmake'
[0.622s] Level 1:colcon.colcon_core.package_identification:_identify(src) by extension 'python'
[0.622s] Level 1:colcon.colcon_core.package_identification:_identify(src) by extensions ['python_setup_py']
[0.622s] Level 1:colcon.colcon_core.package_identification:_identify(src) by extension 'python_setup_py'
[0.623s] Level 1:colcon.colcon_core.package_identification:_identify(src/astra_camera) by extensions ['ignore', 'ignore_ament_install']
[0.623s] Level 1:colcon.colcon_core.package_identification:_identify(src/astra_camera) by extension 'ignore'
[0.623s] Level 1:colcon.colcon_core.package_identification:_identify(src/astra_camera) by extension 'ignore_ament_install'
[0.623s] Level 1:colcon.colcon_core.package_identification:_identify(src/astra_camera) by extensions ['colcon_pkg']
[0.623s] Level 1:colcon.colcon_core.package_identification:_identify(src/astra_camera) by extension 'colcon_pkg'
[0.623s] Level 1:colcon.colcon_core.package_identification:_identify(src/astra_camera) by extensions ['colcon_meta']
[0.623s] Level 1:colcon.colcon_core.package_identification:_identify(src/astra_camera) by extension 'colcon_meta'
[0.623s] Level 1:colcon.colcon_core.package_identification:_identify(src/astra_camera) by extensions ['ros']
[0.623s] Level 1:colcon.colcon_core.package_identification:_identify(src/astra_camera) by extension 'ros'
[0.632s] DEBUG:colcon.colcon_core.package_identification:Package 'src/astra_camera' with type 'ros.ament_cmake' and name 'astra_camera'
[0.633s] Level 1:colcon.colcon_core.package_identification:_identify(src/astra_camera_msgs) by extensions ['ignore', 'ignore_ament_install']
[0.633s] Level 1:colcon.colcon_core.package_identification:_identify(src/astra_camera_msgs) by extension 'ignore'
[0.633s] Level 1:colcon.colcon_core.package_identification:_identify(src/astra_camera_msgs) by extension 'ignore_ament_install'
[0.633s] Level 1:colcon.colcon_core.package_identification:_identify(src/astra_camera_msgs) by extensions ['colcon_pkg']
[0.634s] Level 1:colcon.colcon_core.package_identification:_identify(src/astra_camera_msgs) by extension 'colcon_pkg'
[0.634s] Level 1:colcon.colcon_core.package_identification:_identify(src/astra_camera_msgs) by extensions ['colcon_meta']
[0.634s] Level 1:colcon.colcon_core.package_identification:_identify(src/astra_camera_msgs) by extension 'colcon_meta'
[0.634s] Level 1:colcon.colcon_core.package_identification:_identify(src/astra_camera_msgs) by extensions ['ros']
[0.634s] Level 1:colcon.colcon_core.package_identification:_identify(src/astra_camera_msgs) by extension 'ros'
[0.635s] DEBUG:colcon.colcon_core.package_identification:Package 'src/astra_camera_msgs' with type 'ros.ament_cmake' and name 'astra_camera_msgs'
[0.636s] Level 1:colcon.colcon_core.package_identification:_identify(src/roarm) by extensions ['ignore', 'ignore_ament_install']
[0.636s] Level 1:colcon.colcon_core.package_identification:_identify(src/roarm) by extension 'ignore'
[0.636s] Level 1:colcon.colcon_core.package_identification:_identify(src/roarm) by extension 'ignore_ament_install'
[0.636s] Level 1:colcon.colcon_core.package_identification:_identify(src/roarm) by extensions ['colcon_pkg']
[0.636s] Level 1:colcon.colcon_core.package_identification:_identify(src/roarm) by extension 'colcon_pkg'
[0.636s] Level 1:colcon.colcon_core.package_identification:_identify(src/roarm) by extensions ['colcon_meta']
[0.636s] Level 1:colcon.colcon_core.package_identification:_identify(src/roarm) by extension 'colcon_meta'
[0.637s] Level 1:colcon.colcon_core.package_identification:_identify(src/roarm) by extensions ['ros']
[0.637s] Level 1:colcon.colcon_core.package_identification:_identify(src/roarm) by extension 'ros'
[0.638s] DEBUG:colcon.colcon_core.package_identification:Package 'src/roarm' with type 'ros.ament_cmake' and name 'roarm'
[0.638s] Level 1:colcon.colcon_core.package_identification:_identify(src/serial_ctrl) by extensions ['ignore', 'ignore_ament_install']
[0.638s] Level 1:colcon.colcon_core.package_identification:_identify(src/serial_ctrl) by extension 'ignore'
[0.638s] Level 1:colcon.colcon_core.package_identification:_identify(src/serial_ctrl) by extension 'ignore_ament_install'
[0.638s] Level 1:colcon.colcon_core.package_identification:_identify(src/serial_ctrl) by extensions ['colcon_pkg']
[0.638s] Level 1:colcon.colcon_core.package_identification:_identify(src/serial_ctrl) by extension 'colcon_pkg'
[0.639s] Level 1:colcon.colcon_core.package_identification:_identify(src/serial_ctrl) by extensions ['colcon_meta']
[0.639s] Level 1:colcon.colcon_core.package_identification:_identify(src/serial_ctrl) by extension 'colcon_meta'
[0.639s] Level 1:colcon.colcon_core.package_identification:_identify(src/serial_ctrl) by extensions ['ros']
[0.639s] Level 1:colcon.colcon_core.package_identification:_identify(src/serial_ctrl) by extension 'ros'
[0.640s] DEBUG:colcon.colcon_core.package_identification:Package 'src/serial_ctrl' with type 'ros.ament_python' and name 'serial_ctrl'
[0.640s] Level 1:colcon.colcon_core.package_discovery:discover_packages(recursive) using defaults
[0.640s] Level 1:colcon.colcon_core.package_discovery:discover_packages(ignore) discover
[0.640s] Level 1:colcon.colcon_core.package_discovery:discover_packages(ignore) using defaults
[0.640s] Level 1:colcon.colcon_core.package_discovery:discover_packages(path) discover
[0.640s] Level 1:colcon.colcon_core.package_discovery:discover_packages(path) using defaults
[0.690s] Level 1:colcon.colcon_core.package_discovery:discover_packages(prefix_path) check parameters
[0.690s] Level 1:colcon.colcon_core.package_discovery:discover_packages(prefix_path) discover
[0.695s] DEBUG:colcon.colcon_installed_package_information.package_discovery:Found 4 installed packages in /home/bingflame/RoArm-M1/install
[0.698s] DEBUG:colcon.colcon_installed_package_information.package_discovery:Found 276 installed packages in /opt/ros/humble
[0.703s] Level 1:colcon.colcon_core.package_discovery:discover_packages(prefix_path) using defaults
[0.817s] Level 5:colcon.colcon_core.verb:set package 'astra_camera_msgs' build argument 'cmake_args' from command line to 'None'
[0.817s] Level 5:colcon.colcon_core.verb:set package 'astra_camera_msgs' build argument 'cmake_target' from command line to 'None'
[0.817s] Level 5:colcon.colcon_core.verb:set package 'astra_camera_msgs' build argument 'cmake_target_skip_unavailable' from command line to 'False'
[0.817s] Level 5:colcon.colcon_core.verb:set package 'astra_camera_msgs' build argument 'cmake_clean_cache' from command line to 'False'
[0.817s] Level 5:colcon.colcon_core.verb:set package 'astra_camera_msgs' build argument 'cmake_clean_first' from command line to 'False'
[0.818s] Level 5:colcon.colcon_core.verb:set package 'astra_camera_msgs' build argument 'cmake_force_configure' from command line to 'False'
[0.818s] Level 5:colcon.colcon_core.verb:set package 'astra_camera_msgs' build argument 'ament_cmake_args' from command line to 'None'
[0.818s] Level 5:colcon.colcon_core.verb:set package 'astra_camera_msgs' build argument 'catkin_cmake_args' from command line to 'None'
[0.818s] Level 5:colcon.colcon_core.verb:set package 'astra_camera_msgs' build argument 'catkin_skip_building_tests' from command line to 'False'
[0.818s] DEBUG:colcon.colcon_core.verb:Building package 'astra_camera_msgs' with the following arguments: {'ament_cmake_args': None, 'build_base': '/home/bingflame/RoArm-M1/build/astra_camera_msgs', 'catkin_cmake_args': None, 'catkin_skip_building_tests': False, 'cmake_args': None, 'cmake_clean_cache': False, 'cmake_clean_first': False, 'cmake_force_configure': False, 'cmake_target': None, 'cmake_target_skip_unavailable': False, 'install_base': '/home/bingflame/RoArm-M1/install/astra_camera_msgs', 'merge_install': False, 'path': '/home/bingflame/RoArm-M1/src/astra_camera_msgs', 'symlink_install': False, 'test_result_base': None}
[0.819s] Level 5:colcon.colcon_core.verb:set package 'roarm' build argument 'cmake_args' from command line to 'None'
[0.819s] Level 5:colcon.colcon_core.verb:set package 'roarm' build argument 'cmake_target' from command line to 'None'
[0.819s] Level 5:colcon.colcon_core.verb:set package 'roarm' build argument 'cmake_target_skip_unavailable' from command line to 'False'
[0.819s] Level 5:colcon.colcon_core.verb:set package 'roarm' build argument 'cmake_clean_cache' from command line to 'False'
[0.819s] Level 5:colcon.colcon_core.verb:set package 'roarm' build argument 'cmake_clean_first' from command line to 'False'
[0.819s] Level 5:colcon.colcon_core.verb:set package 'roarm' build argument 'cmake_force_configure' from command line to 'False'
[0.819s] Level 5:colcon.colcon_core.verb:set package 'roarm' build argument 'ament_cmake_args' from command line to 'None'
[0.819s] Level 5:colcon.colcon_core.verb:set package 'roarm' build argument 'catkin_cmake_args' from command line to 'None'
[0.819s] Level 5:colcon.colcon_core.verb:set package 'roarm' build argument 'catkin_skip_building_tests' from command line to 'False'
[0.819s] DEBUG:colcon.colcon_core.verb:Building package 'roarm' with the following arguments: {'ament_cmake_args': None, 'build_base': '/home/bingflame/RoArm-M1/build/roarm', 'catkin_cmake_args': None, 'catkin_skip_building_tests': False, 'cmake_args': None, 'cmake_clean_cache': False, 'cmake_clean_first': False, 'cmake_force_configure': False, 'cmake_target': None, 'cmake_target_skip_unavailable': False, 'install_base': '/home/bingflame/RoArm-M1/install/roarm', 'merge_install': False, 'path': '/home/bingflame/RoArm-M1/src/roarm', 'symlink_install': False, 'test_result_base': None}
[0.820s] Level 5:colcon.colcon_core.verb:set package 'serial_ctrl' build argument 'cmake_args' from command line to 'None'
[0.820s] Level 5:colcon.colcon_core.verb:set package 'serial_ctrl' build argument 'cmake_target' from command line to 'None'
[0.820s] Level 5:colcon.colcon_core.verb:set package 'serial_ctrl' build argument 'cmake_target_skip_unavailable' from command line to 'False'
[0.820s] Level 5:colcon.colcon_core.verb:set package 'serial_ctrl' build argument 'cmake_clean_cache' from command line to 'False'
[0.820s] Level 5:colcon.colcon_core.verb:set package 'serial_ctrl' build argument 'cmake_clean_first' from command line to 'False'
[0.820s] Level 5:colcon.colcon_core.verb:set package 'serial_ctrl' build argument 'cmake_force_configure' from command line to 'False'
[0.820s] Level 5:colcon.colcon_core.verb:set package 'serial_ctrl' build argument 'ament_cmake_args' from command line to 'None'
[0.820s] Level 5:colcon.colcon_core.verb:set package 'serial_ctrl' build argument 'catkin_cmake_args' from command line to 'None'
[0.820s] Level 5:colcon.colcon_core.verb:set package 'serial_ctrl' build argument 'catkin_skip_building_tests' from command line to 'False'
[0.820s] DEBUG:colcon.colcon_core.verb:Building package 'serial_ctrl' with the following arguments: {'ament_cmake_args': None, 'build_base': '/home/bingflame/RoArm-M1/build/serial_ctrl', 'catkin_cmake_args': None, 'catkin_skip_building_tests': False, 'cmake_args': None, 'cmake_clean_cache': False, 'cmake_clean_first': False, 'cmake_force_configure': False, 'cmake_target': None, 'cmake_target_skip_unavailable': False, 'install_base': '/home/bingflame/RoArm-M1/install/serial_ctrl', 'merge_install': False, 'path': '/home/bingflame/RoArm-M1/src/serial_ctrl', 'symlink_install': False, 'test_result_base': None}
[0.821s] Level 5:colcon.colcon_core.verb:set package 'astra_camera' build argument 'cmake_args' from command line to 'None'
[0.821s] Level 5:colcon.colcon_core.verb:set package 'astra_camera' build argument 'cmake_target' from command line to 'None'
[0.821s] Level 5:colcon.colcon_core.verb:set package 'astra_camera' build argument 'cmake_target_skip_unavailable' from command line to 'False'
[0.821s] Level 5:colcon.colcon_core.verb:set package 'astra_camera' build argument 'cmake_clean_cache' from command line to 'False'
[0.821s] Level 5:colcon.colcon_core.verb:set package 'astra_camera' build argument 'cmake_clean_first' from command line to 'False'
[0.821s] Level 5:colcon.colcon_core.verb:set package 'astra_camera' build argument 'cmake_force_configure' from command line to 'False'
[0.821s] Level 5:colcon.colcon_core.verb:set package 'astra_camera' build argument 'ament_cmake_args' from command line to 'None'
[0.821s] Level 5:colcon.colcon_core.verb:set package 'astra_camera' build argument 'catkin_cmake_args' from command line to 'None'
[0.821s] Level 5:colcon.colcon_core.verb:set package 'astra_camera' build argument 'catkin_skip_building_tests' from command line to 'False'
[0.821s] DEBUG:colcon.colcon_core.verb:Building package 'astra_camera' with the following arguments: {'ament_cmake_args': None, 'build_base': '/home/bingflame/RoArm-M1/build/astra_camera', 'catkin_cmake_args': None, 'catkin_skip_building_tests': False, 'cmake_args': None, 'cmake_clean_cache': False, 'cmake_clean_first': False, 'cmake_force_configure': False, 'cmake_target': None, 'cmake_target_skip_unavailable': False, 'install_base': '/home/bingflame/RoArm-M1/install/astra_camera', 'merge_install': False, 'path': '/home/bingflame/RoArm-M1/src/astra_camera', 'symlink_install': False, 'test_result_base': None}
[0.822s] INFO:colcon.colcon_core.executor:Executing jobs using 'parallel' executor
[0.824s] DEBUG:colcon.colcon_parallel_executor.executor.parallel:run_until_complete
[0.825s] INFO:colcon.colcon_ros.task.ament_cmake.build:Building ROS package in '/home/bingflame/RoArm-M1/src/astra_camera_msgs' with build type 'ament_cmake'
[0.825s] INFO:colcon.colcon_cmake.task.cmake.build:Building CMake package in '/home/bingflame/RoArm-M1/src/astra_camera_msgs'
[0.834s] INFO:colcon.colcon_core.plugin_system:Skipping extension 'colcon_core.shell.bat': Not used on non-Windows systems
[0.834s] INFO:colcon.colcon_core.shell:Skip shell extension 'powershell' for command environment: Not usable outside of PowerShell
[0.834s] DEBUG:colcon.colcon_core.shell:Skip shell extension 'dsv' for command environment
[0.842s] INFO:colcon.colcon_ros.task.ament_cmake.build:Building ROS package in '/home/bingflame/RoArm-M1/src/roarm' with build type 'ament_cmake'
[0.842s] INFO:colcon.colcon_cmake.task.cmake.build:Building CMake package in '/home/bingflame/RoArm-M1/src/roarm'
[0.843s] INFO:colcon.colcon_core.shell:Skip shell extension 'powershell' for command environment: Not usable outside of PowerShell
[0.843s] DEBUG:colcon.colcon_core.shell:Skip shell extension 'dsv' for command environment
[0.850s] INFO:colcon.colcon_ros.task.ament_python.build:Building ROS package in '/home/bingflame/RoArm-M1/src/serial_ctrl' with build type 'ament_python'
[0.850s] Level 1:colcon.colcon_core.shell:create_environment_hook('serial_ctrl', 'ament_prefix_path')
[0.851s] INFO:colcon.colcon_core.shell:Creating environment hook '/home/bingflame/RoArm-M1/install/serial_ctrl/share/serial_ctrl/hook/ament_prefix_path.ps1'
[0.853s] INFO:colcon.colcon_core.shell:Creating environment descriptor '/home/bingflame/RoArm-M1/install/serial_ctrl/share/serial_ctrl/hook/ament_prefix_path.dsv'
[0.854s] INFO:colcon.colcon_core.shell:Creating environment hook '/home/bingflame/RoArm-M1/install/serial_ctrl/share/serial_ctrl/hook/ament_prefix_path.sh'
[0.855s] INFO:colcon.colcon_core.shell:Skip shell extension 'powershell' for command environment: Not usable outside of PowerShell
[0.855s] DEBUG:colcon.colcon_core.shell:Skip shell extension 'dsv' for command environment
[0.870s] DEBUG:colcon.colcon_core.event_handler.log_command:Invoking command in '/home/bingflame/RoArm-M1/build/astra_camera_msgs': CMAKE_PREFIX_PATH=${CMAKE_PREFIX_PATH}:/home/bingflame/RoArm-M1/install/serial_ctrl:/opt/ros/humble CONDA_PROMPT_MODIFIER=(base) /usr/bin/cmake --build /home/bingflame/RoArm-M1/build/astra_camera_msgs -- -j6 -l6
[0.879s] DEBUG:colcon.colcon_core.event_handler.log_command:Invoking command in '/home/bingflame/RoArm-M1/build/roarm': CMAKE_PREFIX_PATH=${CMAKE_PREFIX_PATH}:/home/bingflame/RoArm-M1/install/serial_ctrl:/opt/ros/humble CONDA_PROMPT_MODIFIER=(base) /usr/bin/cmake --build /home/bingflame/RoArm-M1/build/roarm -- -j6 -l6
[1.474s] INFO:colcon.colcon_core.task.python.build:Building Python package in '/home/bingflame/RoArm-M1/src/serial_ctrl'
[1.475s] INFO:colcon.colcon_core.shell:Skip shell extension 'powershell' for command environment: Not usable outside of PowerShell
[1.476s] DEBUG:colcon.colcon_core.shell:Skip shell extension 'dsv' for command environment
[1.485s] DEBUG:colcon.colcon_core.event_handler.log_command:Invoked command in '/home/bingflame/RoArm-M1/build/roarm' returned '0': CMAKE_PREFIX_PATH=${CMAKE_PREFIX_PATH}:/home/bingflame/RoArm-M1/install/serial_ctrl:/opt/ros/humble CONDA_PROMPT_MODIFIER=(base) /usr/bin/cmake --build /home/bingflame/RoArm-M1/build/roarm -- -j6 -l6
[1.551s] DEBUG:colcon.colcon_core.event_handler.log_command:Invoking command in '/home/bingflame/RoArm-M1/build/roarm': CMAKE_PREFIX_PATH=${CMAKE_PREFIX_PATH}:/home/bingflame/RoArm-M1/install/serial_ctrl:/opt/ros/humble CONDA_PROMPT_MODIFIER=(base) /usr/bin/cmake --install /home/bingflame/RoArm-M1/build/roarm
[1.576s] Level 1:colcon.colcon_core.environment:create_environment_scripts_only(roarm)
[1.580s] DEBUG:colcon.colcon_core.event_handler.log_command:Invoked command in '/home/bingflame/RoArm-M1/build/roarm' returned '0': CMAKE_PREFIX_PATH=${CMAKE_PREFIX_PATH}:/home/bingflame/RoArm-M1/install/serial_ctrl:/opt/ros/humble CONDA_PROMPT_MODIFIER=(base) /usr/bin/cmake --install /home/bingflame/RoArm-M1/build/roarm
[1.590s] Level 1:colcon.colcon_core.environment:checking '/home/bingflame/RoArm-M1/install/roarm' for CMake module files
[1.591s] Level 1:colcon.colcon_core.environment:checking '/home/bingflame/RoArm-M1/install/roarm' for CMake config files
[1.592s] Level 1:colcon.colcon_core.shell:create_environment_hook('roarm', 'cmake_prefix_path')
[1.593s] INFO:colcon.colcon_core.shell:Creating environment hook '/home/bingflame/RoArm-M1/install/roarm/share/roarm/hook/cmake_prefix_path.ps1'
[1.594s] INFO:colcon.colcon_core.shell:Creating environment descriptor '/home/bingflame/RoArm-M1/install/roarm/share/roarm/hook/cmake_prefix_path.dsv'
[1.595s] INFO:colcon.colcon_core.shell:Creating environment hook '/home/bingflame/RoArm-M1/install/roarm/share/roarm/hook/cmake_prefix_path.sh'
[1.597s] Level 1:colcon.colcon_core.environment:checking '/home/bingflame/RoArm-M1/install/roarm/bin'
[1.597s] Level 1:colcon.colcon_core.environment:checking '/home/bingflame/RoArm-M1/install/roarm/lib/pkgconfig/roarm.pc'
[1.598s] Level 1:colcon.colcon_core.environment:checking '/home/bingflame/RoArm-M1/install/roarm/lib/python3.10/site-packages'
[1.599s] Level 1:colcon.colcon_core.environment:checking '/home/bingflame/RoArm-M1/install/roarm/bin'
[1.599s] INFO:colcon.colcon_core.shell:Creating package script '/home/bingflame/RoArm-M1/install/roarm/share/roarm/package.ps1'
[1.602s] INFO:colcon.colcon_core.shell:Creating package descriptor '/home/bingflame/RoArm-M1/install/roarm/share/roarm/package.dsv'
[1.603s] INFO:colcon.colcon_core.shell:Creating package script '/home/bingflame/RoArm-M1/install/roarm/share/roarm/package.sh'
[1.605s] INFO:colcon.colcon_core.shell:Creating package script '/home/bingflame/RoArm-M1/install/roarm/share/roarm/package.bash'
[1.607s] INFO:colcon.colcon_core.shell:Creating package script '/home/bingflame/RoArm-M1/install/roarm/share/roarm/package.zsh'
[1.609s] Level 1:colcon.colcon_core.environment:create_file_with_runtime_dependencies(/home/bingflame/RoArm-M1/install/roarm/share/colcon-core/packages/roarm)
[1.669s] Level 1:colcon.colcon_core.environment:create_environment_scripts_only(roarm)
[1.670s] Level 1:colcon.colcon_core.environment:checking '/home/bingflame/RoArm-M1/install/roarm' for CMake module files
[1.671s] Level 1:colcon.colcon_core.environment:checking '/home/bingflame/RoArm-M1/install/roarm' for CMake config files
[1.672s] Level 1:colcon.colcon_core.shell:create_environment_hook('roarm', 'cmake_prefix_path')
[1.672s] INFO:colcon.colcon_core.shell:Creating environment hook '/home/bingflame/RoArm-M1/install/roarm/share/roarm/hook/cmake_prefix_path.ps1'
[1.674s] INFO:colcon.colcon_core.shell:Creating environment descriptor '/home/bingflame/RoArm-M1/install/roarm/share/roarm/hook/cmake_prefix_path.dsv'
[1.674s] INFO:colcon.colcon_core.shell:Creating environment hook '/home/bingflame/RoArm-M1/install/roarm/share/roarm/hook/cmake_prefix_path.sh'
[1.676s] Level 1:colcon.colcon_core.environment:checking '/home/bingflame/RoArm-M1/install/roarm/bin'
[1.676s] Level 1:colcon.colcon_core.environment:checking '/home/bingflame/RoArm-M1/install/roarm/lib/pkgconfig/roarm.pc'
[1.677s] Level 1:colcon.colcon_core.environment:checking '/home/bingflame/RoArm-M1/install/roarm/lib/python3.10/site-packages'
[1.677s] Level 1:colcon.colcon_core.environment:checking '/home/bingflame/RoArm-M1/install/roarm/bin'
[1.678s] INFO:colcon.colcon_core.shell:Creating package script '/home/bingflame/RoArm-M1/install/roarm/share/roarm/package.ps1'
[1.679s] INFO:colcon.colcon_core.shell:Creating package descriptor '/home/bingflame/RoArm-M1/install/roarm/share/roarm/package.dsv'
[1.681s] INFO:colcon.colcon_core.shell:Creating package script '/home/bingflame/RoArm-M1/install/roarm/share/roarm/package.sh'
[1.682s] INFO:colcon.colcon_core.shell:Creating package script '/home/bingflame/RoArm-M1/install/roarm/share/roarm/package.bash'
[1.683s] INFO:colcon.colcon_core.shell:Creating package script '/home/bingflame/RoArm-M1/install/roarm/share/roarm/package.zsh'
[1.686s] Level 1:colcon.colcon_core.environment:create_file_with_runtime_dependencies(/home/bingflame/RoArm-M1/install/roarm/share/colcon-core/packages/roarm)
[1.862s] DEBUG:colcon.colcon_core.event_handler.log_command:Invoked command in '/home/bingflame/RoArm-M1/build/astra_camera_msgs' returned '0': CMAKE_PREFIX_PATH=${CMAKE_PREFIX_PATH}:/home/bingflame/RoArm-M1/install/serial_ctrl:/opt/ros/humble CONDA_PROMPT_MODIFIER=(base) /usr/bin/cmake --build /home/bingflame/RoArm-M1/build/astra_camera_msgs -- -j6 -l6
[2.218s] DEBUG:colcon.colcon_core.event_handler.log_command:Invoking command in '/home/bingflame/RoArm-M1/build/astra_camera_msgs': CMAKE_PREFIX_PATH=${CMAKE_PREFIX_PATH}:/home/bingflame/RoArm-M1/install/serial_ctrl:/opt/ros/humble CONDA_PROMPT_MODIFIER=(base) /usr/bin/cmake --install /home/bingflame/RoArm-M1/build/astra_camera_msgs
[2.241s] DEBUG:colcon.colcon_core.event_handler.log_command:Invoking command in '/home/bingflame/RoArm-M1/src/serial_ctrl': CONDA_PROMPT_MODIFIER=(base) PYTHONPATH=/home/bingflame/RoArm-M1/build/serial_ctrl/prefix_override:/usr/lib/python3/dist-packages/colcon_core/task/python/colcon_distutils_commands:/home/bingflame/RoArm-M1/install/serial_ctrl/lib/python3.10/site-packages:${PYTHONPATH} /usr/bin/python3 -W ignore:setup.py install is deprecated setup.py egg_info --egg-base ../../build/serial_ctrl build --build-base /home/bingflame/RoArm-M1/build/serial_ctrl/build install --record /home/bingflame/RoArm-M1/build/serial_ctrl/install.log --single-version-externally-managed install_data
[2.361s] Level 1:colcon.colcon_core.environment:create_environment_scripts_only(astra_camera_msgs)
[2.362s] Level 1:colcon.colcon_core.environment:checking '/home/bingflame/RoArm-M1/install/astra_camera_msgs' for CMake module files
[2.364s] DEBUG:colcon.colcon_core.event_handler.log_command:Invoked command in '/home/bingflame/RoArm-M1/build/astra_camera_msgs' returned '0': CMAKE_PREFIX_PATH=${CMAKE_PREFIX_PATH}:/home/bingflame/RoArm-M1/install/serial_ctrl:/opt/ros/humble CONDA_PROMPT_MODIFIER=(base) /usr/bin/cmake --install /home/bingflame/RoArm-M1/build/astra_camera_msgs
[2.365s] Level 1:colcon.colcon_core.environment:checking '/home/bingflame/RoArm-M1/install/astra_camera_msgs' for CMake config files
[2.365s] Level 1:colcon.colcon_core.shell:create_environment_hook('astra_camera_msgs', 'cmake_prefix_path')
[2.366s] INFO:colcon.colcon_core.shell:Creating environment hook '/home/bingflame/RoArm-M1/install/astra_camera_msgs/share/astra_camera_msgs/hook/cmake_prefix_path.ps1'
[2.367s] INFO:colcon.colcon_core.shell:Creating environment descriptor '/home/bingflame/RoArm-M1/install/astra_camera_msgs/share/astra_camera_msgs/hook/cmake_prefix_path.dsv'
[2.368s] INFO:colcon.colcon_core.shell:Creating environment hook '/home/bingflame/RoArm-M1/install/astra_camera_msgs/share/astra_camera_msgs/hook/cmake_prefix_path.sh'
[2.369s] Level 1:colcon.colcon_core.environment:checking '/home/bingflame/RoArm-M1/install/astra_camera_msgs/lib'
[2.370s] Level 1:colcon.colcon_core.shell:create_environment_hook('astra_camera_msgs', 'ld_library_path_lib')
[2.370s] INFO:colcon.colcon_core.shell:Creating environment hook '/home/bingflame/RoArm-M1/install/astra_camera_msgs/share/astra_camera_msgs/hook/ld_library_path_lib.ps1'
[2.371s] INFO:colcon.colcon_core.shell:Creating environment descriptor '/home/bingflame/RoArm-M1/install/astra_camera_msgs/share/astra_camera_msgs/hook/ld_library_path_lib.dsv'
[2.373s] INFO:colcon.colcon_core.shell:Creating environment hook '/home/bingflame/RoArm-M1/install/astra_camera_msgs/share/astra_camera_msgs/hook/ld_library_path_lib.sh'
[2.374s] Level 1:colcon.colcon_core.environment:checking '/home/bingflame/RoArm-M1/install/astra_camera_msgs/bin'
[2.374s] Level 1:colcon.colcon_core.environment:checking '/home/bingflame/RoArm-M1/install/astra_camera_msgs/lib/pkgconfig/astra_camera_msgs.pc'
[2.375s] Level 1:colcon.colcon_core.environment:checking '/home/bingflame/RoArm-M1/install/astra_camera_msgs/lib/python3.10/site-packages'
[2.375s] Level 1:colcon.colcon_core.shell:create_environment_hook('astra_camera_msgs', 'pythonpath')
[2.376s] INFO:colcon.colcon_core.shell:Creating environment hook '/home/bingflame/RoArm-M1/install/astra_camera_msgs/share/astra_camera_msgs/hook/pythonpath.ps1'
[2.377s] INFO:colcon.colcon_core.shell:Creating environment descriptor '/home/bingflame/RoArm-M1/install/astra_camera_msgs/share/astra_camera_msgs/hook/pythonpath.dsv'
[2.378s] INFO:colcon.colcon_core.shell:Creating environment hook '/home/bingflame/RoArm-M1/install/astra_camera_msgs/share/astra_camera_msgs/hook/pythonpath.sh'
[2.379s] Level 1:colcon.colcon_core.environment:checking '/home/bingflame/RoArm-M1/install/astra_camera_msgs/bin'
[2.380s] INFO:colcon.colcon_core.shell:Creating package script '/home/bingflame/RoArm-M1/install/astra_camera_msgs/share/astra_camera_msgs/package.ps1'
[2.381s] INFO:colcon.colcon_core.shell:Creating package descriptor '/home/bingflame/RoArm-M1/install/astra_camera_msgs/share/astra_camera_msgs/package.dsv'
[2.382s] INFO:colcon.colcon_core.shell:Creating package script '/home/bingflame/RoArm-M1/install/astra_camera_msgs/share/astra_camera_msgs/package.sh'
[2.383s] INFO:colcon.colcon_core.shell:Creating package script '/home/bingflame/RoArm-M1/install/astra_camera_msgs/share/astra_camera_msgs/package.bash'
[2.384s] INFO:colcon.colcon_core.shell:Creating package script '/home/bingflame/RoArm-M1/install/astra_camera_msgs/share/astra_camera_msgs/package.zsh'
[2.385s] Level 1:colcon.colcon_core.environment:create_file_with_runtime_dependencies(/home/bingflame/RoArm-M1/install/astra_camera_msgs/share/colcon-core/packages/astra_camera_msgs)
[2.726s] Level 1:colcon.colcon_core.environment:create_environment_scripts_only(astra_camera_msgs)
[2.727s] Level 1:colcon.colcon_core.environment:checking '/home/bingflame/RoArm-M1/install/astra_camera_msgs' for CMake module files
[2.729s] Level 1:colcon.colcon_core.environment:checking '/home/bingflame/RoArm-M1/install/astra_camera_msgs' for CMake config files
[2.729s] Level 1:colcon.colcon_core.shell:create_environment_hook('astra_camera_msgs', 'cmake_prefix_path')
[2.730s] INFO:colcon.colcon_core.shell:Creating environment hook '/home/bingflame/RoArm-M1/install/astra_camera_msgs/share/astra_camera_msgs/hook/cmake_prefix_path.ps1'
[2.732s] INFO:colcon.colcon_core.shell:Creating environment descriptor '/home/bingflame/RoArm-M1/install/astra_camera_msgs/share/astra_camera_msgs/hook/cmake_prefix_path.dsv'
[2.734s] INFO:colcon.colcon_core.shell:Creating environment hook '/home/bingflame/RoArm-M1/install/astra_camera_msgs/share/astra_camera_msgs/hook/cmake_prefix_path.sh'
[2.735s] Level 1:colcon.colcon_core.environment:checking '/home/bingflame/RoArm-M1/install/astra_camera_msgs/lib'
[2.736s] Level 1:colcon.colcon_core.shell:create_environment_hook('astra_camera_msgs', 'ld_library_path_lib')
[2.736s] INFO:colcon.colcon_core.shell:Creating environment hook '/home/bingflame/RoArm-M1/install/astra_camera_msgs/share/astra_camera_msgs/hook/ld_library_path_lib.ps1'
[2.737s] INFO:colcon.colcon_core.shell:Creating environment descriptor '/home/bingflame/RoArm-M1/install/astra_camera_msgs/share/astra_camera_msgs/hook/ld_library_path_lib.dsv'
[2.738s] INFO:colcon.colcon_core.shell:Creating environment hook '/home/bingflame/RoArm-M1/install/astra_camera_msgs/share/astra_camera_msgs/hook/ld_library_path_lib.sh'
[2.741s] Level 1:colcon.colcon_core.environment:checking '/home/bingflame/RoArm-M1/install/astra_camera_msgs/bin'
[2.741s] Level 1:colcon.colcon_core.environment:checking '/home/bingflame/RoArm-M1/install/astra_camera_msgs/lib/pkgconfig/astra_camera_msgs.pc'
[2.742s] Level 1:colcon.colcon_core.environment:checking '/home/bingflame/RoArm-M1/install/astra_camera_msgs/lib/python3.10/site-packages'
[2.742s] Level 1:colcon.colcon_core.shell:create_environment_hook('astra_camera_msgs', 'pythonpath')
[2.743s] INFO:colcon.colcon_core.shell:Creating environment hook '/home/bingflame/RoArm-M1/install/astra_camera_msgs/share/astra_camera_msgs/hook/pythonpath.ps1'
[2.745s] INFO:colcon.colcon_core.shell:Creating environment descriptor '/home/bingflame/RoArm-M1/install/astra_camera_msgs/share/astra_camera_msgs/hook/pythonpath.dsv'
[2.747s] INFO:colcon.colcon_core.shell:Creating environment hook '/home/bingflame/RoArm-M1/install/astra_camera_msgs/share/astra_camera_msgs/hook/pythonpath.sh'
[2.748s] Level 1:colcon.colcon_core.environment:checking '/home/bingflame/RoArm-M1/install/astra_camera_msgs/bin'
[2.749s] INFO:colcon.colcon_core.shell:Creating package script '/home/bingflame/RoArm-M1/install/astra_camera_msgs/share/astra_camera_msgs/package.ps1'
[2.751s] INFO:colcon.colcon_core.shell:Creating package descriptor '/home/bingflame/RoArm-M1/install/astra_camera_msgs/share/astra_camera_msgs/package.dsv'
[2.753s] INFO:colcon.colcon_core.shell:Creating package script '/home/bingflame/RoArm-M1/install/astra_camera_msgs/share/astra_camera_msgs/package.sh'
[2.755s] INFO:colcon.colcon_core.shell:Creating package script '/home/bingflame/RoArm-M1/install/astra_camera_msgs/share/astra_camera_msgs/package.bash'
[2.756s] INFO:colcon.colcon_core.shell:Creating package script '/home/bingflame/RoArm-M1/install/astra_camera_msgs/share/astra_camera_msgs/package.zsh'
[2.758s] Level 1:colcon.colcon_core.environment:create_file_with_runtime_dependencies(/home/bingflame/RoArm-M1/install/astra_camera_msgs/share/colcon-core/packages/astra_camera_msgs)
[2.759s] INFO:colcon.colcon_ros.task.ament_cmake.build:Building ROS package in '/home/bingflame/RoArm-M1/src/astra_camera' with build type 'ament_cmake'
[2.760s] INFO:colcon.colcon_cmake.task.cmake.build:Building CMake package in '/home/bingflame/RoArm-M1/src/astra_camera'
[2.760s] INFO:colcon.colcon_core.shell:Skip shell extension 'powershell' for command environment: Not usable outside of PowerShell
[2.761s] DEBUG:colcon.colcon_core.shell:Skip shell extension 'dsv' for command environment
[2.785s] DEBUG:colcon.colcon_core.event_handler.log_command:Invoking command in '/home/bingflame/RoArm-M1/build/astra_camera': CMAKE_PREFIX_PATH=/home/bingflame/RoArm-M1/install/astra_camera_msgs:/home/bingflame/RoArm-M1/install/roarm:/home/bingflame/RoArm-M1/install/astra_camera:/home/bingflame/RoArm-M1/install/serial_ctrl:/opt/ros/humble CONDA_PROMPT_MODIFIER=(base) LD_LIBRARY_PATH=/home/bingflame/RoArm-M1/install/astra_camera_msgs/lib:/home/bingflame/RoArm-M1/install/astra_camera/lib:/opt/ros/humble/opt/rviz_ogre_vendor/lib:/opt/ros/humble/lib/aarch64-linux-gnu:/opt/ros/humble/lib:/usr/local/cuda-12.6/lib64:/home/bingflame/xiugaihou/JetsonGPIO/build/ PYTHONPATH=/home/bingflame/RoArm-M1/install/astra_camera_msgs/lib/python3.10/site-packages:/home/bingflame/RoArm-M1/install/serial_ctrl/lib/python3.10/site-packages:/opt/ros/humble/lib/python3.10/site-packages:/opt/ros/humble/local/lib/python3.10/dist-packages /usr/bin/cmake --build /home/bingflame/RoArm-M1/build/astra_camera -- -j6 -l6
[2.895s] Level 1:colcon.colcon_core.environment:checking '/home/bingflame/RoArm-M1/install/serial_ctrl' for CMake module files
[2.896s] Level 1:colcon.colcon_core.environment:checking '/home/bingflame/RoArm-M1/install/serial_ctrl' for CMake config files
[2.897s] Level 1:colcon.colcon_core.environment:checking '/home/bingflame/RoArm-M1/install/serial_ctrl/lib'
[2.897s] Level 1:colcon.colcon_core.environment:checking '/home/bingflame/RoArm-M1/install/serial_ctrl/bin'
[2.898s] Level 1:colcon.colcon_core.environment:checking '/home/bingflame/RoArm-M1/install/serial_ctrl/lib/pkgconfig/serial_ctrl.pc'
[2.898s] Level 1:colcon.colcon_core.environment:checking '/home/bingflame/RoArm-M1/install/serial_ctrl/lib/python3.10/site-packages'
[2.898s] Level 1:colcon.colcon_core.shell:create_environment_hook('serial_ctrl', 'pythonpath')
[2.899s] INFO:colcon.colcon_core.shell:Creating environment hook '/home/bingflame/RoArm-M1/install/serial_ctrl/share/serial_ctrl/hook/pythonpath.ps1'
[2.900s] INFO:colcon.colcon_core.shell:Creating environment descriptor '/home/bingflame/RoArm-M1/install/serial_ctrl/share/serial_ctrl/hook/pythonpath.dsv'
[2.901s] INFO:colcon.colcon_core.shell:Creating environment hook '/home/bingflame/RoArm-M1/install/serial_ctrl/share/serial_ctrl/hook/pythonpath.sh'
[2.902s] Level 1:colcon.colcon_core.environment:checking '/home/bingflame/RoArm-M1/install/serial_ctrl/bin'
[2.903s] Level 1:colcon.colcon_core.environment:create_environment_scripts_only(serial_ctrl)
[2.903s] INFO:colcon.colcon_core.shell:Creating package script '/home/bingflame/RoArm-M1/install/serial_ctrl/share/serial_ctrl/package.ps1'
[2.904s] DEBUG:colcon.colcon_core.event_handler.log_command:Invoked command in '/home/bingflame/RoArm-M1/src/serial_ctrl' returned '0': CONDA_PROMPT_MODIFIER=(base) PYTHONPATH=/home/bingflame/RoArm-M1/build/serial_ctrl/prefix_override:/usr/lib/python3/dist-packages/colcon_core/task/python/colcon_distutils_commands:/home/bingflame/RoArm-M1/install/serial_ctrl/lib/python3.10/site-packages:${PYTHONPATH} /usr/bin/python3 -W ignore:setup.py install is deprecated setup.py egg_info --egg-base ../../build/serial_ctrl build --build-base /home/bingflame/RoArm-M1/build/serial_ctrl/build install --record /home/bingflame/RoArm-M1/build/serial_ctrl/install.log --single-version-externally-managed install_data
[2.906s] INFO:colcon.colcon_core.shell:Creating package descriptor '/home/bingflame/RoArm-M1/install/serial_ctrl/share/serial_ctrl/package.dsv'
[2.907s] INFO:colcon.colcon_core.shell:Creating package script '/home/bingflame/RoArm-M1/install/serial_ctrl/share/serial_ctrl/package.sh'
[2.908s] INFO:colcon.colcon_core.shell:Creating package script '/home/bingflame/RoArm-M1/install/serial_ctrl/share/serial_ctrl/package.bash'
[2.909s] INFO:colcon.colcon_core.shell:Creating package script '/home/bingflame/RoArm-M1/install/serial_ctrl/share/serial_ctrl/package.zsh'
[2.910s] Level 1:colcon.colcon_core.environment:create_file_with_runtime_dependencies(/home/bingflame/RoArm-M1/install/serial_ctrl/share/colcon-core/packages/serial_ctrl)
[3.033s] DEBUG:colcon.colcon_core.event_handler.log_command:Invoked command in '/home/bingflame/RoArm-M1/build/astra_camera' returned '0': CMAKE_PREFIX_PATH=/home/bingflame/RoArm-M1/install/astra_camera_msgs:/home/bingflame/RoArm-M1/install/roarm:/home/bingflame/RoArm-M1/install/astra_camera:/home/bingflame/RoArm-M1/install/serial_ctrl:/opt/ros/humble CONDA_PROMPT_MODIFIER=(base) LD_LIBRARY_PATH=/home/bingflame/RoArm-M1/install/astra_camera_msgs/lib:/home/bingflame/RoArm-M1/install/astra_camera/lib:/opt/ros/humble/opt/rviz_ogre_vendor/lib:/opt/ros/humble/lib/aarch64-linux-gnu:/opt/ros/humble/lib:/usr/local/cuda-12.6/lib64:/home/bingflame/xiugaihou/JetsonGPIO/build/ PYTHONPATH=/home/bingflame/RoArm-M1/install/astra_camera_msgs/lib/python3.10/site-packages:/home/bingflame/RoArm-M1/install/serial_ctrl/lib/python3.10/site-packages:/opt/ros/humble/lib/python3.10/site-packages:/opt/ros/humble/local/lib/python3.10/dist-packages /usr/bin/cmake --build /home/bingflame/RoArm-M1/build/astra_camera -- -j6 -l6
[3.133s] DEBUG:colcon.colcon_core.event_handler.log_command:Invoking command in '/home/bingflame/RoArm-M1/build/astra_camera': CMAKE_PREFIX_PATH=/home/bingflame/RoArm-M1/install/astra_camera_msgs:/home/bingflame/RoArm-M1/install/roarm:/home/bingflame/RoArm-M1/install/astra_camera:/home/bingflame/RoArm-M1/install/serial_ctrl:/opt/ros/humble CONDA_PROMPT_MODIFIER=(base) LD_LIBRARY_PATH=/home/bingflame/RoArm-M1/install/astra_camera_msgs/lib:/home/bingflame/RoArm-M1/install/astra_camera/lib:/opt/ros/humble/opt/rviz_ogre_vendor/lib:/opt/ros/humble/lib/aarch64-linux-gnu:/opt/ros/humble/lib:/usr/local/cuda-12.6/lib64:/home/bingflame/xiugaihou/JetsonGPIO/build/ PYTHONPATH=/home/bingflame/RoArm-M1/install/astra_camera_msgs/lib/python3.10/site-packages:/home/bingflame/RoArm-M1/install/serial_ctrl/lib/python3.10/site-packages:/opt/ros/humble/lib/python3.10/site-packages:/opt/ros/humble/local/lib/python3.10/dist-packages /usr/bin/cmake --install /home/bingflame/RoArm-M1/build/astra_camera
[3.167s] Level 1:colcon.colcon_core.environment:create_environment_scripts_only(astra_camera)
[3.168s] Level 1:colcon.colcon_core.environment:checking '/home/bingflame/RoArm-M1/install/astra_camera' for CMake module files
[3.169s] Level 1:colcon.colcon_core.environment:checking '/home/bingflame/RoArm-M1/install/astra_camera' for CMake config files
[3.170s] Level 1:colcon.colcon_core.shell:create_environment_hook('astra_camera', 'cmake_prefix_path')
[3.170s] INFO:colcon.colcon_core.shell:Creating environment hook '/home/bingflame/RoArm-M1/install/astra_camera/share/astra_camera/hook/cmake_prefix_path.ps1'
[3.171s] INFO:colcon.colcon_core.shell:Creating environment descriptor '/home/bingflame/RoArm-M1/install/astra_camera/share/astra_camera/hook/cmake_prefix_path.dsv'
[3.173s] INFO:colcon.colcon_core.shell:Creating environment hook '/home/bingflame/RoArm-M1/install/astra_camera/share/astra_camera/hook/cmake_prefix_path.sh'
[3.175s] Level 1:colcon.colcon_core.environment:checking '/home/bingflame/RoArm-M1/install/astra_camera/lib'
[3.176s] Level 1:colcon.colcon_core.shell:create_environment_hook('astra_camera', 'ld_library_path_lib')
[3.176s] INFO:colcon.colcon_core.shell:Creating environment hook '/home/bingflame/RoArm-M1/install/astra_camera/share/astra_camera/hook/ld_library_path_lib.ps1'
[3.178s] INFO:colcon.colcon_core.shell:Creating environment descriptor '/home/bingflame/RoArm-M1/install/astra_camera/share/astra_camera/hook/ld_library_path_lib.dsv'
[3.180s] INFO:colcon.colcon_core.shell:Creating environment hook '/home/bingflame/RoArm-M1/install/astra_camera/share/astra_camera/hook/ld_library_path_lib.sh'
[3.181s] Level 1:colcon.colcon_core.environment:checking '/home/bingflame/RoArm-M1/install/astra_camera/bin'
[3.182s] Level 1:colcon.colcon_core.environment:checking '/home/bingflame/RoArm-M1/install/astra_camera/lib/pkgconfig/astra_camera.pc'
[3.182s] Level 1:colcon.colcon_core.environment:checking '/home/bingflame/RoArm-M1/install/astra_camera/lib/python3.10/site-packages'
[3.183s] Level 1:colcon.colcon_core.environment:checking '/home/bingflame/RoArm-M1/install/astra_camera/bin'
[3.184s] INFO:colcon.colcon_core.shell:Creating package script '/home/bingflame/RoArm-M1/install/astra_camera/share/astra_camera/package.ps1'
[3.186s] INFO:colcon.colcon_core.shell:Creating package descriptor '/home/bingflame/RoArm-M1/install/astra_camera/share/astra_camera/package.dsv'
[3.187s] INFO:colcon.colcon_core.shell:Creating package script '/home/bingflame/RoArm-M1/install/astra_camera/share/astra_camera/package.sh'
[3.189s] INFO:colcon.colcon_core.shell:Creating package script '/home/bingflame/RoArm-M1/install/astra_camera/share/astra_camera/package.bash'
[3.191s] INFO:colcon.colcon_core.shell:Creating package script '/home/bingflame/RoArm-M1/install/astra_camera/share/astra_camera/package.zsh'
[3.192s] Level 1:colcon.colcon_core.environment:create_file_with_runtime_dependencies(/home/bingflame/RoArm-M1/install/astra_camera/share/colcon-core/packages/astra_camera)
[3.207s] DEBUG:colcon.colcon_core.event_handler.log_command:Invoked command in '/home/bingflame/RoArm-M1/build/astra_camera' returned '0': CMAKE_PREFIX_PATH=/home/bingflame/RoArm-M1/install/astra_camera_msgs:/home/bingflame/RoArm-M1/install/roarm:/home/bingflame/RoArm-M1/install/astra_camera:/home/bingflame/RoArm-M1/install/serial_ctrl:/opt/ros/humble CONDA_PROMPT_MODIFIER=(base) LD_LIBRARY_PATH=/home/bingflame/RoArm-M1/install/astra_camera_msgs/lib:/home/bingflame/RoArm-M1/install/astra_camera/lib:/opt/ros/humble/opt/rviz_ogre_vendor/lib:/opt/ros/humble/lib/aarch64-linux-gnu:/opt/ros/humble/lib:/usr/local/cuda-12.6/lib64:/home/bingflame/xiugaihou/JetsonGPIO/build/ PYTHONPATH=/home/bingflame/RoArm-M1/install/astra_camera_msgs/lib/python3.10/site-packages:/home/bingflame/RoArm-M1/install/serial_ctrl/lib/python3.10/site-packages:/opt/ros/humble/lib/python3.10/site-packages:/opt/ros/humble/local/lib/python3.10/dist-packages /usr/bin/cmake --install /home/bingflame/RoArm-M1/build/astra_camera
[3.294s] Level 1:colcon.colcon_core.environment:create_environment_scripts_only(astra_camera)
[3.295s] Level 1:colcon.colcon_core.environment:checking '/home/bingflame/RoArm-M1/install/astra_camera' for CMake module files
[3.296s] Level 1:colcon.colcon_core.environment:checking '/home/bingflame/RoArm-M1/install/astra_camera' for CMake config files
[3.297s] Level 1:colcon.colcon_core.shell:create_environment_hook('astra_camera', 'cmake_prefix_path')
[3.297s] INFO:colcon.colcon_core.shell:Creating environment hook '/home/bingflame/RoArm-M1/install/astra_camera/share/astra_camera/hook/cmake_prefix_path.ps1'
[3.299s] INFO:colcon.colcon_core.shell:Creating environment descriptor '/home/bingflame/RoArm-M1/install/astra_camera/share/astra_camera/hook/cmake_prefix_path.dsv'
[3.300s] INFO:colcon.colcon_core.shell:Creating environment hook '/home/bingflame/RoArm-M1/install/astra_camera/share/astra_camera/hook/cmake_prefix_path.sh'
[3.301s] Level 1:colcon.colcon_core.environment:checking '/home/bingflame/RoArm-M1/install/astra_camera/lib'
[3.301s] Level 1:colcon.colcon_core.shell:create_environment_hook('astra_camera', 'ld_library_path_lib')
[3.302s] INFO:colcon.colcon_core.shell:Creating environment hook '/home/bingflame/RoArm-M1/install/astra_camera/share/astra_camera/hook/ld_library_path_lib.ps1'
[3.303s] INFO:colcon.colcon_core.shell:Creating environment descriptor '/home/bingflame/RoArm-M1/install/astra_camera/share/astra_camera/hook/ld_library_path_lib.dsv'
[3.303s] INFO:colcon.colcon_core.shell:Creating environment hook '/home/bingflame/RoArm-M1/install/astra_camera/share/astra_camera/hook/ld_library_path_lib.sh'
[3.304s] Level 1:colcon.colcon_core.environment:checking '/home/bingflame/RoArm-M1/install/astra_camera/bin'
[3.305s] Level 1:colcon.colcon_core.environment:checking '/home/bingflame/RoArm-M1/install/astra_camera/lib/pkgconfig/astra_camera.pc'
[3.305s] Level 1:colcon.colcon_core.environment:checking '/home/bingflame/RoArm-M1/install/astra_camera/lib/python3.10/site-packages'
[3.306s] Level 1:colcon.colcon_core.environment:checking '/home/bingflame/RoArm-M1/install/astra_camera/bin'
[3.306s] INFO:colcon.colcon_core.shell:Creating package script '/home/bingflame/RoArm-M1/install/astra_camera/share/astra_camera/package.ps1'
[3.308s] INFO:colcon.colcon_core.shell:Creating package descriptor '/home/bingflame/RoArm-M1/install/astra_camera/share/astra_camera/package.dsv'
[3.309s] INFO:colcon.colcon_core.shell:Creating package script '/home/bingflame/RoArm-M1/install/astra_camera/share/astra_camera/package.sh'
[3.310s] INFO:colcon.colcon_core.shell:Creating package script '/home/bingflame/RoArm-M1/install/astra_camera/share/astra_camera/package.bash'
[3.311s] INFO:colcon.colcon_core.shell:Creating package script '/home/bingflame/RoArm-M1/install/astra_camera/share/astra_camera/package.zsh'
[3.312s] Level 1:colcon.colcon_core.environment:create_file_with_runtime_dependencies(/home/bingflame/RoArm-M1/install/astra_camera/share/colcon-core/packages/astra_camera)
[3.313s] DEBUG:colcon.colcon_parallel_executor.executor.parallel:closing loop
[3.314s] DEBUG:colcon.colcon_parallel_executor.executor.parallel:loop closed
[3.314s] DEBUG:colcon.colcon_parallel_executor.executor.parallel:run_until_complete finished with '0'
[3.314s] DEBUG:colcon.colcon_core.event_reactor:joining thread
[3.326s] INFO:colcon.colcon_core.plugin_system:Skipping extension 'colcon_notification.desktop_notification.terminal_notifier': Not used on non-Darwin systems
[3.327s] INFO:colcon.colcon_core.plugin_system:Skipping extension 'colcon_notification.desktop_notification.win32': Not used on non-Windows systems
[3.327s] INFO:colcon.colcon_notification.desktop_notification:Sending desktop notification using 'notify2'
[3.355s] DEBUG:colcon.colcon_notification.desktop_notification.notify2:Failed to initialize notify2: org.freedesktop.DBus.Error.Spawn.ChildExited: Process org.freedesktop.Notifications exited with status 1
[3.356s] DEBUG:colcon.colcon_core.event_reactor:joined thread
[3.357s] INFO:colcon.colcon_core.shell:Creating prefix script '/home/bingflame/RoArm-M1/install/local_setup.ps1'
[3.361s] INFO:colcon.colcon_core.shell:Creating prefix util module '/home/bingflame/RoArm-M1/install/_local_setup_util_ps1.py'
[3.366s] INFO:colcon.colcon_core.shell:Creating prefix chain script '/home/bingflame/RoArm-M1/install/setup.ps1'
[3.370s] INFO:colcon.colcon_core.shell:Creating prefix script '/home/bingflame/RoArm-M1/install/local_setup.sh'
[3.372s] INFO:colcon.colcon_core.shell:Creating prefix util module '/home/bingflame/RoArm-M1/install/_local_setup_util_sh.py'
[3.374s] INFO:colcon.colcon_core.shell:Creating prefix chain script '/home/bingflame/RoArm-M1/install/setup.sh'
[3.377s] INFO:colcon.colcon_core.shell:Creating prefix script '/home/bingflame/RoArm-M1/install/local_setup.bash'
[3.379s] INFO:colcon.colcon_core.shell:Creating prefix chain script '/home/bingflame/RoArm-M1/install/setup.bash'
[3.382s] INFO:colcon.colcon_core.shell:Creating prefix script '/home/bingflame/RoArm-M1/install/local_setup.zsh'
[3.383s] INFO:colcon.colcon_core.shell:Creating prefix chain script '/home/bingflame/RoArm-M1/install/setup.zsh'
