[1.500s] Invoking command in '/home/bingflame/RoArm-M1/src/serial_ctrl': CONDA_PROMPT_MODIFIER=(base) PYTHONPATH=/home/bingflame/RoArm-M1/build/serial_ctrl/prefix_override:/usr/lib/python3/dist-packages/colcon_core/task/python/colcon_distutils_commands:/home/bingflame/RoArm-M1/install/serial_ctrl/lib/python3.10/site-packages:${PYTHONPATH} /usr/bin/python3 -W ignore:setup.py install is deprecated setup.py egg_info --egg-base ../../build/serial_ctrl build --build-base /home/bingflame/RoArm-M1/build/serial_ctrl/build install --record /home/bingflame/RoArm-M1/build/serial_ctrl/install.log --single-version-externally-managed install_data
[2.025s] running egg_info
[2.027s] writing ../../build/serial_ctrl/serial_ctrl.egg-info/PKG-INFO
[2.028s] writing dependency_links to ../../build/serial_ctrl/serial_ctrl.egg-info/dependency_links.txt
[2.029s] writing entry points to ../../build/serial_ctrl/serial_ctrl.egg-info/entry_points.txt
[2.029s] writing requirements to ../../build/serial_ctrl/serial_ctrl.egg-info/requires.txt
[2.030s] writing top-level names to ../../build/serial_ctrl/serial_ctrl.egg-info/top_level.txt
[2.035s] reading manifest file '../../build/serial_ctrl/serial_ctrl.egg-info/SOURCES.txt'
[2.037s] writing manifest file '../../build/serial_ctrl/serial_ctrl.egg-info/SOURCES.txt'
[2.037s] running build
[2.038s] running build_py
[2.038s] running install
[2.039s] running install_lib
[2.042s] running install_data
[2.042s] running install_egg_info
[2.046s] removing '/home/bingflame/RoArm-M1/install/serial_ctrl/lib/python3.10/site-packages/serial_ctrl-0.0.0-py3.10.egg-info' (and everything under it)
[2.047s] Copying ../../build/serial_ctrl/serial_ctrl.egg-info to /home/bingflame/RoArm-M1/install/serial_ctrl/lib/python3.10/site-packages/serial_ctrl-0.0.0-py3.10.egg-info
[2.049s] running install_scripts
[2.108s] Installing serial_ctrl script to /home/bingflame/RoArm-M1/install/serial_ctrl/lib/serial_ctrl
[2.109s] writing list of installed files to '/home/bingflame/RoArm-M1/build/serial_ctrl/install.log'
[2.196s] Invoked command in '/home/bingflame/RoArm-M1/src/serial_ctrl' returned '0': CONDA_PROMPT_MODIFIER=(base) PYTHONPATH=/home/bingflame/RoArm-M1/build/serial_ctrl/prefix_override:/usr/lib/python3/dist-packages/colcon_core/task/python/colcon_distutils_commands:/home/bingflame/RoArm-M1/install/serial_ctrl/lib/python3.10/site-packages:${PYTHONPATH} /usr/bin/python3 -W ignore:setup.py install is deprecated setup.py egg_info --egg-base ../../build/serial_ctrl build --build-base /home/bingflame/RoArm-M1/build/serial_ctrl/build install --record /home/bingflame/RoArm-M1/build/serial_ctrl/install.log --single-version-externally-managed install_data
