[0.256s] DEBUG:colcon:Command line arguments: ['/usr/bin/colcon', 'build']
[0.256s] DEBUG:colcon:Parsed command line arguments: Namespace(log_base=None, log_level=None, verb_name='build', build_base='build', install_base='install', merge_install=False, symlink_install=False, test_result_base=None, continue_on_error=False, executor='parallel', parallel_workers=6, event_handlers=None, ignore_user_meta=False, metas=['./colcon.meta'], base_paths=['.'], packages_ignore=None, packages_ignore_regex=None, paths=None, packages_up_to=None, packages_up_to_regex=None, packages_above=None, packages_above_and_dependencies=None, packages_above_depth=None, packages_select_by_dep=None, packages_skip_by_dep=None, packages_skip_up_to=None, packages_select_build_failed=False, packages_skip_build_finished=False, packages_select_test_failures=False, packages_skip_test_passed=False, packages_select=None, packages_skip=None, packages_select_regex=None, packages_skip_regex=None, packages_start=None, packages_end=None, allow_overriding=[], cmake_args=None, cmake_target=None, cmake_target_skip_unavailable=False, cmake_clean_cache=False, cmake_clean_first=False, cmake_force_configure=False, ament_cmake_args=None, catkin_cmake_args=None, catkin_skip_building_tests=False, verb_parser=<colcon_defaults.argument_parser.defaults.DefaultArgumentsDecorator object at 0xffff99ca3bb0>, verb_extension=<colcon_core.verb.build.BuildVerb object at 0xffff99eb07f0>, main=<bound method BuildVerb.main of <colcon_core.verb.build.BuildVerb object at 0xffff99eb07f0>>)
[0.620s] Level 1:colcon.colcon_core.package_discovery:discover_packages(colcon_meta) check parameters
[0.620s] Level 1:colcon.colcon_core.package_discovery:discover_packages(recursive) check parameters
[0.623s] Level 1:colcon.colcon_core.package_discovery:discover_packages(ignore) check parameters
[0.623s] Level 1:colcon.colcon_core.package_discovery:discover_packages(path) check parameters
[0.623s] Level 1:colcon.colcon_core.package_discovery:discover_packages(colcon_meta) discover
[0.623s] Level 1:colcon.colcon_core.package_discovery:discover_packages(recursive) discover
[0.624s] INFO:colcon.colcon_core.package_discovery:Crawling recursively for packages in '/home/bingflame/RoArm-M1'
[0.624s] Level 1:colcon.colcon_core.package_identification:_identify(.) by extensions ['ignore', 'ignore_ament_install']
[0.624s] Level 1:colcon.colcon_core.package_identification:_identify(.) by extension 'ignore'
[0.624s] Level 1:colcon.colcon_core.package_identification:_identify(.) by extension 'ignore_ament_install'
[0.625s] Level 1:colcon.colcon_core.package_identification:_identify(.) by extensions ['colcon_pkg']
[0.625s] Level 1:colcon.colcon_core.package_identification:_identify(.) by extension 'colcon_pkg'
[0.625s] Level 1:colcon.colcon_core.package_identification:_identify(.) by extensions ['colcon_meta']
[0.625s] Level 1:colcon.colcon_core.package_identification:_identify(.) by extension 'colcon_meta'
[0.625s] Level 1:colcon.colcon_core.package_identification:_identify(.) by extensions ['ros']
[0.625s] Level 1:colcon.colcon_core.package_identification:_identify(.) by extension 'ros'
[0.653s] Level 1:colcon.colcon_core.package_identification:_identify(.) by extensions ['cmake', 'python']
[0.654s] Level 1:colcon.colcon_core.package_identification:_identify(.) by extension 'cmake'
[0.654s] Level 1:colcon.colcon_core.package_identification:_identify(.) by extension 'python'
[0.654s] Level 1:colcon.colcon_core.package_identification:_identify(.) by extensions ['python_setup_py']
[0.654s] Level 1:colcon.colcon_core.package_identification:_identify(.) by extension 'python_setup_py'
[0.654s] Level 1:colcon.colcon_core.package_identification:_identify(build) by extensions ['ignore', 'ignore_ament_install']
[0.655s] Level 1:colcon.colcon_core.package_identification:_identify(build) by extension 'ignore'
[0.655s] Level 1:colcon.colcon_core.package_identification:_identify(build) ignored
[0.655s] Level 1:colcon.colcon_core.package_identification:_identify(install) by extensions ['ignore', 'ignore_ament_install']
[0.655s] Level 1:colcon.colcon_core.package_identification:_identify(install) by extension 'ignore'
[0.655s] Level 1:colcon.colcon_core.package_identification:_identify(install) ignored
[0.656s] Level 1:colcon.colcon_core.package_identification:_identify(log) by extensions ['ignore', 'ignore_ament_install']
[0.656s] Level 1:colcon.colcon_core.package_identification:_identify(log) by extension 'ignore'
[0.656s] Level 1:colcon.colcon_core.package_identification:_identify(log) ignored
[0.656s] Level 1:colcon.colcon_core.package_identification:_identify(src) by extensions ['ignore', 'ignore_ament_install']
[0.656s] Level 1:colcon.colcon_core.package_identification:_identify(src) by extension 'ignore'
[0.657s] Level 1:colcon.colcon_core.package_identification:_identify(src) by extension 'ignore_ament_install'
[0.657s] Level 1:colcon.colcon_core.package_identification:_identify(src) by extensions ['colcon_pkg']
[0.657s] Level 1:colcon.colcon_core.package_identification:_identify(src) by extension 'colcon_pkg'
[0.657s] Level 1:colcon.colcon_core.package_identification:_identify(src) by extensions ['colcon_meta']
[0.657s] Level 1:colcon.colcon_core.package_identification:_identify(src) by extension 'colcon_meta'
[0.657s] Level 1:colcon.colcon_core.package_identification:_identify(src) by extensions ['ros']
[0.657s] Level 1:colcon.colcon_core.package_identification:_identify(src) by extension 'ros'
[0.657s] Level 1:colcon.colcon_core.package_identification:_identify(src) by extensions ['cmake', 'python']
[0.657s] Level 1:colcon.colcon_core.package_identification:_identify(src) by extension 'cmake'
[0.658s] Level 1:colcon.colcon_core.package_identification:_identify(src) by extension 'python'
[0.658s] Level 1:colcon.colcon_core.package_identification:_identify(src) by extensions ['python_setup_py']
[0.658s] Level 1:colcon.colcon_core.package_identification:_identify(src) by extension 'python_setup_py'
[0.658s] Level 1:colcon.colcon_core.package_identification:_identify(src/astra_camera) by extensions ['ignore', 'ignore_ament_install']
[0.658s] Level 1:colcon.colcon_core.package_identification:_identify(src/astra_camera) by extension 'ignore'
[0.658s] Level 1:colcon.colcon_core.package_identification:_identify(src/astra_camera) by extension 'ignore_ament_install'
[0.658s] Level 1:colcon.colcon_core.package_identification:_identify(src/astra_camera) by extensions ['colcon_pkg']
[0.659s] Level 1:colcon.colcon_core.package_identification:_identify(src/astra_camera) by extension 'colcon_pkg'
[0.659s] Level 1:colcon.colcon_core.package_identification:_identify(src/astra_camera) by extensions ['colcon_meta']
[0.659s] Level 1:colcon.colcon_core.package_identification:_identify(src/astra_camera) by extension 'colcon_meta'
[0.659s] Level 1:colcon.colcon_core.package_identification:_identify(src/astra_camera) by extensions ['ros']
[0.659s] Level 1:colcon.colcon_core.package_identification:_identify(src/astra_camera) by extension 'ros'
[0.668s] DEBUG:colcon.colcon_core.package_identification:Package 'src/astra_camera' with type 'ros.ament_cmake' and name 'astra_camera'
[0.668s] Level 1:colcon.colcon_core.package_identification:_identify(src/astra_camera_msgs) by extensions ['ignore', 'ignore_ament_install']
[0.669s] Level 1:colcon.colcon_core.package_identification:_identify(src/astra_camera_msgs) by extension 'ignore'
[0.669s] Level 1:colcon.colcon_core.package_identification:_identify(src/astra_camera_msgs) by extension 'ignore_ament_install'
[0.669s] Level 1:colcon.colcon_core.package_identification:_identify(src/astra_camera_msgs) by extensions ['colcon_pkg']
[0.669s] Level 1:colcon.colcon_core.package_identification:_identify(src/astra_camera_msgs) by extension 'colcon_pkg'
[0.669s] Level 1:colcon.colcon_core.package_identification:_identify(src/astra_camera_msgs) by extensions ['colcon_meta']
[0.669s] Level 1:colcon.colcon_core.package_identification:_identify(src/astra_camera_msgs) by extension 'colcon_meta'
[0.669s] Level 1:colcon.colcon_core.package_identification:_identify(src/astra_camera_msgs) by extensions ['ros']
[0.670s] Level 1:colcon.colcon_core.package_identification:_identify(src/astra_camera_msgs) by extension 'ros'
[0.672s] DEBUG:colcon.colcon_core.package_identification:Package 'src/astra_camera_msgs' with type 'ros.ament_cmake' and name 'astra_camera_msgs'
[0.672s] Level 1:colcon.colcon_core.package_identification:_identify(src/roarm) by extensions ['ignore', 'ignore_ament_install']
[0.673s] Level 1:colcon.colcon_core.package_identification:_identify(src/roarm) by extension 'ignore'
[0.673s] Level 1:colcon.colcon_core.package_identification:_identify(src/roarm) by extension 'ignore_ament_install'
[0.673s] Level 1:colcon.colcon_core.package_identification:_identify(src/roarm) by extensions ['colcon_pkg']
[0.673s] Level 1:colcon.colcon_core.package_identification:_identify(src/roarm) by extension 'colcon_pkg'
[0.673s] Level 1:colcon.colcon_core.package_identification:_identify(src/roarm) by extensions ['colcon_meta']
[0.673s] Level 1:colcon.colcon_core.package_identification:_identify(src/roarm) by extension 'colcon_meta'
[0.673s] Level 1:colcon.colcon_core.package_identification:_identify(src/roarm) by extensions ['ros']
[0.673s] Level 1:colcon.colcon_core.package_identification:_identify(src/roarm) by extension 'ros'
[0.675s] DEBUG:colcon.colcon_core.package_identification:Package 'src/roarm' with type 'ros.ament_cmake' and name 'roarm'
[0.675s] Level 1:colcon.colcon_core.package_identification:_identify(src/serial_ctrl) by extensions ['ignore', 'ignore_ament_install']
[0.676s] Level 1:colcon.colcon_core.package_identification:_identify(src/serial_ctrl) by extension 'ignore'
[0.676s] Level 1:colcon.colcon_core.package_identification:_identify(src/serial_ctrl) by extension 'ignore_ament_install'
[0.676s] Level 1:colcon.colcon_core.package_identification:_identify(src/serial_ctrl) by extensions ['colcon_pkg']
[0.676s] Level 1:colcon.colcon_core.package_identification:_identify(src/serial_ctrl) by extension 'colcon_pkg'
[0.676s] Level 1:colcon.colcon_core.package_identification:_identify(src/serial_ctrl) by extensions ['colcon_meta']
[0.676s] Level 1:colcon.colcon_core.package_identification:_identify(src/serial_ctrl) by extension 'colcon_meta'
[0.676s] Level 1:colcon.colcon_core.package_identification:_identify(src/serial_ctrl) by extensions ['ros']
[0.676s] Level 1:colcon.colcon_core.package_identification:_identify(src/serial_ctrl) by extension 'ros'
[0.678s] DEBUG:colcon.colcon_core.package_identification:Package 'src/serial_ctrl' with type 'ros.ament_python' and name 'serial_ctrl'
[0.678s] Level 1:colcon.colcon_core.package_identification:_identify(src/serial_reader) by extensions ['ignore', 'ignore_ament_install']
[0.678s] Level 1:colcon.colcon_core.package_identification:_identify(src/serial_reader) by extension 'ignore'
[0.678s] Level 1:colcon.colcon_core.package_identification:_identify(src/serial_reader) by extension 'ignore_ament_install'
[0.679s] Level 1:colcon.colcon_core.package_identification:_identify(src/serial_reader) by extensions ['colcon_pkg']
[0.679s] Level 1:colcon.colcon_core.package_identification:_identify(src/serial_reader) by extension 'colcon_pkg'
[0.679s] Level 1:colcon.colcon_core.package_identification:_identify(src/serial_reader) by extensions ['colcon_meta']
[0.679s] Level 1:colcon.colcon_core.package_identification:_identify(src/serial_reader) by extension 'colcon_meta'
[0.679s] Level 1:colcon.colcon_core.package_identification:_identify(src/serial_reader) by extensions ['ros']
[0.679s] Level 1:colcon.colcon_core.package_identification:_identify(src/serial_reader) by extension 'ros'
[0.681s] DEBUG:colcon.colcon_core.package_identification:Package 'src/serial_reader' with type 'ros.ament_python' and name 'serial_reader'
[0.681s] Level 1:colcon.colcon_core.package_discovery:discover_packages(recursive) using defaults
[0.681s] Level 1:colcon.colcon_core.package_discovery:discover_packages(ignore) discover
[0.681s] Level 1:colcon.colcon_core.package_discovery:discover_packages(ignore) using defaults
[0.681s] Level 1:colcon.colcon_core.package_discovery:discover_packages(path) discover
[0.681s] Level 1:colcon.colcon_core.package_discovery:discover_packages(path) using defaults
[0.728s] Level 1:colcon.colcon_core.package_discovery:discover_packages(prefix_path) check parameters
[0.728s] Level 1:colcon.colcon_core.package_discovery:discover_packages(prefix_path) discover
[0.733s] DEBUG:colcon.colcon_installed_package_information.package_discovery:Found 5 installed packages in /home/bingflame/RoArm-M1/install
[0.736s] DEBUG:colcon.colcon_installed_package_information.package_discovery:Found 276 installed packages in /opt/ros/humble
[0.742s] Level 1:colcon.colcon_core.package_discovery:discover_packages(prefix_path) using defaults
[0.882s] Level 5:colcon.colcon_core.verb:set package 'astra_camera_msgs' build argument 'cmake_args' from command line to 'None'
[0.882s] Level 5:colcon.colcon_core.verb:set package 'astra_camera_msgs' build argument 'cmake_target' from command line to 'None'
[0.882s] Level 5:colcon.colcon_core.verb:set package 'astra_camera_msgs' build argument 'cmake_target_skip_unavailable' from command line to 'False'
[0.883s] Level 5:colcon.colcon_core.verb:set package 'astra_camera_msgs' build argument 'cmake_clean_cache' from command line to 'False'
[0.883s] Level 5:colcon.colcon_core.verb:set package 'astra_camera_msgs' build argument 'cmake_clean_first' from command line to 'False'
[0.883s] Level 5:colcon.colcon_core.verb:set package 'astra_camera_msgs' build argument 'cmake_force_configure' from command line to 'False'
[0.883s] Level 5:colcon.colcon_core.verb:set package 'astra_camera_msgs' build argument 'ament_cmake_args' from command line to 'None'
[0.883s] Level 5:colcon.colcon_core.verb:set package 'astra_camera_msgs' build argument 'catkin_cmake_args' from command line to 'None'
[0.883s] Level 5:colcon.colcon_core.verb:set package 'astra_camera_msgs' build argument 'catkin_skip_building_tests' from command line to 'False'
[0.883s] DEBUG:colcon.colcon_core.verb:Building package 'astra_camera_msgs' with the following arguments: {'ament_cmake_args': None, 'build_base': '/home/bingflame/RoArm-M1/build/astra_camera_msgs', 'catkin_cmake_args': None, 'catkin_skip_building_tests': False, 'cmake_args': None, 'cmake_clean_cache': False, 'cmake_clean_first': False, 'cmake_force_configure': False, 'cmake_target': None, 'cmake_target_skip_unavailable': False, 'install_base': '/home/bingflame/RoArm-M1/install/astra_camera_msgs', 'merge_install': False, 'path': '/home/bingflame/RoArm-M1/src/astra_camera_msgs', 'symlink_install': False, 'test_result_base': None}
[0.884s] Level 5:colcon.colcon_core.verb:set package 'roarm' build argument 'cmake_args' from command line to 'None'
[0.884s] Level 5:colcon.colcon_core.verb:set package 'roarm' build argument 'cmake_target' from command line to 'None'
[0.884s] Level 5:colcon.colcon_core.verb:set package 'roarm' build argument 'cmake_target_skip_unavailable' from command line to 'False'
[0.885s] Level 5:colcon.colcon_core.verb:set package 'roarm' build argument 'cmake_clean_cache' from command line to 'False'
[0.885s] Level 5:colcon.colcon_core.verb:set package 'roarm' build argument 'cmake_clean_first' from command line to 'False'
[0.885s] Level 5:colcon.colcon_core.verb:set package 'roarm' build argument 'cmake_force_configure' from command line to 'False'
[0.885s] Level 5:colcon.colcon_core.verb:set package 'roarm' build argument 'ament_cmake_args' from command line to 'None'
[0.885s] Level 5:colcon.colcon_core.verb:set package 'roarm' build argument 'catkin_cmake_args' from command line to 'None'
[0.885s] Level 5:colcon.colcon_core.verb:set package 'roarm' build argument 'catkin_skip_building_tests' from command line to 'False'
[0.885s] DEBUG:colcon.colcon_core.verb:Building package 'roarm' with the following arguments: {'ament_cmake_args': None, 'build_base': '/home/bingflame/RoArm-M1/build/roarm', 'catkin_cmake_args': None, 'catkin_skip_building_tests': False, 'cmake_args': None, 'cmake_clean_cache': False, 'cmake_clean_first': False, 'cmake_force_configure': False, 'cmake_target': None, 'cmake_target_skip_unavailable': False, 'install_base': '/home/bingflame/RoArm-M1/install/roarm', 'merge_install': False, 'path': '/home/bingflame/RoArm-M1/src/roarm', 'symlink_install': False, 'test_result_base': None}
[0.886s] Level 5:colcon.colcon_core.verb:set package 'serial_ctrl' build argument 'cmake_args' from command line to 'None'
[0.886s] Level 5:colcon.colcon_core.verb:set package 'serial_ctrl' build argument 'cmake_target' from command line to 'None'
[0.886s] Level 5:colcon.colcon_core.verb:set package 'serial_ctrl' build argument 'cmake_target_skip_unavailable' from command line to 'False'
[0.886s] Level 5:colcon.colcon_core.verb:set package 'serial_ctrl' build argument 'cmake_clean_cache' from command line to 'False'
[0.886s] Level 5:colcon.colcon_core.verb:set package 'serial_ctrl' build argument 'cmake_clean_first' from command line to 'False'
[0.886s] Level 5:colcon.colcon_core.verb:set package 'serial_ctrl' build argument 'cmake_force_configure' from command line to 'False'
[0.886s] Level 5:colcon.colcon_core.verb:set package 'serial_ctrl' build argument 'ament_cmake_args' from command line to 'None'
[0.886s] Level 5:colcon.colcon_core.verb:set package 'serial_ctrl' build argument 'catkin_cmake_args' from command line to 'None'
[0.886s] Level 5:colcon.colcon_core.verb:set package 'serial_ctrl' build argument 'catkin_skip_building_tests' from command line to 'False'
[0.886s] DEBUG:colcon.colcon_core.verb:Building package 'serial_ctrl' with the following arguments: {'ament_cmake_args': None, 'build_base': '/home/bingflame/RoArm-M1/build/serial_ctrl', 'catkin_cmake_args': None, 'catkin_skip_building_tests': False, 'cmake_args': None, 'cmake_clean_cache': False, 'cmake_clean_first': False, 'cmake_force_configure': False, 'cmake_target': None, 'cmake_target_skip_unavailable': False, 'install_base': '/home/bingflame/RoArm-M1/install/serial_ctrl', 'merge_install': False, 'path': '/home/bingflame/RoArm-M1/src/serial_ctrl', 'symlink_install': False, 'test_result_base': None}
[0.887s] Level 5:colcon.colcon_core.verb:set package 'serial_reader' build argument 'cmake_args' from command line to 'None'
[0.887s] Level 5:colcon.colcon_core.verb:set package 'serial_reader' build argument 'cmake_target' from command line to 'None'
[0.887s] Level 5:colcon.colcon_core.verb:set package 'serial_reader' build argument 'cmake_target_skip_unavailable' from command line to 'False'
[0.887s] Level 5:colcon.colcon_core.verb:set package 'serial_reader' build argument 'cmake_clean_cache' from command line to 'False'
[0.887s] Level 5:colcon.colcon_core.verb:set package 'serial_reader' build argument 'cmake_clean_first' from command line to 'False'
[0.887s] Level 5:colcon.colcon_core.verb:set package 'serial_reader' build argument 'cmake_force_configure' from command line to 'False'
[0.887s] Level 5:colcon.colcon_core.verb:set package 'serial_reader' build argument 'ament_cmake_args' from command line to 'None'
[0.888s] Level 5:colcon.colcon_core.verb:set package 'serial_reader' build argument 'catkin_cmake_args' from command line to 'None'
[0.888s] Level 5:colcon.colcon_core.verb:set package 'serial_reader' build argument 'catkin_skip_building_tests' from command line to 'False'
[0.888s] DEBUG:colcon.colcon_core.verb:Building package 'serial_reader' with the following arguments: {'ament_cmake_args': None, 'build_base': '/home/bingflame/RoArm-M1/build/serial_reader', 'catkin_cmake_args': None, 'catkin_skip_building_tests': False, 'cmake_args': None, 'cmake_clean_cache': False, 'cmake_clean_first': False, 'cmake_force_configure': False, 'cmake_target': None, 'cmake_target_skip_unavailable': False, 'install_base': '/home/bingflame/RoArm-M1/install/serial_reader', 'merge_install': False, 'path': '/home/bingflame/RoArm-M1/src/serial_reader', 'symlink_install': False, 'test_result_base': None}
[0.888s] Level 5:colcon.colcon_core.verb:set package 'astra_camera' build argument 'cmake_args' from command line to 'None'
[0.888s] Level 5:colcon.colcon_core.verb:set package 'astra_camera' build argument 'cmake_target' from command line to 'None'
[0.889s] Level 5:colcon.colcon_core.verb:set package 'astra_camera' build argument 'cmake_target_skip_unavailable' from command line to 'False'
[0.889s] Level 5:colcon.colcon_core.verb:set package 'astra_camera' build argument 'cmake_clean_cache' from command line to 'False'
[0.889s] Level 5:colcon.colcon_core.verb:set package 'astra_camera' build argument 'cmake_clean_first' from command line to 'False'
[0.889s] Level 5:colcon.colcon_core.verb:set package 'astra_camera' build argument 'cmake_force_configure' from command line to 'False'
[0.889s] Level 5:colcon.colcon_core.verb:set package 'astra_camera' build argument 'ament_cmake_args' from command line to 'None'
[0.889s] Level 5:colcon.colcon_core.verb:set package 'astra_camera' build argument 'catkin_cmake_args' from command line to 'None'
[0.889s] Level 5:colcon.colcon_core.verb:set package 'astra_camera' build argument 'catkin_skip_building_tests' from command line to 'False'
[0.889s] DEBUG:colcon.colcon_core.verb:Building package 'astra_camera' with the following arguments: {'ament_cmake_args': None, 'build_base': '/home/bingflame/RoArm-M1/build/astra_camera', 'catkin_cmake_args': None, 'catkin_skip_building_tests': False, 'cmake_args': None, 'cmake_clean_cache': False, 'cmake_clean_first': False, 'cmake_force_configure': False, 'cmake_target': None, 'cmake_target_skip_unavailable': False, 'install_base': '/home/bingflame/RoArm-M1/install/astra_camera', 'merge_install': False, 'path': '/home/bingflame/RoArm-M1/src/astra_camera', 'symlink_install': False, 'test_result_base': None}
[0.889s] INFO:colcon.colcon_core.executor:Executing jobs using 'parallel' executor
[0.892s] DEBUG:colcon.colcon_parallel_executor.executor.parallel:run_until_complete
[0.893s] INFO:colcon.colcon_ros.task.ament_cmake.build:Building ROS package in '/home/bingflame/RoArm-M1/src/astra_camera_msgs' with build type 'ament_cmake'
[0.893s] INFO:colcon.colcon_cmake.task.cmake.build:Building CMake package in '/home/bingflame/RoArm-M1/src/astra_camera_msgs'
[0.897s] INFO:colcon.colcon_core.plugin_system:Skipping extension 'colcon_core.shell.bat': Not used on non-Windows systems
[0.898s] INFO:colcon.colcon_core.shell:Skip shell extension 'powershell' for command environment: Not usable outside of PowerShell
[0.898s] DEBUG:colcon.colcon_core.shell:Skip shell extension 'dsv' for command environment
[0.906s] INFO:colcon.colcon_ros.task.ament_cmake.build:Building ROS package in '/home/bingflame/RoArm-M1/src/roarm' with build type 'ament_cmake'
[0.907s] INFO:colcon.colcon_cmake.task.cmake.build:Building CMake package in '/home/bingflame/RoArm-M1/src/roarm'
[0.907s] INFO:colcon.colcon_core.shell:Skip shell extension 'powershell' for command environment: Not usable outside of PowerShell
[0.907s] DEBUG:colcon.colcon_core.shell:Skip shell extension 'dsv' for command environment
[0.914s] INFO:colcon.colcon_ros.task.ament_python.build:Building ROS package in '/home/bingflame/RoArm-M1/src/serial_ctrl' with build type 'ament_python'
[0.914s] Level 1:colcon.colcon_core.shell:create_environment_hook('serial_ctrl', 'ament_prefix_path')
[0.915s] INFO:colcon.colcon_core.shell:Creating environment hook '/home/bingflame/RoArm-M1/install/serial_ctrl/share/serial_ctrl/hook/ament_prefix_path.ps1'
[0.917s] INFO:colcon.colcon_core.shell:Creating environment descriptor '/home/bingflame/RoArm-M1/install/serial_ctrl/share/serial_ctrl/hook/ament_prefix_path.dsv'
[0.918s] INFO:colcon.colcon_core.shell:Creating environment hook '/home/bingflame/RoArm-M1/install/serial_ctrl/share/serial_ctrl/hook/ament_prefix_path.sh'
[0.920s] INFO:colcon.colcon_core.shell:Skip shell extension 'powershell' for command environment: Not usable outside of PowerShell
[0.920s] DEBUG:colcon.colcon_core.shell:Skip shell extension 'dsv' for command environment
[0.926s] INFO:colcon.colcon_ros.task.ament_python.build:Building ROS package in '/home/bingflame/RoArm-M1/src/serial_reader' with build type 'ament_python'
[0.926s] Level 1:colcon.colcon_core.shell:create_environment_hook('serial_reader', 'ament_prefix_path')
[0.927s] INFO:colcon.colcon_core.shell:Creating environment hook '/home/bingflame/RoArm-M1/install/serial_reader/share/serial_reader/hook/ament_prefix_path.ps1'
[0.928s] INFO:colcon.colcon_core.shell:Creating environment descriptor '/home/bingflame/RoArm-M1/install/serial_reader/share/serial_reader/hook/ament_prefix_path.dsv'
[0.928s] INFO:colcon.colcon_core.shell:Creating environment hook '/home/bingflame/RoArm-M1/install/serial_reader/share/serial_reader/hook/ament_prefix_path.sh'
[0.930s] INFO:colcon.colcon_core.shell:Skip shell extension 'powershell' for command environment: Not usable outside of PowerShell
[0.930s] DEBUG:colcon.colcon_core.shell:Skip shell extension 'dsv' for command environment
[0.948s] DEBUG:colcon.colcon_core.event_handler.log_command:Invoking command in '/home/bingflame/RoArm-M1/build/astra_camera_msgs': CMAKE_PREFIX_PATH=${CMAKE_PREFIX_PATH}:/home/bingflame/RoArm-M1/install/serial_reader:/home/bingflame/RoArm-M1/install/serial_ctrl:/opt/ros/humble CONDA_PROMPT_MODIFIER=(base) /usr/bin/cmake --build /home/bingflame/RoArm-M1/build/astra_camera_msgs -- -j6 -l6
[0.956s] DEBUG:colcon.colcon_core.event_handler.log_command:Invoking command in '/home/bingflame/RoArm-M1/build/roarm': CMAKE_PREFIX_PATH=${CMAKE_PREFIX_PATH}:/home/bingflame/RoArm-M1/install/serial_reader:/home/bingflame/RoArm-M1/install/serial_ctrl:/opt/ros/humble CONDA_PROMPT_MODIFIER=(base) /usr/bin/cmake --build /home/bingflame/RoArm-M1/build/roarm -- -j6 -l6
[1.650s] INFO:colcon.colcon_core.task.python.build:Building Python package in '/home/bingflame/RoArm-M1/src/serial_ctrl'
[1.651s] INFO:colcon.colcon_core.shell:Skip shell extension 'powershell' for command environment: Not usable outside of PowerShell
[1.651s] DEBUG:colcon.colcon_core.shell:Skip shell extension 'dsv' for command environment
[2.274s] INFO:colcon.colcon_core.task.python.build:Building Python package in '/home/bingflame/RoArm-M1/src/serial_reader'
[2.275s] INFO:colcon.colcon_core.shell:Skip shell extension 'powershell' for command environment: Not usable outside of PowerShell
[2.275s] DEBUG:colcon.colcon_core.shell:Skip shell extension 'dsv' for command environment
[2.286s] DEBUG:colcon.colcon_core.event_handler.log_command:Invoked command in '/home/bingflame/RoArm-M1/build/roarm' returned '0': CMAKE_PREFIX_PATH=${CMAKE_PREFIX_PATH}:/home/bingflame/RoArm-M1/install/serial_reader:/home/bingflame/RoArm-M1/install/serial_ctrl:/opt/ros/humble CONDA_PROMPT_MODIFIER=(base) /usr/bin/cmake --build /home/bingflame/RoArm-M1/build/roarm -- -j6 -l6
[2.291s] DEBUG:colcon.colcon_core.event_handler.log_command:Invoked command in '/home/bingflame/RoArm-M1/build/astra_camera_msgs' returned '0': CMAKE_PREFIX_PATH=${CMAKE_PREFIX_PATH}:/home/bingflame/RoArm-M1/install/serial_reader:/home/bingflame/RoArm-M1/install/serial_ctrl:/opt/ros/humble CONDA_PROMPT_MODIFIER=(base) /usr/bin/cmake --build /home/bingflame/RoArm-M1/build/astra_camera_msgs -- -j6 -l6
[2.369s] DEBUG:colcon.colcon_core.event_handler.log_command:Invoking command in '/home/bingflame/RoArm-M1/build/roarm': CMAKE_PREFIX_PATH=${CMAKE_PREFIX_PATH}:/home/bingflame/RoArm-M1/install/serial_reader:/home/bingflame/RoArm-M1/install/serial_ctrl:/opt/ros/humble CONDA_PROMPT_MODIFIER=(base) /usr/bin/cmake --install /home/bingflame/RoArm-M1/build/roarm
[2.406s] Level 1:colcon.colcon_core.environment:create_environment_scripts_only(roarm)
[2.411s] Level 1:colcon.colcon_core.environment:checking '/home/bingflame/RoArm-M1/install/roarm' for CMake module files
[2.422s] DEBUG:colcon.colcon_core.event_handler.log_command:Invoked command in '/home/bingflame/RoArm-M1/build/roarm' returned '0': CMAKE_PREFIX_PATH=${CMAKE_PREFIX_PATH}:/home/bingflame/RoArm-M1/install/serial_reader:/home/bingflame/RoArm-M1/install/serial_ctrl:/opt/ros/humble CONDA_PROMPT_MODIFIER=(base) /usr/bin/cmake --install /home/bingflame/RoArm-M1/build/roarm
[2.423s] Level 1:colcon.colcon_core.environment:checking '/home/bingflame/RoArm-M1/install/roarm' for CMake config files
[2.423s] Level 1:colcon.colcon_core.shell:create_environment_hook('roarm', 'cmake_prefix_path')
[2.432s] INFO:colcon.colcon_core.shell:Creating environment hook '/home/bingflame/RoArm-M1/install/roarm/share/roarm/hook/cmake_prefix_path.ps1'
[2.433s] INFO:colcon.colcon_core.shell:Creating environment descriptor '/home/bingflame/RoArm-M1/install/roarm/share/roarm/hook/cmake_prefix_path.dsv'
[2.435s] INFO:colcon.colcon_core.shell:Creating environment hook '/home/bingflame/RoArm-M1/install/roarm/share/roarm/hook/cmake_prefix_path.sh'
[2.437s] Level 1:colcon.colcon_core.environment:checking '/home/bingflame/RoArm-M1/install/roarm/bin'
[2.437s] Level 1:colcon.colcon_core.environment:checking '/home/bingflame/RoArm-M1/install/roarm/lib/pkgconfig/roarm.pc'
[2.438s] Level 1:colcon.colcon_core.environment:checking '/home/bingflame/RoArm-M1/install/roarm/lib/python3.10/site-packages'
[2.438s] Level 1:colcon.colcon_core.environment:checking '/home/bingflame/RoArm-M1/install/roarm/bin'
[2.439s] INFO:colcon.colcon_core.shell:Creating package script '/home/bingflame/RoArm-M1/install/roarm/share/roarm/package.ps1'
[2.442s] INFO:colcon.colcon_core.shell:Creating package descriptor '/home/bingflame/RoArm-M1/install/roarm/share/roarm/package.dsv'
[2.445s] INFO:colcon.colcon_core.shell:Creating package script '/home/bingflame/RoArm-M1/install/roarm/share/roarm/package.sh'
[2.448s] INFO:colcon.colcon_core.shell:Creating package script '/home/bingflame/RoArm-M1/install/roarm/share/roarm/package.bash'
[2.450s] INFO:colcon.colcon_core.shell:Creating package script '/home/bingflame/RoArm-M1/install/roarm/share/roarm/package.zsh'
[2.453s] Level 1:colcon.colcon_core.environment:create_file_with_runtime_dependencies(/home/bingflame/RoArm-M1/install/roarm/share/colcon-core/packages/roarm)
[2.527s] Level 1:colcon.colcon_core.environment:create_environment_scripts_only(roarm)
[2.528s] Level 1:colcon.colcon_core.environment:checking '/home/bingflame/RoArm-M1/install/roarm' for CMake module files
[2.529s] Level 1:colcon.colcon_core.environment:checking '/home/bingflame/RoArm-M1/install/roarm' for CMake config files
[2.529s] Level 1:colcon.colcon_core.shell:create_environment_hook('roarm', 'cmake_prefix_path')
[2.530s] INFO:colcon.colcon_core.shell:Creating environment hook '/home/bingflame/RoArm-M1/install/roarm/share/roarm/hook/cmake_prefix_path.ps1'
[2.531s] INFO:colcon.colcon_core.shell:Creating environment descriptor '/home/bingflame/RoArm-M1/install/roarm/share/roarm/hook/cmake_prefix_path.dsv'
[2.533s] INFO:colcon.colcon_core.shell:Creating environment hook '/home/bingflame/RoArm-M1/install/roarm/share/roarm/hook/cmake_prefix_path.sh'
[2.534s] Level 1:colcon.colcon_core.environment:checking '/home/bingflame/RoArm-M1/install/roarm/bin'
[2.535s] Level 1:colcon.colcon_core.environment:checking '/home/bingflame/RoArm-M1/install/roarm/lib/pkgconfig/roarm.pc'
[2.535s] Level 1:colcon.colcon_core.environment:checking '/home/bingflame/RoArm-M1/install/roarm/lib/python3.10/site-packages'
[2.536s] Level 1:colcon.colcon_core.environment:checking '/home/bingflame/RoArm-M1/install/roarm/bin'
[2.537s] INFO:colcon.colcon_core.shell:Creating package script '/home/bingflame/RoArm-M1/install/roarm/share/roarm/package.ps1'
[2.538s] INFO:colcon.colcon_core.shell:Creating package descriptor '/home/bingflame/RoArm-M1/install/roarm/share/roarm/package.dsv'
[2.540s] INFO:colcon.colcon_core.shell:Creating package script '/home/bingflame/RoArm-M1/install/roarm/share/roarm/package.sh'
[2.541s] INFO:colcon.colcon_core.shell:Creating package script '/home/bingflame/RoArm-M1/install/roarm/share/roarm/package.bash'
[2.542s] INFO:colcon.colcon_core.shell:Creating package script '/home/bingflame/RoArm-M1/install/roarm/share/roarm/package.zsh'
[2.543s] Level 1:colcon.colcon_core.environment:create_file_with_runtime_dependencies(/home/bingflame/RoArm-M1/install/roarm/share/colcon-core/packages/roarm)
[2.890s] DEBUG:colcon.colcon_core.event_handler.log_command:Invoking command in '/home/bingflame/RoArm-M1/build/astra_camera_msgs': CMAKE_PREFIX_PATH=${CMAKE_PREFIX_PATH}:/home/bingflame/RoArm-M1/install/serial_reader:/home/bingflame/RoArm-M1/install/serial_ctrl:/opt/ros/humble CONDA_PROMPT_MODIFIER=(base) /usr/bin/cmake --install /home/bingflame/RoArm-M1/build/astra_camera_msgs
[3.133s] Level 1:colcon.colcon_core.environment:create_environment_scripts_only(astra_camera_msgs)
[3.134s] Level 1:colcon.colcon_core.environment:checking '/home/bingflame/RoArm-M1/install/astra_camera_msgs' for CMake module files
[3.135s] Level 1:colcon.colcon_core.environment:checking '/home/bingflame/RoArm-M1/install/astra_camera_msgs' for CMake config files
[3.136s] Level 1:colcon.colcon_core.shell:create_environment_hook('astra_camera_msgs', 'cmake_prefix_path')
[3.137s] INFO:colcon.colcon_core.shell:Creating environment hook '/home/bingflame/RoArm-M1/install/astra_camera_msgs/share/astra_camera_msgs/hook/cmake_prefix_path.ps1'
[3.139s] INFO:colcon.colcon_core.shell:Creating environment descriptor '/home/bingflame/RoArm-M1/install/astra_camera_msgs/share/astra_camera_msgs/hook/cmake_prefix_path.dsv'
[3.140s] INFO:colcon.colcon_core.shell:Creating environment hook '/home/bingflame/RoArm-M1/install/astra_camera_msgs/share/astra_camera_msgs/hook/cmake_prefix_path.sh'
[3.142s] Level 1:colcon.colcon_core.environment:checking '/home/bingflame/RoArm-M1/install/astra_camera_msgs/lib'
[3.143s] Level 1:colcon.colcon_core.shell:create_environment_hook('astra_camera_msgs', 'ld_library_path_lib')
[3.143s] INFO:colcon.colcon_core.shell:Creating environment hook '/home/bingflame/RoArm-M1/install/astra_camera_msgs/share/astra_camera_msgs/hook/ld_library_path_lib.ps1'
[3.144s] INFO:colcon.colcon_core.shell:Creating environment descriptor '/home/bingflame/RoArm-M1/install/astra_camera_msgs/share/astra_camera_msgs/hook/ld_library_path_lib.dsv'
[3.145s] INFO:colcon.colcon_core.shell:Creating environment hook '/home/bingflame/RoArm-M1/install/astra_camera_msgs/share/astra_camera_msgs/hook/ld_library_path_lib.sh'
[3.146s] Level 1:colcon.colcon_core.environment:checking '/home/bingflame/RoArm-M1/install/astra_camera_msgs/bin'
[3.147s] Level 1:colcon.colcon_core.environment:checking '/home/bingflame/RoArm-M1/install/astra_camera_msgs/lib/pkgconfig/astra_camera_msgs.pc'
[3.148s] Level 1:colcon.colcon_core.environment:checking '/home/bingflame/RoArm-M1/install/astra_camera_msgs/lib/python3.10/site-packages'
[3.148s] Level 1:colcon.colcon_core.shell:create_environment_hook('astra_camera_msgs', 'pythonpath')
[3.148s] INFO:colcon.colcon_core.shell:Creating environment hook '/home/bingflame/RoArm-M1/install/astra_camera_msgs/share/astra_camera_msgs/hook/pythonpath.ps1'
[3.147s] DEBUG:colcon.colcon_core.event_handler.log_command:Invoked command in '/home/bingflame/RoArm-M1/build/astra_camera_msgs' returned '0': CMAKE_PREFIX_PATH=${CMAKE_PREFIX_PATH}:/home/bingflame/RoArm-M1/install/serial_reader:/home/bingflame/RoArm-M1/install/serial_ctrl:/opt/ros/humble CONDA_PROMPT_MODIFIER=(base) /usr/bin/cmake --install /home/bingflame/RoArm-M1/build/astra_camera_msgs
[3.149s] INFO:colcon.colcon_core.shell:Creating environment descriptor '/home/bingflame/RoArm-M1/install/astra_camera_msgs/share/astra_camera_msgs/hook/pythonpath.dsv'
[3.150s] INFO:colcon.colcon_core.shell:Creating environment hook '/home/bingflame/RoArm-M1/install/astra_camera_msgs/share/astra_camera_msgs/hook/pythonpath.sh'
[3.152s] Level 1:colcon.colcon_core.environment:checking '/home/bingflame/RoArm-M1/install/astra_camera_msgs/bin'
[3.153s] INFO:colcon.colcon_core.shell:Creating package script '/home/bingflame/RoArm-M1/install/astra_camera_msgs/share/astra_camera_msgs/package.ps1'
[3.155s] INFO:colcon.colcon_core.shell:Creating package descriptor '/home/bingflame/RoArm-M1/install/astra_camera_msgs/share/astra_camera_msgs/package.dsv'
[3.156s] INFO:colcon.colcon_core.shell:Creating package script '/home/bingflame/RoArm-M1/install/astra_camera_msgs/share/astra_camera_msgs/package.sh'
[3.157s] INFO:colcon.colcon_core.shell:Creating package script '/home/bingflame/RoArm-M1/install/astra_camera_msgs/share/astra_camera_msgs/package.bash'
[3.158s] INFO:colcon.colcon_core.shell:Creating package script '/home/bingflame/RoArm-M1/install/astra_camera_msgs/share/astra_camera_msgs/package.zsh'
[3.159s] Level 1:colcon.colcon_core.environment:create_file_with_runtime_dependencies(/home/bingflame/RoArm-M1/install/astra_camera_msgs/share/colcon-core/packages/astra_camera_msgs)
[3.273s] DEBUG:colcon.colcon_core.event_handler.log_command:Invoking command in '/home/bingflame/RoArm-M1/src/serial_ctrl': CONDA_PROMPT_MODIFIER=(base) PYTHONPATH=/home/bingflame/RoArm-M1/build/serial_ctrl/prefix_override:/usr/lib/python3/dist-packages/colcon_core/task/python/colcon_distutils_commands:/home/bingflame/RoArm-M1/install/serial_ctrl/lib/python3.10/site-packages:${PYTHONPATH} /usr/bin/python3 -W ignore:setup.py install is deprecated setup.py egg_info --egg-base ../../build/serial_ctrl build --build-base /home/bingflame/RoArm-M1/build/serial_ctrl/build install --record /home/bingflame/RoArm-M1/build/serial_ctrl/install.log --single-version-externally-managed install_data
[3.286s] DEBUG:colcon.colcon_core.event_handler.log_command:Invoking command in '/home/bingflame/RoArm-M1/src/serial_reader': CONDA_PROMPT_MODIFIER=(base) PYTHONPATH=/home/bingflame/RoArm-M1/build/serial_reader/prefix_override:/usr/lib/python3/dist-packages/colcon_core/task/python/colcon_distutils_commands:/home/bingflame/RoArm-M1/install/serial_reader/lib/python3.10/site-packages:${PYTHONPATH} /usr/bin/python3 -W ignore:setup.py install is deprecated setup.py egg_info --egg-base ../../build/serial_reader build --build-base /home/bingflame/RoArm-M1/build/serial_reader/build install --record /home/bingflame/RoArm-M1/build/serial_reader/install.log --single-version-externally-managed install_data
[3.778s] Level 1:colcon.colcon_core.environment:create_environment_scripts_only(astra_camera_msgs)
[3.778s] Level 1:colcon.colcon_core.environment:checking '/home/bingflame/RoArm-M1/install/astra_camera_msgs' for CMake module files
[3.780s] Level 1:colcon.colcon_core.environment:checking '/home/bingflame/RoArm-M1/install/astra_camera_msgs' for CMake config files
[3.780s] Level 1:colcon.colcon_core.shell:create_environment_hook('astra_camera_msgs', 'cmake_prefix_path')
[3.782s] INFO:colcon.colcon_core.shell:Creating environment hook '/home/bingflame/RoArm-M1/install/astra_camera_msgs/share/astra_camera_msgs/hook/cmake_prefix_path.ps1'
[3.785s] INFO:colcon.colcon_core.shell:Creating environment descriptor '/home/bingflame/RoArm-M1/install/astra_camera_msgs/share/astra_camera_msgs/hook/cmake_prefix_path.dsv'
[3.791s] INFO:colcon.colcon_core.shell:Creating environment hook '/home/bingflame/RoArm-M1/install/astra_camera_msgs/share/astra_camera_msgs/hook/cmake_prefix_path.sh'
[3.793s] Level 1:colcon.colcon_core.environment:checking '/home/bingflame/RoArm-M1/install/astra_camera_msgs/lib'
[3.793s] Level 1:colcon.colcon_core.shell:create_environment_hook('astra_camera_msgs', 'ld_library_path_lib')
[3.794s] INFO:colcon.colcon_core.shell:Creating environment hook '/home/bingflame/RoArm-M1/install/astra_camera_msgs/share/astra_camera_msgs/hook/ld_library_path_lib.ps1'
[3.795s] INFO:colcon.colcon_core.shell:Creating environment descriptor '/home/bingflame/RoArm-M1/install/astra_camera_msgs/share/astra_camera_msgs/hook/ld_library_path_lib.dsv'
[3.797s] INFO:colcon.colcon_core.shell:Creating environment hook '/home/bingflame/RoArm-M1/install/astra_camera_msgs/share/astra_camera_msgs/hook/ld_library_path_lib.sh'
[3.798s] Level 1:colcon.colcon_core.environment:checking '/home/bingflame/RoArm-M1/install/astra_camera_msgs/bin'
[3.798s] Level 1:colcon.colcon_core.environment:checking '/home/bingflame/RoArm-M1/install/astra_camera_msgs/lib/pkgconfig/astra_camera_msgs.pc'
[3.799s] Level 1:colcon.colcon_core.environment:checking '/home/bingflame/RoArm-M1/install/astra_camera_msgs/lib/python3.10/site-packages'
[3.799s] Level 1:colcon.colcon_core.shell:create_environment_hook('astra_camera_msgs', 'pythonpath')
[3.799s] INFO:colcon.colcon_core.shell:Creating environment hook '/home/bingflame/RoArm-M1/install/astra_camera_msgs/share/astra_camera_msgs/hook/pythonpath.ps1'
[3.801s] INFO:colcon.colcon_core.shell:Creating environment descriptor '/home/bingflame/RoArm-M1/install/astra_camera_msgs/share/astra_camera_msgs/hook/pythonpath.dsv'
[3.802s] INFO:colcon.colcon_core.shell:Creating environment hook '/home/bingflame/RoArm-M1/install/astra_camera_msgs/share/astra_camera_msgs/hook/pythonpath.sh'
[3.804s] Level 1:colcon.colcon_core.environment:checking '/home/bingflame/RoArm-M1/install/astra_camera_msgs/bin'
[3.805s] INFO:colcon.colcon_core.shell:Creating package script '/home/bingflame/RoArm-M1/install/astra_camera_msgs/share/astra_camera_msgs/package.ps1'
[3.806s] INFO:colcon.colcon_core.shell:Creating package descriptor '/home/bingflame/RoArm-M1/install/astra_camera_msgs/share/astra_camera_msgs/package.dsv'
[3.808s] INFO:colcon.colcon_core.shell:Creating package script '/home/bingflame/RoArm-M1/install/astra_camera_msgs/share/astra_camera_msgs/package.sh'
[3.809s] INFO:colcon.colcon_core.shell:Creating package script '/home/bingflame/RoArm-M1/install/astra_camera_msgs/share/astra_camera_msgs/package.bash'
[3.810s] INFO:colcon.colcon_core.shell:Creating package script '/home/bingflame/RoArm-M1/install/astra_camera_msgs/share/astra_camera_msgs/package.zsh'
[3.812s] Level 1:colcon.colcon_core.environment:create_file_with_runtime_dependencies(/home/bingflame/RoArm-M1/install/astra_camera_msgs/share/colcon-core/packages/astra_camera_msgs)
[3.827s] INFO:colcon.colcon_ros.task.ament_cmake.build:Building ROS package in '/home/bingflame/RoArm-M1/src/astra_camera' with build type 'ament_cmake'
[3.827s] INFO:colcon.colcon_cmake.task.cmake.build:Building CMake package in '/home/bingflame/RoArm-M1/src/astra_camera'
[3.828s] INFO:colcon.colcon_core.shell:Skip shell extension 'powershell' for command environment: Not usable outside of PowerShell
[3.830s] DEBUG:colcon.colcon_core.shell:Skip shell extension 'dsv' for command environment
[3.876s] DEBUG:colcon.colcon_core.event_handler.log_command:Invoking command in '/home/bingflame/RoArm-M1/build/astra_camera': CMAKE_PREFIX_PATH=/home/bingflame/RoArm-M1/install/astra_camera_msgs:/home/bingflame/RoArm-M1/install/roarm:/home/bingflame/RoArm-M1/install/astra_camera:/home/bingflame/RoArm-M1/install/serial_reader:/home/bingflame/RoArm-M1/install/serial_ctrl:/opt/ros/humble CONDA_PROMPT_MODIFIER=(base) LD_LIBRARY_PATH=/home/bingflame/RoArm-M1/install/astra_camera_msgs/lib:/home/bingflame/RoArm-M1/install/astra_camera/lib:/opt/ros/humble/opt/rviz_ogre_vendor/lib:/opt/ros/humble/lib/aarch64-linux-gnu:/opt/ros/humble/lib:/usr/local/cuda-12.6/lib64:/home/bingflame/xiugaihou/JetsonGPIO/build/ PYTHONPATH=/home/bingflame/RoArm-M1/install/astra_camera_msgs/lib/python3.10/site-packages:/home/bingflame/RoArm-M1/install/serial_reader/lib/python3.10/site-packages:/home/bingflame/RoArm-M1/install/serial_ctrl/lib/python3.10/site-packages:/opt/ros/humble/lib/python3.10/site-packages:/opt/ros/humble/local/lib/python3.10/dist-packages /usr/bin/cmake --build /home/bingflame/RoArm-M1/build/astra_camera -- -j6 -l6
[4.098s] Level 1:colcon.colcon_core.environment:checking '/home/bingflame/RoArm-M1/install/serial_ctrl' for CMake module files
[4.099s] Level 1:colcon.colcon_core.environment:checking '/home/bingflame/RoArm-M1/install/serial_ctrl' for CMake config files
[4.101s] DEBUG:colcon.colcon_core.event_handler.log_command:Invoked command in '/home/bingflame/RoArm-M1/src/serial_ctrl' returned '0': CONDA_PROMPT_MODIFIER=(base) PYTHONPATH=/home/bingflame/RoArm-M1/build/serial_ctrl/prefix_override:/usr/lib/python3/dist-packages/colcon_core/task/python/colcon_distutils_commands:/home/bingflame/RoArm-M1/install/serial_ctrl/lib/python3.10/site-packages:${PYTHONPATH} /usr/bin/python3 -W ignore:setup.py install is deprecated setup.py egg_info --egg-base ../../build/serial_ctrl build --build-base /home/bingflame/RoArm-M1/build/serial_ctrl/build install --record /home/bingflame/RoArm-M1/build/serial_ctrl/install.log --single-version-externally-managed install_data
[4.102s] Level 1:colcon.colcon_core.environment:checking '/home/bingflame/RoArm-M1/install/serial_ctrl/lib'
[4.102s] Level 1:colcon.colcon_core.environment:checking '/home/bingflame/RoArm-M1/install/serial_ctrl/bin'
[4.103s] Level 1:colcon.colcon_core.environment:checking '/home/bingflame/RoArm-M1/install/serial_ctrl/lib/pkgconfig/serial_ctrl.pc'
[4.103s] Level 1:colcon.colcon_core.environment:checking '/home/bingflame/RoArm-M1/install/serial_ctrl/lib/python3.10/site-packages'
[4.104s] Level 1:colcon.colcon_core.shell:create_environment_hook('serial_ctrl', 'pythonpath')
[4.105s] INFO:colcon.colcon_core.shell:Creating environment hook '/home/bingflame/RoArm-M1/install/serial_ctrl/share/serial_ctrl/hook/pythonpath.ps1'
[4.107s] INFO:colcon.colcon_core.shell:Creating environment descriptor '/home/bingflame/RoArm-M1/install/serial_ctrl/share/serial_ctrl/hook/pythonpath.dsv'
[4.109s] INFO:colcon.colcon_core.shell:Creating environment hook '/home/bingflame/RoArm-M1/install/serial_ctrl/share/serial_ctrl/hook/pythonpath.sh'
[4.112s] Level 1:colcon.colcon_core.environment:checking '/home/bingflame/RoArm-M1/install/serial_ctrl/bin'
[4.112s] Level 1:colcon.colcon_core.environment:create_environment_scripts_only(serial_ctrl)
[4.113s] INFO:colcon.colcon_core.shell:Creating package script '/home/bingflame/RoArm-M1/install/serial_ctrl/share/serial_ctrl/package.ps1'
[4.115s] INFO:colcon.colcon_core.shell:Creating package descriptor '/home/bingflame/RoArm-M1/install/serial_ctrl/share/serial_ctrl/package.dsv'
[4.117s] INFO:colcon.colcon_core.shell:Creating package script '/home/bingflame/RoArm-M1/install/serial_ctrl/share/serial_ctrl/package.sh'
[4.119s] INFO:colcon.colcon_core.shell:Creating package script '/home/bingflame/RoArm-M1/install/serial_ctrl/share/serial_ctrl/package.bash'
[4.121s] INFO:colcon.colcon_core.shell:Creating package script '/home/bingflame/RoArm-M1/install/serial_ctrl/share/serial_ctrl/package.zsh'
[4.122s] Level 1:colcon.colcon_core.environment:create_file_with_runtime_dependencies(/home/bingflame/RoArm-M1/install/serial_ctrl/share/colcon-core/packages/serial_ctrl)
[4.138s] Level 1:colcon.colcon_core.environment:checking '/home/bingflame/RoArm-M1/install/serial_reader' for CMake module files
[4.139s] Level 1:colcon.colcon_core.environment:checking '/home/bingflame/RoArm-M1/install/serial_reader' for CMake config files
[4.140s] Level 1:colcon.colcon_core.environment:checking '/home/bingflame/RoArm-M1/install/serial_reader/lib'
[4.141s] DEBUG:colcon.colcon_core.event_handler.log_command:Invoked command in '/home/bingflame/RoArm-M1/src/serial_reader' returned '0': CONDA_PROMPT_MODIFIER=(base) PYTHONPATH=/home/bingflame/RoArm-M1/build/serial_reader/prefix_override:/usr/lib/python3/dist-packages/colcon_core/task/python/colcon_distutils_commands:/home/bingflame/RoArm-M1/install/serial_reader/lib/python3.10/site-packages:${PYTHONPATH} /usr/bin/python3 -W ignore:setup.py install is deprecated setup.py egg_info --egg-base ../../build/serial_reader build --build-base /home/bingflame/RoArm-M1/build/serial_reader/build install --record /home/bingflame/RoArm-M1/build/serial_reader/install.log --single-version-externally-managed install_data
[4.142s] Level 1:colcon.colcon_core.environment:checking '/home/bingflame/RoArm-M1/install/serial_reader/bin'
[4.142s] Level 1:colcon.colcon_core.environment:checking '/home/bingflame/RoArm-M1/install/serial_reader/lib/pkgconfig/serial_reader.pc'
[4.143s] Level 1:colcon.colcon_core.environment:checking '/home/bingflame/RoArm-M1/install/serial_reader/lib/python3.10/site-packages'
[4.143s] Level 1:colcon.colcon_core.shell:create_environment_hook('serial_reader', 'pythonpath')
[4.144s] INFO:colcon.colcon_core.shell:Creating environment hook '/home/bingflame/RoArm-M1/install/serial_reader/share/serial_reader/hook/pythonpath.ps1'
[4.146s] INFO:colcon.colcon_core.shell:Creating environment descriptor '/home/bingflame/RoArm-M1/install/serial_reader/share/serial_reader/hook/pythonpath.dsv'
[4.148s] INFO:colcon.colcon_core.shell:Creating environment hook '/home/bingflame/RoArm-M1/install/serial_reader/share/serial_reader/hook/pythonpath.sh'
[4.150s] Level 1:colcon.colcon_core.environment:checking '/home/bingflame/RoArm-M1/install/serial_reader/bin'
[4.150s] Level 1:colcon.colcon_core.environment:create_environment_scripts_only(serial_reader)
[4.151s] INFO:colcon.colcon_core.shell:Creating package script '/home/bingflame/RoArm-M1/install/serial_reader/share/serial_reader/package.ps1'
[4.153s] INFO:colcon.colcon_core.shell:Creating package descriptor '/home/bingflame/RoArm-M1/install/serial_reader/share/serial_reader/package.dsv'
[4.155s] INFO:colcon.colcon_core.shell:Creating package script '/home/bingflame/RoArm-M1/install/serial_reader/share/serial_reader/package.sh'
[4.157s] INFO:colcon.colcon_core.shell:Creating package script '/home/bingflame/RoArm-M1/install/serial_reader/share/serial_reader/package.bash'
[4.158s] INFO:colcon.colcon_core.shell:Creating package script '/home/bingflame/RoArm-M1/install/serial_reader/share/serial_reader/package.zsh'
[4.159s] Level 1:colcon.colcon_core.environment:create_file_with_runtime_dependencies(/home/bingflame/RoArm-M1/install/serial_reader/share/colcon-core/packages/serial_reader)
[39.817s] DEBUG:colcon.colcon_core.event_handler.log_command:Invoked command in '/home/bingflame/RoArm-M1/build/astra_camera' returned '0': CMAKE_PREFIX_PATH=/home/bingflame/RoArm-M1/install/astra_camera_msgs:/home/bingflame/RoArm-M1/install/roarm:/home/bingflame/RoArm-M1/install/astra_camera:/home/bingflame/RoArm-M1/install/serial_reader:/home/bingflame/RoArm-M1/install/serial_ctrl:/opt/ros/humble CONDA_PROMPT_MODIFIER=(base) LD_LIBRARY_PATH=/home/bingflame/RoArm-M1/install/astra_camera_msgs/lib:/home/bingflame/RoArm-M1/install/astra_camera/lib:/opt/ros/humble/opt/rviz_ogre_vendor/lib:/opt/ros/humble/lib/aarch64-linux-gnu:/opt/ros/humble/lib:/usr/local/cuda-12.6/lib64:/home/bingflame/xiugaihou/JetsonGPIO/build/ PYTHONPATH=/home/bingflame/RoArm-M1/install/astra_camera_msgs/lib/python3.10/site-packages:/home/bingflame/RoArm-M1/install/serial_reader/lib/python3.10/site-packages:/home/bingflame/RoArm-M1/install/serial_ctrl/lib/python3.10/site-packages:/opt/ros/humble/lib/python3.10/site-packages:/opt/ros/humble/local/lib/python3.10/dist-packages /usr/bin/cmake --build /home/bingflame/RoArm-M1/build/astra_camera -- -j6 -l6
[39.958s] DEBUG:colcon.colcon_core.event_handler.log_command:Invoking command in '/home/bingflame/RoArm-M1/build/astra_camera': CMAKE_PREFIX_PATH=/home/bingflame/RoArm-M1/install/astra_camera_msgs:/home/bingflame/RoArm-M1/install/roarm:/home/bingflame/RoArm-M1/install/astra_camera:/home/bingflame/RoArm-M1/install/serial_reader:/home/bingflame/RoArm-M1/install/serial_ctrl:/opt/ros/humble CONDA_PROMPT_MODIFIER=(base) LD_LIBRARY_PATH=/home/bingflame/RoArm-M1/install/astra_camera_msgs/lib:/home/bingflame/RoArm-M1/install/astra_camera/lib:/opt/ros/humble/opt/rviz_ogre_vendor/lib:/opt/ros/humble/lib/aarch64-linux-gnu:/opt/ros/humble/lib:/usr/local/cuda-12.6/lib64:/home/bingflame/xiugaihou/JetsonGPIO/build/ PYTHONPATH=/home/bingflame/RoArm-M1/install/astra_camera_msgs/lib/python3.10/site-packages:/home/bingflame/RoArm-M1/install/serial_reader/lib/python3.10/site-packages:/home/bingflame/RoArm-M1/install/serial_ctrl/lib/python3.10/site-packages:/opt/ros/humble/lib/python3.10/site-packages:/opt/ros/humble/local/lib/python3.10/dist-packages /usr/bin/cmake --install /home/bingflame/RoArm-M1/build/astra_camera
[40.102s] Level 1:colcon.colcon_core.environment:create_environment_scripts_only(astra_camera)
[40.104s] Level 1:colcon.colcon_core.environment:checking '/home/bingflame/RoArm-M1/install/astra_camera' for CMake module files
[40.110s] Level 1:colcon.colcon_core.environment:checking '/home/bingflame/RoArm-M1/install/astra_camera' for CMake config files
[40.108s] DEBUG:colcon.colcon_core.event_handler.log_command:Invoked command in '/home/bingflame/RoArm-M1/build/astra_camera' returned '0': CMAKE_PREFIX_PATH=/home/bingflame/RoArm-M1/install/astra_camera_msgs:/home/bingflame/RoArm-M1/install/roarm:/home/bingflame/RoArm-M1/install/astra_camera:/home/bingflame/RoArm-M1/install/serial_reader:/home/bingflame/RoArm-M1/install/serial_ctrl:/opt/ros/humble CONDA_PROMPT_MODIFIER=(base) LD_LIBRARY_PATH=/home/bingflame/RoArm-M1/install/astra_camera_msgs/lib:/home/bingflame/RoArm-M1/install/astra_camera/lib:/opt/ros/humble/opt/rviz_ogre_vendor/lib:/opt/ros/humble/lib/aarch64-linux-gnu:/opt/ros/humble/lib:/usr/local/cuda-12.6/lib64:/home/bingflame/xiugaihou/JetsonGPIO/build/ PYTHONPATH=/home/bingflame/RoArm-M1/install/astra_camera_msgs/lib/python3.10/site-packages:/home/bingflame/RoArm-M1/install/serial_reader/lib/python3.10/site-packages:/home/bingflame/RoArm-M1/install/serial_ctrl/lib/python3.10/site-packages:/opt/ros/humble/lib/python3.10/site-packages:/opt/ros/humble/local/lib/python3.10/dist-packages /usr/bin/cmake --install /home/bingflame/RoArm-M1/build/astra_camera
[40.117s] Level 1:colcon.colcon_core.shell:create_environment_hook('astra_camera', 'cmake_prefix_path')
[40.119s] INFO:colcon.colcon_core.shell:Creating environment hook '/home/bingflame/RoArm-M1/install/astra_camera/share/astra_camera/hook/cmake_prefix_path.ps1'
[40.133s] INFO:colcon.colcon_core.shell:Creating environment descriptor '/home/bingflame/RoArm-M1/install/astra_camera/share/astra_camera/hook/cmake_prefix_path.dsv'
[40.136s] INFO:colcon.colcon_core.shell:Creating environment hook '/home/bingflame/RoArm-M1/install/astra_camera/share/astra_camera/hook/cmake_prefix_path.sh'
[40.139s] Level 1:colcon.colcon_core.environment:checking '/home/bingflame/RoArm-M1/install/astra_camera/lib'
[40.139s] Level 1:colcon.colcon_core.shell:create_environment_hook('astra_camera', 'ld_library_path_lib')
[40.140s] INFO:colcon.colcon_core.shell:Creating environment hook '/home/bingflame/RoArm-M1/install/astra_camera/share/astra_camera/hook/ld_library_path_lib.ps1'
[40.141s] INFO:colcon.colcon_core.shell:Creating environment descriptor '/home/bingflame/RoArm-M1/install/astra_camera/share/astra_camera/hook/ld_library_path_lib.dsv'
[40.143s] INFO:colcon.colcon_core.shell:Creating environment hook '/home/bingflame/RoArm-M1/install/astra_camera/share/astra_camera/hook/ld_library_path_lib.sh'
[40.144s] Level 1:colcon.colcon_core.environment:checking '/home/bingflame/RoArm-M1/install/astra_camera/bin'
[40.144s] Level 1:colcon.colcon_core.environment:checking '/home/bingflame/RoArm-M1/install/astra_camera/lib/pkgconfig/astra_camera.pc'
[40.146s] Level 1:colcon.colcon_core.environment:checking '/home/bingflame/RoArm-M1/install/astra_camera/lib/python3.10/site-packages'
[40.147s] Level 1:colcon.colcon_core.environment:checking '/home/bingflame/RoArm-M1/install/astra_camera/bin'
[40.148s] INFO:colcon.colcon_core.shell:Creating package script '/home/bingflame/RoArm-M1/install/astra_camera/share/astra_camera/package.ps1'
[40.151s] INFO:colcon.colcon_core.shell:Creating package descriptor '/home/bingflame/RoArm-M1/install/astra_camera/share/astra_camera/package.dsv'
[40.171s] INFO:colcon.colcon_core.shell:Creating package script '/home/bingflame/RoArm-M1/install/astra_camera/share/astra_camera/package.sh'
[40.173s] INFO:colcon.colcon_core.shell:Creating package script '/home/bingflame/RoArm-M1/install/astra_camera/share/astra_camera/package.bash'
[40.176s] INFO:colcon.colcon_core.shell:Creating package script '/home/bingflame/RoArm-M1/install/astra_camera/share/astra_camera/package.zsh'
[40.177s] Level 1:colcon.colcon_core.environment:create_file_with_runtime_dependencies(/home/bingflame/RoArm-M1/install/astra_camera/share/colcon-core/packages/astra_camera)
[40.315s] Level 1:colcon.colcon_core.environment:create_environment_scripts_only(astra_camera)
[40.316s] Level 1:colcon.colcon_core.environment:checking '/home/bingflame/RoArm-M1/install/astra_camera' for CMake module files
[40.318s] Level 1:colcon.colcon_core.environment:checking '/home/bingflame/RoArm-M1/install/astra_camera' for CMake config files
[40.318s] Level 1:colcon.colcon_core.shell:create_environment_hook('astra_camera', 'cmake_prefix_path')
[40.319s] INFO:colcon.colcon_core.shell:Creating environment hook '/home/bingflame/RoArm-M1/install/astra_camera/share/astra_camera/hook/cmake_prefix_path.ps1'
[40.321s] INFO:colcon.colcon_core.shell:Creating environment descriptor '/home/bingflame/RoArm-M1/install/astra_camera/share/astra_camera/hook/cmake_prefix_path.dsv'
[40.322s] INFO:colcon.colcon_core.shell:Creating environment hook '/home/bingflame/RoArm-M1/install/astra_camera/share/astra_camera/hook/cmake_prefix_path.sh'
[40.324s] Level 1:colcon.colcon_core.environment:checking '/home/bingflame/RoArm-M1/install/astra_camera/lib'
[40.324s] Level 1:colcon.colcon_core.shell:create_environment_hook('astra_camera', 'ld_library_path_lib')
[40.325s] INFO:colcon.colcon_core.shell:Creating environment hook '/home/bingflame/RoArm-M1/install/astra_camera/share/astra_camera/hook/ld_library_path_lib.ps1'
[40.326s] INFO:colcon.colcon_core.shell:Creating environment descriptor '/home/bingflame/RoArm-M1/install/astra_camera/share/astra_camera/hook/ld_library_path_lib.dsv'
[40.327s] INFO:colcon.colcon_core.shell:Creating environment hook '/home/bingflame/RoArm-M1/install/astra_camera/share/astra_camera/hook/ld_library_path_lib.sh'
[40.328s] Level 1:colcon.colcon_core.environment:checking '/home/bingflame/RoArm-M1/install/astra_camera/bin'
[40.328s] Level 1:colcon.colcon_core.environment:checking '/home/bingflame/RoArm-M1/install/astra_camera/lib/pkgconfig/astra_camera.pc'
[40.329s] Level 1:colcon.colcon_core.environment:checking '/home/bingflame/RoArm-M1/install/astra_camera/lib/python3.10/site-packages'
[40.330s] Level 1:colcon.colcon_core.environment:checking '/home/bingflame/RoArm-M1/install/astra_camera/bin'
[40.331s] INFO:colcon.colcon_core.shell:Creating package script '/home/bingflame/RoArm-M1/install/astra_camera/share/astra_camera/package.ps1'
[40.332s] INFO:colcon.colcon_core.shell:Creating package descriptor '/home/bingflame/RoArm-M1/install/astra_camera/share/astra_camera/package.dsv'
[40.335s] INFO:colcon.colcon_core.shell:Creating package script '/home/bingflame/RoArm-M1/install/astra_camera/share/astra_camera/package.sh'
[40.336s] INFO:colcon.colcon_core.shell:Creating package script '/home/bingflame/RoArm-M1/install/astra_camera/share/astra_camera/package.bash'
[40.338s] INFO:colcon.colcon_core.shell:Creating package script '/home/bingflame/RoArm-M1/install/astra_camera/share/astra_camera/package.zsh'
[40.339s] Level 1:colcon.colcon_core.environment:create_file_with_runtime_dependencies(/home/bingflame/RoArm-M1/install/astra_camera/share/colcon-core/packages/astra_camera)
[40.340s] DEBUG:colcon.colcon_parallel_executor.executor.parallel:closing loop
[40.342s] DEBUG:colcon.colcon_parallel_executor.executor.parallel:loop closed
[40.342s] DEBUG:colcon.colcon_parallel_executor.executor.parallel:run_until_complete finished with '0'
[40.343s] DEBUG:colcon.colcon_core.event_reactor:joining thread
[40.375s] INFO:colcon.colcon_core.plugin_system:Skipping extension 'colcon_notification.desktop_notification.terminal_notifier': Not used on non-Darwin systems
[40.377s] INFO:colcon.colcon_core.plugin_system:Skipping extension 'colcon_notification.desktop_notification.win32': Not used on non-Windows systems
[40.377s] INFO:colcon.colcon_notification.desktop_notification:Sending desktop notification using 'notify2'
[40.449s] DEBUG:colcon.colcon_notification.desktop_notification.notify2:Failed to initialize notify2: org.freedesktop.DBus.Error.Spawn.ChildExited: Process org.freedesktop.Notifications exited with status 1
[40.449s] DEBUG:colcon.colcon_core.event_reactor:joined thread
[40.451s] INFO:colcon.colcon_core.shell:Creating prefix script '/home/bingflame/RoArm-M1/install/local_setup.ps1'
[40.458s] INFO:colcon.colcon_core.shell:Creating prefix util module '/home/bingflame/RoArm-M1/install/_local_setup_util_ps1.py'
[40.464s] INFO:colcon.colcon_core.shell:Creating prefix chain script '/home/bingflame/RoArm-M1/install/setup.ps1'
[40.471s] INFO:colcon.colcon_core.shell:Creating prefix script '/home/bingflame/RoArm-M1/install/local_setup.sh'
[40.476s] INFO:colcon.colcon_core.shell:Creating prefix util module '/home/bingflame/RoArm-M1/install/_local_setup_util_sh.py'
[40.479s] INFO:colcon.colcon_core.shell:Creating prefix chain script '/home/bingflame/RoArm-M1/install/setup.sh'
[40.486s] INFO:colcon.colcon_core.shell:Creating prefix script '/home/bingflame/RoArm-M1/install/local_setup.bash'
[40.488s] INFO:colcon.colcon_core.shell:Creating prefix chain script '/home/bingflame/RoArm-M1/install/setup.bash'
[40.491s] INFO:colcon.colcon_core.shell:Creating prefix script '/home/bingflame/RoArm-M1/install/local_setup.zsh'
[40.493s] INFO:colcon.colcon_core.shell:Creating prefix chain script '/home/bingflame/RoArm-M1/install/setup.zsh'
