[1.940s] Invoking command in '/home/bingflame/RoArm-M1/src/serial_ctrl': CONDA_PROMPT_MODIFIER=(base) PYTHONPATH=/home/bingflame/RoArm-M1/build/serial_ctrl/prefix_override:/usr/lib/python3/dist-packages/colcon_core/task/python/colcon_distutils_commands:/home/bingflame/RoArm-M1/install/serial_ctrl/lib/python3.10/site-packages:${PYTHONPATH} /usr/bin/python3 -W ignore:setup.py install is deprecated setup.py egg_info --egg-base ../../build/serial_ctrl build --build-base /home/bingflame/RoArm-M1/build/serial_ctrl/build install --record /home/bingflame/RoArm-M1/build/serial_ctrl/install.log --single-version-externally-managed install_data
[2.440s] running egg_info
[2.442s] writing ../../build/serial_ctrl/serial_ctrl.egg-info/PKG-INFO
[2.442s] writing dependency_links to ../../build/serial_ctrl/serial_ctrl.egg-info/dependency_links.txt
[2.443s] writing entry points to ../../build/serial_ctrl/serial_ctrl.egg-info/entry_points.txt
[2.443s] writing requirements to ../../build/serial_ctrl/serial_ctrl.egg-info/requires.txt
[2.443s] writing top-level names to ../../build/serial_ctrl/serial_ctrl.egg-info/top_level.txt
[2.447s] reading manifest file '../../build/serial_ctrl/serial_ctrl.egg-info/SOURCES.txt'
[2.449s] writing manifest file '../../build/serial_ctrl/serial_ctrl.egg-info/SOURCES.txt'
[2.449s] running build
[2.450s] running build_py
[2.450s] copying serial_ctrl/serial_ctrl_py.py -> /home/bingflame/RoArm-M1/build/serial_ctrl/build/lib/serial_ctrl
[2.450s] running install
[2.451s] running install_lib
[2.453s] copying /home/bingflame/RoArm-M1/build/serial_ctrl/build/lib/serial_ctrl/serial_ctrl_py.py -> /home/bingflame/RoArm-M1/install/serial_ctrl/lib/python3.10/site-packages/serial_ctrl
[2.454s] byte-compiling /home/bingflame/RoArm-M1/install/serial_ctrl/lib/python3.10/site-packages/serial_ctrl/serial_ctrl_py.py to serial_ctrl_py.cpython-310.pyc
[2.456s] running install_data
[2.456s] running install_egg_info
[2.460s] removing '/home/bingflame/RoArm-M1/install/serial_ctrl/lib/python3.10/site-packages/serial_ctrl-0.0.0-py3.10.egg-info' (and everything under it)
[2.460s] Copying ../../build/serial_ctrl/serial_ctrl.egg-info to /home/bingflame/RoArm-M1/install/serial_ctrl/lib/python3.10/site-packages/serial_ctrl-0.0.0-py3.10.egg-info
[2.463s] running install_scripts
[2.510s] Installing serial_ctrl script to /home/bingflame/RoArm-M1/install/serial_ctrl/lib/serial_ctrl
[2.510s] writing list of installed files to '/home/bingflame/RoArm-M1/build/serial_ctrl/install.log'
[2.595s] Invoked command in '/home/bingflame/RoArm-M1/src/serial_ctrl' returned '0': CONDA_PROMPT_MODIFIER=(base) PYTHONPATH=/home/bingflame/RoArm-M1/build/serial_ctrl/prefix_override:/usr/lib/python3/dist-packages/colcon_core/task/python/colcon_distutils_commands:/home/bingflame/RoArm-M1/install/serial_ctrl/lib/python3.10/site-packages:${PYTHONPATH} /usr/bin/python3 -W ignore:setup.py install is deprecated setup.py egg_info --egg-base ../../build/serial_ctrl build --build-base /home/bingflame/RoArm-M1/build/serial_ctrl/build install --record /home/bingflame/RoArm-M1/build/serial_ctrl/install.log --single-version-externally-managed install_data
