[0.035s] Invoking command in '/home/bingflame/RoArm-M1/build/roarm': CMAKE_PREFIX_PATH=${CMAKE_PREFIX_PATH}:/home/bingflame/RoArm-M1/install/serial_ctrl:/opt/ros/humble /usr/bin/cmake --build /home/bingflame/RoArm-M1/build/roarm -- -j6 -l6
[0.586s] Invoked command in '/home/bingflame/RoArm-M1/build/roarm' returned '0': CMAKE_PREFIX_PATH=${CMAKE_PREFIX_PATH}:/home/bingflame/RoArm-M1/install/serial_ctrl:/opt/ros/humble /usr/bin/cmake --build /home/bingflame/RoArm-M1/build/roarm -- -j6 -l6
[0.664s] Invoking command in '/home/bingflame/RoArm-M1/build/roarm': CMAKE_PREFIX_PATH=${CMAKE_PREFIX_PATH}:/home/bingflame/RoArm-M1/install/serial_ctrl:/opt/ros/humble /usr/bin/cmake --install /home/bingflame/RoArm-M1/build/roarm
[0.682s] -- Install configuration: ""
[0.682s] -- Up-to-date: /home/bingflame/RoArm-M1/install/roarm/share/roarm/config
[0.682s] -- Up-to-date: /home/bingflame/RoArm-M1/install/roarm/share/roarm/config/.gitkeep
[0.682s] -- Up-to-date: /home/bingflame/RoArm-M1/install/roarm/share/roarm/launch
[0.683s] -- Up-to-date: /home/bingflame/RoArm-M1/install/roarm/share/roarm/launch/roarm.launch.py
[0.683s] -- Up-to-date: /home/bingflame/RoArm-M1/install/roarm/share/roarm/maps
[0.683s] -- Up-to-date: /home/bingflame/RoArm-M1/install/roarm/share/roarm/maps/.gitkeep
[0.683s] -- Up-to-date: /home/bingflame/RoArm-M1/install/roarm/share/roarm/meshes
[0.684s] -- Up-to-date: /home/bingflame/RoArm-M1/install/roarm/share/roarm/meshes/base.stl
[0.685s] -- Up-to-date: /home/bingflame/RoArm-M1/install/roarm/share/roarm/meshes/L4.stl
[0.685s] -- Up-to-date: /home/bingflame/RoArm-M1/install/roarm/share/roarm/meshes/L5_2_A.stl
[0.685s] -- Up-to-date: /home/bingflame/RoArm-M1/install/roarm/share/roarm/meshes/L5_1_B.stl
[0.685s] -- Up-to-date: /home/bingflame/RoArm-M1/install/roarm/share/roarm/meshes/L5_3_B.stl
[0.685s] -- Up-to-date: /home/bingflame/RoArm-M1/install/roarm/share/roarm/meshes/L2.stl
[0.685s] -- Up-to-date: /home/bingflame/RoArm-M1/install/roarm/share/roarm/meshes/L3.stl
[0.686s] -- Up-to-date: /home/bingflame/RoArm-M1/install/roarm/share/roarm/meshes/L1.stl
[0.686s] -- Up-to-date: /home/bingflame/RoArm-M1/install/roarm/share/roarm/meshes/L5_3_A.stl
[0.686s] -- Up-to-date: /home/bingflame/RoArm-M1/install/roarm/share/roarm/meshes/L5_2_B.stl
[0.686s] -- Up-to-date: /home/bingflame/RoArm-M1/install/roarm/share/roarm/meshes/L5_1_A.stl
[0.686s] -- Up-to-date: /home/bingflame/RoArm-M1/install/roarm/share/roarm/models
[0.686s] -- Up-to-date: /home/bingflame/RoArm-M1/install/roarm/share/roarm/models/.gitkeep
[0.686s] -- Up-to-date: /home/bingflame/RoArm-M1/install/roarm/share/roarm/params
[0.687s] -- Up-to-date: /home/bingflame/RoArm-M1/install/roarm/share/roarm/params/.gitkeep
[0.687s] -- Up-to-date: /home/bingflame/RoArm-M1/install/roarm/share/roarm/rviz
[0.687s] -- Up-to-date: /home/bingflame/RoArm-M1/install/roarm/share/roarm/rviz/rviz_basic_settings.rviz
[0.687s] -- Up-to-date: /home/bingflame/RoArm-M1/install/roarm/share/roarm/src
[0.687s] -- Up-to-date: /home/bingflame/RoArm-M1/install/roarm/share/roarm/src/.gitkeep
[0.688s] -- Up-to-date: /home/bingflame/RoArm-M1/install/roarm/share/roarm/urdf
[0.692s] -- Up-to-date: /home/bingflame/RoArm-M1/install/roarm/share/roarm/urdf/roarm.urdf
[0.693s] -- Up-to-date: /home/bingflame/RoArm-M1/install/roarm/share/roarm/worlds
[0.693s] -- Up-to-date: /home/bingflame/RoArm-M1/install/roarm/share/roarm/worlds/.gitkeep
[0.694s] -- Up-to-date: /home/bingflame/RoArm-M1/install/roarm/share/ament_index/resource_index/package_run_dependencies/roarm
[0.694s] -- Up-to-date: /home/bingflame/RoArm-M1/install/roarm/share/ament_index/resource_index/parent_prefix_path/roarm
[0.694s] -- Up-to-date: /home/bingflame/RoArm-M1/install/roarm/share/roarm/environment/ament_prefix_path.sh
[0.695s] -- Up-to-date: /home/bingflame/RoArm-M1/install/roarm/share/roarm/environment/ament_prefix_path.dsv
[0.695s] -- Up-to-date: /home/bingflame/RoArm-M1/install/roarm/share/roarm/environment/path.sh
[0.696s] -- Up-to-date: /home/bingflame/RoArm-M1/install/roarm/share/roarm/environment/path.dsv
[0.696s] -- Up-to-date: /home/bingflame/RoArm-M1/install/roarm/share/roarm/local_setup.bash
[0.696s] -- Up-to-date: /home/bingflame/RoArm-M1/install/roarm/share/roarm/local_setup.sh
[0.697s] -- Up-to-date: /home/bingflame/RoArm-M1/install/roarm/share/roarm/local_setup.zsh
[0.698s] -- Up-to-date: /home/bingflame/RoArm-M1/install/roarm/share/roarm/local_setup.dsv
[0.698s] -- Up-to-date: /home/bingflame/RoArm-M1/install/roarm/share/roarm/package.dsv
[0.699s] -- Up-to-date: /home/bingflame/RoArm-M1/install/roarm/share/ament_index/resource_index/packages/roarm
[0.699s] -- Up-to-date: /home/bingflame/RoArm-M1/install/roarm/share/roarm/cmake/roarmConfig.cmake
[0.699s] -- Up-to-date: /home/bingflame/RoArm-M1/install/roarm/share/roarm/cmake/roarmConfig-version.cmake
[0.700s] -- Up-to-date: /home/bingflame/RoArm-M1/install/roarm/share/roarm/package.xml
[0.700s] Invoked command in '/home/bingflame/RoArm-M1/build/roarm' returned '0': CMAKE_PREFIX_PATH=${CMAKE_PREFIX_PATH}:/home/bingflame/RoArm-M1/install/serial_ctrl:/opt/ros/humble /usr/bin/cmake --install /home/bingflame/RoArm-M1/build/roarm
