[2.817s] Invoking command in '/home/bingflame/RoArm-M1/src/serial_reader': CONDA_PROMPT_MODIFIER=(base) PYTHONPATH=/home/bingflame/RoArm-M1/build/serial_reader/prefix_override:/usr/lib/python3/dist-packages/colcon_core/task/python/colcon_distutils_commands:/home/bingflame/RoArm-M1/install/serial_reader/lib/python3.10/site-packages:${PYTHONPATH} /usr/bin/python3 -W ignore:setup.py install is deprecated setup.py egg_info --egg-base ../../build/serial_reader build --build-base /home/bingflame/RoArm-M1/build/serial_reader/build install --record /home/bingflame/RoArm-M1/build/serial_reader/install.log --single-version-externally-managed install_data
[3.490s] running egg_info
[3.491s] writing ../../build/serial_reader/serial_reader.egg-info/PKG-INFO
[3.491s] writing dependency_links to ../../build/serial_reader/serial_reader.egg-info/dependency_links.txt
[3.492s] writing entry points to ../../build/serial_reader/serial_reader.egg-info/entry_points.txt
[3.492s] writing requirements to ../../build/serial_reader/serial_reader.egg-info/requires.txt
[3.493s] writing top-level names to ../../build/serial_reader/serial_reader.egg-info/top_level.txt
[3.497s] reading manifest file '../../build/serial_reader/serial_reader.egg-info/SOURCES.txt'
[3.499s] writing manifest file '../../build/serial_reader/serial_reader.egg-info/SOURCES.txt'
[3.500s] running build
[3.500s] running build_py
[3.500s] running install
[3.501s] running install_lib
[3.509s] running install_data
[3.531s] running install_egg_info
[3.531s] removing '/home/bingflame/RoArm-M1/install/serial_reader/lib/python3.10/site-packages/serial_reader-0.0.0-py3.10.egg-info' (and everything under it)
[3.532s] Copying ../../build/serial_reader/serial_reader.egg-info to /home/bingflame/RoArm-M1/install/serial_reader/lib/python3.10/site-packages/serial_reader-0.0.0-py3.10.egg-info
[3.532s] running install_scripts
[3.575s] Installing serial_reader_node script to /home/bingflame/RoArm-M1/install/serial_reader/lib/serial_reader
[3.576s] writing list of installed files to '/home/bingflame/RoArm-M1/build/serial_reader/install.log'
[3.667s] Invoked command in '/home/bingflame/RoArm-M1/src/serial_reader' returned '0': CONDA_PROMPT_MODIFIER=(base) PYTHONPATH=/home/bingflame/RoArm-M1/build/serial_reader/prefix_override:/usr/lib/python3/dist-packages/colcon_core/task/python/colcon_distutils_commands:/home/bingflame/RoArm-M1/install/serial_reader/lib/python3.10/site-packages:${PYTHONPATH} /usr/bin/python3 -W ignore:setup.py install is deprecated setup.py egg_info --egg-base ../../build/serial_reader build --build-base /home/bingflame/RoArm-M1/build/serial_reader/build install --record /home/bingflame/RoArm-M1/build/serial_reader/install.log --single-version-externally-managed install_data
