[0.124s] Invoking command in '/home/bingflame/RoArm-M1/build/astra_camera_msgs': CMAKE_PREFIX_PATH=${CMAKE_PREFIX_PATH}:/home/bingflame/RoArm-M1/install/serial_reader:/home/bingflame/RoArm-M1/install/serial_ctrl:/opt/ros/humble CONDA_PROMPT_MODIFIER=(base) /usr/bin/cmake --build /home/bingflame/RoArm-M1/build/astra_camera_msgs -- -j6 -l6
[1.007s] [  1%] Built target astra_camera_msgs__cpp
[1.007s] [ 12%] Built target astra_camera_msgs__rosidl_generator_c
[1.007s] [ 24%] Built target astra_camera_msgs__rosidl_typesupport_cpp
[1.007s] [ 35%] Built target astra_camera_msgs__rosidl_typesupport_introspection_cpp
[1.007s] [ 35%] Built target ament_cmake_python_copy_astra_camera_msgs
[1.008s] [ 47%] Built target astra_camera_msgs__rosidl_typesupport_fastrtps_cpp
[1.008s] [ 58%] Built target astra_camera_msgs__rosidl_typesupport_fastrtps_c
[1.008s] [ 70%] Built target astra_camera_msgs__rosidl_typesupport_c
[1.008s] [ 82%] Built target astra_camera_msgs__rosidl_typesupport_introspection_c
[1.008s] [ 82%] Built target astra_camera_msgs
[1.008s] [ 83%] Built target astra_camera_msgs__py
[1.008s] [ 93%] Built target astra_camera_msgs__rosidl_generator_py
[1.008s] [ 95%] Built target astra_camera_msgs__rosidl_typesupport_introspection_c__pyext
[1.009s] [ 97%] Built target astra_camera_msgs__rosidl_typesupport_fastrtps_c__pyext
[1.009s] [100%] Built target astra_camera_msgs__rosidl_typesupport_c__pyext
[1.072s] running egg_info
[1.102s] writing astra_camera_msgs.egg-info/PKG-INFO
[1.104s] writing dependency_links to astra_camera_msgs.egg-info/dependency_links.txt
[1.105s] writing top-level names to astra_camera_msgs.egg-info/top_level.txt
[1.192s] reading manifest file 'astra_camera_msgs.egg-info/SOURCES.txt'
[1.196s] writing manifest file 'astra_camera_msgs.egg-info/SOURCES.txt'
[1.305s] [100%] Built target ament_cmake_python_build_astra_camera_msgs_egg
[1.696s] Invoked command in '/home/bingflame/RoArm-M1/build/astra_camera_msgs' returned '0': CMAKE_PREFIX_PATH=${CMAKE_PREFIX_PATH}:/home/bingflame/RoArm-M1/install/serial_reader:/home/bingflame/RoArm-M1/install/serial_ctrl:/opt/ros/humble CONDA_PROMPT_MODIFIER=(base) /usr/bin/cmake --build /home/bingflame/RoArm-M1/build/astra_camera_msgs -- -j6 -l6
[2.578s] Invoking command in '/home/bingflame/RoArm-M1/build/astra_camera_msgs': CMAKE_PREFIX_PATH=${CMAKE_PREFIX_PATH}:/home/bingflame/RoArm-M1/install/serial_reader:/home/bingflame/RoArm-M1/install/serial_ctrl:/opt/ros/humble CONDA_PROMPT_MODIFIER=(base) /usr/bin/cmake --install /home/bingflame/RoArm-M1/build/astra_camera_msgs
[2.595s] -- Install configuration: ""
[2.595s] -- Up-to-date: /home/bingflame/RoArm-M1/install/astra_camera_msgs/share/ament_index/resource_index/rosidl_interfaces/astra_camera_msgs
[2.595s] -- Up-to-date: /home/bingflame/RoArm-M1/install/astra_camera_msgs/include/astra_camera_msgs/astra_camera_msgs
[2.596s] -- Up-to-date: /home/bingflame/RoArm-M1/install/astra_camera_msgs/include/astra_camera_msgs/astra_camera_msgs/msg
[2.596s] -- Up-to-date: /home/bingflame/RoArm-M1/install/astra_camera_msgs/include/astra_camera_msgs/astra_camera_msgs/msg/metadata.h
[2.596s] -- Up-to-date: /home/bingflame/RoArm-M1/install/astra_camera_msgs/include/astra_camera_msgs/astra_camera_msgs/msg/detail
[2.596s] -- Up-to-date: /home/bingflame/RoArm-M1/install/astra_camera_msgs/include/astra_camera_msgs/astra_camera_msgs/msg/detail/device_info__functions.h
[2.596s] -- Up-to-date: /home/bingflame/RoArm-M1/install/astra_camera_msgs/include/astra_camera_msgs/astra_camera_msgs/msg/detail/device_info__type_support.h
[2.596s] -- Up-to-date: /home/bingflame/RoArm-M1/install/astra_camera_msgs/include/astra_camera_msgs/astra_camera_msgs/msg/detail/metadata__struct.h
[2.597s] -- Up-to-date: /home/bingflame/RoArm-M1/install/astra_camera_msgs/include/astra_camera_msgs/astra_camera_msgs/msg/detail/metadata__type_support.h
[2.597s] -- Up-to-date: /home/bingflame/RoArm-M1/install/astra_camera_msgs/include/astra_camera_msgs/astra_camera_msgs/msg/detail/extrinsics__functions.h
[2.597s] -- Up-to-date: /home/bingflame/RoArm-M1/install/astra_camera_msgs/include/astra_camera_msgs/astra_camera_msgs/msg/detail/extrinsics__functions.c
[2.597s] -- Up-to-date: /home/bingflame/RoArm-M1/install/astra_camera_msgs/include/astra_camera_msgs/astra_camera_msgs/msg/detail/metadata__functions.c
[2.597s] -- Up-to-date: /home/bingflame/RoArm-M1/install/astra_camera_msgs/include/astra_camera_msgs/astra_camera_msgs/msg/detail/device_info__struct.h
[2.597s] -- Up-to-date: /home/bingflame/RoArm-M1/install/astra_camera_msgs/include/astra_camera_msgs/astra_camera_msgs/msg/detail/metadata__functions.h
[2.598s] -- Up-to-date: /home/bingflame/RoArm-M1/install/astra_camera_msgs/include/astra_camera_msgs/astra_camera_msgs/msg/detail/extrinsics__type_support.h
[2.598s] -- Up-to-date: /home/bingflame/RoArm-M1/install/astra_camera_msgs/include/astra_camera_msgs/astra_camera_msgs/msg/detail/device_info__functions.c
[2.598s] -- Up-to-date: /home/bingflame/RoArm-M1/install/astra_camera_msgs/include/astra_camera_msgs/astra_camera_msgs/msg/detail/extrinsics__struct.h
[2.598s] -- Up-to-date: /home/bingflame/RoArm-M1/install/astra_camera_msgs/include/astra_camera_msgs/astra_camera_msgs/msg/device_info.h
[2.598s] -- Up-to-date: /home/bingflame/RoArm-M1/install/astra_camera_msgs/include/astra_camera_msgs/astra_camera_msgs/msg/extrinsics.h
[2.598s] -- Up-to-date: /home/bingflame/RoArm-M1/install/astra_camera_msgs/include/astra_camera_msgs/astra_camera_msgs/msg/rosidl_generator_c__visibility_control.h
[2.598s] -- Up-to-date: /home/bingflame/RoArm-M1/install/astra_camera_msgs/include/astra_camera_msgs/astra_camera_msgs/srv
[2.599s] -- Up-to-date: /home/bingflame/RoArm-M1/install/astra_camera_msgs/include/astra_camera_msgs/astra_camera_msgs/srv/get_camera_params.h
[2.599s] -- Up-to-date: /home/bingflame/RoArm-M1/install/astra_camera_msgs/include/astra_camera_msgs/astra_camera_msgs/srv/get_string.h
[2.599s] -- Up-to-date: /home/bingflame/RoArm-M1/install/astra_camera_msgs/include/astra_camera_msgs/astra_camera_msgs/srv/set_int32.h
[2.599s] -- Up-to-date: /home/bingflame/RoArm-M1/install/astra_camera_msgs/include/astra_camera_msgs/astra_camera_msgs/srv/get_device_info.h
[2.600s] -- Up-to-date: /home/bingflame/RoArm-M1/install/astra_camera_msgs/include/astra_camera_msgs/astra_camera_msgs/srv/get_camera_info.h
[2.600s] -- Up-to-date: /home/bingflame/RoArm-M1/install/astra_camera_msgs/include/astra_camera_msgs/astra_camera_msgs/srv/detail
[2.600s] -- Up-to-date: /home/bingflame/RoArm-M1/install/astra_camera_msgs/include/astra_camera_msgs/astra_camera_msgs/srv/detail/get_string__functions.h
[2.600s] -- Up-to-date: /home/bingflame/RoArm-M1/install/astra_camera_msgs/include/astra_camera_msgs/astra_camera_msgs/srv/detail/get_int32__functions.c
[2.601s] -- Up-to-date: /home/bingflame/RoArm-M1/install/astra_camera_msgs/include/astra_camera_msgs/astra_camera_msgs/srv/detail/set_int32__type_support.h
[2.601s] -- Up-to-date: /home/bingflame/RoArm-M1/install/astra_camera_msgs/include/astra_camera_msgs/astra_camera_msgs/srv/detail/get_int32__type_support.h
[2.601s] -- Up-to-date: /home/bingflame/RoArm-M1/install/astra_camera_msgs/include/astra_camera_msgs/astra_camera_msgs/srv/detail/get_camera_params__functions.c
[2.602s] -- Up-to-date: /home/bingflame/RoArm-M1/install/astra_camera_msgs/include/astra_camera_msgs/astra_camera_msgs/srv/detail/get_device_info__struct.h
[2.602s] -- Up-to-date: /home/bingflame/RoArm-M1/install/astra_camera_msgs/include/astra_camera_msgs/astra_camera_msgs/srv/detail/get_device_info__functions.h
[2.605s] -- Up-to-date: /home/bingflame/RoArm-M1/install/astra_camera_msgs/include/astra_camera_msgs/astra_camera_msgs/srv/detail/get_camera_params__struct.h
[2.605s] -- Up-to-date: /home/bingflame/RoArm-M1/install/astra_camera_msgs/include/astra_camera_msgs/astra_camera_msgs/srv/detail/get_camera_info__functions.c
[2.605s] -- Up-to-date: /home/bingflame/RoArm-M1/install/astra_camera_msgs/include/astra_camera_msgs/astra_camera_msgs/srv/detail/get_int32__functions.h
[2.606s] -- Up-to-date: /home/bingflame/RoArm-M1/install/astra_camera_msgs/include/astra_camera_msgs/astra_camera_msgs/srv/detail/get_int32__struct.h
[2.606s] -- Up-to-date: /home/bingflame/RoArm-M1/install/astra_camera_msgs/include/astra_camera_msgs/astra_camera_msgs/srv/detail/get_camera_info__functions.h
[2.606s] -- Up-to-date: /home/bingflame/RoArm-M1/install/astra_camera_msgs/include/astra_camera_msgs/astra_camera_msgs/srv/detail/get_string__struct.h
[2.606s] -- Up-to-date: /home/bingflame/RoArm-M1/install/astra_camera_msgs/include/astra_camera_msgs/astra_camera_msgs/srv/detail/get_string__functions.c
[2.606s] -- Up-to-date: /home/bingflame/RoArm-M1/install/astra_camera_msgs/include/astra_camera_msgs/astra_camera_msgs/srv/detail/set_int32__struct.h
[2.606s] -- Up-to-date: /home/bingflame/RoArm-M1/install/astra_camera_msgs/include/astra_camera_msgs/astra_camera_msgs/srv/detail/get_camera_params__functions.h
[2.607s] -- Up-to-date: /home/bingflame/RoArm-M1/install/astra_camera_msgs/include/astra_camera_msgs/astra_camera_msgs/srv/detail/get_device_info__functions.c
[2.607s] -- Up-to-date: /home/bingflame/RoArm-M1/install/astra_camera_msgs/include/astra_camera_msgs/astra_camera_msgs/srv/detail/get_device_info__type_support.h
[2.607s] -- Up-to-date: /home/bingflame/RoArm-M1/install/astra_camera_msgs/include/astra_camera_msgs/astra_camera_msgs/srv/detail/get_camera_info__type_support.h
[2.607s] -- Up-to-date: /home/bingflame/RoArm-M1/install/astra_camera_msgs/include/astra_camera_msgs/astra_camera_msgs/srv/detail/get_string__type_support.h
[2.607s] -- Up-to-date: /home/bingflame/RoArm-M1/install/astra_camera_msgs/include/astra_camera_msgs/astra_camera_msgs/srv/detail/set_int32__functions.h
[2.607s] -- Up-to-date: /home/bingflame/RoArm-M1/install/astra_camera_msgs/include/astra_camera_msgs/astra_camera_msgs/srv/detail/get_camera_params__type_support.h
[2.608s] -- Up-to-date: /home/bingflame/RoArm-M1/install/astra_camera_msgs/include/astra_camera_msgs/astra_camera_msgs/srv/detail/get_camera_info__struct.h
[2.608s] -- Up-to-date: /home/bingflame/RoArm-M1/install/astra_camera_msgs/include/astra_camera_msgs/astra_camera_msgs/srv/detail/set_int32__functions.c
[2.608s] -- Up-to-date: /home/bingflame/RoArm-M1/install/astra_camera_msgs/include/astra_camera_msgs/astra_camera_msgs/srv/get_int32.h
[2.609s] -- Up-to-date: /home/bingflame/RoArm-M1/install/astra_camera_msgs/share/astra_camera_msgs/environment/library_path.sh
[2.609s] -- Up-to-date: /home/bingflame/RoArm-M1/install/astra_camera_msgs/share/astra_camera_msgs/environment/library_path.dsv
[2.609s] -- Up-to-date: /home/bingflame/RoArm-M1/install/astra_camera_msgs/lib/libastra_camera_msgs__rosidl_generator_c.so
[2.610s] -- Up-to-date: /home/bingflame/RoArm-M1/install/astra_camera_msgs/include/astra_camera_msgs/astra_camera_msgs
[2.610s] -- Up-to-date: /home/bingflame/RoArm-M1/install/astra_camera_msgs/include/astra_camera_msgs/astra_camera_msgs/msg
[2.610s] -- Up-to-date: /home/bingflame/RoArm-M1/install/astra_camera_msgs/include/astra_camera_msgs/astra_camera_msgs/msg/rosidl_typesupport_fastrtps_c__visibility_control.h
[2.610s] -- Up-to-date: /home/bingflame/RoArm-M1/install/astra_camera_msgs/include/astra_camera_msgs/astra_camera_msgs/msg/detail
[2.610s] -- Up-to-date: /home/bingflame/RoArm-M1/install/astra_camera_msgs/include/astra_camera_msgs/astra_camera_msgs/msg/detail/extrinsics__rosidl_typesupport_fastrtps_c.h
[2.613s] -- Up-to-date: /home/bingflame/RoArm-M1/install/astra_camera_msgs/include/astra_camera_msgs/astra_camera_msgs/msg/detail/metadata__rosidl_typesupport_fastrtps_c.h
[2.614s] -- Up-to-date: /home/bingflame/RoArm-M1/install/astra_camera_msgs/include/astra_camera_msgs/astra_camera_msgs/msg/detail/device_info__rosidl_typesupport_fastrtps_c.h
[2.615s] -- Up-to-date: /home/bingflame/RoArm-M1/install/astra_camera_msgs/include/astra_camera_msgs/astra_camera_msgs/srv
[2.617s] -- Up-to-date: /home/bingflame/RoArm-M1/install/astra_camera_msgs/include/astra_camera_msgs/astra_camera_msgs/srv/detail
[2.621s] -- Up-to-date: /home/bingflame/RoArm-M1/install/astra_camera_msgs/include/astra_camera_msgs/astra_camera_msgs/srv/detail/get_camera_info__rosidl_typesupport_fastrtps_c.h
[2.621s] -- Up-to-date: /home/bingflame/RoArm-M1/install/astra_camera_msgs/include/astra_camera_msgs/astra_camera_msgs/srv/detail/get_device_info__rosidl_typesupport_fastrtps_c.h
[2.621s] -- Up-to-date: /home/bingflame/RoArm-M1/install/astra_camera_msgs/include/astra_camera_msgs/astra_camera_msgs/srv/detail/set_int32__rosidl_typesupport_fastrtps_c.h
[2.622s] -- Up-to-date: /home/bingflame/RoArm-M1/install/astra_camera_msgs/include/astra_camera_msgs/astra_camera_msgs/srv/detail/get_string__rosidl_typesupport_fastrtps_c.h
[2.622s] -- Up-to-date: /home/bingflame/RoArm-M1/install/astra_camera_msgs/include/astra_camera_msgs/astra_camera_msgs/srv/detail/get_int32__rosidl_typesupport_fastrtps_c.h
[2.622s] -- Up-to-date: /home/bingflame/RoArm-M1/install/astra_camera_msgs/include/astra_camera_msgs/astra_camera_msgs/srv/detail/get_camera_params__rosidl_typesupport_fastrtps_c.h
[2.622s] -- Up-to-date: /home/bingflame/RoArm-M1/install/astra_camera_msgs/lib/libastra_camera_msgs__rosidl_typesupport_fastrtps_c.so
[2.623s] -- Up-to-date: /home/bingflame/RoArm-M1/install/astra_camera_msgs/include/astra_camera_msgs/astra_camera_msgs
[2.623s] -- Up-to-date: /home/bingflame/RoArm-M1/install/astra_camera_msgs/include/astra_camera_msgs/astra_camera_msgs/msg
[2.623s] -- Up-to-date: /home/bingflame/RoArm-M1/install/astra_camera_msgs/include/astra_camera_msgs/astra_camera_msgs/msg/rosidl_typesupport_introspection_c__visibility_control.h
[2.623s] -- Up-to-date: /home/bingflame/RoArm-M1/install/astra_camera_msgs/include/astra_camera_msgs/astra_camera_msgs/msg/detail
[2.623s] -- Up-to-date: /home/bingflame/RoArm-M1/install/astra_camera_msgs/include/astra_camera_msgs/astra_camera_msgs/msg/detail/device_info__type_support.c
[2.624s] -- Up-to-date: /home/bingflame/RoArm-M1/install/astra_camera_msgs/include/astra_camera_msgs/astra_camera_msgs/msg/detail/metadata__type_support.c
[2.624s] -- Up-to-date: /home/bingflame/RoArm-M1/install/astra_camera_msgs/include/astra_camera_msgs/astra_camera_msgs/msg/detail/metadata__rosidl_typesupport_introspection_c.h
[2.624s] -- Up-to-date: /home/bingflame/RoArm-M1/install/astra_camera_msgs/include/astra_camera_msgs/astra_camera_msgs/msg/detail/device_info__rosidl_typesupport_introspection_c.h
[2.624s] -- Up-to-date: /home/bingflame/RoArm-M1/install/astra_camera_msgs/include/astra_camera_msgs/astra_camera_msgs/msg/detail/extrinsics__type_support.c
[2.625s] -- Up-to-date: /home/bingflame/RoArm-M1/install/astra_camera_msgs/include/astra_camera_msgs/astra_camera_msgs/msg/detail/extrinsics__rosidl_typesupport_introspection_c.h
[2.625s] -- Up-to-date: /home/bingflame/RoArm-M1/install/astra_camera_msgs/include/astra_camera_msgs/astra_camera_msgs/srv
[2.626s] -- Up-to-date: /home/bingflame/RoArm-M1/install/astra_camera_msgs/include/astra_camera_msgs/astra_camera_msgs/srv/detail
[2.627s] -- Up-to-date: /home/bingflame/RoArm-M1/install/astra_camera_msgs/include/astra_camera_msgs/astra_camera_msgs/srv/detail/get_device_info__rosidl_typesupport_introspection_c.h
[2.628s] -- Up-to-date: /home/bingflame/RoArm-M1/install/astra_camera_msgs/include/astra_camera_msgs/astra_camera_msgs/srv/detail/get_camera_params__rosidl_typesupport_introspection_c.h
[2.629s] -- Up-to-date: /home/bingflame/RoArm-M1/install/astra_camera_msgs/include/astra_camera_msgs/astra_camera_msgs/srv/detail/get_device_info__type_support.c
[2.629s] -- Up-to-date: /home/bingflame/RoArm-M1/install/astra_camera_msgs/include/astra_camera_msgs/astra_camera_msgs/srv/detail/get_int32__type_support.c
[2.629s] -- Up-to-date: /home/bingflame/RoArm-M1/install/astra_camera_msgs/include/astra_camera_msgs/astra_camera_msgs/srv/detail/get_int32__rosidl_typesupport_introspection_c.h
[2.629s] -- Up-to-date: /home/bingflame/RoArm-M1/install/astra_camera_msgs/include/astra_camera_msgs/astra_camera_msgs/srv/detail/set_int32__rosidl_typesupport_introspection_c.h
[2.630s] -- Up-to-date: /home/bingflame/RoArm-M1/install/astra_camera_msgs/include/astra_camera_msgs/astra_camera_msgs/srv/detail/get_camera_info__rosidl_typesupport_introspection_c.h
[2.630s] -- Up-to-date: /home/bingflame/RoArm-M1/install/astra_camera_msgs/include/astra_camera_msgs/astra_camera_msgs/srv/detail/get_string__rosidl_typesupport_introspection_c.h
[2.630s] -- Up-to-date: /home/bingflame/RoArm-M1/install/astra_camera_msgs/include/astra_camera_msgs/astra_camera_msgs/srv/detail/get_string__type_support.c
[2.630s] -- Up-to-date: /home/bingflame/RoArm-M1/install/astra_camera_msgs/include/astra_camera_msgs/astra_camera_msgs/srv/detail/get_camera_info__type_support.c
[2.630s] -- Up-to-date: /home/bingflame/RoArm-M1/install/astra_camera_msgs/include/astra_camera_msgs/astra_camera_msgs/srv/detail/set_int32__type_support.c
[2.630s] -- Up-to-date: /home/bingflame/RoArm-M1/install/astra_camera_msgs/include/astra_camera_msgs/astra_camera_msgs/srv/detail/get_camera_params__type_support.c
[2.630s] -- Up-to-date: /home/bingflame/RoArm-M1/install/astra_camera_msgs/lib/libastra_camera_msgs__rosidl_typesupport_introspection_c.so
[2.631s] -- Up-to-date: /home/bingflame/RoArm-M1/install/astra_camera_msgs/lib/libastra_camera_msgs__rosidl_typesupport_c.so
[2.631s] -- Up-to-date: /home/bingflame/RoArm-M1/install/astra_camera_msgs/include/astra_camera_msgs/astra_camera_msgs
[2.631s] -- Up-to-date: /home/bingflame/RoArm-M1/install/astra_camera_msgs/include/astra_camera_msgs/astra_camera_msgs/msg
[2.631s] -- Up-to-date: /home/bingflame/RoArm-M1/install/astra_camera_msgs/include/astra_camera_msgs/astra_camera_msgs/msg/metadata.hpp
[2.631s] -- Up-to-date: /home/bingflame/RoArm-M1/install/astra_camera_msgs/include/astra_camera_msgs/astra_camera_msgs/msg/extrinsics.hpp
[2.631s] -- Up-to-date: /home/bingflame/RoArm-M1/install/astra_camera_msgs/include/astra_camera_msgs/astra_camera_msgs/msg/device_info.hpp
[2.631s] -- Up-to-date: /home/bingflame/RoArm-M1/install/astra_camera_msgs/include/astra_camera_msgs/astra_camera_msgs/msg/detail
[2.631s] -- Up-to-date: /home/bingflame/RoArm-M1/install/astra_camera_msgs/include/astra_camera_msgs/astra_camera_msgs/msg/detail/device_info__traits.hpp
[2.632s] -- Up-to-date: /home/bingflame/RoArm-M1/install/astra_camera_msgs/include/astra_camera_msgs/astra_camera_msgs/msg/detail/extrinsics__traits.hpp
[2.632s] -- Up-to-date: /home/bingflame/RoArm-M1/install/astra_camera_msgs/include/astra_camera_msgs/astra_camera_msgs/msg/detail/extrinsics__builder.hpp
[2.632s] -- Up-to-date: /home/bingflame/RoArm-M1/install/astra_camera_msgs/include/astra_camera_msgs/astra_camera_msgs/msg/detail/metadata__builder.hpp
[2.632s] -- Up-to-date: /home/bingflame/RoArm-M1/install/astra_camera_msgs/include/astra_camera_msgs/astra_camera_msgs/msg/detail/extrinsics__struct.hpp
[2.632s] -- Up-to-date: /home/bingflame/RoArm-M1/install/astra_camera_msgs/include/astra_camera_msgs/astra_camera_msgs/msg/detail/metadata__traits.hpp
[2.632s] -- Up-to-date: /home/bingflame/RoArm-M1/install/astra_camera_msgs/include/astra_camera_msgs/astra_camera_msgs/msg/detail/device_info__struct.hpp
[2.632s] -- Up-to-date: /home/bingflame/RoArm-M1/install/astra_camera_msgs/include/astra_camera_msgs/astra_camera_msgs/msg/detail/device_info__builder.hpp
[2.633s] -- Up-to-date: /home/bingflame/RoArm-M1/install/astra_camera_msgs/include/astra_camera_msgs/astra_camera_msgs/msg/detail/metadata__struct.hpp
[2.633s] -- Up-to-date: /home/bingflame/RoArm-M1/install/astra_camera_msgs/include/astra_camera_msgs/astra_camera_msgs/srv
[2.633s] -- Up-to-date: /home/bingflame/RoArm-M1/install/astra_camera_msgs/include/astra_camera_msgs/astra_camera_msgs/srv/get_camera_params.hpp
[2.633s] -- Up-to-date: /home/bingflame/RoArm-M1/install/astra_camera_msgs/include/astra_camera_msgs/astra_camera_msgs/srv/get_camera_info.hpp
[2.633s] -- Up-to-date: /home/bingflame/RoArm-M1/install/astra_camera_msgs/include/astra_camera_msgs/astra_camera_msgs/srv/set_int32.hpp
[2.633s] -- Up-to-date: /home/bingflame/RoArm-M1/install/astra_camera_msgs/include/astra_camera_msgs/astra_camera_msgs/srv/get_int32.hpp
[2.633s] -- Up-to-date: /home/bingflame/RoArm-M1/install/astra_camera_msgs/include/astra_camera_msgs/astra_camera_msgs/srv/get_device_info.hpp
[2.634s] -- Up-to-date: /home/bingflame/RoArm-M1/install/astra_camera_msgs/include/astra_camera_msgs/astra_camera_msgs/srv/get_string.hpp
[2.634s] -- Up-to-date: /home/bingflame/RoArm-M1/install/astra_camera_msgs/include/astra_camera_msgs/astra_camera_msgs/srv/detail
[2.634s] -- Up-to-date: /home/bingflame/RoArm-M1/install/astra_camera_msgs/include/astra_camera_msgs/astra_camera_msgs/srv/detail/set_int32__traits.hpp
[2.634s] -- Up-to-date: /home/bingflame/RoArm-M1/install/astra_camera_msgs/include/astra_camera_msgs/astra_camera_msgs/srv/detail/get_device_info__builder.hpp
[2.634s] -- Up-to-date: /home/bingflame/RoArm-M1/install/astra_camera_msgs/include/astra_camera_msgs/astra_camera_msgs/srv/detail/get_device_info__traits.hpp
[2.635s] -- Up-to-date: /home/bingflame/RoArm-M1/install/astra_camera_msgs/include/astra_camera_msgs/astra_camera_msgs/srv/detail/get_string__traits.hpp
[2.635s] -- Up-to-date: /home/bingflame/RoArm-M1/install/astra_camera_msgs/include/astra_camera_msgs/astra_camera_msgs/srv/detail/get_int32__traits.hpp
[2.635s] -- Up-to-date: /home/bingflame/RoArm-M1/install/astra_camera_msgs/include/astra_camera_msgs/astra_camera_msgs/srv/detail/get_int32__builder.hpp
[2.635s] -- Up-to-date: /home/bingflame/RoArm-M1/install/astra_camera_msgs/include/astra_camera_msgs/astra_camera_msgs/srv/detail/get_device_info__struct.hpp
[2.635s] -- Up-to-date: /home/bingflame/RoArm-M1/install/astra_camera_msgs/include/astra_camera_msgs/astra_camera_msgs/srv/detail/get_camera_info__traits.hpp
[2.635s] -- Up-to-date: /home/bingflame/RoArm-M1/install/astra_camera_msgs/include/astra_camera_msgs/astra_camera_msgs/srv/detail/get_camera_info__builder.hpp
[2.635s] -- Up-to-date: /home/bingflame/RoArm-M1/install/astra_camera_msgs/include/astra_camera_msgs/astra_camera_msgs/srv/detail/get_string__builder.hpp
[2.635s] -- Up-to-date: /home/bingflame/RoArm-M1/install/astra_camera_msgs/include/astra_camera_msgs/astra_camera_msgs/srv/detail/get_camera_params__struct.hpp
[2.636s] -- Up-to-date: /home/bingflame/RoArm-M1/install/astra_camera_msgs/include/astra_camera_msgs/astra_camera_msgs/srv/detail/get_camera_params__builder.hpp
[2.636s] -- Up-to-date: /home/bingflame/RoArm-M1/install/astra_camera_msgs/include/astra_camera_msgs/astra_camera_msgs/srv/detail/get_int32__struct.hpp
[2.636s] -- Up-to-date: /home/bingflame/RoArm-M1/install/astra_camera_msgs/include/astra_camera_msgs/astra_camera_msgs/srv/detail/get_string__struct.hpp
[2.636s] -- Up-to-date: /home/bingflame/RoArm-M1/install/astra_camera_msgs/include/astra_camera_msgs/astra_camera_msgs/srv/detail/get_camera_params__traits.hpp
[2.636s] -- Up-to-date: /home/bingflame/RoArm-M1/install/astra_camera_msgs/include/astra_camera_msgs/astra_camera_msgs/srv/detail/set_int32__builder.hpp
[2.636s] -- Up-to-date: /home/bingflame/RoArm-M1/install/astra_camera_msgs/include/astra_camera_msgs/astra_camera_msgs/srv/detail/set_int32__struct.hpp
[2.636s] -- Up-to-date: /home/bingflame/RoArm-M1/install/astra_camera_msgs/include/astra_camera_msgs/astra_camera_msgs/srv/detail/get_camera_info__struct.hpp
[2.637s] -- Up-to-date: /home/bingflame/RoArm-M1/install/astra_camera_msgs/include/astra_camera_msgs/astra_camera_msgs
[2.637s] -- Up-to-date: /home/bingflame/RoArm-M1/install/astra_camera_msgs/include/astra_camera_msgs/astra_camera_msgs/msg
[2.637s] -- Up-to-date: /home/bingflame/RoArm-M1/install/astra_camera_msgs/include/astra_camera_msgs/astra_camera_msgs/msg/rosidl_typesupport_fastrtps_cpp__visibility_control.h
[2.637s] -- Up-to-date: /home/bingflame/RoArm-M1/install/astra_camera_msgs/include/astra_camera_msgs/astra_camera_msgs/msg/detail
[2.637s] -- Up-to-date: /home/bingflame/RoArm-M1/install/astra_camera_msgs/include/astra_camera_msgs/astra_camera_msgs/msg/detail/metadata__rosidl_typesupport_fastrtps_cpp.hpp
[2.637s] -- Up-to-date: /home/bingflame/RoArm-M1/install/astra_camera_msgs/include/astra_camera_msgs/astra_camera_msgs/msg/detail/dds_fastrtps
[2.638s] -- Up-to-date: /home/bingflame/RoArm-M1/install/astra_camera_msgs/include/astra_camera_msgs/astra_camera_msgs/msg/detail/device_info__rosidl_typesupport_fastrtps_cpp.hpp
[2.638s] -- Up-to-date: /home/bingflame/RoArm-M1/install/astra_camera_msgs/include/astra_camera_msgs/astra_camera_msgs/msg/detail/extrinsics__rosidl_typesupport_fastrtps_cpp.hpp
[2.638s] -- Up-to-date: /home/bingflame/RoArm-M1/install/astra_camera_msgs/include/astra_camera_msgs/astra_camera_msgs/srv
[2.638s] -- Up-to-date: /home/bingflame/RoArm-M1/install/astra_camera_msgs/include/astra_camera_msgs/astra_camera_msgs/srv/detail
[2.639s] -- Up-to-date: /home/bingflame/RoArm-M1/install/astra_camera_msgs/include/astra_camera_msgs/astra_camera_msgs/srv/detail/get_string__rosidl_typesupport_fastrtps_cpp.hpp
[2.639s] -- Up-to-date: /home/bingflame/RoArm-M1/install/astra_camera_msgs/include/astra_camera_msgs/astra_camera_msgs/srv/detail/get_camera_params__rosidl_typesupport_fastrtps_cpp.hpp
[2.639s] -- Up-to-date: /home/bingflame/RoArm-M1/install/astra_camera_msgs/include/astra_camera_msgs/astra_camera_msgs/srv/detail/set_int32__rosidl_typesupport_fastrtps_cpp.hpp
[2.639s] -- Up-to-date: /home/bingflame/RoArm-M1/install/astra_camera_msgs/include/astra_camera_msgs/astra_camera_msgs/srv/detail/get_camera_info__rosidl_typesupport_fastrtps_cpp.hpp
[2.639s] -- Up-to-date: /home/bingflame/RoArm-M1/install/astra_camera_msgs/include/astra_camera_msgs/astra_camera_msgs/srv/detail/dds_fastrtps
[2.639s] -- Up-to-date: /home/bingflame/RoArm-M1/install/astra_camera_msgs/include/astra_camera_msgs/astra_camera_msgs/srv/detail/get_int32__rosidl_typesupport_fastrtps_cpp.hpp
[2.640s] -- Up-to-date: /home/bingflame/RoArm-M1/install/astra_camera_msgs/include/astra_camera_msgs/astra_camera_msgs/srv/detail/get_device_info__rosidl_typesupport_fastrtps_cpp.hpp
[2.640s] -- Up-to-date: /home/bingflame/RoArm-M1/install/astra_camera_msgs/lib/libastra_camera_msgs__rosidl_typesupport_fastrtps_cpp.so
[2.640s] -- Up-to-date: /home/bingflame/RoArm-M1/install/astra_camera_msgs/include/astra_camera_msgs/astra_camera_msgs
[2.640s] -- Up-to-date: /home/bingflame/RoArm-M1/install/astra_camera_msgs/include/astra_camera_msgs/astra_camera_msgs/msg
[2.640s] -- Up-to-date: /home/bingflame/RoArm-M1/install/astra_camera_msgs/include/astra_camera_msgs/astra_camera_msgs/msg/detail
[2.641s] -- Up-to-date: /home/bingflame/RoArm-M1/install/astra_camera_msgs/include/astra_camera_msgs/astra_camera_msgs/msg/detail/extrinsics__type_support.cpp
[2.641s] -- Up-to-date: /home/bingflame/RoArm-M1/install/astra_camera_msgs/include/astra_camera_msgs/astra_camera_msgs/msg/detail/device_info__rosidl_typesupport_introspection_cpp.hpp
[2.641s] -- Up-to-date: /home/bingflame/RoArm-M1/install/astra_camera_msgs/include/astra_camera_msgs/astra_camera_msgs/msg/detail/metadata__rosidl_typesupport_introspection_cpp.hpp
[2.641s] -- Up-to-date: /home/bingflame/RoArm-M1/install/astra_camera_msgs/include/astra_camera_msgs/astra_camera_msgs/msg/detail/device_info__type_support.cpp
[2.642s] -- Up-to-date: /home/bingflame/RoArm-M1/install/astra_camera_msgs/include/astra_camera_msgs/astra_camera_msgs/msg/detail/metadata__type_support.cpp
[2.642s] -- Up-to-date: /home/bingflame/RoArm-M1/install/astra_camera_msgs/include/astra_camera_msgs/astra_camera_msgs/msg/detail/extrinsics__rosidl_typesupport_introspection_cpp.hpp
[2.642s] -- Up-to-date: /home/bingflame/RoArm-M1/install/astra_camera_msgs/include/astra_camera_msgs/astra_camera_msgs/srv
[2.642s] -- Up-to-date: /home/bingflame/RoArm-M1/install/astra_camera_msgs/include/astra_camera_msgs/astra_camera_msgs/srv/detail
[2.642s] -- Up-to-date: /home/bingflame/RoArm-M1/install/astra_camera_msgs/include/astra_camera_msgs/astra_camera_msgs/srv/detail/get_camera_params__rosidl_typesupport_introspection_cpp.hpp
[2.643s] -- Up-to-date: /home/bingflame/RoArm-M1/install/astra_camera_msgs/include/astra_camera_msgs/astra_camera_msgs/srv/detail/set_int32__rosidl_typesupport_introspection_cpp.hpp
[2.643s] -- Up-to-date: /home/bingflame/RoArm-M1/install/astra_camera_msgs/include/astra_camera_msgs/astra_camera_msgs/srv/detail/set_int32__type_support.cpp
[2.643s] -- Up-to-date: /home/bingflame/RoArm-M1/install/astra_camera_msgs/include/astra_camera_msgs/astra_camera_msgs/srv/detail/get_camera_params__type_support.cpp
[2.643s] -- Up-to-date: /home/bingflame/RoArm-M1/install/astra_camera_msgs/include/astra_camera_msgs/astra_camera_msgs/srv/detail/get_camera_info__type_support.cpp
[2.643s] -- Up-to-date: /home/bingflame/RoArm-M1/install/astra_camera_msgs/include/astra_camera_msgs/astra_camera_msgs/srv/detail/get_device_info__type_support.cpp
[2.644s] -- Up-to-date: /home/bingflame/RoArm-M1/install/astra_camera_msgs/include/astra_camera_msgs/astra_camera_msgs/srv/detail/get_camera_info__rosidl_typesupport_introspection_cpp.hpp
[2.644s] -- Up-to-date: /home/bingflame/RoArm-M1/install/astra_camera_msgs/include/astra_camera_msgs/astra_camera_msgs/srv/detail/get_int32__type_support.cpp
[2.644s] -- Up-to-date: /home/bingflame/RoArm-M1/install/astra_camera_msgs/include/astra_camera_msgs/astra_camera_msgs/srv/detail/get_string__type_support.cpp
[2.644s] -- Up-to-date: /home/bingflame/RoArm-M1/install/astra_camera_msgs/include/astra_camera_msgs/astra_camera_msgs/srv/detail/get_int32__rosidl_typesupport_introspection_cpp.hpp
[2.645s] -- Up-to-date: /home/bingflame/RoArm-M1/install/astra_camera_msgs/include/astra_camera_msgs/astra_camera_msgs/srv/detail/get_string__rosidl_typesupport_introspection_cpp.hpp
[2.645s] -- Up-to-date: /home/bingflame/RoArm-M1/install/astra_camera_msgs/include/astra_camera_msgs/astra_camera_msgs/srv/detail/get_device_info__rosidl_typesupport_introspection_cpp.hpp
[2.645s] -- Up-to-date: /home/bingflame/RoArm-M1/install/astra_camera_msgs/lib/libastra_camera_msgs__rosidl_typesupport_introspection_cpp.so
[2.645s] -- Up-to-date: /home/bingflame/RoArm-M1/install/astra_camera_msgs/lib/libastra_camera_msgs__rosidl_typesupport_cpp.so
[2.645s] -- Up-to-date: /home/bingflame/RoArm-M1/install/astra_camera_msgs/share/astra_camera_msgs/environment/pythonpath.sh
[2.646s] -- Up-to-date: /home/bingflame/RoArm-M1/install/astra_camera_msgs/share/astra_camera_msgs/environment/pythonpath.dsv
[2.646s] -- Up-to-date: /home/bingflame/RoArm-M1/install/astra_camera_msgs/lib/python3.10/site-packages/astra_camera_msgs-1.0.1-py3.10.egg-info
[2.646s] -- Installing: /home/bingflame/RoArm-M1/install/astra_camera_msgs/lib/python3.10/site-packages/astra_camera_msgs-1.0.1-py3.10.egg-info/dependency_links.txt
[2.646s] -- Installing: /home/bingflame/RoArm-M1/install/astra_camera_msgs/lib/python3.10/site-packages/astra_camera_msgs-1.0.1-py3.10.egg-info/SOURCES.txt
[2.646s] -- Installing: /home/bingflame/RoArm-M1/install/astra_camera_msgs/lib/python3.10/site-packages/astra_camera_msgs-1.0.1-py3.10.egg-info/PKG-INFO
[2.647s] -- Installing: /home/bingflame/RoArm-M1/install/astra_camera_msgs/lib/python3.10/site-packages/astra_camera_msgs-1.0.1-py3.10.egg-info/top_level.txt
[2.647s] -- Up-to-date: /home/bingflame/RoArm-M1/install/astra_camera_msgs/lib/python3.10/site-packages/astra_camera_msgs
[2.647s] -- Up-to-date: /home/bingflame/RoArm-M1/install/astra_camera_msgs/lib/python3.10/site-packages/astra_camera_msgs/_astra_camera_msgs_s.ep.rosidl_typesupport_c.c
[2.647s] -- Up-to-date: /home/bingflame/RoArm-M1/install/astra_camera_msgs/lib/python3.10/site-packages/astra_camera_msgs/libastra_camera_msgs__rosidl_generator_py.so
[2.647s] -- Up-to-date: /home/bingflame/RoArm-M1/install/astra_camera_msgs/lib/python3.10/site-packages/astra_camera_msgs/astra_camera_msgs_s__rosidl_typesupport_fastrtps_c.cpython-310-aarch64-linux-gnu.so
[2.647s] -- Up-to-date: /home/bingflame/RoArm-M1/install/astra_camera_msgs/lib/python3.10/site-packages/astra_camera_msgs/_astra_camera_msgs_s.ep.rosidl_typesupport_fastrtps_c.c
[2.648s] -- Up-to-date: /home/bingflame/RoArm-M1/install/astra_camera_msgs/lib/python3.10/site-packages/astra_camera_msgs/astra_camera_msgs_s__rosidl_typesupport_introspection_c.cpython-310-aarch64-linux-gnu.so
[2.648s] -- Up-to-date: /home/bingflame/RoArm-M1/install/astra_camera_msgs/lib/python3.10/site-packages/astra_camera_msgs/__init__.py
[2.648s] -- Up-to-date: /home/bingflame/RoArm-M1/install/astra_camera_msgs/lib/python3.10/site-packages/astra_camera_msgs/_astra_camera_msgs_s.ep.rosidl_typesupport_introspection_c.c
[2.648s] -- Up-to-date: /home/bingflame/RoArm-M1/install/astra_camera_msgs/lib/python3.10/site-packages/astra_camera_msgs/msg
[2.648s] -- Up-to-date: /home/bingflame/RoArm-M1/install/astra_camera_msgs/lib/python3.10/site-packages/astra_camera_msgs/msg/_metadata_s.c
[2.648s] -- Up-to-date: /home/bingflame/RoArm-M1/install/astra_camera_msgs/lib/python3.10/site-packages/astra_camera_msgs/msg/_extrinsics_s.c
[2.649s] -- Up-to-date: /home/bingflame/RoArm-M1/install/astra_camera_msgs/lib/python3.10/site-packages/astra_camera_msgs/msg/_device_info.py
[2.649s] -- Up-to-date: /home/bingflame/RoArm-M1/install/astra_camera_msgs/lib/python3.10/site-packages/astra_camera_msgs/msg/__init__.py
[2.649s] -- Up-to-date: /home/bingflame/RoArm-M1/install/astra_camera_msgs/lib/python3.10/site-packages/astra_camera_msgs/msg/_device_info_s.c
[2.649s] -- Up-to-date: /home/bingflame/RoArm-M1/install/astra_camera_msgs/lib/python3.10/site-packages/astra_camera_msgs/msg/_extrinsics.py
[2.649s] -- Up-to-date: /home/bingflame/RoArm-M1/install/astra_camera_msgs/lib/python3.10/site-packages/astra_camera_msgs/msg/_metadata.py
[2.650s] -- Up-to-date: /home/bingflame/RoArm-M1/install/astra_camera_msgs/lib/python3.10/site-packages/astra_camera_msgs/astra_camera_msgs_s__rosidl_typesupport_c.cpython-310-aarch64-linux-gnu.so
[2.650s] -- Up-to-date: /home/bingflame/RoArm-M1/install/astra_camera_msgs/lib/python3.10/site-packages/astra_camera_msgs/srv
[2.650s] -- Up-to-date: /home/bingflame/RoArm-M1/install/astra_camera_msgs/lib/python3.10/site-packages/astra_camera_msgs/srv/_get_device_info.py
[2.650s] -- Up-to-date: /home/bingflame/RoArm-M1/install/astra_camera_msgs/lib/python3.10/site-packages/astra_camera_msgs/srv/_set_int32_s.c
[2.650s] -- Up-to-date: /home/bingflame/RoArm-M1/install/astra_camera_msgs/lib/python3.10/site-packages/astra_camera_msgs/srv/_get_string_s.c
[2.650s] -- Up-to-date: /home/bingflame/RoArm-M1/install/astra_camera_msgs/lib/python3.10/site-packages/astra_camera_msgs/srv/_get_camera_params_s.c
[2.651s] -- Up-to-date: /home/bingflame/RoArm-M1/install/astra_camera_msgs/lib/python3.10/site-packages/astra_camera_msgs/srv/_get_int32_s.c
[2.651s] -- Up-to-date: /home/bingflame/RoArm-M1/install/astra_camera_msgs/lib/python3.10/site-packages/astra_camera_msgs/srv/_get_string.py
[2.651s] -- Up-to-date: /home/bingflame/RoArm-M1/install/astra_camera_msgs/lib/python3.10/site-packages/astra_camera_msgs/srv/_get_camera_params.py
[2.651s] -- Up-to-date: /home/bingflame/RoArm-M1/install/astra_camera_msgs/lib/python3.10/site-packages/astra_camera_msgs/srv/_get_device_info_s.c
[2.651s] -- Up-to-date: /home/bingflame/RoArm-M1/install/astra_camera_msgs/lib/python3.10/site-packages/astra_camera_msgs/srv/_get_camera_info.py
[2.652s] -- Up-to-date: /home/bingflame/RoArm-M1/install/astra_camera_msgs/lib/python3.10/site-packages/astra_camera_msgs/srv/__init__.py
[2.652s] -- Up-to-date: /home/bingflame/RoArm-M1/install/astra_camera_msgs/lib/python3.10/site-packages/astra_camera_msgs/srv/_get_int32.py
[2.652s] -- Up-to-date: /home/bingflame/RoArm-M1/install/astra_camera_msgs/lib/python3.10/site-packages/astra_camera_msgs/srv/_get_camera_info_s.c
[2.652s] -- Up-to-date: /home/bingflame/RoArm-M1/install/astra_camera_msgs/lib/python3.10/site-packages/astra_camera_msgs/srv/_set_int32.py
[2.741s] Listing '/home/bingflame/RoArm-M1/install/astra_camera_msgs/lib/python3.10/site-packages/astra_camera_msgs'...
[2.742s] Listing '/home/bingflame/RoArm-M1/install/astra_camera_msgs/lib/python3.10/site-packages/astra_camera_msgs/msg'...
[2.742s] Listing '/home/bingflame/RoArm-M1/install/astra_camera_msgs/lib/python3.10/site-packages/astra_camera_msgs/srv'...
[2.762s] -- Up-to-date: /home/bingflame/RoArm-M1/install/astra_camera_msgs/lib/python3.10/site-packages/astra_camera_msgs/astra_camera_msgs_s__rosidl_typesupport_fastrtps_c.cpython-310-aarch64-linux-gnu.so
[2.763s] -- Up-to-date: /home/bingflame/RoArm-M1/install/astra_camera_msgs/lib/python3.10/site-packages/astra_camera_msgs/astra_camera_msgs_s__rosidl_typesupport_introspection_c.cpython-310-aarch64-linux-gnu.so
[2.763s] -- Up-to-date: /home/bingflame/RoArm-M1/install/astra_camera_msgs/lib/python3.10/site-packages/astra_camera_msgs/astra_camera_msgs_s__rosidl_typesupport_c.cpython-310-aarch64-linux-gnu.so
[2.763s] -- Up-to-date: /home/bingflame/RoArm-M1/install/astra_camera_msgs/lib/libastra_camera_msgs__rosidl_generator_py.so
[2.763s] -- Up-to-date: /home/bingflame/RoArm-M1/install/astra_camera_msgs/share/astra_camera_msgs/msg/DeviceInfo.idl
[2.763s] -- Up-to-date: /home/bingflame/RoArm-M1/install/astra_camera_msgs/share/astra_camera_msgs/msg/Extrinsics.idl
[2.763s] -- Up-to-date: /home/bingflame/RoArm-M1/install/astra_camera_msgs/share/astra_camera_msgs/msg/Metadata.idl
[2.764s] -- Up-to-date: /home/bingflame/RoArm-M1/install/astra_camera_msgs/share/astra_camera_msgs/srv/GetDeviceInfo.idl
[2.764s] -- Up-to-date: /home/bingflame/RoArm-M1/install/astra_camera_msgs/share/astra_camera_msgs/srv/GetCameraInfo.idl
[2.764s] -- Up-to-date: /home/bingflame/RoArm-M1/install/astra_camera_msgs/share/astra_camera_msgs/srv/GetCameraParams.idl
[2.764s] -- Up-to-date: /home/bingflame/RoArm-M1/install/astra_camera_msgs/share/astra_camera_msgs/srv/GetInt32.idl
[2.764s] -- Up-to-date: /home/bingflame/RoArm-M1/install/astra_camera_msgs/share/astra_camera_msgs/srv/GetString.idl
[2.764s] -- Up-to-date: /home/bingflame/RoArm-M1/install/astra_camera_msgs/share/astra_camera_msgs/srv/SetInt32.idl
[2.764s] -- Up-to-date: /home/bingflame/RoArm-M1/install/astra_camera_msgs/share/astra_camera_msgs/msg/DeviceInfo.msg
[2.764s] -- Up-to-date: /home/bingflame/RoArm-M1/install/astra_camera_msgs/share/astra_camera_msgs/msg/Extrinsics.msg
[2.765s] -- Up-to-date: /home/bingflame/RoArm-M1/install/astra_camera_msgs/share/astra_camera_msgs/msg/Metadata.msg
[2.765s] -- Up-to-date: /home/bingflame/RoArm-M1/install/astra_camera_msgs/share/astra_camera_msgs/srv/GetDeviceInfo.srv
[2.765s] -- Up-to-date: /home/bingflame/RoArm-M1/install/astra_camera_msgs/share/astra_camera_msgs/srv/GetDeviceInfo_Request.msg
[2.765s] -- Up-to-date: /home/bingflame/RoArm-M1/install/astra_camera_msgs/share/astra_camera_msgs/srv/GetDeviceInfo_Response.msg
[2.765s] -- Up-to-date: /home/bingflame/RoArm-M1/install/astra_camera_msgs/share/astra_camera_msgs/srv/GetCameraInfo.srv
[2.765s] -- Up-to-date: /home/bingflame/RoArm-M1/install/astra_camera_msgs/share/astra_camera_msgs/srv/GetCameraInfo_Request.msg
[2.766s] -- Up-to-date: /home/bingflame/RoArm-M1/install/astra_camera_msgs/share/astra_camera_msgs/srv/GetCameraInfo_Response.msg
[2.766s] -- Up-to-date: /home/bingflame/RoArm-M1/install/astra_camera_msgs/share/astra_camera_msgs/srv/GetCameraParams.srv
[2.766s] -- Up-to-date: /home/bingflame/RoArm-M1/install/astra_camera_msgs/share/astra_camera_msgs/srv/GetCameraParams_Request.msg
[2.766s] -- Up-to-date: /home/bingflame/RoArm-M1/install/astra_camera_msgs/share/astra_camera_msgs/srv/GetCameraParams_Response.msg
[2.767s] -- Up-to-date: /home/bingflame/RoArm-M1/install/astra_camera_msgs/share/astra_camera_msgs/srv/GetInt32.srv
[2.767s] -- Up-to-date: /home/bingflame/RoArm-M1/install/astra_camera_msgs/share/astra_camera_msgs/srv/GetInt32_Request.msg
[2.767s] -- Up-to-date: /home/bingflame/RoArm-M1/install/astra_camera_msgs/share/astra_camera_msgs/srv/GetInt32_Response.msg
[2.767s] -- Up-to-date: /home/bingflame/RoArm-M1/install/astra_camera_msgs/share/astra_camera_msgs/srv/GetString.srv
[2.768s] -- Up-to-date: /home/bingflame/RoArm-M1/install/astra_camera_msgs/share/astra_camera_msgs/srv/GetString_Request.msg
[2.768s] -- Up-to-date: /home/bingflame/RoArm-M1/install/astra_camera_msgs/share/astra_camera_msgs/srv/GetString_Response.msg
[2.768s] -- Up-to-date: /home/bingflame/RoArm-M1/install/astra_camera_msgs/share/astra_camera_msgs/srv/SetInt32.srv
[2.768s] -- Up-to-date: /home/bingflame/RoArm-M1/install/astra_camera_msgs/share/astra_camera_msgs/srv/SetInt32_Request.msg
[2.768s] -- Up-to-date: /home/bingflame/RoArm-M1/install/astra_camera_msgs/share/astra_camera_msgs/srv/SetInt32_Response.msg
[2.768s] -- Up-to-date: /home/bingflame/RoArm-M1/install/astra_camera_msgs/share/ament_index/resource_index/package_run_dependencies/astra_camera_msgs
[2.769s] -- Up-to-date: /home/bingflame/RoArm-M1/install/astra_camera_msgs/share/ament_index/resource_index/parent_prefix_path/astra_camera_msgs
[2.769s] -- Up-to-date: /home/bingflame/RoArm-M1/install/astra_camera_msgs/share/astra_camera_msgs/environment/ament_prefix_path.sh
[2.769s] -- Up-to-date: /home/bingflame/RoArm-M1/install/astra_camera_msgs/share/astra_camera_msgs/environment/ament_prefix_path.dsv
[2.769s] -- Up-to-date: /home/bingflame/RoArm-M1/install/astra_camera_msgs/share/astra_camera_msgs/environment/path.sh
[2.769s] -- Up-to-date: /home/bingflame/RoArm-M1/install/astra_camera_msgs/share/astra_camera_msgs/environment/path.dsv
[2.769s] -- Up-to-date: /home/bingflame/RoArm-M1/install/astra_camera_msgs/share/astra_camera_msgs/local_setup.bash
[2.769s] -- Up-to-date: /home/bingflame/RoArm-M1/install/astra_camera_msgs/share/astra_camera_msgs/local_setup.sh
[2.770s] -- Up-to-date: /home/bingflame/RoArm-M1/install/astra_camera_msgs/share/astra_camera_msgs/local_setup.zsh
[2.770s] -- Up-to-date: /home/bingflame/RoArm-M1/install/astra_camera_msgs/share/astra_camera_msgs/local_setup.dsv
[2.770s] -- Installing: /home/bingflame/RoArm-M1/install/astra_camera_msgs/share/astra_camera_msgs/package.dsv
[2.770s] -- Up-to-date: /home/bingflame/RoArm-M1/install/astra_camera_msgs/share/ament_index/resource_index/packages/astra_camera_msgs
[2.770s] -- Up-to-date: /home/bingflame/RoArm-M1/install/astra_camera_msgs/share/astra_camera_msgs/cmake/export_astra_camera_msgs__rosidl_generator_cExport.cmake
[2.770s] -- Up-to-date: /home/bingflame/RoArm-M1/install/astra_camera_msgs/share/astra_camera_msgs/cmake/export_astra_camera_msgs__rosidl_generator_cExport-noconfig.cmake
[2.770s] -- Up-to-date: /home/bingflame/RoArm-M1/install/astra_camera_msgs/share/astra_camera_msgs/cmake/export_astra_camera_msgs__rosidl_typesupport_fastrtps_cExport.cmake
[2.770s] -- Up-to-date: /home/bingflame/RoArm-M1/install/astra_camera_msgs/share/astra_camera_msgs/cmake/export_astra_camera_msgs__rosidl_typesupport_fastrtps_cExport-noconfig.cmake
[2.771s] -- Up-to-date: /home/bingflame/RoArm-M1/install/astra_camera_msgs/share/astra_camera_msgs/cmake/astra_camera_msgs__rosidl_typesupport_introspection_cExport.cmake
[2.771s] -- Up-to-date: /home/bingflame/RoArm-M1/install/astra_camera_msgs/share/astra_camera_msgs/cmake/astra_camera_msgs__rosidl_typesupport_introspection_cExport-noconfig.cmake
[2.771s] -- Up-to-date: /home/bingflame/RoArm-M1/install/astra_camera_msgs/share/astra_camera_msgs/cmake/astra_camera_msgs__rosidl_typesupport_cExport.cmake
[2.771s] -- Up-to-date: /home/bingflame/RoArm-M1/install/astra_camera_msgs/share/astra_camera_msgs/cmake/astra_camera_msgs__rosidl_typesupport_cExport-noconfig.cmake
[2.822s] -- Up-to-date: /home/bingflame/RoArm-M1/install/astra_camera_msgs/share/astra_camera_msgs/cmake/export_astra_camera_msgs__rosidl_generator_cppExport.cmake
[2.823s] -- Up-to-date: /home/bingflame/RoArm-M1/install/astra_camera_msgs/share/astra_camera_msgs/cmake/export_astra_camera_msgs__rosidl_typesupport_fastrtps_cppExport.cmake
[2.823s] -- Up-to-date: /home/bingflame/RoArm-M1/install/astra_camera_msgs/share/astra_camera_msgs/cmake/export_astra_camera_msgs__rosidl_typesupport_fastrtps_cppExport-noconfig.cmake
[2.823s] -- Up-to-date: /home/bingflame/RoArm-M1/install/astra_camera_msgs/share/astra_camera_msgs/cmake/astra_camera_msgs__rosidl_typesupport_introspection_cppExport.cmake
[2.823s] -- Up-to-date: /home/bingflame/RoArm-M1/install/astra_camera_msgs/share/astra_camera_msgs/cmake/astra_camera_msgs__rosidl_typesupport_introspection_cppExport-noconfig.cmake
[2.824s] -- Up-to-date: /home/bingflame/RoArm-M1/install/astra_camera_msgs/share/astra_camera_msgs/cmake/astra_camera_msgs__rosidl_typesupport_cppExport.cmake
[2.824s] -- Up-to-date: /home/bingflame/RoArm-M1/install/astra_camera_msgs/share/astra_camera_msgs/cmake/astra_camera_msgs__rosidl_typesupport_cppExport-noconfig.cmake
[2.824s] -- Up-to-date: /home/bingflame/RoArm-M1/install/astra_camera_msgs/share/astra_camera_msgs/cmake/export_astra_camera_msgs__rosidl_generator_pyExport.cmake
[2.824s] -- Up-to-date: /home/bingflame/RoArm-M1/install/astra_camera_msgs/share/astra_camera_msgs/cmake/export_astra_camera_msgs__rosidl_generator_pyExport-noconfig.cmake
[2.824s] -- Up-to-date: /home/bingflame/RoArm-M1/install/astra_camera_msgs/share/astra_camera_msgs/cmake/rosidl_cmake-extras.cmake
[2.824s] -- Up-to-date: /home/bingflame/RoArm-M1/install/astra_camera_msgs/share/astra_camera_msgs/cmake/ament_cmake_export_dependencies-extras.cmake
[2.825s] -- Up-to-date: /home/bingflame/RoArm-M1/install/astra_camera_msgs/share/astra_camera_msgs/cmake/ament_cmake_export_include_directories-extras.cmake
[2.825s] -- Up-to-date: /home/bingflame/RoArm-M1/install/astra_camera_msgs/share/astra_camera_msgs/cmake/ament_cmake_export_libraries-extras.cmake
[2.825s] -- Up-to-date: /home/bingflame/RoArm-M1/install/astra_camera_msgs/share/astra_camera_msgs/cmake/ament_cmake_export_targets-extras.cmake
[2.825s] -- Up-to-date: /home/bingflame/RoArm-M1/install/astra_camera_msgs/share/astra_camera_msgs/cmake/rosidl_cmake_export_typesupport_targets-extras.cmake
[2.825s] -- Up-to-date: /home/bingflame/RoArm-M1/install/astra_camera_msgs/share/astra_camera_msgs/cmake/rosidl_cmake_export_typesupport_libraries-extras.cmake
[2.825s] -- Up-to-date: /home/bingflame/RoArm-M1/install/astra_camera_msgs/share/astra_camera_msgs/cmake/astra_camera_msgsConfig.cmake
[2.826s] -- Up-to-date: /home/bingflame/RoArm-M1/install/astra_camera_msgs/share/astra_camera_msgs/cmake/astra_camera_msgsConfig-version.cmake
[2.826s] -- Up-to-date: /home/bingflame/RoArm-M1/install/astra_camera_msgs/share/astra_camera_msgs/package.xml
[2.842s] Invoked command in '/home/bingflame/RoArm-M1/build/astra_camera_msgs' returned '0': CMAKE_PREFIX_PATH=${CMAKE_PREFIX_PATH}:/home/bingflame/RoArm-M1/install/serial_reader:/home/bingflame/RoArm-M1/install/serial_ctrl:/opt/ros/humble CONDA_PROMPT_MODIFIER=(base) /usr/bin/cmake --install /home/bingflame/RoArm-M1/build/astra_camera_msgs
