[1.979s] Invoking command in '/home/bingflame/RoArm-M1/src/serial_ctrl': CONDA_PROMPT_MODIFIER=(base) PYTHONPATH=/home/bingflame/RoArm-M1/build/serial_ctrl/prefix_override:/usr/lib/python3/dist-packages/colcon_core/task/python/colcon_distutils_commands:/home/bingflame/RoArm-M1/install/serial_ctrl/lib/python3.10/site-packages:${PYTHONPATH} /usr/bin/python3 -W ignore:setup.py install is deprecated setup.py egg_info --egg-base ../../build/serial_ctrl build --build-base /home/bingflame/RoArm-M1/build/serial_ctrl/build install --record /home/bingflame/RoArm-M1/build/serial_ctrl/install.log --single-version-externally-managed install_data
[2.479s] running egg_info
[2.480s] writing ../../build/serial_ctrl/serial_ctrl.egg-info/PKG-INFO
[2.481s] writing dependency_links to ../../build/serial_ctrl/serial_ctrl.egg-info/dependency_links.txt
[2.482s] writing entry points to ../../build/serial_ctrl/serial_ctrl.egg-info/entry_points.txt
[2.482s] writing requirements to ../../build/serial_ctrl/serial_ctrl.egg-info/requires.txt
[2.482s] writing top-level names to ../../build/serial_ctrl/serial_ctrl.egg-info/top_level.txt
[2.486s] reading manifest file '../../build/serial_ctrl/serial_ctrl.egg-info/SOURCES.txt'
[2.489s] writing manifest file '../../build/serial_ctrl/serial_ctrl.egg-info/SOURCES.txt'
[2.490s] running build
[2.490s] running build_py
[2.490s] copying serial_ctrl/serial_ctrl_py.py -> /home/bingflame/RoArm-M1/build/serial_ctrl/build/lib/serial_ctrl
[2.491s] running install
[2.491s] running install_lib
[2.492s] copying /home/bingflame/RoArm-M1/build/serial_ctrl/build/lib/serial_ctrl/serial_ctrl_py.py -> /home/bingflame/RoArm-M1/install/serial_ctrl/lib/python3.10/site-packages/serial_ctrl
[2.493s] byte-compiling /home/bingflame/RoArm-M1/install/serial_ctrl/lib/python3.10/site-packages/serial_ctrl/serial_ctrl_py.py to serial_ctrl_py.cpython-310.pyc
[2.495s] running install_data
[2.495s] running install_egg_info
[2.499s] removing '/home/bingflame/RoArm-M1/install/serial_ctrl/lib/python3.10/site-packages/serial_ctrl-0.0.0-py3.10.egg-info' (and everything under it)
[2.500s] Copying ../../build/serial_ctrl/serial_ctrl.egg-info to /home/bingflame/RoArm-M1/install/serial_ctrl/lib/python3.10/site-packages/serial_ctrl-0.0.0-py3.10.egg-info
[2.503s] running install_scripts
[2.549s] Installing serial_ctrl script to /home/bingflame/RoArm-M1/install/serial_ctrl/lib/serial_ctrl
[2.550s] writing list of installed files to '/home/bingflame/RoArm-M1/build/serial_ctrl/install.log'
[2.634s] Invoked command in '/home/bingflame/RoArm-M1/src/serial_ctrl' returned '0': CONDA_PROMPT_MODIFIER=(base) PYTHONPATH=/home/bingflame/RoArm-M1/build/serial_ctrl/prefix_override:/usr/lib/python3/dist-packages/colcon_core/task/python/colcon_distutils_commands:/home/bingflame/RoArm-M1/install/serial_ctrl/lib/python3.10/site-packages:${PYTHONPATH} /usr/bin/python3 -W ignore:setup.py install is deprecated setup.py egg_info --egg-base ../../build/serial_ctrl build --build-base /home/bingflame/RoArm-M1/build/serial_ctrl/build install --record /home/bingflame/RoArm-M1/build/serial_ctrl/install.log --single-version-externally-managed install_data
