[1.046s] Invoking command in '/home/bingflame/firerush/build/unitree_lidar_ros2': CMAKE_PREFIX_PATH=/opt/ros/humble /usr/bin/cmake --build /home/bingflame/firerush/build/unitree_lidar_ros2 -- -j6 -l6
[1.134s] [35m[1mConsolidate compiler generated dependencies of target unitree_lidar_ros2_node[0m
[1.213s] [100%] Built target unitree_lidar_ros2_node
[1.246s] Invoked command in '/home/bingflame/firerush/build/unitree_lidar_ros2' returned '0': CMAKE_PREFIX_PATH=/opt/ros/humble /usr/bin/cmake --build /home/bingflame/firerush/build/unitree_lidar_ros2 -- -j6 -l6
[1.302s] Invoking command in '/home/bingflame/firerush/build/unitree_lidar_ros2': CMAKE_PREFIX_PATH=/opt/ros/humble /usr/bin/cmake --install /home/bingflame/firerush/build/unitree_lidar_ros2
[1.318s] -- Install configuration: ""
[1.318s] -- Up-to-date: /home/bingflame/firerush/install/unitree_lidar_ros2/lib/unitree_lidar_ros2/unitree_lidar_ros2_node
[1.319s] -- Up-to-date: /home/bingflame/firerush/install/unitree_lidar_ros2/share/unitree_lidar_ros2/view.rviz
[1.319s] -- Up-to-date: /home/bingflame/firerush/install/unitree_lidar_ros2/share/unitree_lidar_ros2/launch.py
[1.319s] -- Up-to-date: /home/bingflame/firerush/install/unitree_lidar_ros2/share/ament_index/resource_index/package_run_dependencies/unitree_lidar_ros2
[1.319s] -- Up-to-date: /home/bingflame/firerush/install/unitree_lidar_ros2/share/ament_index/resource_index/parent_prefix_path/unitree_lidar_ros2
[1.319s] -- Up-to-date: /home/bingflame/firerush/install/unitree_lidar_ros2/share/unitree_lidar_ros2/environment/ament_prefix_path.sh
[1.320s] -- Up-to-date: /home/bingflame/firerush/install/unitree_lidar_ros2/share/unitree_lidar_ros2/environment/ament_prefix_path.dsv
[1.320s] -- Up-to-date: /home/bingflame/firerush/install/unitree_lidar_ros2/share/unitree_lidar_ros2/environment/path.sh
[1.320s] -- Up-to-date: /home/bingflame/firerush/install/unitree_lidar_ros2/share/unitree_lidar_ros2/environment/path.dsv
[1.320s] -- Up-to-date: /home/bingflame/firerush/install/unitree_lidar_ros2/share/unitree_lidar_ros2/local_setup.bash
[1.320s] -- Up-to-date: /home/bingflame/firerush/install/unitree_lidar_ros2/share/unitree_lidar_ros2/local_setup.sh
[1.320s] -- Up-to-date: /home/bingflame/firerush/install/unitree_lidar_ros2/share/unitree_lidar_ros2/local_setup.zsh
[1.320s] -- Up-to-date: /home/bingflame/firerush/install/unitree_lidar_ros2/share/unitree_lidar_ros2/local_setup.dsv
[1.321s] -- Installing: /home/bingflame/firerush/install/unitree_lidar_ros2/share/unitree_lidar_ros2/package.dsv
[1.321s] -- Up-to-date: /home/bingflame/firerush/install/unitree_lidar_ros2/share/ament_index/resource_index/packages/unitree_lidar_ros2
[1.321s] -- Up-to-date: /home/bingflame/firerush/install/unitree_lidar_ros2/share/unitree_lidar_ros2/cmake/unitree_lidar_ros2Config.cmake
[1.321s] -- Up-to-date: /home/bingflame/firerush/install/unitree_lidar_ros2/share/unitree_lidar_ros2/cmake/unitree_lidar_ros2Config-version.cmake
[1.321s] -- Up-to-date: /home/bingflame/firerush/install/unitree_lidar_ros2/share/unitree_lidar_ros2/package.xml
[1.326s] Invoked command in '/home/bingflame/firerush/build/unitree_lidar_ros2' returned '0': CMAKE_PREFIX_PATH=/opt/ros/humble /usr/bin/cmake --install /home/bingflame/firerush/build/unitree_lidar_ros2
