[3.413s] Invoking command in '/home/bingflame/RoArm-M1/src/serial_reader': CONDA_PROMPT_MODIFIER=(base) PYTHONPATH=/home/bingflame/RoArm-M1/build/serial_reader/prefix_override:/usr/lib/python3/dist-packages/colcon_core/task/python/colcon_distutils_commands:/home/bingflame/RoArm-M1/install/serial_reader/lib/python3.10/site-packages:${PYTHONPATH} /usr/bin/python3 -W ignore:setup.py install is deprecated setup.py egg_info --egg-base ../../build/serial_reader build --build-base /home/bingflame/RoArm-M1/build/serial_reader/build install --record /home/bingflame/RoArm-M1/build/serial_reader/install.log --single-version-externally-managed install_data
[4.310s] running egg_info
[4.315s] writing ../../build/serial_reader/serial_reader.egg-info/PKG-INFO
[4.316s] writing dependency_links to ../../build/serial_reader/serial_reader.egg-info/dependency_links.txt
[4.317s] writing entry points to ../../build/serial_reader/serial_reader.egg-info/entry_points.txt
[4.317s] writing requirements to ../../build/serial_reader/serial_reader.egg-info/requires.txt
[4.319s] writing top-level names to ../../build/serial_reader/serial_reader.egg-info/top_level.txt
[4.329s] reading manifest file '../../build/serial_reader/serial_reader.egg-info/SOURCES.txt'
[4.330s] writing manifest file '../../build/serial_reader/serial_reader.egg-info/SOURCES.txt'
[4.331s] running build
[4.331s] running build_py
[4.333s] running install
[4.335s] running install_lib
[4.336s] running install_data
[4.338s] running install_egg_info
[4.343s] removing '/home/bingflame/RoArm-M1/install/serial_reader/lib/python3.10/site-packages/serial_reader-0.0.0-py3.10.egg-info' (and everything under it)
[4.344s] Copying ../../build/serial_reader/serial_reader.egg-info to /home/bingflame/RoArm-M1/install/serial_reader/lib/python3.10/site-packages/serial_reader-0.0.0-py3.10.egg-info
[4.346s] running install_scripts
[4.409s] Installing serial_reader_node script to /home/bingflame/RoArm-M1/install/serial_reader/lib/serial_reader
[4.413s] writing list of installed files to '/home/bingflame/RoArm-M1/build/serial_reader/install.log'
[4.518s] Invoked command in '/home/bingflame/RoArm-M1/src/serial_reader' returned '0': CONDA_PROMPT_MODIFIER=(base) PYTHONPATH=/home/bingflame/RoArm-M1/build/serial_reader/prefix_override:/usr/lib/python3/dist-packages/colcon_core/task/python/colcon_distutils_commands:/home/bingflame/RoArm-M1/install/serial_reader/lib/python3.10/site-packages:${PYTHONPATH} /usr/bin/python3 -W ignore:setup.py install is deprecated setup.py egg_info --egg-base ../../build/serial_reader build --build-base /home/bingflame/RoArm-M1/build/serial_reader/build install --record /home/bingflame/RoArm-M1/build/serial_reader/install.log --single-version-externally-managed install_data
