-- Found ament_cmake: 1.3.10 (/opt/ros/humble/share/ament_cmake/cmake)
-- Found rosidl_default_generators: 1.2.0 (/opt/ros/humble/share/rosidl_default_generators/cmake)
-- Using all available rosidl_typesupport_c: rosidl_typesupport_fastrtps_c;rosidl_typesupport_introspection_c
-- Found rosidl_adapter: 3.1.5 (/opt/ros/humble/share/rosidl_adapter/cmake)
-- Using all available rosidl_typesupport_cpp: rosidl_typesupport_fastrtps_cpp;rosidl_typesupport_introspection_cpp
-- Found sensor_msgs: 4.2.4 (/opt/ros/humble/share/sensor_msgs/cmake)
-- Found ament_cmake_ros: 0.10.0 (/opt/ros/humble/share/ament_cmake_ros/cmake)
-- Using all available rosidl_typesupport_c: rosidl_typesupport_fastrtps_c;rosidl_typesupport_introspection_c
-- Using all available rosidl_typesupport_cpp: rosidl_typesupport_fastrtps_cpp;rosidl_typesupport_introspection_cpp
-- Found PythonInterp: /home/bingflame/anaconda3/envs/ros2/bin/python3 (found suitable version "3.10.15", minimum required is "3.6") 
-- Found python_cmake_module: 0.10.0 (/opt/ros/humble/share/python_cmake_module/cmake)
-- Found PythonLibs: /home/bingflame/anaconda3/envs/ros2/lib/libpython3.10.so (found suitable version "3.10.15", minimum required is "3.5") 
-- Using PYTHON_EXECUTABLE: /home/bingflame/anaconda3/envs/ros2/bin/python3
-- Using PYTHON_INCLUDE_DIRS: /home/bingflame/anaconda3/envs/ros2/include/python3.10
-- Using PYTHON_LIBRARIES: /home/bingflame/anaconda3/envs/ros2/lib/libpython3.10.so
-- Found PythonExtra: .so  
-- Using numpy include directory: /home/bingflame/anaconda3/envs/ros2/lib/python3.10/site-packages/numpy/_core/include
-- Found ament_lint_auto: 0.12.11 (/opt/ros/humble/share/ament_lint_auto/cmake)
-- Added test 'copyright' to check source files copyright and LICENSE
-- Added test 'lint_cmake' to check CMake code style
-- Added test 'xmllint' to check XML markup files
-- Configuring done
-- Generating done
-- Build files have been written to: /home/bingflame/RoArm-M1/build/astra_camera_msgs
[  1%] [34m[1mGenerating C code for ROS interfaces[0m
[  2%] [34m[1mGenerating C++ code for ROS interfaces[0m
[  2%] Built target ament_cmake_python_copy_astra_camera_msgs
running egg_info
creating astra_camera_msgs.egg-info
writing astra_camera_msgs.egg-info/PKG-INFO
writing dependency_links to astra_camera_msgs.egg-info/dependency_links.txt
writing top-level names to astra_camera_msgs.egg-info/top_level.txt
writing manifest file 'astra_camera_msgs.egg-info/SOURCES.txt'
reading manifest file 'astra_camera_msgs.egg-info/SOURCES.txt'
writing manifest file 'astra_camera_msgs.egg-info/SOURCES.txt'
[  2%] Built target ament_cmake_python_build_astra_camera_msgs_egg
