[0.060s] Invoking command in '/home/bingflame/RoArm-M1/build/astra_camera_msgs': CMAKE_PREFIX_PATH=${CMAKE_PREFIX_PATH}:/home/bingflame/RoArm-M1/install/serial_reader:/home/bingflame/RoArm-M1/install/serial_ctrl:/opt/ros/humble CONDA_PROMPT_MODIFIER=(base) /usr/bin/cmake --build /home/bingflame/RoArm-M1/build/astra_camera_msgs -- -j6 -l6
[0.816s] [  1%] Built target astra_camera_msgs__cpp
[0.816s] [ 12%] Built target astra_camera_msgs__rosidl_generator_c
[0.817s] [ 12%] Built target ament_cmake_python_copy_astra_camera_msgs
[0.817s] [ 25%] Built target astra_camera_msgs__rosidl_typesupport_fastrtps_cpp
[0.817s] [ 35%] Built target astra_camera_msgs__rosidl_typesupport_introspection_cpp
[0.818s] [ 47%] Built target astra_camera_msgs__rosidl_typesupport_introspection_c
[0.818s] [ 58%] Built target astra_camera_msgs__rosidl_typesupport_cpp
[0.818s] [ 70%] Built target astra_camera_msgs__rosidl_typesupport_fastrtps_c
[0.818s] [ 82%] Built target astra_camera_msgs__rosidl_typesupport_c
[0.818s] [ 82%] Built target astra_camera_msgs
[0.819s] [ 83%] Built target astra_camera_msgs__py
[0.819s] [ 93%] Built target astra_camera_msgs__rosidl_generator_py
[0.819s] [ 95%] Built target astra_camera_msgs__rosidl_typesupport_introspection_c__pyext
[0.819s] [ 97%] Built target astra_camera_msgs__rosidl_typesupport_fastrtps_c__pyext
[0.819s] [100%] Built target astra_camera_msgs__rosidl_typesupport_c__pyext
[1.176s] running egg_info
[1.209s] writing astra_camera_msgs.egg-info/PKG-INFO
[1.210s] writing dependency_links to astra_camera_msgs.egg-info/dependency_links.txt
[1.211s] writing top-level names to astra_camera_msgs.egg-info/top_level.txt
[1.331s] reading manifest file 'astra_camera_msgs.egg-info/SOURCES.txt'
[1.335s] writing manifest file 'astra_camera_msgs.egg-info/SOURCES.txt'
[1.458s] [100%] Built target ament_cmake_python_build_astra_camera_msgs_egg
[1.543s] Invoked command in '/home/bingflame/RoArm-M1/build/astra_camera_msgs' returned '0': CMAKE_PREFIX_PATH=${CMAKE_PREFIX_PATH}:/home/bingflame/RoArm-M1/install/serial_reader:/home/bingflame/RoArm-M1/install/serial_ctrl:/opt/ros/humble CONDA_PROMPT_MODIFIER=(base) /usr/bin/cmake --build /home/bingflame/RoArm-M1/build/astra_camera_msgs -- -j6 -l6
[2.410s] Invoking command in '/home/bingflame/RoArm-M1/build/astra_camera_msgs': CMAKE_PREFIX_PATH=${CMAKE_PREFIX_PATH}:/home/bingflame/RoArm-M1/install/serial_reader:/home/bingflame/RoArm-M1/install/serial_ctrl:/opt/ros/humble CONDA_PROMPT_MODIFIER=(base) /usr/bin/cmake --install /home/bingflame/RoArm-M1/build/astra_camera_msgs
[2.433s] -- Install configuration: ""
[2.434s] -- Up-to-date: /home/bingflame/RoArm-M1/install/astra_camera_msgs/share/ament_index/resource_index/rosidl_interfaces/astra_camera_msgs
[2.435s] -- Up-to-date: /home/bingflame/RoArm-M1/install/astra_camera_msgs/include/astra_camera_msgs/astra_camera_msgs
[2.435s] -- Up-to-date: /home/bingflame/RoArm-M1/install/astra_camera_msgs/include/astra_camera_msgs/astra_camera_msgs/msg
[2.437s] -- Up-to-date: /home/bingflame/RoArm-M1/install/astra_camera_msgs/include/astra_camera_msgs/astra_camera_msgs/msg/metadata.h
[2.437s] -- Up-to-date: /home/bingflame/RoArm-M1/install/astra_camera_msgs/include/astra_camera_msgs/astra_camera_msgs/msg/detail
[2.438s] -- Up-to-date: /home/bingflame/RoArm-M1/install/astra_camera_msgs/include/astra_camera_msgs/astra_camera_msgs/msg/detail/device_info__functions.h
[2.439s] -- Up-to-date: /home/bingflame/RoArm-M1/install/astra_camera_msgs/include/astra_camera_msgs/astra_camera_msgs/msg/detail/device_info__type_support.h
[2.439s] -- Up-to-date: /home/bingflame/RoArm-M1/install/astra_camera_msgs/include/astra_camera_msgs/astra_camera_msgs/msg/detail/metadata__struct.h
[2.441s] -- Up-to-date: /home/bingflame/RoArm-M1/install/astra_camera_msgs/include/astra_camera_msgs/astra_camera_msgs/msg/detail/metadata__type_support.h
[2.447s] -- Up-to-date: /home/bingflame/RoArm-M1/install/astra_camera_msgs/include/astra_camera_msgs/astra_camera_msgs/msg/detail/extrinsics__functions.h
[2.447s] -- Up-to-date: /home/bingflame/RoArm-M1/install/astra_camera_msgs/include/astra_camera_msgs/astra_camera_msgs/msg/detail/extrinsics__functions.c
[2.448s] -- Up-to-date: /home/bingflame/RoArm-M1/install/astra_camera_msgs/include/astra_camera_msgs/astra_camera_msgs/msg/detail/metadata__functions.c
[2.448s] -- Up-to-date: /home/bingflame/RoArm-M1/install/astra_camera_msgs/include/astra_camera_msgs/astra_camera_msgs/msg/detail/device_info__struct.h
[2.448s] -- Up-to-date: /home/bingflame/RoArm-M1/install/astra_camera_msgs/include/astra_camera_msgs/astra_camera_msgs/msg/detail/metadata__functions.h
[2.448s] -- Up-to-date: /home/bingflame/RoArm-M1/install/astra_camera_msgs/include/astra_camera_msgs/astra_camera_msgs/msg/detail/extrinsics__type_support.h
[2.448s] -- Up-to-date: /home/bingflame/RoArm-M1/install/astra_camera_msgs/include/astra_camera_msgs/astra_camera_msgs/msg/detail/device_info__functions.c
[2.448s] -- Up-to-date: /home/bingflame/RoArm-M1/install/astra_camera_msgs/include/astra_camera_msgs/astra_camera_msgs/msg/detail/extrinsics__struct.h
[2.448s] -- Up-to-date: /home/bingflame/RoArm-M1/install/astra_camera_msgs/include/astra_camera_msgs/astra_camera_msgs/msg/device_info.h
[2.449s] -- Up-to-date: /home/bingflame/RoArm-M1/install/astra_camera_msgs/include/astra_camera_msgs/astra_camera_msgs/msg/extrinsics.h
[2.449s] -- Up-to-date: /home/bingflame/RoArm-M1/install/astra_camera_msgs/include/astra_camera_msgs/astra_camera_msgs/msg/rosidl_generator_c__visibility_control.h
[2.449s] -- Up-to-date: /home/bingflame/RoArm-M1/install/astra_camera_msgs/include/astra_camera_msgs/astra_camera_msgs/srv
[2.449s] -- Up-to-date: /home/bingflame/RoArm-M1/install/astra_camera_msgs/include/astra_camera_msgs/astra_camera_msgs/srv/get_camera_params.h
[2.454s] -- Up-to-date: /home/bingflame/RoArm-M1/install/astra_camera_msgs/include/astra_camera_msgs/astra_camera_msgs/srv/get_string.h
[2.454s] -- Up-to-date: /home/bingflame/RoArm-M1/install/astra_camera_msgs/include/astra_camera_msgs/astra_camera_msgs/srv/set_int32.h
[2.454s] -- Up-to-date: /home/bingflame/RoArm-M1/install/astra_camera_msgs/include/astra_camera_msgs/astra_camera_msgs/srv/get_device_info.h
[2.454s] -- Up-to-date: /home/bingflame/RoArm-M1/install/astra_camera_msgs/include/astra_camera_msgs/astra_camera_msgs/srv/get_camera_info.h
[2.454s] -- Up-to-date: /home/bingflame/RoArm-M1/install/astra_camera_msgs/include/astra_camera_msgs/astra_camera_msgs/srv/detail
[2.455s] -- Up-to-date: /home/bingflame/RoArm-M1/install/astra_camera_msgs/include/astra_camera_msgs/astra_camera_msgs/srv/detail/get_string__functions.h
[2.455s] -- Up-to-date: /home/bingflame/RoArm-M1/install/astra_camera_msgs/include/astra_camera_msgs/astra_camera_msgs/srv/detail/get_int32__functions.c
[2.455s] -- Up-to-date: /home/bingflame/RoArm-M1/install/astra_camera_msgs/include/astra_camera_msgs/astra_camera_msgs/srv/detail/set_int32__type_support.h
[2.455s] -- Up-to-date: /home/bingflame/RoArm-M1/install/astra_camera_msgs/include/astra_camera_msgs/astra_camera_msgs/srv/detail/get_int32__type_support.h
[2.455s] -- Up-to-date: /home/bingflame/RoArm-M1/install/astra_camera_msgs/include/astra_camera_msgs/astra_camera_msgs/srv/detail/get_camera_params__functions.c
[2.456s] -- Up-to-date: /home/bingflame/RoArm-M1/install/astra_camera_msgs/include/astra_camera_msgs/astra_camera_msgs/srv/detail/get_device_info__struct.h
[2.456s] -- Up-to-date: /home/bingflame/RoArm-M1/install/astra_camera_msgs/include/astra_camera_msgs/astra_camera_msgs/srv/detail/get_device_info__functions.h
[2.456s] -- Up-to-date: /home/bingflame/RoArm-M1/install/astra_camera_msgs/include/astra_camera_msgs/astra_camera_msgs/srv/detail/get_camera_params__struct.h
[2.457s] -- Up-to-date: /home/bingflame/RoArm-M1/install/astra_camera_msgs/include/astra_camera_msgs/astra_camera_msgs/srv/detail/get_camera_info__functions.c
[2.457s] -- Up-to-date: /home/bingflame/RoArm-M1/install/astra_camera_msgs/include/astra_camera_msgs/astra_camera_msgs/srv/detail/get_int32__functions.h
[2.457s] -- Up-to-date: /home/bingflame/RoArm-M1/install/astra_camera_msgs/include/astra_camera_msgs/astra_camera_msgs/srv/detail/get_int32__struct.h
[2.458s] -- Up-to-date: /home/bingflame/RoArm-M1/install/astra_camera_msgs/include/astra_camera_msgs/astra_camera_msgs/srv/detail/get_camera_info__functions.h
[2.458s] -- Up-to-date: /home/bingflame/RoArm-M1/install/astra_camera_msgs/include/astra_camera_msgs/astra_camera_msgs/srv/detail/get_string__struct.h
[2.458s] -- Up-to-date: /home/bingflame/RoArm-M1/install/astra_camera_msgs/include/astra_camera_msgs/astra_camera_msgs/srv/detail/get_string__functions.c
[2.458s] -- Up-to-date: /home/bingflame/RoArm-M1/install/astra_camera_msgs/include/astra_camera_msgs/astra_camera_msgs/srv/detail/set_int32__struct.h
[2.458s] -- Up-to-date: /home/bingflame/RoArm-M1/install/astra_camera_msgs/include/astra_camera_msgs/astra_camera_msgs/srv/detail/get_camera_params__functions.h
[2.458s] -- Up-to-date: /home/bingflame/RoArm-M1/install/astra_camera_msgs/include/astra_camera_msgs/astra_camera_msgs/srv/detail/get_device_info__functions.c
[2.459s] -- Up-to-date: /home/bingflame/RoArm-M1/install/astra_camera_msgs/include/astra_camera_msgs/astra_camera_msgs/srv/detail/get_device_info__type_support.h
[2.459s] -- Up-to-date: /home/bingflame/RoArm-M1/install/astra_camera_msgs/include/astra_camera_msgs/astra_camera_msgs/srv/detail/get_camera_info__type_support.h
[2.459s] -- Up-to-date: /home/bingflame/RoArm-M1/install/astra_camera_msgs/include/astra_camera_msgs/astra_camera_msgs/srv/detail/get_string__type_support.h
[2.459s] -- Up-to-date: /home/bingflame/RoArm-M1/install/astra_camera_msgs/include/astra_camera_msgs/astra_camera_msgs/srv/detail/set_int32__functions.h
[2.459s] -- Up-to-date: /home/bingflame/RoArm-M1/install/astra_camera_msgs/include/astra_camera_msgs/astra_camera_msgs/srv/detail/get_camera_params__type_support.h
[2.460s] -- Up-to-date: /home/bingflame/RoArm-M1/install/astra_camera_msgs/include/astra_camera_msgs/astra_camera_msgs/srv/detail/get_camera_info__struct.h
[2.460s] -- Up-to-date: /home/bingflame/RoArm-M1/install/astra_camera_msgs/include/astra_camera_msgs/astra_camera_msgs/srv/detail/set_int32__functions.c
[2.460s] -- Up-to-date: /home/bingflame/RoArm-M1/install/astra_camera_msgs/include/astra_camera_msgs/astra_camera_msgs/srv/get_int32.h
[2.460s] -- Up-to-date: /home/bingflame/RoArm-M1/install/astra_camera_msgs/share/astra_camera_msgs/environment/library_path.sh
[2.461s] -- Up-to-date: /home/bingflame/RoArm-M1/install/astra_camera_msgs/share/astra_camera_msgs/environment/library_path.dsv
[2.461s] -- Up-to-date: /home/bingflame/RoArm-M1/install/astra_camera_msgs/lib/libastra_camera_msgs__rosidl_generator_c.so
[2.461s] -- Up-to-date: /home/bingflame/RoArm-M1/install/astra_camera_msgs/include/astra_camera_msgs/astra_camera_msgs
[2.461s] -- Up-to-date: /home/bingflame/RoArm-M1/install/astra_camera_msgs/include/astra_camera_msgs/astra_camera_msgs/msg
[2.462s] -- Up-to-date: /home/bingflame/RoArm-M1/install/astra_camera_msgs/include/astra_camera_msgs/astra_camera_msgs/msg/rosidl_typesupport_fastrtps_c__visibility_control.h
[2.462s] -- Up-to-date: /home/bingflame/RoArm-M1/install/astra_camera_msgs/include/astra_camera_msgs/astra_camera_msgs/msg/detail
[2.462s] -- Up-to-date: /home/bingflame/RoArm-M1/install/astra_camera_msgs/include/astra_camera_msgs/astra_camera_msgs/msg/detail/extrinsics__rosidl_typesupport_fastrtps_c.h
[2.463s] -- Up-to-date: /home/bingflame/RoArm-M1/install/astra_camera_msgs/include/astra_camera_msgs/astra_camera_msgs/msg/detail/metadata__rosidl_typesupport_fastrtps_c.h
[2.463s] -- Up-to-date: /home/bingflame/RoArm-M1/install/astra_camera_msgs/include/astra_camera_msgs/astra_camera_msgs/msg/detail/device_info__rosidl_typesupport_fastrtps_c.h
[2.463s] -- Up-to-date: /home/bingflame/RoArm-M1/install/astra_camera_msgs/include/astra_camera_msgs/astra_camera_msgs/srv
[2.464s] -- Up-to-date: /home/bingflame/RoArm-M1/install/astra_camera_msgs/include/astra_camera_msgs/astra_camera_msgs/srv/detail
[2.464s] -- Up-to-date: /home/bingflame/RoArm-M1/install/astra_camera_msgs/include/astra_camera_msgs/astra_camera_msgs/srv/detail/get_camera_info__rosidl_typesupport_fastrtps_c.h
[2.464s] -- Up-to-date: /home/bingflame/RoArm-M1/install/astra_camera_msgs/include/astra_camera_msgs/astra_camera_msgs/srv/detail/get_device_info__rosidl_typesupport_fastrtps_c.h
[2.464s] -- Up-to-date: /home/bingflame/RoArm-M1/install/astra_camera_msgs/include/astra_camera_msgs/astra_camera_msgs/srv/detail/set_int32__rosidl_typesupport_fastrtps_c.h
[2.464s] -- Up-to-date: /home/bingflame/RoArm-M1/install/astra_camera_msgs/include/astra_camera_msgs/astra_camera_msgs/srv/detail/get_string__rosidl_typesupport_fastrtps_c.h
[2.464s] -- Up-to-date: /home/bingflame/RoArm-M1/install/astra_camera_msgs/include/astra_camera_msgs/astra_camera_msgs/srv/detail/get_int32__rosidl_typesupport_fastrtps_c.h
[2.465s] -- Up-to-date: /home/bingflame/RoArm-M1/install/astra_camera_msgs/include/astra_camera_msgs/astra_camera_msgs/srv/detail/get_camera_params__rosidl_typesupport_fastrtps_c.h
[2.465s] -- Up-to-date: /home/bingflame/RoArm-M1/install/astra_camera_msgs/lib/libastra_camera_msgs__rosidl_typesupport_fastrtps_c.so
[2.465s] -- Up-to-date: /home/bingflame/RoArm-M1/install/astra_camera_msgs/include/astra_camera_msgs/astra_camera_msgs
[2.465s] -- Up-to-date: /home/bingflame/RoArm-M1/install/astra_camera_msgs/include/astra_camera_msgs/astra_camera_msgs/msg
[2.466s] -- Up-to-date: /home/bingflame/RoArm-M1/install/astra_camera_msgs/include/astra_camera_msgs/astra_camera_msgs/msg/rosidl_typesupport_introspection_c__visibility_control.h
[2.466s] -- Up-to-date: /home/bingflame/RoArm-M1/install/astra_camera_msgs/include/astra_camera_msgs/astra_camera_msgs/msg/detail
[2.466s] -- Up-to-date: /home/bingflame/RoArm-M1/install/astra_camera_msgs/include/astra_camera_msgs/astra_camera_msgs/msg/detail/device_info__type_support.c
[2.467s] -- Up-to-date: /home/bingflame/RoArm-M1/install/astra_camera_msgs/include/astra_camera_msgs/astra_camera_msgs/msg/detail/metadata__type_support.c
[2.467s] -- Up-to-date: /home/bingflame/RoArm-M1/install/astra_camera_msgs/include/astra_camera_msgs/astra_camera_msgs/msg/detail/metadata__rosidl_typesupport_introspection_c.h
[2.467s] -- Up-to-date: /home/bingflame/RoArm-M1/install/astra_camera_msgs/include/astra_camera_msgs/astra_camera_msgs/msg/detail/device_info__rosidl_typesupport_introspection_c.h
[2.468s] -- Up-to-date: /home/bingflame/RoArm-M1/install/astra_camera_msgs/include/astra_camera_msgs/astra_camera_msgs/msg/detail/extrinsics__type_support.c
[2.468s] -- Up-to-date: /home/bingflame/RoArm-M1/install/astra_camera_msgs/include/astra_camera_msgs/astra_camera_msgs/msg/detail/extrinsics__rosidl_typesupport_introspection_c.h
[2.469s] -- Up-to-date: /home/bingflame/RoArm-M1/install/astra_camera_msgs/include/astra_camera_msgs/astra_camera_msgs/srv
[2.469s] -- Up-to-date: /home/bingflame/RoArm-M1/install/astra_camera_msgs/include/astra_camera_msgs/astra_camera_msgs/srv/detail
[2.469s] -- Up-to-date: /home/bingflame/RoArm-M1/install/astra_camera_msgs/include/astra_camera_msgs/astra_camera_msgs/srv/detail/get_device_info__rosidl_typesupport_introspection_c.h
[2.469s] -- Up-to-date: /home/bingflame/RoArm-M1/install/astra_camera_msgs/include/astra_camera_msgs/astra_camera_msgs/srv/detail/get_camera_params__rosidl_typesupport_introspection_c.h
[2.469s] -- Up-to-date: /home/bingflame/RoArm-M1/install/astra_camera_msgs/include/astra_camera_msgs/astra_camera_msgs/srv/detail/get_device_info__type_support.c
[2.470s] -- Up-to-date: /home/bingflame/RoArm-M1/install/astra_camera_msgs/include/astra_camera_msgs/astra_camera_msgs/srv/detail/get_int32__type_support.c
[2.470s] -- Up-to-date: /home/bingflame/RoArm-M1/install/astra_camera_msgs/include/astra_camera_msgs/astra_camera_msgs/srv/detail/get_int32__rosidl_typesupport_introspection_c.h
[2.471s] -- Up-to-date: /home/bingflame/RoArm-M1/install/astra_camera_msgs/include/astra_camera_msgs/astra_camera_msgs/srv/detail/set_int32__rosidl_typesupport_introspection_c.h
[2.471s] -- Up-to-date: /home/bingflame/RoArm-M1/install/astra_camera_msgs/include/astra_camera_msgs/astra_camera_msgs/srv/detail/get_camera_info__rosidl_typesupport_introspection_c.h
[2.471s] -- Up-to-date: /home/bingflame/RoArm-M1/install/astra_camera_msgs/include/astra_camera_msgs/astra_camera_msgs/srv/detail/get_string__rosidl_typesupport_introspection_c.h
[2.471s] -- Up-to-date: /home/bingflame/RoArm-M1/install/astra_camera_msgs/include/astra_camera_msgs/astra_camera_msgs/srv/detail/get_string__type_support.c
[2.471s] -- Up-to-date: /home/bingflame/RoArm-M1/install/astra_camera_msgs/include/astra_camera_msgs/astra_camera_msgs/srv/detail/get_camera_info__type_support.c
[2.472s] -- Up-to-date: /home/bingflame/RoArm-M1/install/astra_camera_msgs/include/astra_camera_msgs/astra_camera_msgs/srv/detail/set_int32__type_support.c
[2.472s] -- Up-to-date: /home/bingflame/RoArm-M1/install/astra_camera_msgs/include/astra_camera_msgs/astra_camera_msgs/srv/detail/get_camera_params__type_support.c
[2.472s] -- Up-to-date: /home/bingflame/RoArm-M1/install/astra_camera_msgs/lib/libastra_camera_msgs__rosidl_typesupport_introspection_c.so
[2.472s] -- Up-to-date: /home/bingflame/RoArm-M1/install/astra_camera_msgs/lib/libastra_camera_msgs__rosidl_typesupport_c.so
[2.472s] -- Up-to-date: /home/bingflame/RoArm-M1/install/astra_camera_msgs/include/astra_camera_msgs/astra_camera_msgs
[2.472s] -- Up-to-date: /home/bingflame/RoArm-M1/install/astra_camera_msgs/include/astra_camera_msgs/astra_camera_msgs/msg
[2.473s] -- Up-to-date: /home/bingflame/RoArm-M1/install/astra_camera_msgs/include/astra_camera_msgs/astra_camera_msgs/msg/metadata.hpp
[2.473s] -- Up-to-date: /home/bingflame/RoArm-M1/install/astra_camera_msgs/include/astra_camera_msgs/astra_camera_msgs/msg/extrinsics.hpp
[2.473s] -- Up-to-date: /home/bingflame/RoArm-M1/install/astra_camera_msgs/include/astra_camera_msgs/astra_camera_msgs/msg/device_info.hpp
[2.473s] -- Up-to-date: /home/bingflame/RoArm-M1/install/astra_camera_msgs/include/astra_camera_msgs/astra_camera_msgs/msg/detail
[2.473s] -- Up-to-date: /home/bingflame/RoArm-M1/install/astra_camera_msgs/include/astra_camera_msgs/astra_camera_msgs/msg/detail/device_info__traits.hpp
[2.473s] -- Up-to-date: /home/bingflame/RoArm-M1/install/astra_camera_msgs/include/astra_camera_msgs/astra_camera_msgs/msg/detail/extrinsics__traits.hpp
[2.474s] -- Up-to-date: /home/bingflame/RoArm-M1/install/astra_camera_msgs/include/astra_camera_msgs/astra_camera_msgs/msg/detail/extrinsics__builder.hpp
[2.474s] -- Up-to-date: /home/bingflame/RoArm-M1/install/astra_camera_msgs/include/astra_camera_msgs/astra_camera_msgs/msg/detail/metadata__builder.hpp
[2.474s] -- Up-to-date: /home/bingflame/RoArm-M1/install/astra_camera_msgs/include/astra_camera_msgs/astra_camera_msgs/msg/detail/extrinsics__struct.hpp
[2.474s] -- Up-to-date: /home/bingflame/RoArm-M1/install/astra_camera_msgs/include/astra_camera_msgs/astra_camera_msgs/msg/detail/metadata__traits.hpp
[2.475s] -- Up-to-date: /home/bingflame/RoArm-M1/install/astra_camera_msgs/include/astra_camera_msgs/astra_camera_msgs/msg/detail/device_info__struct.hpp
[2.475s] -- Up-to-date: /home/bingflame/RoArm-M1/install/astra_camera_msgs/include/astra_camera_msgs/astra_camera_msgs/msg/detail/device_info__builder.hpp
[2.476s] -- Up-to-date: /home/bingflame/RoArm-M1/install/astra_camera_msgs/include/astra_camera_msgs/astra_camera_msgs/msg/detail/metadata__struct.hpp
[2.476s] -- Up-to-date: /home/bingflame/RoArm-M1/install/astra_camera_msgs/include/astra_camera_msgs/astra_camera_msgs/srv
[2.476s] -- Up-to-date: /home/bingflame/RoArm-M1/install/astra_camera_msgs/include/astra_camera_msgs/astra_camera_msgs/srv/get_camera_params.hpp
[2.476s] -- Up-to-date: /home/bingflame/RoArm-M1/install/astra_camera_msgs/include/astra_camera_msgs/astra_camera_msgs/srv/get_camera_info.hpp
[2.477s] -- Up-to-date: /home/bingflame/RoArm-M1/install/astra_camera_msgs/include/astra_camera_msgs/astra_camera_msgs/srv/set_int32.hpp
[2.477s] -- Up-to-date: /home/bingflame/RoArm-M1/install/astra_camera_msgs/include/astra_camera_msgs/astra_camera_msgs/srv/get_int32.hpp
[2.477s] -- Up-to-date: /home/bingflame/RoArm-M1/install/astra_camera_msgs/include/astra_camera_msgs/astra_camera_msgs/srv/get_device_info.hpp
[2.477s] -- Up-to-date: /home/bingflame/RoArm-M1/install/astra_camera_msgs/include/astra_camera_msgs/astra_camera_msgs/srv/get_string.hpp
[2.477s] -- Up-to-date: /home/bingflame/RoArm-M1/install/astra_camera_msgs/include/astra_camera_msgs/astra_camera_msgs/srv/detail
[2.477s] -- Up-to-date: /home/bingflame/RoArm-M1/install/astra_camera_msgs/include/astra_camera_msgs/astra_camera_msgs/srv/detail/set_int32__traits.hpp
[2.477s] -- Up-to-date: /home/bingflame/RoArm-M1/install/astra_camera_msgs/include/astra_camera_msgs/astra_camera_msgs/srv/detail/get_device_info__builder.hpp
[2.478s] -- Up-to-date: /home/bingflame/RoArm-M1/install/astra_camera_msgs/include/astra_camera_msgs/astra_camera_msgs/srv/detail/get_device_info__traits.hpp
[2.478s] -- Up-to-date: /home/bingflame/RoArm-M1/install/astra_camera_msgs/include/astra_camera_msgs/astra_camera_msgs/srv/detail/get_string__traits.hpp
[2.478s] -- Up-to-date: /home/bingflame/RoArm-M1/install/astra_camera_msgs/include/astra_camera_msgs/astra_camera_msgs/srv/detail/get_int32__traits.hpp
[2.478s] -- Up-to-date: /home/bingflame/RoArm-M1/install/astra_camera_msgs/include/astra_camera_msgs/astra_camera_msgs/srv/detail/get_int32__builder.hpp
[2.478s] -- Up-to-date: /home/bingflame/RoArm-M1/install/astra_camera_msgs/include/astra_camera_msgs/astra_camera_msgs/srv/detail/get_device_info__struct.hpp
[2.478s] -- Up-to-date: /home/bingflame/RoArm-M1/install/astra_camera_msgs/include/astra_camera_msgs/astra_camera_msgs/srv/detail/get_camera_info__traits.hpp
[2.478s] -- Up-to-date: /home/bingflame/RoArm-M1/install/astra_camera_msgs/include/astra_camera_msgs/astra_camera_msgs/srv/detail/get_camera_info__builder.hpp
[2.479s] -- Up-to-date: /home/bingflame/RoArm-M1/install/astra_camera_msgs/include/astra_camera_msgs/astra_camera_msgs/srv/detail/get_string__builder.hpp
[2.479s] -- Up-to-date: /home/bingflame/RoArm-M1/install/astra_camera_msgs/include/astra_camera_msgs/astra_camera_msgs/srv/detail/get_camera_params__struct.hpp
[2.479s] -- Up-to-date: /home/bingflame/RoArm-M1/install/astra_camera_msgs/include/astra_camera_msgs/astra_camera_msgs/srv/detail/get_camera_params__builder.hpp
[2.479s] -- Up-to-date: /home/bingflame/RoArm-M1/install/astra_camera_msgs/include/astra_camera_msgs/astra_camera_msgs/srv/detail/get_int32__struct.hpp
[2.480s] -- Up-to-date: /home/bingflame/RoArm-M1/install/astra_camera_msgs/include/astra_camera_msgs/astra_camera_msgs/srv/detail/get_string__struct.hpp
[2.480s] -- Up-to-date: /home/bingflame/RoArm-M1/install/astra_camera_msgs/include/astra_camera_msgs/astra_camera_msgs/srv/detail/get_camera_params__traits.hpp
[2.481s] -- Up-to-date: /home/bingflame/RoArm-M1/install/astra_camera_msgs/include/astra_camera_msgs/astra_camera_msgs/srv/detail/set_int32__builder.hpp
[2.481s] -- Up-to-date: /home/bingflame/RoArm-M1/install/astra_camera_msgs/include/astra_camera_msgs/astra_camera_msgs/srv/detail/set_int32__struct.hpp
[2.484s] -- Up-to-date: /home/bingflame/RoArm-M1/install/astra_camera_msgs/include/astra_camera_msgs/astra_camera_msgs/srv/detail/get_camera_info__struct.hpp
[2.484s] -- Up-to-date: /home/bingflame/RoArm-M1/install/astra_camera_msgs/include/astra_camera_msgs/astra_camera_msgs
[2.484s] -- Up-to-date: /home/bingflame/RoArm-M1/install/astra_camera_msgs/include/astra_camera_msgs/astra_camera_msgs/msg
[2.484s] -- Up-to-date: /home/bingflame/RoArm-M1/install/astra_camera_msgs/include/astra_camera_msgs/astra_camera_msgs/msg/rosidl_typesupport_fastrtps_cpp__visibility_control.h
[2.484s] -- Up-to-date: /home/bingflame/RoArm-M1/install/astra_camera_msgs/include/astra_camera_msgs/astra_camera_msgs/msg/detail
[2.485s] -- Up-to-date: /home/bingflame/RoArm-M1/install/astra_camera_msgs/include/astra_camera_msgs/astra_camera_msgs/msg/detail/metadata__rosidl_typesupport_fastrtps_cpp.hpp
[2.485s] -- Up-to-date: /home/bingflame/RoArm-M1/install/astra_camera_msgs/include/astra_camera_msgs/astra_camera_msgs/msg/detail/dds_fastrtps
[2.485s] -- Up-to-date: /home/bingflame/RoArm-M1/install/astra_camera_msgs/include/astra_camera_msgs/astra_camera_msgs/msg/detail/device_info__rosidl_typesupport_fastrtps_cpp.hpp
[2.485s] -- Up-to-date: /home/bingflame/RoArm-M1/install/astra_camera_msgs/include/astra_camera_msgs/astra_camera_msgs/msg/detail/extrinsics__rosidl_typesupport_fastrtps_cpp.hpp
[2.485s] -- Up-to-date: /home/bingflame/RoArm-M1/install/astra_camera_msgs/include/astra_camera_msgs/astra_camera_msgs/srv
[2.485s] -- Up-to-date: /home/bingflame/RoArm-M1/install/astra_camera_msgs/include/astra_camera_msgs/astra_camera_msgs/srv/detail
[2.485s] -- Up-to-date: /home/bingflame/RoArm-M1/install/astra_camera_msgs/include/astra_camera_msgs/astra_camera_msgs/srv/detail/get_string__rosidl_typesupport_fastrtps_cpp.hpp
[2.486s] -- Up-to-date: /home/bingflame/RoArm-M1/install/astra_camera_msgs/include/astra_camera_msgs/astra_camera_msgs/srv/detail/get_camera_params__rosidl_typesupport_fastrtps_cpp.hpp
[2.486s] -- Up-to-date: /home/bingflame/RoArm-M1/install/astra_camera_msgs/include/astra_camera_msgs/astra_camera_msgs/srv/detail/set_int32__rosidl_typesupport_fastrtps_cpp.hpp
[2.486s] -- Up-to-date: /home/bingflame/RoArm-M1/install/astra_camera_msgs/include/astra_camera_msgs/astra_camera_msgs/srv/detail/get_camera_info__rosidl_typesupport_fastrtps_cpp.hpp
[2.486s] -- Up-to-date: /home/bingflame/RoArm-M1/install/astra_camera_msgs/include/astra_camera_msgs/astra_camera_msgs/srv/detail/dds_fastrtps
[2.486s] -- Up-to-date: /home/bingflame/RoArm-M1/install/astra_camera_msgs/include/astra_camera_msgs/astra_camera_msgs/srv/detail/get_int32__rosidl_typesupport_fastrtps_cpp.hpp
[2.486s] -- Up-to-date: /home/bingflame/RoArm-M1/install/astra_camera_msgs/include/astra_camera_msgs/astra_camera_msgs/srv/detail/get_device_info__rosidl_typesupport_fastrtps_cpp.hpp
[2.486s] -- Up-to-date: /home/bingflame/RoArm-M1/install/astra_camera_msgs/lib/libastra_camera_msgs__rosidl_typesupport_fastrtps_cpp.so
[2.486s] -- Up-to-date: /home/bingflame/RoArm-M1/install/astra_camera_msgs/include/astra_camera_msgs/astra_camera_msgs
[2.487s] -- Up-to-date: /home/bingflame/RoArm-M1/install/astra_camera_msgs/include/astra_camera_msgs/astra_camera_msgs/msg
[2.487s] -- Up-to-date: /home/bingflame/RoArm-M1/install/astra_camera_msgs/include/astra_camera_msgs/astra_camera_msgs/msg/detail
[2.487s] -- Up-to-date: /home/bingflame/RoArm-M1/install/astra_camera_msgs/include/astra_camera_msgs/astra_camera_msgs/msg/detail/extrinsics__type_support.cpp
[2.487s] -- Up-to-date: /home/bingflame/RoArm-M1/install/astra_camera_msgs/include/astra_camera_msgs/astra_camera_msgs/msg/detail/device_info__rosidl_typesupport_introspection_cpp.hpp
[2.487s] -- Up-to-date: /home/bingflame/RoArm-M1/install/astra_camera_msgs/include/astra_camera_msgs/astra_camera_msgs/msg/detail/metadata__rosidl_typesupport_introspection_cpp.hpp
[2.487s] -- Up-to-date: /home/bingflame/RoArm-M1/install/astra_camera_msgs/include/astra_camera_msgs/astra_camera_msgs/msg/detail/device_info__type_support.cpp
[2.487s] -- Up-to-date: /home/bingflame/RoArm-M1/install/astra_camera_msgs/include/astra_camera_msgs/astra_camera_msgs/msg/detail/metadata__type_support.cpp
[2.488s] -- Up-to-date: /home/bingflame/RoArm-M1/install/astra_camera_msgs/include/astra_camera_msgs/astra_camera_msgs/msg/detail/extrinsics__rosidl_typesupport_introspection_cpp.hpp
[2.488s] -- Up-to-date: /home/bingflame/RoArm-M1/install/astra_camera_msgs/include/astra_camera_msgs/astra_camera_msgs/srv
[2.488s] -- Up-to-date: /home/bingflame/RoArm-M1/install/astra_camera_msgs/include/astra_camera_msgs/astra_camera_msgs/srv/detail
[2.488s] -- Up-to-date: /home/bingflame/RoArm-M1/install/astra_camera_msgs/include/astra_camera_msgs/astra_camera_msgs/srv/detail/get_camera_params__rosidl_typesupport_introspection_cpp.hpp
[2.489s] -- Up-to-date: /home/bingflame/RoArm-M1/install/astra_camera_msgs/include/astra_camera_msgs/astra_camera_msgs/srv/detail/set_int32__rosidl_typesupport_introspection_cpp.hpp
[2.489s] -- Up-to-date: /home/bingflame/RoArm-M1/install/astra_camera_msgs/include/astra_camera_msgs/astra_camera_msgs/srv/detail/set_int32__type_support.cpp
[2.489s] -- Up-to-date: /home/bingflame/RoArm-M1/install/astra_camera_msgs/include/astra_camera_msgs/astra_camera_msgs/srv/detail/get_camera_params__type_support.cpp
[2.489s] -- Up-to-date: /home/bingflame/RoArm-M1/install/astra_camera_msgs/include/astra_camera_msgs/astra_camera_msgs/srv/detail/get_camera_info__type_support.cpp
[2.489s] -- Up-to-date: /home/bingflame/RoArm-M1/install/astra_camera_msgs/include/astra_camera_msgs/astra_camera_msgs/srv/detail/get_device_info__type_support.cpp
[2.489s] -- Up-to-date: /home/bingflame/RoArm-M1/install/astra_camera_msgs/include/astra_camera_msgs/astra_camera_msgs/srv/detail/get_camera_info__rosidl_typesupport_introspection_cpp.hpp
[2.489s] -- Up-to-date: /home/bingflame/RoArm-M1/install/astra_camera_msgs/include/astra_camera_msgs/astra_camera_msgs/srv/detail/get_int32__type_support.cpp
[2.490s] -- Up-to-date: /home/bingflame/RoArm-M1/install/astra_camera_msgs/include/astra_camera_msgs/astra_camera_msgs/srv/detail/get_string__type_support.cpp
[2.490s] -- Up-to-date: /home/bingflame/RoArm-M1/install/astra_camera_msgs/include/astra_camera_msgs/astra_camera_msgs/srv/detail/get_int32__rosidl_typesupport_introspection_cpp.hpp
[2.490s] -- Up-to-date: /home/bingflame/RoArm-M1/install/astra_camera_msgs/include/astra_camera_msgs/astra_camera_msgs/srv/detail/get_string__rosidl_typesupport_introspection_cpp.hpp
[2.490s] -- Up-to-date: /home/bingflame/RoArm-M1/install/astra_camera_msgs/include/astra_camera_msgs/astra_camera_msgs/srv/detail/get_device_info__rosidl_typesupport_introspection_cpp.hpp
[2.490s] -- Up-to-date: /home/bingflame/RoArm-M1/install/astra_camera_msgs/lib/libastra_camera_msgs__rosidl_typesupport_introspection_cpp.so
[2.490s] -- Up-to-date: /home/bingflame/RoArm-M1/install/astra_camera_msgs/lib/libastra_camera_msgs__rosidl_typesupport_cpp.so
[2.490s] -- Up-to-date: /home/bingflame/RoArm-M1/install/astra_camera_msgs/share/astra_camera_msgs/environment/pythonpath.sh
[2.491s] -- Up-to-date: /home/bingflame/RoArm-M1/install/astra_camera_msgs/share/astra_camera_msgs/environment/pythonpath.dsv
[2.491s] -- Up-to-date: /home/bingflame/RoArm-M1/install/astra_camera_msgs/lib/python3.10/site-packages/astra_camera_msgs-1.0.1-py3.10.egg-info
[2.491s] -- Installing: /home/bingflame/RoArm-M1/install/astra_camera_msgs/lib/python3.10/site-packages/astra_camera_msgs-1.0.1-py3.10.egg-info/dependency_links.txt
[2.491s] -- Installing: /home/bingflame/RoArm-M1/install/astra_camera_msgs/lib/python3.10/site-packages/astra_camera_msgs-1.0.1-py3.10.egg-info/SOURCES.txt
[2.491s] -- Installing: /home/bingflame/RoArm-M1/install/astra_camera_msgs/lib/python3.10/site-packages/astra_camera_msgs-1.0.1-py3.10.egg-info/PKG-INFO
[2.491s] -- Installing: /home/bingflame/RoArm-M1/install/astra_camera_msgs/lib/python3.10/site-packages/astra_camera_msgs-1.0.1-py3.10.egg-info/top_level.txt
[2.492s] -- Up-to-date: /home/bingflame/RoArm-M1/install/astra_camera_msgs/lib/python3.10/site-packages/astra_camera_msgs
[2.492s] -- Up-to-date: /home/bingflame/RoArm-M1/install/astra_camera_msgs/lib/python3.10/site-packages/astra_camera_msgs/_astra_camera_msgs_s.ep.rosidl_typesupport_c.c
[2.492s] -- Up-to-date: /home/bingflame/RoArm-M1/install/astra_camera_msgs/lib/python3.10/site-packages/astra_camera_msgs/libastra_camera_msgs__rosidl_generator_py.so
[2.492s] -- Up-to-date: /home/bingflame/RoArm-M1/install/astra_camera_msgs/lib/python3.10/site-packages/astra_camera_msgs/astra_camera_msgs_s__rosidl_typesupport_fastrtps_c.cpython-310-aarch64-linux-gnu.so
[2.492s] -- Up-to-date: /home/bingflame/RoArm-M1/install/astra_camera_msgs/lib/python3.10/site-packages/astra_camera_msgs/_astra_camera_msgs_s.ep.rosidl_typesupport_fastrtps_c.c
[2.492s] -- Up-to-date: /home/bingflame/RoArm-M1/install/astra_camera_msgs/lib/python3.10/site-packages/astra_camera_msgs/astra_camera_msgs_s__rosidl_typesupport_introspection_c.cpython-310-aarch64-linux-gnu.so
[2.492s] -- Up-to-date: /home/bingflame/RoArm-M1/install/astra_camera_msgs/lib/python3.10/site-packages/astra_camera_msgs/__init__.py
[2.493s] -- Up-to-date: /home/bingflame/RoArm-M1/install/astra_camera_msgs/lib/python3.10/site-packages/astra_camera_msgs/_astra_camera_msgs_s.ep.rosidl_typesupport_introspection_c.c
[2.493s] -- Up-to-date: /home/bingflame/RoArm-M1/install/astra_camera_msgs/lib/python3.10/site-packages/astra_camera_msgs/msg
[2.493s] -- Up-to-date: /home/bingflame/RoArm-M1/install/astra_camera_msgs/lib/python3.10/site-packages/astra_camera_msgs/msg/_metadata_s.c
[2.493s] -- Up-to-date: /home/bingflame/RoArm-M1/install/astra_camera_msgs/lib/python3.10/site-packages/astra_camera_msgs/msg/_extrinsics_s.c
[2.493s] -- Up-to-date: /home/bingflame/RoArm-M1/install/astra_camera_msgs/lib/python3.10/site-packages/astra_camera_msgs/msg/_device_info.py
[2.493s] -- Up-to-date: /home/bingflame/RoArm-M1/install/astra_camera_msgs/lib/python3.10/site-packages/astra_camera_msgs/msg/__init__.py
[2.493s] -- Up-to-date: /home/bingflame/RoArm-M1/install/astra_camera_msgs/lib/python3.10/site-packages/astra_camera_msgs/msg/_device_info_s.c
[2.493s] -- Up-to-date: /home/bingflame/RoArm-M1/install/astra_camera_msgs/lib/python3.10/site-packages/astra_camera_msgs/msg/_extrinsics.py
[2.494s] -- Up-to-date: /home/bingflame/RoArm-M1/install/astra_camera_msgs/lib/python3.10/site-packages/astra_camera_msgs/msg/_metadata.py
[2.494s] -- Up-to-date: /home/bingflame/RoArm-M1/install/astra_camera_msgs/lib/python3.10/site-packages/astra_camera_msgs/astra_camera_msgs_s__rosidl_typesupport_c.cpython-310-aarch64-linux-gnu.so
[2.494s] -- Up-to-date: /home/bingflame/RoArm-M1/install/astra_camera_msgs/lib/python3.10/site-packages/astra_camera_msgs/srv
[2.494s] -- Up-to-date: /home/bingflame/RoArm-M1/install/astra_camera_msgs/lib/python3.10/site-packages/astra_camera_msgs/srv/_get_device_info.py
[2.494s] -- Up-to-date: /home/bingflame/RoArm-M1/install/astra_camera_msgs/lib/python3.10/site-packages/astra_camera_msgs/srv/_set_int32_s.c
[2.494s] -- Up-to-date: /home/bingflame/RoArm-M1/install/astra_camera_msgs/lib/python3.10/site-packages/astra_camera_msgs/srv/_get_string_s.c
[2.494s] -- Up-to-date: /home/bingflame/RoArm-M1/install/astra_camera_msgs/lib/python3.10/site-packages/astra_camera_msgs/srv/_get_camera_params_s.c
[2.495s] -- Up-to-date: /home/bingflame/RoArm-M1/install/astra_camera_msgs/lib/python3.10/site-packages/astra_camera_msgs/srv/_get_int32_s.c
[2.495s] -- Up-to-date: /home/bingflame/RoArm-M1/install/astra_camera_msgs/lib/python3.10/site-packages/astra_camera_msgs/srv/_get_string.py
[2.495s] -- Up-to-date: /home/bingflame/RoArm-M1/install/astra_camera_msgs/lib/python3.10/site-packages/astra_camera_msgs/srv/_get_camera_params.py
[2.495s] -- Up-to-date: /home/bingflame/RoArm-M1/install/astra_camera_msgs/lib/python3.10/site-packages/astra_camera_msgs/srv/_get_device_info_s.c
[2.495s] -- Up-to-date: /home/bingflame/RoArm-M1/install/astra_camera_msgs/lib/python3.10/site-packages/astra_camera_msgs/srv/_get_camera_info.py
[2.495s] -- Up-to-date: /home/bingflame/RoArm-M1/install/astra_camera_msgs/lib/python3.10/site-packages/astra_camera_msgs/srv/__init__.py
[2.496s] -- Up-to-date: /home/bingflame/RoArm-M1/install/astra_camera_msgs/lib/python3.10/site-packages/astra_camera_msgs/srv/_get_int32.py
[2.496s] -- Up-to-date: /home/bingflame/RoArm-M1/install/astra_camera_msgs/lib/python3.10/site-packages/astra_camera_msgs/srv/_get_camera_info_s.c
[2.496s] -- Up-to-date: /home/bingflame/RoArm-M1/install/astra_camera_msgs/lib/python3.10/site-packages/astra_camera_msgs/srv/_set_int32.py
[2.648s] Listing '/home/bingflame/RoArm-M1/install/astra_camera_msgs/lib/python3.10/site-packages/astra_camera_msgs'...
[2.648s] Listing '/home/bingflame/RoArm-M1/install/astra_camera_msgs/lib/python3.10/site-packages/astra_camera_msgs/msg'...
[2.648s] Listing '/home/bingflame/RoArm-M1/install/astra_camera_msgs/lib/python3.10/site-packages/astra_camera_msgs/srv'...
[2.659s] -- Up-to-date: /home/bingflame/RoArm-M1/install/astra_camera_msgs/lib/python3.10/site-packages/astra_camera_msgs/astra_camera_msgs_s__rosidl_typesupport_fastrtps_c.cpython-310-aarch64-linux-gnu.so
[2.659s] -- Up-to-date: /home/bingflame/RoArm-M1/install/astra_camera_msgs/lib/python3.10/site-packages/astra_camera_msgs/astra_camera_msgs_s__rosidl_typesupport_introspection_c.cpython-310-aarch64-linux-gnu.so
[2.661s] -- Up-to-date: /home/bingflame/RoArm-M1/install/astra_camera_msgs/lib/python3.10/site-packages/astra_camera_msgs/astra_camera_msgs_s__rosidl_typesupport_c.cpython-310-aarch64-linux-gnu.so
[2.661s] -- Up-to-date: /home/bingflame/RoArm-M1/install/astra_camera_msgs/lib/libastra_camera_msgs__rosidl_generator_py.so
[2.666s] -- Up-to-date: /home/bingflame/RoArm-M1/install/astra_camera_msgs/share/astra_camera_msgs/msg/DeviceInfo.idl
[2.666s] -- Up-to-date: /home/bingflame/RoArm-M1/install/astra_camera_msgs/share/astra_camera_msgs/msg/Extrinsics.idl
[2.666s] -- Up-to-date: /home/bingflame/RoArm-M1/install/astra_camera_msgs/share/astra_camera_msgs/msg/Metadata.idl
[2.666s] -- Up-to-date: /home/bingflame/RoArm-M1/install/astra_camera_msgs/share/astra_camera_msgs/srv/GetDeviceInfo.idl
[2.667s] -- Up-to-date: /home/bingflame/RoArm-M1/install/astra_camera_msgs/share/astra_camera_msgs/srv/GetCameraInfo.idl
[2.667s] -- Up-to-date: /home/bingflame/RoArm-M1/install/astra_camera_msgs/share/astra_camera_msgs/srv/GetCameraParams.idl
[2.667s] -- Up-to-date: /home/bingflame/RoArm-M1/install/astra_camera_msgs/share/astra_camera_msgs/srv/GetInt32.idl
[2.667s] -- Up-to-date: /home/bingflame/RoArm-M1/install/astra_camera_msgs/share/astra_camera_msgs/srv/GetString.idl
[2.667s] -- Up-to-date: /home/bingflame/RoArm-M1/install/astra_camera_msgs/share/astra_camera_msgs/srv/SetInt32.idl
[2.667s] -- Up-to-date: /home/bingflame/RoArm-M1/install/astra_camera_msgs/share/astra_camera_msgs/msg/DeviceInfo.msg
[2.668s] -- Up-to-date: /home/bingflame/RoArm-M1/install/astra_camera_msgs/share/astra_camera_msgs/msg/Extrinsics.msg
[2.668s] -- Up-to-date: /home/bingflame/RoArm-M1/install/astra_camera_msgs/share/astra_camera_msgs/msg/Metadata.msg
[2.668s] -- Up-to-date: /home/bingflame/RoArm-M1/install/astra_camera_msgs/share/astra_camera_msgs/srv/GetDeviceInfo.srv
[2.668s] -- Up-to-date: /home/bingflame/RoArm-M1/install/astra_camera_msgs/share/astra_camera_msgs/srv/GetDeviceInfo_Request.msg
[2.668s] -- Up-to-date: /home/bingflame/RoArm-M1/install/astra_camera_msgs/share/astra_camera_msgs/srv/GetDeviceInfo_Response.msg
[2.668s] -- Up-to-date: /home/bingflame/RoArm-M1/install/astra_camera_msgs/share/astra_camera_msgs/srv/GetCameraInfo.srv
[2.668s] -- Up-to-date: /home/bingflame/RoArm-M1/install/astra_camera_msgs/share/astra_camera_msgs/srv/GetCameraInfo_Request.msg
[2.668s] -- Up-to-date: /home/bingflame/RoArm-M1/install/astra_camera_msgs/share/astra_camera_msgs/srv/GetCameraInfo_Response.msg
[2.669s] -- Up-to-date: /home/bingflame/RoArm-M1/install/astra_camera_msgs/share/astra_camera_msgs/srv/GetCameraParams.srv
[2.669s] -- Up-to-date: /home/bingflame/RoArm-M1/install/astra_camera_msgs/share/astra_camera_msgs/srv/GetCameraParams_Request.msg
[2.669s] -- Up-to-date: /home/bingflame/RoArm-M1/install/astra_camera_msgs/share/astra_camera_msgs/srv/GetCameraParams_Response.msg
[2.669s] -- Up-to-date: /home/bingflame/RoArm-M1/install/astra_camera_msgs/share/astra_camera_msgs/srv/GetInt32.srv
[2.669s] -- Up-to-date: /home/bingflame/RoArm-M1/install/astra_camera_msgs/share/astra_camera_msgs/srv/GetInt32_Request.msg
[2.670s] -- Up-to-date: /home/bingflame/RoArm-M1/install/astra_camera_msgs/share/astra_camera_msgs/srv/GetInt32_Response.msg
[2.670s] -- Up-to-date: /home/bingflame/RoArm-M1/install/astra_camera_msgs/share/astra_camera_msgs/srv/GetString.srv
[2.670s] -- Up-to-date: /home/bingflame/RoArm-M1/install/astra_camera_msgs/share/astra_camera_msgs/srv/GetString_Request.msg
[2.670s] -- Up-to-date: /home/bingflame/RoArm-M1/install/astra_camera_msgs/share/astra_camera_msgs/srv/GetString_Response.msg
[2.670s] -- Up-to-date: /home/bingflame/RoArm-M1/install/astra_camera_msgs/share/astra_camera_msgs/srv/SetInt32.srv
[2.670s] -- Up-to-date: /home/bingflame/RoArm-M1/install/astra_camera_msgs/share/astra_camera_msgs/srv/SetInt32_Request.msg
[2.670s] -- Up-to-date: /home/bingflame/RoArm-M1/install/astra_camera_msgs/share/astra_camera_msgs/srv/SetInt32_Response.msg
[2.671s] -- Up-to-date: /home/bingflame/RoArm-M1/install/astra_camera_msgs/share/ament_index/resource_index/package_run_dependencies/astra_camera_msgs
[2.671s] -- Up-to-date: /home/bingflame/RoArm-M1/install/astra_camera_msgs/share/ament_index/resource_index/parent_prefix_path/astra_camera_msgs
[2.671s] -- Up-to-date: /home/bingflame/RoArm-M1/install/astra_camera_msgs/share/astra_camera_msgs/environment/ament_prefix_path.sh
[2.671s] -- Up-to-date: /home/bingflame/RoArm-M1/install/astra_camera_msgs/share/astra_camera_msgs/environment/ament_prefix_path.dsv
[2.671s] -- Up-to-date: /home/bingflame/RoArm-M1/install/astra_camera_msgs/share/astra_camera_msgs/environment/path.sh
[2.671s] -- Up-to-date: /home/bingflame/RoArm-M1/install/astra_camera_msgs/share/astra_camera_msgs/environment/path.dsv
[2.671s] -- Up-to-date: /home/bingflame/RoArm-M1/install/astra_camera_msgs/share/astra_camera_msgs/local_setup.bash
[2.672s] -- Up-to-date: /home/bingflame/RoArm-M1/install/astra_camera_msgs/share/astra_camera_msgs/local_setup.sh
[2.672s] -- Up-to-date: /home/bingflame/RoArm-M1/install/astra_camera_msgs/share/astra_camera_msgs/local_setup.zsh
[2.672s] -- Up-to-date: /home/bingflame/RoArm-M1/install/astra_camera_msgs/share/astra_camera_msgs/local_setup.dsv
[2.672s] -- Installing: /home/bingflame/RoArm-M1/install/astra_camera_msgs/share/astra_camera_msgs/package.dsv
[2.680s] -- Up-to-date: /home/bingflame/RoArm-M1/install/astra_camera_msgs/share/ament_index/resource_index/packages/astra_camera_msgs
[2.681s] -- Up-to-date: /home/bingflame/RoArm-M1/install/astra_camera_msgs/share/astra_camera_msgs/cmake/export_astra_camera_msgs__rosidl_generator_cExport.cmake
[2.681s] -- Up-to-date: /home/bingflame/RoArm-M1/install/astra_camera_msgs/share/astra_camera_msgs/cmake/export_astra_camera_msgs__rosidl_generator_cExport-noconfig.cmake
[2.681s] -- Up-to-date: /home/bingflame/RoArm-M1/install/astra_camera_msgs/share/astra_camera_msgs/cmake/export_astra_camera_msgs__rosidl_typesupport_fastrtps_cExport.cmake
[2.681s] -- Up-to-date: /home/bingflame/RoArm-M1/install/astra_camera_msgs/share/astra_camera_msgs/cmake/export_astra_camera_msgs__rosidl_typesupport_fastrtps_cExport-noconfig.cmake
[2.685s] -- Up-to-date: /home/bingflame/RoArm-M1/install/astra_camera_msgs/share/astra_camera_msgs/cmake/astra_camera_msgs__rosidl_typesupport_introspection_cExport.cmake
[2.685s] -- Up-to-date: /home/bingflame/RoArm-M1/install/astra_camera_msgs/share/astra_camera_msgs/cmake/astra_camera_msgs__rosidl_typesupport_introspection_cExport-noconfig.cmake
[2.685s] -- Up-to-date: /home/bingflame/RoArm-M1/install/astra_camera_msgs/share/astra_camera_msgs/cmake/astra_camera_msgs__rosidl_typesupport_cExport.cmake
[2.685s] -- Up-to-date: /home/bingflame/RoArm-M1/install/astra_camera_msgs/share/astra_camera_msgs/cmake/astra_camera_msgs__rosidl_typesupport_cExport-noconfig.cmake
[2.685s] -- Up-to-date: /home/bingflame/RoArm-M1/install/astra_camera_msgs/share/astra_camera_msgs/cmake/export_astra_camera_msgs__rosidl_generator_cppExport.cmake
[2.685s] -- Up-to-date: /home/bingflame/RoArm-M1/install/astra_camera_msgs/share/astra_camera_msgs/cmake/export_astra_camera_msgs__rosidl_typesupport_fastrtps_cppExport.cmake
[2.686s] -- Up-to-date: /home/bingflame/RoArm-M1/install/astra_camera_msgs/share/astra_camera_msgs/cmake/export_astra_camera_msgs__rosidl_typesupport_fastrtps_cppExport-noconfig.cmake
[2.686s] -- Up-to-date: /home/bingflame/RoArm-M1/install/astra_camera_msgs/share/astra_camera_msgs/cmake/astra_camera_msgs__rosidl_typesupport_introspection_cppExport.cmake
[2.686s] -- Up-to-date: /home/bingflame/RoArm-M1/install/astra_camera_msgs/share/astra_camera_msgs/cmake/astra_camera_msgs__rosidl_typesupport_introspection_cppExport-noconfig.cmake
[2.686s] -- Up-to-date: /home/bingflame/RoArm-M1/install/astra_camera_msgs/share/astra_camera_msgs/cmake/astra_camera_msgs__rosidl_typesupport_cppExport.cmake
[2.686s] -- Up-to-date: /home/bingflame/RoArm-M1/install/astra_camera_msgs/share/astra_camera_msgs/cmake/astra_camera_msgs__rosidl_typesupport_cppExport-noconfig.cmake
[2.686s] -- Up-to-date: /home/bingflame/RoArm-M1/install/astra_camera_msgs/share/astra_camera_msgs/cmake/export_astra_camera_msgs__rosidl_generator_pyExport.cmake
[2.686s] -- Up-to-date: /home/bingflame/RoArm-M1/install/astra_camera_msgs/share/astra_camera_msgs/cmake/export_astra_camera_msgs__rosidl_generator_pyExport-noconfig.cmake
[2.687s] -- Up-to-date: /home/bingflame/RoArm-M1/install/astra_camera_msgs/share/astra_camera_msgs/cmake/rosidl_cmake-extras.cmake
[2.687s] -- Up-to-date: /home/bingflame/RoArm-M1/install/astra_camera_msgs/share/astra_camera_msgs/cmake/ament_cmake_export_dependencies-extras.cmake
[2.687s] -- Up-to-date: /home/bingflame/RoArm-M1/install/astra_camera_msgs/share/astra_camera_msgs/cmake/ament_cmake_export_include_directories-extras.cmake
[2.687s] -- Up-to-date: /home/bingflame/RoArm-M1/install/astra_camera_msgs/share/astra_camera_msgs/cmake/ament_cmake_export_libraries-extras.cmake
[2.687s] -- Up-to-date: /home/bingflame/RoArm-M1/install/astra_camera_msgs/share/astra_camera_msgs/cmake/ament_cmake_export_targets-extras.cmake
[2.687s] -- Up-to-date: /home/bingflame/RoArm-M1/install/astra_camera_msgs/share/astra_camera_msgs/cmake/rosidl_cmake_export_typesupport_targets-extras.cmake
[2.687s] -- Up-to-date: /home/bingflame/RoArm-M1/install/astra_camera_msgs/share/astra_camera_msgs/cmake/rosidl_cmake_export_typesupport_libraries-extras.cmake
[2.688s] -- Up-to-date: /home/bingflame/RoArm-M1/install/astra_camera_msgs/share/astra_camera_msgs/cmake/astra_camera_msgsConfig.cmake
[2.688s] -- Up-to-date: /home/bingflame/RoArm-M1/install/astra_camera_msgs/share/astra_camera_msgs/cmake/astra_camera_msgsConfig-version.cmake
[2.688s] -- Up-to-date: /home/bingflame/RoArm-M1/install/astra_camera_msgs/share/astra_camera_msgs/package.xml
[2.696s] Invoked command in '/home/bingflame/RoArm-M1/build/astra_camera_msgs' returned '0': CMAKE_PREFIX_PATH=${CMAKE_PREFIX_PATH}:/home/bingflame/RoArm-M1/install/serial_reader:/home/bingflame/RoArm-M1/install/serial_ctrl:/opt/ros/humble CONDA_PROMPT_MODIFIER=(base) /usr/bin/cmake --install /home/bingflame/RoArm-M1/build/astra_camera_msgs
