[1.069s] Invoking command in '/home/bingflame/firerush/build/unitree_lidar_ros2': CMAKE_PREFIX_PATH=/opt/ros/humble /usr/bin/cmake /home/bingflame/firerush/src/unitree_lidar_ros2/src/unitree_lidar_ros2 -DCMAKE_INSTALL_PREFIX=/home/bingflame/firerush/install/unitree_lidar_ros2
[1.174s] -- The C compiler identification is GNU 11.4.0
[1.282s] -- The CXX compiler identification is GNU 11.4.0
[1.297s] -- Detecting C compiler ABI info
[1.430s] -- Detecting C compiler ABI info - done
[1.444s] -- Check for working C compiler: /usr/bin/cc - skipped
[1.445s] -- Detecting C compile features
[1.446s] -- Detecting C compile features - done
[1.453s] -- Detecting CXX compiler ABI info
[1.619s] -- Detecting CXX compiler ABI info - done
[1.625s] -- Check for working CXX compiler: /usr/bin/c++ - skipped
[1.625s] -- Detecting CXX compile features
[1.626s] -- Detecting CXX compile features - done
[1.631s] -- Found ament_cmake: 1.3.10 (/opt/ros/humble/share/ament_cmake/cmake)
[1.987s] -- Found Python3: /usr/bin/python3 (found version "3.10.12") found components: Interpreter 
[2.176s] -- Found rclcpp: 16.0.10 (/opt/ros/humble/share/rclcpp/cmake)
[2.298s] -- Found rosidl_generator_c: 3.1.5 (/opt/ros/humble/share/rosidl_generator_c/cmake)
[2.310s] -- Found rosidl_adapter: 3.1.5 (/opt/ros/humble/share/rosidl_adapter/cmake)
[2.339s] -- Found rosidl_generator_cpp: 3.1.5 (/opt/ros/humble/share/rosidl_generator_cpp/cmake)
[2.373s] -- Using all available rosidl_typesupport_c: rosidl_typesupport_fastrtps_c;rosidl_typesupport_introspection_c
[2.454s] -- Using all available rosidl_typesupport_cpp: rosidl_typesupport_fastrtps_cpp;rosidl_typesupport_introspection_cpp
[2.634s] -- Found rmw_implementation_cmake: 6.1.2 (/opt/ros/humble/share/rmw_implementation_cmake/cmake)
[2.641s] -- Found rmw_fastrtps_cpp: 6.2.7 (/opt/ros/humble/share/rmw_fastrtps_cpp/cmake)
[2.849s] -- Found OpenSSL: /usr/lib/aarch64-linux-gnu/libcrypto.so (found version "3.0.2")  
[2.904s] -- Found FastRTPS: /opt/ros/humble/include  
[2.984s] -- Using RMW implementation 'rmw_fastrtps_cpp' as default
[3.004s] -- Looking for pthread.h
[3.163s] -- Looking for pthread.h - found
[3.163s] -- Performing Test CMAKE_HAVE_LIBC_PTHREAD
[3.307s] -- Performing Test CMAKE_HAVE_LIBC_PTHREAD - Success
[3.310s] -- Found Threads: TRUE  
[3.453s] -- Found sensor_msgs: 4.2.4 (/opt/ros/humble/share/sensor_msgs/cmake)
[3.515s] -- Found pcl_conversions: 2.4.5 (/opt/ros/humble/share/pcl_conversions/cmake)
[3.588s] -- Checking for module 'eigen3'
[3.608s] --   Found eigen3, version 3.4.0
[3.669s] -- Found Eigen: /usr/include/eigen3 (Required is at least version "3.1") 
[3.670s] -- Eigen found (include: /usr/include/eigen3, version: 3.4.0)
[3.748s] -- Checking for module 'flann'
[3.770s] --   Found flann, version 1.9.1
[3.857s] -- Found FLANN: /usr/lib/aarch64-linux-gnu/libflann_cpp.so  
[3.858s] -- FLANN found (include: /usr/include, lib: /usr/lib/aarch64-linux-gnu/libflann_cpp.so)
[5.952s] -- Checking for module 'libusb-1.0'
[5.982s] --   Found libusb-1.0, version 1.0.25
[6.062s] -- Found libusb: /usr/lib/aarch64-linux-gnu/libusb-1.0.so  
[6.068s] -- OpenNI found (version: 1.5.4.0, include: /usr/include/ni, lib: /usr/lib/libOpenNI.so;libusb::libusb)
[6.194s] -- OpenNI2 found (version: 2.2.0.33, include: /usr/include/openni2, lib: /usr/lib/aarch64-linux-gnu/libOpenNI2.so;libusb::libusb)
[6.490s] -- Eigen found (include: /usr/include/eigen3, version: 3.4.0)
[6.500s] -- OpenNI found (version: 1.5.4.0, include: /usr/include/ni, lib: /usr/lib/libOpenNI.so;libusb::libusb)
[6.511s] -- OpenNI2 found (version: 2.2.0.33, include: /usr/include/openni2, lib: /usr/lib/aarch64-linux-gnu/libOpenNI2.so;libusb::libusb)
[6.762s] -- Found Qhull version 8.0.2
[7.020s] -- OpenNI found (version: 1.5.4.0, include: /usr/include/ni, lib: /usr/lib/libOpenNI.so;libusb::libusb)
[7.271s] -- Found PCL_COMMON: /usr/lib/aarch64-linux-gnu/libpcl_common.so  
[7.273s] -- Found PCL_KDTREE: /usr/lib/aarch64-linux-gnu/libpcl_kdtree.so  
[7.274s] -- Found PCL_OCTREE: /usr/lib/aarch64-linux-gnu/libpcl_octree.so  
[7.276s] -- Found PCL_SEARCH: /usr/lib/aarch64-linux-gnu/libpcl_search.so  
[7.278s] -- Found PCL_SAMPLE_CONSENSUS: /usr/lib/aarch64-linux-gnu/libpcl_sample_consensus.so  
[7.279s] -- Found PCL_FILTERS: /usr/lib/aarch64-linux-gnu/libpcl_filters.so  
[7.280s] -- Found PCL_2D: /usr/include/pcl-1.12  
[7.281s] -- Found PCL_GEOMETRY: /usr/include/pcl-1.12  
[7.283s] -- Found PCL_IO: /usr/lib/aarch64-linux-gnu/libpcl_io.so  
[7.284s] -- Found PCL_FEATURES: /usr/lib/aarch64-linux-gnu/libpcl_features.so  
[7.286s] -- Found PCL_ML: /usr/lib/aarch64-linux-gnu/libpcl_ml.so  
[7.288s] -- Found PCL_SEGMENTATION: /usr/lib/aarch64-linux-gnu/libpcl_segmentation.so  
[7.290s] -- Found PCL_VISUALIZATION: /usr/lib/aarch64-linux-gnu/libpcl_visualization.so  
[7.292s] -- Found PCL_SURFACE: /usr/lib/aarch64-linux-gnu/libpcl_surface.so  
[7.293s] -- Found PCL_REGISTRATION: /usr/lib/aarch64-linux-gnu/libpcl_registration.so  
[7.295s] -- Found PCL_KEYPOINTS: /usr/lib/aarch64-linux-gnu/libpcl_keypoints.so  
[7.297s] -- Found PCL_TRACKING: /usr/lib/aarch64-linux-gnu/libpcl_tracking.so  
[7.299s] -- Found PCL_RECOGNITION: /usr/lib/aarch64-linux-gnu/libpcl_recognition.so  
[7.301s] -- Found PCL_STEREO: /usr/lib/aarch64-linux-gnu/libpcl_stereo.so  
[7.302s] -- Found PCL_APPS: /usr/lib/aarch64-linux-gnu/libpcl_apps.so  
[7.304s] -- Found PCL_IN_HAND_SCANNER: /usr/include/pcl-1.12  
[7.304s] -- Found PCL_MODELER: /usr/include/pcl-1.12  
[7.306s] -- Found PCL_POINT_CLOUD_EDITOR: /usr/include/pcl-1.12  
[7.308s] -- Found PCL_OUTOFCORE: /usr/lib/aarch64-linux-gnu/libpcl_outofcore.so  
[7.310s] -- Found PCL_PEOPLE: /usr/lib/aarch64-linux-gnu/libpcl_people.so  
[7.313s] [33mCMake Warning (dev) at CMakeLists.txt:23 (find_package):
[7.313s]   Policy CMP0074 is not set: find_package uses <PackageName>_ROOT variables.
[7.314s]   Run "cmake --help-policy CMP0074" for policy details.  Use the cmake_policy
[7.314s]   command to set the policy and suppress this warning.
[7.314s] 
[7.314s]   CMake variable PCL_ROOT is set to:
[7.314s] 
[7.314s]     /usr
[7.314s] 
[7.314s]   For compatibility, CMake is ignoring the variable.
[7.315s] This warning is for project developers.  Use -Wno-dev to suppress it.
[7.315s] [0m
[7.473s] -- Configuring done
[7.575s] -- Generating done
[7.581s] -- Build files have been written to: /home/bingflame/firerush/build/unitree_lidar_ros2
[7.627s] Invoked command in '/home/bingflame/firerush/build/unitree_lidar_ros2' returned '0': CMAKE_PREFIX_PATH=/opt/ros/humble /usr/bin/cmake /home/bingflame/firerush/src/unitree_lidar_ros2/src/unitree_lidar_ros2 -DCMAKE_INSTALL_PREFIX=/home/bingflame/firerush/install/unitree_lidar_ros2
[7.632s] Invoking command in '/home/bingflame/firerush/build/unitree_lidar_ros2': CMAKE_PREFIX_PATH=/opt/ros/humble /usr/bin/cmake --build /home/bingflame/firerush/build/unitree_lidar_ros2 -- -j6 -l6
[7.741s] [ 50%] [32mBuilding CXX object CMakeFiles/unitree_lidar_ros2_node.dir/src/unitree_lidar_ros2_node.cpp.o[0m
[35.867s] [100%] [32m[1mLinking CXX executable unitree_lidar_ros2_node[0m
[36.952s] [100%] Built target unitree_lidar_ros2_node
[36.979s] Invoked command in '/home/bingflame/firerush/build/unitree_lidar_ros2' returned '0': CMAKE_PREFIX_PATH=/opt/ros/humble /usr/bin/cmake --build /home/bingflame/firerush/build/unitree_lidar_ros2 -- -j6 -l6
[37.039s] Invoking command in '/home/bingflame/firerush/build/unitree_lidar_ros2': CMAKE_PREFIX_PATH=/opt/ros/humble /usr/bin/cmake --install /home/bingflame/firerush/build/unitree_lidar_ros2
[37.057s] -- Install configuration: ""
[37.057s] -- Installing: /home/bingflame/firerush/install/unitree_lidar_ros2/lib/unitree_lidar_ros2/unitree_lidar_ros2_node
[37.062s] -- Set runtime path of "/home/bingflame/firerush/install/unitree_lidar_ros2/lib/unitree_lidar_ros2/unitree_lidar_ros2_node" to ""
[37.062s] -- Installing: /home/bingflame/firerush/install/unitree_lidar_ros2/share/unitree_lidar_ros2/view.rviz
[37.062s] -- Installing: /home/bingflame/firerush/install/unitree_lidar_ros2/share/unitree_lidar_ros2/launch.py
[37.063s] -- Installing: /home/bingflame/firerush/install/unitree_lidar_ros2/share/ament_index/resource_index/package_run_dependencies/unitree_lidar_ros2
[37.063s] -- Installing: /home/bingflame/firerush/install/unitree_lidar_ros2/share/ament_index/resource_index/parent_prefix_path/unitree_lidar_ros2
[37.064s] -- Installing: /home/bingflame/firerush/install/unitree_lidar_ros2/share/unitree_lidar_ros2/environment/ament_prefix_path.sh
[37.064s] -- Installing: /home/bingflame/firerush/install/unitree_lidar_ros2/share/unitree_lidar_ros2/environment/ament_prefix_path.dsv
[37.064s] -- Installing: /home/bingflame/firerush/install/unitree_lidar_ros2/share/unitree_lidar_ros2/environment/path.sh
[37.065s] -- Installing: /home/bingflame/firerush/install/unitree_lidar_ros2/share/unitree_lidar_ros2/environment/path.dsv
[37.065s] -- Installing: /home/bingflame/firerush/install/unitree_lidar_ros2/share/unitree_lidar_ros2/local_setup.bash
[37.065s] -- Installing: /home/bingflame/firerush/install/unitree_lidar_ros2/share/unitree_lidar_ros2/local_setup.sh
[37.066s] -- Installing: /home/bingflame/firerush/install/unitree_lidar_ros2/share/unitree_lidar_ros2/local_setup.zsh
[37.066s] -- Installing: /home/bingflame/firerush/install/unitree_lidar_ros2/share/unitree_lidar_ros2/local_setup.dsv
[37.066s] -- Installing: /home/bingflame/firerush/install/unitree_lidar_ros2/share/unitree_lidar_ros2/package.dsv
[37.066s] -- Installing: /home/bingflame/firerush/install/unitree_lidar_ros2/share/ament_index/resource_index/packages/unitree_lidar_ros2
[37.067s] -- Installing: /home/bingflame/firerush/install/unitree_lidar_ros2/share/unitree_lidar_ros2/cmake/unitree_lidar_ros2Config.cmake
[37.067s] -- Installing: /home/bingflame/firerush/install/unitree_lidar_ros2/share/unitree_lidar_ros2/cmake/unitree_lidar_ros2Config-version.cmake
[37.067s] -- Installing: /home/bingflame/firerush/install/unitree_lidar_ros2/share/unitree_lidar_ros2/package.xml
[37.073s] Invoked command in '/home/bingflame/firerush/build/unitree_lidar_ros2' returned '0': CMAKE_PREFIX_PATH=/opt/ros/humble /usr/bin/cmake --install /home/bingflame/firerush/build/unitree_lidar_ros2
