[0.210s] DEBUG:colcon:Command line arguments: ['/usr/bin/colcon', 'build']
[0.211s] DEBUG:colcon:Parsed command line arguments: Namespace(log_base=None, log_level=None, verb_name='build', build_base='build', install_base='install', merge_install=False, symlink_install=False, test_result_base=None, continue_on_error=False, executor='parallel', parallel_workers=6, event_handlers=None, ignore_user_meta=False, metas=['./colcon.meta'], base_paths=['.'], packages_ignore=None, packages_ignore_regex=None, paths=None, packages_up_to=None, packages_up_to_regex=None, packages_above=None, packages_above_and_dependencies=None, packages_above_depth=None, packages_select_by_dep=None, packages_skip_by_dep=None, packages_skip_up_to=None, packages_select_build_failed=False, packages_skip_build_finished=False, packages_select_test_failures=False, packages_skip_test_passed=False, packages_select=None, packages_skip=None, packages_select_regex=None, packages_skip_regex=None, packages_start=None, packages_end=None, allow_overriding=[], cmake_args=None, cmake_target=None, cmake_target_skip_unavailable=False, cmake_clean_cache=False, cmake_clean_first=False, cmake_force_configure=False, ament_cmake_args=None, catkin_cmake_args=None, catkin_skip_building_tests=False, verb_parser=<colcon_defaults.argument_parser.defaults.DefaultArgumentsDecorator object at 0xffffa646b910>, verb_extension=<colcon_core.verb.build.BuildVerb object at 0xffffa6680550>, main=<bound method BuildVerb.main of <colcon_core.verb.build.BuildVerb object at 0xffffa6680550>>)
[0.531s] Level 1:colcon.colcon_core.package_discovery:discover_packages(colcon_meta) check parameters
[0.532s] Level 1:colcon.colcon_core.package_discovery:discover_packages(recursive) check parameters
[0.532s] Level 1:colcon.colcon_core.package_discovery:discover_packages(ignore) check parameters
[0.532s] Level 1:colcon.colcon_core.package_discovery:discover_packages(path) check parameters
[0.532s] Level 1:colcon.colcon_core.package_discovery:discover_packages(colcon_meta) discover
[0.532s] Level 1:colcon.colcon_core.package_discovery:discover_packages(recursive) discover
[0.532s] INFO:colcon.colcon_core.package_discovery:Crawling recursively for packages in '/home/bingflame/firerush'
[0.532s] Level 1:colcon.colcon_core.package_identification:_identify(.) by extensions ['ignore', 'ignore_ament_install']
[0.533s] Level 1:colcon.colcon_core.package_identification:_identify(.) by extension 'ignore'
[0.533s] Level 1:colcon.colcon_core.package_identification:_identify(.) by extension 'ignore_ament_install'
[0.533s] Level 1:colcon.colcon_core.package_identification:_identify(.) by extensions ['colcon_pkg']
[0.533s] Level 1:colcon.colcon_core.package_identification:_identify(.) by extension 'colcon_pkg'
[0.533s] Level 1:colcon.colcon_core.package_identification:_identify(.) by extensions ['colcon_meta']
[0.533s] Level 1:colcon.colcon_core.package_identification:_identify(.) by extension 'colcon_meta'
[0.533s] Level 1:colcon.colcon_core.package_identification:_identify(.) by extensions ['ros']
[0.533s] Level 1:colcon.colcon_core.package_identification:_identify(.) by extension 'ros'
[0.557s] Level 1:colcon.colcon_core.package_identification:_identify(.) by extensions ['cmake', 'python']
[0.557s] Level 1:colcon.colcon_core.package_identification:_identify(.) by extension 'cmake'
[0.557s] Level 1:colcon.colcon_core.package_identification:_identify(.) by extension 'python'
[0.557s] Level 1:colcon.colcon_core.package_identification:_identify(.) by extensions ['python_setup_py']
[0.557s] Level 1:colcon.colcon_core.package_identification:_identify(.) by extension 'python_setup_py'
[0.558s] Level 1:colcon.colcon_core.package_identification:_identify(build) by extensions ['ignore', 'ignore_ament_install']
[0.558s] Level 1:colcon.colcon_core.package_identification:_identify(build) by extension 'ignore'
[0.558s] Level 1:colcon.colcon_core.package_identification:_identify(build) ignored
[0.558s] Level 1:colcon.colcon_core.package_identification:_identify(install) by extensions ['ignore', 'ignore_ament_install']
[0.559s] Level 1:colcon.colcon_core.package_identification:_identify(install) by extension 'ignore'
[0.559s] Level 1:colcon.colcon_core.package_identification:_identify(install) ignored
[0.559s] Level 1:colcon.colcon_core.package_identification:_identify(log) by extensions ['ignore', 'ignore_ament_install']
[0.559s] Level 1:colcon.colcon_core.package_identification:_identify(log) by extension 'ignore'
[0.559s] Level 1:colcon.colcon_core.package_identification:_identify(log) ignored
[0.559s] Level 1:colcon.colcon_core.package_identification:_identify(src) by extensions ['ignore', 'ignore_ament_install']
[0.560s] Level 1:colcon.colcon_core.package_identification:_identify(src) by extension 'ignore'
[0.560s] Level 1:colcon.colcon_core.package_identification:_identify(src) by extension 'ignore_ament_install'
[0.560s] Level 1:colcon.colcon_core.package_identification:_identify(src) by extensions ['colcon_pkg']
[0.560s] Level 1:colcon.colcon_core.package_identification:_identify(src) by extension 'colcon_pkg'
[0.560s] Level 1:colcon.colcon_core.package_identification:_identify(src) by extensions ['colcon_meta']
[0.560s] Level 1:colcon.colcon_core.package_identification:_identify(src) by extension 'colcon_meta'
[0.560s] Level 1:colcon.colcon_core.package_identification:_identify(src) by extensions ['ros']
[0.560s] Level 1:colcon.colcon_core.package_identification:_identify(src) by extension 'ros'
[0.560s] Level 1:colcon.colcon_core.package_identification:_identify(src) by extensions ['cmake', 'python']
[0.560s] Level 1:colcon.colcon_core.package_identification:_identify(src) by extension 'cmake'
[0.561s] Level 1:colcon.colcon_core.package_identification:_identify(src) by extension 'python'
[0.561s] Level 1:colcon.colcon_core.package_identification:_identify(src) by extensions ['python_setup_py']
[0.561s] Level 1:colcon.colcon_core.package_identification:_identify(src) by extension 'python_setup_py'
[0.561s] Level 1:colcon.colcon_core.package_identification:_identify(src/joint_publisher) by extensions ['ignore', 'ignore_ament_install']
[0.561s] Level 1:colcon.colcon_core.package_identification:_identify(src/joint_publisher) by extension 'ignore'
[0.561s] Level 1:colcon.colcon_core.package_identification:_identify(src/joint_publisher) by extension 'ignore_ament_install'
[0.561s] Level 1:colcon.colcon_core.package_identification:_identify(src/joint_publisher) by extensions ['colcon_pkg']
[0.561s] Level 1:colcon.colcon_core.package_identification:_identify(src/joint_publisher) by extension 'colcon_pkg'
[0.561s] Level 1:colcon.colcon_core.package_identification:_identify(src/joint_publisher) by extensions ['colcon_meta']
[0.561s] Level 1:colcon.colcon_core.package_identification:_identify(src/joint_publisher) by extension 'colcon_meta'
[0.562s] Level 1:colcon.colcon_core.package_identification:_identify(src/joint_publisher) by extensions ['ros']
[0.562s] Level 1:colcon.colcon_core.package_identification:_identify(src/joint_publisher) by extension 'ros'
[0.567s] DEBUG:colcon.colcon_core.package_identification:Package 'src/joint_publisher' with type 'ros.ament_python' and name 'joint_publisher'
[0.567s] Level 1:colcon.colcon_core.package_identification:_identify(src/roarm) by extensions ['ignore', 'ignore_ament_install']
[0.567s] Level 1:colcon.colcon_core.package_identification:_identify(src/roarm) by extension 'ignore'
[0.567s] Level 1:colcon.colcon_core.package_identification:_identify(src/roarm) by extension 'ignore_ament_install'
[0.567s] Level 1:colcon.colcon_core.package_identification:_identify(src/roarm) by extensions ['colcon_pkg']
[0.567s] Level 1:colcon.colcon_core.package_identification:_identify(src/roarm) by extension 'colcon_pkg'
[0.568s] Level 1:colcon.colcon_core.package_identification:_identify(src/roarm) by extensions ['colcon_meta']
[0.568s] Level 1:colcon.colcon_core.package_identification:_identify(src/roarm) by extension 'colcon_meta'
[0.568s] Level 1:colcon.colcon_core.package_identification:_identify(src/roarm) by extensions ['ros']
[0.568s] Level 1:colcon.colcon_core.package_identification:_identify(src/roarm) by extension 'ros'
[0.569s] DEBUG:colcon.colcon_core.package_identification:Package 'src/roarm' with type 'ros.ament_cmake' and name 'roarm'
[0.569s] Level 1:colcon.colcon_core.package_identification:_identify(src/serial_ctrl) by extensions ['ignore', 'ignore_ament_install']
[0.569s] Level 1:colcon.colcon_core.package_identification:_identify(src/serial_ctrl) by extension 'ignore'
[0.569s] Level 1:colcon.colcon_core.package_identification:_identify(src/serial_ctrl) by extension 'ignore_ament_install'
[0.570s] Level 1:colcon.colcon_core.package_identification:_identify(src/serial_ctrl) by extensions ['colcon_pkg']
[0.570s] Level 1:colcon.colcon_core.package_identification:_identify(src/serial_ctrl) by extension 'colcon_pkg'
[0.570s] Level 1:colcon.colcon_core.package_identification:_identify(src/serial_ctrl) by extensions ['colcon_meta']
[0.570s] Level 1:colcon.colcon_core.package_identification:_identify(src/serial_ctrl) by extension 'colcon_meta'
[0.570s] Level 1:colcon.colcon_core.package_identification:_identify(src/serial_ctrl) by extensions ['ros']
[0.570s] Level 1:colcon.colcon_core.package_identification:_identify(src/serial_ctrl) by extension 'ros'
[0.571s] DEBUG:colcon.colcon_core.package_identification:Package 'src/serial_ctrl' with type 'ros.ament_python' and name 'serial_ctrl'
[0.571s] Level 1:colcon.colcon_core.package_identification:_identify(src/unitree_lidar_ros2) by extensions ['ignore', 'ignore_ament_install']
[0.571s] Level 1:colcon.colcon_core.package_identification:_identify(src/unitree_lidar_ros2) by extension 'ignore'
[0.571s] Level 1:colcon.colcon_core.package_identification:_identify(src/unitree_lidar_ros2) by extension 'ignore_ament_install'
[0.572s] Level 1:colcon.colcon_core.package_identification:_identify(src/unitree_lidar_ros2) by extensions ['colcon_pkg']
[0.572s] Level 1:colcon.colcon_core.package_identification:_identify(src/unitree_lidar_ros2) by extension 'colcon_pkg'
[0.572s] Level 1:colcon.colcon_core.package_identification:_identify(src/unitree_lidar_ros2) by extensions ['colcon_meta']
[0.572s] Level 1:colcon.colcon_core.package_identification:_identify(src/unitree_lidar_ros2) by extension 'colcon_meta'
[0.572s] Level 1:colcon.colcon_core.package_identification:_identify(src/unitree_lidar_ros2) by extensions ['ros']
[0.572s] Level 1:colcon.colcon_core.package_identification:_identify(src/unitree_lidar_ros2) by extension 'ros'
[0.572s] Level 1:colcon.colcon_core.package_identification:_identify(src/unitree_lidar_ros2) by extensions ['cmake', 'python']
[0.572s] Level 1:colcon.colcon_core.package_identification:_identify(src/unitree_lidar_ros2) by extension 'cmake'
[0.572s] Level 1:colcon.colcon_core.package_identification:_identify(src/unitree_lidar_ros2) by extension 'python'
[0.572s] Level 1:colcon.colcon_core.package_identification:_identify(src/unitree_lidar_ros2) by extensions ['python_setup_py']
[0.572s] Level 1:colcon.colcon_core.package_identification:_identify(src/unitree_lidar_ros2) by extension 'python_setup_py'
[0.573s] Level 1:colcon.colcon_core.package_identification:_identify(src/unitree_lidar_ros2/build) by extensions ['ignore', 'ignore_ament_install']
[0.573s] Level 1:colcon.colcon_core.package_identification:_identify(src/unitree_lidar_ros2/build) by extension 'ignore'
[0.573s] Level 1:colcon.colcon_core.package_identification:_identify(src/unitree_lidar_ros2/build) ignored
[0.573s] Level 1:colcon.colcon_core.package_identification:_identify(src/unitree_lidar_ros2/install) by extensions ['ignore', 'ignore_ament_install']
[0.573s] Level 1:colcon.colcon_core.package_identification:_identify(src/unitree_lidar_ros2/install) by extension 'ignore'
[0.573s] Level 1:colcon.colcon_core.package_identification:_identify(src/unitree_lidar_ros2/install) ignored
[0.574s] Level 1:colcon.colcon_core.package_identification:_identify(src/unitree_lidar_ros2/log) by extensions ['ignore', 'ignore_ament_install']
[0.574s] Level 1:colcon.colcon_core.package_identification:_identify(src/unitree_lidar_ros2/log) by extension 'ignore'
[0.574s] Level 1:colcon.colcon_core.package_identification:_identify(src/unitree_lidar_ros2/log) ignored
[0.574s] Level 1:colcon.colcon_core.package_identification:_identify(src/unitree_lidar_ros2/src) by extensions ['ignore', 'ignore_ament_install']
[0.574s] Level 1:colcon.colcon_core.package_identification:_identify(src/unitree_lidar_ros2/src) by extension 'ignore'
[0.574s] Level 1:colcon.colcon_core.package_identification:_identify(src/unitree_lidar_ros2/src) by extension 'ignore_ament_install'
[0.574s] Level 1:colcon.colcon_core.package_identification:_identify(src/unitree_lidar_ros2/src) by extensions ['colcon_pkg']
[0.575s] Level 1:colcon.colcon_core.package_identification:_identify(src/unitree_lidar_ros2/src) by extension 'colcon_pkg'
[0.575s] Level 1:colcon.colcon_core.package_identification:_identify(src/unitree_lidar_ros2/src) by extensions ['colcon_meta']
[0.575s] Level 1:colcon.colcon_core.package_identification:_identify(src/unitree_lidar_ros2/src) by extension 'colcon_meta'
[0.575s] Level 1:colcon.colcon_core.package_identification:_identify(src/unitree_lidar_ros2/src) by extensions ['ros']
[0.575s] Level 1:colcon.colcon_core.package_identification:_identify(src/unitree_lidar_ros2/src) by extension 'ros'
[0.575s] Level 1:colcon.colcon_core.package_identification:_identify(src/unitree_lidar_ros2/src) by extensions ['cmake', 'python']
[0.575s] Level 1:colcon.colcon_core.package_identification:_identify(src/unitree_lidar_ros2/src) by extension 'cmake'
[0.575s] Level 1:colcon.colcon_core.package_identification:_identify(src/unitree_lidar_ros2/src) by extension 'python'
[0.575s] Level 1:colcon.colcon_core.package_identification:_identify(src/unitree_lidar_ros2/src) by extensions ['python_setup_py']
[0.575s] Level 1:colcon.colcon_core.package_identification:_identify(src/unitree_lidar_ros2/src) by extension 'python_setup_py'
[0.576s] Level 1:colcon.colcon_core.package_identification:_identify(src/unitree_lidar_ros2/src/unitree_lidar_ros2) by extensions ['ignore', 'ignore_ament_install']
[0.576s] Level 1:colcon.colcon_core.package_identification:_identify(src/unitree_lidar_ros2/src/unitree_lidar_ros2) by extension 'ignore'
[0.576s] Level 1:colcon.colcon_core.package_identification:_identify(src/unitree_lidar_ros2/src/unitree_lidar_ros2) by extension 'ignore_ament_install'
[0.576s] Level 1:colcon.colcon_core.package_identification:_identify(src/unitree_lidar_ros2/src/unitree_lidar_ros2) by extensions ['colcon_pkg']
[0.576s] Level 1:colcon.colcon_core.package_identification:_identify(src/unitree_lidar_ros2/src/unitree_lidar_ros2) by extension 'colcon_pkg'
[0.576s] Level 1:colcon.colcon_core.package_identification:_identify(src/unitree_lidar_ros2/src/unitree_lidar_ros2) by extensions ['colcon_meta']
[0.576s] Level 1:colcon.colcon_core.package_identification:_identify(src/unitree_lidar_ros2/src/unitree_lidar_ros2) by extension 'colcon_meta'
[0.576s] Level 1:colcon.colcon_core.package_identification:_identify(src/unitree_lidar_ros2/src/unitree_lidar_ros2) by extensions ['ros']
[0.576s] Level 1:colcon.colcon_core.package_identification:_identify(src/unitree_lidar_ros2/src/unitree_lidar_ros2) by extension 'ros'
[0.578s] DEBUG:colcon.colcon_core.package_identification:Package 'src/unitree_lidar_ros2/src/unitree_lidar_ros2' with type 'ros.ament_cmake' and name 'unitree_lidar_ros2'
[0.578s] Level 1:colcon.colcon_core.package_identification:_identify(src/unitree_lidar_sdk) by extensions ['ignore', 'ignore_ament_install']
[0.578s] Level 1:colcon.colcon_core.package_identification:_identify(src/unitree_lidar_sdk) by extension 'ignore'
[0.578s] Level 1:colcon.colcon_core.package_identification:_identify(src/unitree_lidar_sdk) by extension 'ignore_ament_install'
[0.579s] Level 1:colcon.colcon_core.package_identification:_identify(src/unitree_lidar_sdk) by extensions ['colcon_pkg']
[0.579s] Level 1:colcon.colcon_core.package_identification:_identify(src/unitree_lidar_sdk) by extension 'colcon_pkg'
[0.579s] Level 1:colcon.colcon_core.package_identification:_identify(src/unitree_lidar_sdk) by extensions ['colcon_meta']
[0.579s] Level 1:colcon.colcon_core.package_identification:_identify(src/unitree_lidar_sdk) by extension 'colcon_meta'
[0.579s] Level 1:colcon.colcon_core.package_identification:_identify(src/unitree_lidar_sdk) by extensions ['ros']
[0.579s] Level 1:colcon.colcon_core.package_identification:_identify(src/unitree_lidar_sdk) by extension 'ros'
[0.579s] Level 1:colcon.colcon_core.package_identification:_identify(src/unitree_lidar_sdk) by extensions ['cmake', 'python']
[0.579s] Level 1:colcon.colcon_core.package_identification:_identify(src/unitree_lidar_sdk) by extension 'cmake'
[0.582s] Level 1:colcon.colcon_core.package_identification:_identify(src/unitree_lidar_sdk) by extension 'python'
[0.582s] DEBUG:colcon.colcon_core.package_identification:Package 'src/unitree_lidar_sdk' with type 'cmake' and name 'unitree_lidar_sdk'
[0.582s] Level 1:colcon.colcon_core.package_discovery:discover_packages(recursive) using defaults
[0.582s] Level 1:colcon.colcon_core.package_discovery:discover_packages(ignore) discover
[0.582s] Level 1:colcon.colcon_core.package_discovery:discover_packages(ignore) using defaults
[0.582s] Level 1:colcon.colcon_core.package_discovery:discover_packages(path) discover
[0.583s] Level 1:colcon.colcon_core.package_discovery:discover_packages(path) using defaults
[0.621s] Level 1:colcon.colcon_core.package_discovery:discover_packages(prefix_path) check parameters
[0.622s] Level 1:colcon.colcon_core.package_discovery:discover_packages(prefix_path) discover
[0.626s] DEBUG:colcon.colcon_installed_package_information.package_discovery:Found 276 installed packages in /opt/ros/humble
[0.631s] Level 1:colcon.colcon_core.package_discovery:discover_packages(prefix_path) using defaults
[0.734s] Level 5:colcon.colcon_core.verb:set package 'joint_publisher' build argument 'cmake_args' from command line to 'None'
[0.735s] Level 5:colcon.colcon_core.verb:set package 'joint_publisher' build argument 'cmake_target' from command line to 'None'
[0.735s] Level 5:colcon.colcon_core.verb:set package 'joint_publisher' build argument 'cmake_target_skip_unavailable' from command line to 'False'
[0.735s] Level 5:colcon.colcon_core.verb:set package 'joint_publisher' build argument 'cmake_clean_cache' from command line to 'False'
[0.735s] Level 5:colcon.colcon_core.verb:set package 'joint_publisher' build argument 'cmake_clean_first' from command line to 'False'
[0.735s] Level 5:colcon.colcon_core.verb:set package 'joint_publisher' build argument 'cmake_force_configure' from command line to 'False'
[0.735s] Level 5:colcon.colcon_core.verb:set package 'joint_publisher' build argument 'ament_cmake_args' from command line to 'None'
[0.735s] Level 5:colcon.colcon_core.verb:set package 'joint_publisher' build argument 'catkin_cmake_args' from command line to 'None'
[0.735s] Level 5:colcon.colcon_core.verb:set package 'joint_publisher' build argument 'catkin_skip_building_tests' from command line to 'False'
[0.735s] DEBUG:colcon.colcon_core.verb:Building package 'joint_publisher' with the following arguments: {'ament_cmake_args': None, 'build_base': '/home/bingflame/firerush/build/joint_publisher', 'catkin_cmake_args': None, 'catkin_skip_building_tests': False, 'cmake_args': None, 'cmake_clean_cache': False, 'cmake_clean_first': False, 'cmake_force_configure': False, 'cmake_target': None, 'cmake_target_skip_unavailable': False, 'install_base': '/home/bingflame/firerush/install/joint_publisher', 'merge_install': False, 'path': '/home/bingflame/firerush/src/joint_publisher', 'symlink_install': False, 'test_result_base': None}
[0.736s] Level 5:colcon.colcon_core.verb:set package 'roarm' build argument 'cmake_args' from command line to 'None'
[0.736s] Level 5:colcon.colcon_core.verb:set package 'roarm' build argument 'cmake_target' from command line to 'None'
[0.736s] Level 5:colcon.colcon_core.verb:set package 'roarm' build argument 'cmake_target_skip_unavailable' from command line to 'False'
[0.736s] Level 5:colcon.colcon_core.verb:set package 'roarm' build argument 'cmake_clean_cache' from command line to 'False'
[0.736s] Level 5:colcon.colcon_core.verb:set package 'roarm' build argument 'cmake_clean_first' from command line to 'False'
[0.736s] Level 5:colcon.colcon_core.verb:set package 'roarm' build argument 'cmake_force_configure' from command line to 'False'
[0.736s] Level 5:colcon.colcon_core.verb:set package 'roarm' build argument 'ament_cmake_args' from command line to 'None'
[0.736s] Level 5:colcon.colcon_core.verb:set package 'roarm' build argument 'catkin_cmake_args' from command line to 'None'
[0.736s] Level 5:colcon.colcon_core.verb:set package 'roarm' build argument 'catkin_skip_building_tests' from command line to 'False'
[0.736s] DEBUG:colcon.colcon_core.verb:Building package 'roarm' with the following arguments: {'ament_cmake_args': None, 'build_base': '/home/bingflame/firerush/build/roarm', 'catkin_cmake_args': None, 'catkin_skip_building_tests': False, 'cmake_args': None, 'cmake_clean_cache': False, 'cmake_clean_first': False, 'cmake_force_configure': False, 'cmake_target': None, 'cmake_target_skip_unavailable': False, 'install_base': '/home/bingflame/firerush/install/roarm', 'merge_install': False, 'path': '/home/bingflame/firerush/src/roarm', 'symlink_install': False, 'test_result_base': None}
[0.737s] Level 5:colcon.colcon_core.verb:set package 'serial_ctrl' build argument 'cmake_args' from command line to 'None'
[0.737s] Level 5:colcon.colcon_core.verb:set package 'serial_ctrl' build argument 'cmake_target' from command line to 'None'
[0.737s] Level 5:colcon.colcon_core.verb:set package 'serial_ctrl' build argument 'cmake_target_skip_unavailable' from command line to 'False'
[0.737s] Level 5:colcon.colcon_core.verb:set package 'serial_ctrl' build argument 'cmake_clean_cache' from command line to 'False'
[0.737s] Level 5:colcon.colcon_core.verb:set package 'serial_ctrl' build argument 'cmake_clean_first' from command line to 'False'
[0.737s] Level 5:colcon.colcon_core.verb:set package 'serial_ctrl' build argument 'cmake_force_configure' from command line to 'False'
[0.737s] Level 5:colcon.colcon_core.verb:set package 'serial_ctrl' build argument 'ament_cmake_args' from command line to 'None'
[0.737s] Level 5:colcon.colcon_core.verb:set package 'serial_ctrl' build argument 'catkin_cmake_args' from command line to 'None'
[0.737s] Level 5:colcon.colcon_core.verb:set package 'serial_ctrl' build argument 'catkin_skip_building_tests' from command line to 'False'
[0.737s] DEBUG:colcon.colcon_core.verb:Building package 'serial_ctrl' with the following arguments: {'ament_cmake_args': None, 'build_base': '/home/bingflame/firerush/build/serial_ctrl', 'catkin_cmake_args': None, 'catkin_skip_building_tests': False, 'cmake_args': None, 'cmake_clean_cache': False, 'cmake_clean_first': False, 'cmake_force_configure': False, 'cmake_target': None, 'cmake_target_skip_unavailable': False, 'install_base': '/home/bingflame/firerush/install/serial_ctrl', 'merge_install': False, 'path': '/home/bingflame/firerush/src/serial_ctrl', 'symlink_install': False, 'test_result_base': None}
[0.738s] Level 5:colcon.colcon_core.verb:set package 'unitree_lidar_ros2' build argument 'cmake_args' from command line to 'None'
[0.738s] Level 5:colcon.colcon_core.verb:set package 'unitree_lidar_ros2' build argument 'cmake_target' from command line to 'None'
[0.738s] Level 5:colcon.colcon_core.verb:set package 'unitree_lidar_ros2' build argument 'cmake_target_skip_unavailable' from command line to 'False'
[0.738s] Level 5:colcon.colcon_core.verb:set package 'unitree_lidar_ros2' build argument 'cmake_clean_cache' from command line to 'False'
[0.738s] Level 5:colcon.colcon_core.verb:set package 'unitree_lidar_ros2' build argument 'cmake_clean_first' from command line to 'False'
[0.738s] Level 5:colcon.colcon_core.verb:set package 'unitree_lidar_ros2' build argument 'cmake_force_configure' from command line to 'False'
[0.738s] Level 5:colcon.colcon_core.verb:set package 'unitree_lidar_ros2' build argument 'ament_cmake_args' from command line to 'None'
[0.738s] Level 5:colcon.colcon_core.verb:set package 'unitree_lidar_ros2' build argument 'catkin_cmake_args' from command line to 'None'
[0.738s] Level 5:colcon.colcon_core.verb:set package 'unitree_lidar_ros2' build argument 'catkin_skip_building_tests' from command line to 'False'
[0.738s] DEBUG:colcon.colcon_core.verb:Building package 'unitree_lidar_ros2' with the following arguments: {'ament_cmake_args': None, 'build_base': '/home/bingflame/firerush/build/unitree_lidar_ros2', 'catkin_cmake_args': None, 'catkin_skip_building_tests': False, 'cmake_args': None, 'cmake_clean_cache': False, 'cmake_clean_first': False, 'cmake_force_configure': False, 'cmake_target': None, 'cmake_target_skip_unavailable': False, 'install_base': '/home/bingflame/firerush/install/unitree_lidar_ros2', 'merge_install': False, 'path': '/home/bingflame/firerush/src/unitree_lidar_ros2/src/unitree_lidar_ros2', 'symlink_install': False, 'test_result_base': None}
[0.739s] Level 5:colcon.colcon_core.verb:set package 'unitree_lidar_sdk' build argument 'cmake_args' from command line to 'None'
[0.739s] Level 5:colcon.colcon_core.verb:set package 'unitree_lidar_sdk' build argument 'cmake_target' from command line to 'None'
[0.739s] Level 5:colcon.colcon_core.verb:set package 'unitree_lidar_sdk' build argument 'cmake_target_skip_unavailable' from command line to 'False'
[0.739s] Level 5:colcon.colcon_core.verb:set package 'unitree_lidar_sdk' build argument 'cmake_clean_cache' from command line to 'False'
[0.739s] Level 5:colcon.colcon_core.verb:set package 'unitree_lidar_sdk' build argument 'cmake_clean_first' from command line to 'False'
[0.739s] Level 5:colcon.colcon_core.verb:set package 'unitree_lidar_sdk' build argument 'cmake_force_configure' from command line to 'False'
[0.739s] Level 5:colcon.colcon_core.verb:set package 'unitree_lidar_sdk' build argument 'ament_cmake_args' from command line to 'None'
[0.739s] Level 5:colcon.colcon_core.verb:set package 'unitree_lidar_sdk' build argument 'catkin_cmake_args' from command line to 'None'
[0.739s] Level 5:colcon.colcon_core.verb:set package 'unitree_lidar_sdk' build argument 'catkin_skip_building_tests' from command line to 'False'
[0.740s] DEBUG:colcon.colcon_core.verb:Building package 'unitree_lidar_sdk' with the following arguments: {'ament_cmake_args': None, 'build_base': '/home/bingflame/firerush/build/unitree_lidar_sdk', 'catkin_cmake_args': None, 'catkin_skip_building_tests': False, 'cmake_args': None, 'cmake_clean_cache': False, 'cmake_clean_first': False, 'cmake_force_configure': False, 'cmake_target': None, 'cmake_target_skip_unavailable': False, 'install_base': '/home/bingflame/firerush/install/unitree_lidar_sdk', 'merge_install': False, 'path': '/home/bingflame/firerush/src/unitree_lidar_sdk', 'symlink_install': False, 'test_result_base': None}
[0.740s] INFO:colcon.colcon_core.executor:Executing jobs using 'parallel' executor
[0.742s] DEBUG:colcon.colcon_parallel_executor.executor.parallel:run_until_complete
[0.743s] INFO:colcon.colcon_ros.task.ament_python.build:Building ROS package in '/home/bingflame/firerush/src/joint_publisher' with build type 'ament_python'
[0.743s] Level 1:colcon.colcon_core.shell:create_environment_hook('joint_publisher', 'ament_prefix_path')
[0.747s] INFO:colcon.colcon_core.plugin_system:Skipping extension 'colcon_core.shell.bat': Not used on non-Windows systems
[0.748s] INFO:colcon.colcon_core.shell:Creating environment hook '/home/bingflame/firerush/install/joint_publisher/share/joint_publisher/hook/ament_prefix_path.ps1'
[0.750s] INFO:colcon.colcon_core.shell:Creating environment descriptor '/home/bingflame/firerush/install/joint_publisher/share/joint_publisher/hook/ament_prefix_path.dsv'
[0.750s] INFO:colcon.colcon_core.shell:Creating environment hook '/home/bingflame/firerush/install/joint_publisher/share/joint_publisher/hook/ament_prefix_path.sh'
[0.752s] INFO:colcon.colcon_core.shell:Skip shell extension 'powershell' for command environment: Not usable outside of PowerShell
[0.752s] DEBUG:colcon.colcon_core.shell:Skip shell extension 'dsv' for command environment
[0.757s] INFO:colcon.colcon_ros.task.ament_cmake.build:Building ROS package in '/home/bingflame/firerush/src/roarm' with build type 'ament_cmake'
[0.757s] INFO:colcon.colcon_cmake.task.cmake.build:Building CMake package in '/home/bingflame/firerush/src/roarm'
[0.758s] INFO:colcon.colcon_core.shell:Skip shell extension 'powershell' for command environment: Not usable outside of PowerShell
[0.758s] DEBUG:colcon.colcon_core.shell:Skip shell extension 'dsv' for command environment
[0.762s] INFO:colcon.colcon_ros.task.ament_python.build:Building ROS package in '/home/bingflame/firerush/src/serial_ctrl' with build type 'ament_python'
[0.762s] Level 1:colcon.colcon_core.shell:create_environment_hook('serial_ctrl', 'ament_prefix_path')
[0.763s] INFO:colcon.colcon_core.shell:Creating environment hook '/home/bingflame/firerush/install/serial_ctrl/share/serial_ctrl/hook/ament_prefix_path.ps1'
[0.764s] INFO:colcon.colcon_core.shell:Creating environment descriptor '/home/bingflame/firerush/install/serial_ctrl/share/serial_ctrl/hook/ament_prefix_path.dsv'
[0.765s] INFO:colcon.colcon_core.shell:Creating environment hook '/home/bingflame/firerush/install/serial_ctrl/share/serial_ctrl/hook/ament_prefix_path.sh'
[0.766s] INFO:colcon.colcon_core.shell:Skip shell extension 'powershell' for command environment: Not usable outside of PowerShell
[0.766s] DEBUG:colcon.colcon_core.shell:Skip shell extension 'dsv' for command environment
[0.770s] INFO:colcon.colcon_ros.task.ament_cmake.build:Building ROS package in '/home/bingflame/firerush/src/unitree_lidar_ros2/src/unitree_lidar_ros2' with build type 'ament_cmake'
[0.770s] INFO:colcon.colcon_cmake.task.cmake.build:Building CMake package in '/home/bingflame/firerush/src/unitree_lidar_ros2/src/unitree_lidar_ros2'
[0.771s] INFO:colcon.colcon_core.shell:Skip shell extension 'powershell' for command environment: Not usable outside of PowerShell
[0.771s] DEBUG:colcon.colcon_core.shell:Skip shell extension 'dsv' for command environment
[0.775s] INFO:colcon.colcon_cmake.task.cmake.build:Building CMake package in '/home/bingflame/firerush/src/unitree_lidar_sdk'
[0.775s] INFO:colcon.colcon_core.shell:Skip shell extension 'powershell' for command environment: Not usable outside of PowerShell
[0.776s] DEBUG:colcon.colcon_core.shell:Skip shell extension 'dsv' for command environment
[1.280s] INFO:colcon.colcon_core.task.python.build:Building Python package in '/home/bingflame/firerush/src/joint_publisher'
[1.280s] INFO:colcon.colcon_core.shell:Skip shell extension 'powershell' for command environment: Not usable outside of PowerShell
[1.281s] DEBUG:colcon.colcon_core.shell:Skip shell extension 'dsv' for command environment
[1.293s] DEBUG:colcon.colcon_core.event_handler.log_command:Invoking command in '/home/bingflame/firerush/build/roarm': CMAKE_PREFIX_PATH=/opt/ros/humble /usr/bin/cmake --build /home/bingflame/firerush/build/roarm -- -j6 -l6
[1.796s] INFO:colcon.colcon_core.task.python.build:Building Python package in '/home/bingflame/firerush/src/serial_ctrl'
[1.797s] INFO:colcon.colcon_core.shell:Skip shell extension 'powershell' for command environment: Not usable outside of PowerShell
[1.798s] DEBUG:colcon.colcon_core.shell:Skip shell extension 'dsv' for command environment
[1.816s] DEBUG:colcon.colcon_core.event_handler.log_command:Invoking command in '/home/bingflame/firerush/build/unitree_lidar_ros2': CMAKE_PREFIX_PATH=/opt/ros/humble /usr/bin/cmake --build /home/bingflame/firerush/build/unitree_lidar_ros2 -- -j6 -l6
[1.825s] DEBUG:colcon.colcon_core.event_handler.log_command:Invoking command in '/home/bingflame/firerush/build/unitree_lidar_sdk': /usr/bin/cmake --build /home/bingflame/firerush/build/unitree_lidar_sdk -- -j6 -l6
[1.828s] DEBUG:colcon.colcon_core.event_handler.log_command:Invoked command in '/home/bingflame/firerush/build/roarm' returned '0': CMAKE_PREFIX_PATH=/opt/ros/humble /usr/bin/cmake --build /home/bingflame/firerush/build/roarm -- -j6 -l6
[1.892s] DEBUG:colcon.colcon_core.event_handler.log_command:Invoking command in '/home/bingflame/firerush/build/roarm': CMAKE_PREFIX_PATH=/opt/ros/humble /usr/bin/cmake --install /home/bingflame/firerush/build/roarm
[1.927s] Level 1:colcon.colcon_core.environment:create_environment_scripts_only(roarm)
[1.932s] Level 1:colcon.colcon_core.environment:checking '/home/bingflame/firerush/install/roarm' for CMake module files
[1.933s] Level 1:colcon.colcon_core.environment:checking '/home/bingflame/firerush/install/roarm' for CMake config files
[1.934s] Level 1:colcon.colcon_core.shell:create_environment_hook('roarm', 'cmake_prefix_path')
[1.934s] INFO:colcon.colcon_core.shell:Creating environment hook '/home/bingflame/firerush/install/roarm/share/roarm/hook/cmake_prefix_path.ps1'
[1.936s] INFO:colcon.colcon_core.shell:Creating environment descriptor '/home/bingflame/firerush/install/roarm/share/roarm/hook/cmake_prefix_path.dsv'
[1.938s] DEBUG:colcon.colcon_core.event_handler.log_command:Invoked command in '/home/bingflame/firerush/build/roarm' returned '0': CMAKE_PREFIX_PATH=/opt/ros/humble /usr/bin/cmake --install /home/bingflame/firerush/build/roarm
[1.939s] INFO:colcon.colcon_core.shell:Creating environment hook '/home/bingflame/firerush/install/roarm/share/roarm/hook/cmake_prefix_path.sh'
[1.941s] Level 1:colcon.colcon_core.environment:checking '/home/bingflame/firerush/install/roarm/bin'
[1.941s] Level 1:colcon.colcon_core.environment:checking '/home/bingflame/firerush/install/roarm/lib/pkgconfig/roarm.pc'
[1.941s] Level 1:colcon.colcon_core.environment:checking '/home/bingflame/firerush/install/roarm/lib/python3.10/site-packages'
[1.942s] Level 1:colcon.colcon_core.environment:checking '/home/bingflame/firerush/install/roarm/bin'
[1.942s] INFO:colcon.colcon_core.shell:Creating package script '/home/bingflame/firerush/install/roarm/share/roarm/package.ps1'
[1.944s] INFO:colcon.colcon_core.shell:Creating package descriptor '/home/bingflame/firerush/install/roarm/share/roarm/package.dsv'
[1.946s] INFO:colcon.colcon_core.shell:Creating package script '/home/bingflame/firerush/install/roarm/share/roarm/package.sh'
[1.948s] INFO:colcon.colcon_core.shell:Creating package script '/home/bingflame/firerush/install/roarm/share/roarm/package.bash'
[1.951s] INFO:colcon.colcon_core.shell:Creating package script '/home/bingflame/firerush/install/roarm/share/roarm/package.zsh'
[1.953s] Level 1:colcon.colcon_core.environment:create_file_with_runtime_dependencies(/home/bingflame/firerush/install/roarm/share/colcon-core/packages/roarm)
[1.992s] DEBUG:colcon.colcon_core.event_handler.log_command:Invoked command in '/home/bingflame/firerush/build/unitree_lidar_sdk' returned '0': /usr/bin/cmake --build /home/bingflame/firerush/build/unitree_lidar_sdk -- -j6 -l6
[1.999s] Level 1:colcon.colcon_core.environment:create_environment_scripts_only(roarm)
[2.000s] Level 1:colcon.colcon_core.environment:checking '/home/bingflame/firerush/install/roarm' for CMake module files
[2.001s] Level 1:colcon.colcon_core.environment:checking '/home/bingflame/firerush/install/roarm' for CMake config files
[2.002s] Level 1:colcon.colcon_core.shell:create_environment_hook('roarm', 'cmake_prefix_path')
[2.002s] INFO:colcon.colcon_core.shell:Creating environment hook '/home/bingflame/firerush/install/roarm/share/roarm/hook/cmake_prefix_path.ps1'
[2.004s] INFO:colcon.colcon_core.shell:Creating environment descriptor '/home/bingflame/firerush/install/roarm/share/roarm/hook/cmake_prefix_path.dsv'
[2.004s] INFO:colcon.colcon_core.shell:Creating environment hook '/home/bingflame/firerush/install/roarm/share/roarm/hook/cmake_prefix_path.sh'
[2.006s] Level 1:colcon.colcon_core.environment:checking '/home/bingflame/firerush/install/roarm/bin'
[2.006s] Level 1:colcon.colcon_core.environment:checking '/home/bingflame/firerush/install/roarm/lib/pkgconfig/roarm.pc'
[2.007s] Level 1:colcon.colcon_core.environment:checking '/home/bingflame/firerush/install/roarm/lib/python3.10/site-packages'
[2.007s] Level 1:colcon.colcon_core.environment:checking '/home/bingflame/firerush/install/roarm/bin'
[2.008s] INFO:colcon.colcon_core.shell:Creating package script '/home/bingflame/firerush/install/roarm/share/roarm/package.ps1'
[2.009s] INFO:colcon.colcon_core.shell:Creating package descriptor '/home/bingflame/firerush/install/roarm/share/roarm/package.dsv'
[2.010s] INFO:colcon.colcon_core.shell:Creating package script '/home/bingflame/firerush/install/roarm/share/roarm/package.sh'
[2.011s] INFO:colcon.colcon_core.shell:Creating package script '/home/bingflame/firerush/install/roarm/share/roarm/package.bash'
[2.012s] INFO:colcon.colcon_core.shell:Creating package script '/home/bingflame/firerush/install/roarm/share/roarm/package.zsh'
[2.013s] Level 1:colcon.colcon_core.environment:create_file_with_runtime_dependencies(/home/bingflame/firerush/install/roarm/share/colcon-core/packages/roarm)
[2.017s] DEBUG:colcon.colcon_core.event_handler.log_command:Invoked command in '/home/bingflame/firerush/build/unitree_lidar_ros2' returned '0': CMAKE_PREFIX_PATH=/opt/ros/humble /usr/bin/cmake --build /home/bingflame/firerush/build/unitree_lidar_ros2 -- -j6 -l6
[2.041s] WARNING:colcon.colcon_cmake.task.cmake.build:Could not run installation step for package 'unitree_lidar_sdk' because it has no 'install' target
[2.041s] Level 1:colcon.colcon_core.environment:create_environment_scripts_only(unitree_lidar_sdk)
[2.042s] Level 1:colcon.colcon_core.environment:checking '/home/bingflame/firerush/install/unitree_lidar_sdk' for CMake module files
[2.042s] Level 1:colcon.colcon_core.environment:checking '/home/bingflame/firerush/install/unitree_lidar_sdk' for CMake config files
[2.043s] Level 1:colcon.colcon_core.environment:checking '/home/bingflame/firerush/install/unitree_lidar_sdk/bin'
[2.043s] Level 1:colcon.colcon_core.environment:checking '/home/bingflame/firerush/install/unitree_lidar_sdk/lib/pkgconfig/unitree_lidar_sdk.pc'
[2.044s] Level 1:colcon.colcon_core.environment:checking '/home/bingflame/firerush/install/unitree_lidar_sdk/lib/python3.10/site-packages'
[2.044s] Level 1:colcon.colcon_core.environment:checking '/home/bingflame/firerush/install/unitree_lidar_sdk/bin'
[2.045s] INFO:colcon.colcon_core.shell:Creating package script '/home/bingflame/firerush/install/unitree_lidar_sdk/share/unitree_lidar_sdk/package.ps1'
[2.046s] INFO:colcon.colcon_core.shell:Creating package descriptor '/home/bingflame/firerush/install/unitree_lidar_sdk/share/unitree_lidar_sdk/package.dsv'
[2.047s] INFO:colcon.colcon_core.shell:Creating package script '/home/bingflame/firerush/install/unitree_lidar_sdk/share/unitree_lidar_sdk/package.sh'
[2.048s] INFO:colcon.colcon_core.shell:Creating package script '/home/bingflame/firerush/install/unitree_lidar_sdk/share/unitree_lidar_sdk/package.bash'
[2.049s] INFO:colcon.colcon_core.shell:Creating package script '/home/bingflame/firerush/install/unitree_lidar_sdk/share/unitree_lidar_sdk/package.zsh'
[2.050s] Level 1:colcon.colcon_core.environment:create_file_with_runtime_dependencies(/home/bingflame/firerush/install/unitree_lidar_sdk/share/colcon-core/packages/unitree_lidar_sdk)
[2.073s] DEBUG:colcon.colcon_core.event_handler.log_command:Invoking command in '/home/bingflame/firerush/build/unitree_lidar_ros2': CMAKE_PREFIX_PATH=/opt/ros/humble /usr/bin/cmake --install /home/bingflame/firerush/build/unitree_lidar_ros2
[2.094s] Level 1:colcon.colcon_core.environment:create_environment_scripts_only(unitree_lidar_ros2)
[2.095s] Level 1:colcon.colcon_core.environment:checking '/home/bingflame/firerush/install/unitree_lidar_ros2' for CMake module files
[2.096s] Level 1:colcon.colcon_core.environment:checking '/home/bingflame/firerush/install/unitree_lidar_ros2' for CMake config files
[2.097s] DEBUG:colcon.colcon_core.event_handler.log_command:Invoked command in '/home/bingflame/firerush/build/unitree_lidar_ros2' returned '0': CMAKE_PREFIX_PATH=/opt/ros/humble /usr/bin/cmake --install /home/bingflame/firerush/build/unitree_lidar_ros2
[2.097s] Level 1:colcon.colcon_core.shell:create_environment_hook('unitree_lidar_ros2', 'cmake_prefix_path')
[2.098s] INFO:colcon.colcon_core.shell:Creating environment hook '/home/bingflame/firerush/install/unitree_lidar_ros2/share/unitree_lidar_ros2/hook/cmake_prefix_path.ps1'
[2.099s] INFO:colcon.colcon_core.shell:Creating environment descriptor '/home/bingflame/firerush/install/unitree_lidar_ros2/share/unitree_lidar_ros2/hook/cmake_prefix_path.dsv'
[2.100s] INFO:colcon.colcon_core.shell:Creating environment hook '/home/bingflame/firerush/install/unitree_lidar_ros2/share/unitree_lidar_ros2/hook/cmake_prefix_path.sh'
[2.101s] Level 1:colcon.colcon_core.environment:checking '/home/bingflame/firerush/install/unitree_lidar_ros2/lib'
[2.102s] Level 1:colcon.colcon_core.environment:checking '/home/bingflame/firerush/install/unitree_lidar_ros2/bin'
[2.102s] Level 1:colcon.colcon_core.environment:checking '/home/bingflame/firerush/install/unitree_lidar_ros2/lib/pkgconfig/unitree_lidar_ros2.pc'
[2.102s] Level 1:colcon.colcon_core.environment:checking '/home/bingflame/firerush/install/unitree_lidar_ros2/lib/python3.10/site-packages'
[2.103s] Level 1:colcon.colcon_core.environment:checking '/home/bingflame/firerush/install/unitree_lidar_ros2/bin'
[2.103s] INFO:colcon.colcon_core.shell:Creating package script '/home/bingflame/firerush/install/unitree_lidar_ros2/share/unitree_lidar_ros2/package.ps1'
[2.104s] INFO:colcon.colcon_core.shell:Creating package descriptor '/home/bingflame/firerush/install/unitree_lidar_ros2/share/unitree_lidar_ros2/package.dsv'
[2.105s] INFO:colcon.colcon_core.shell:Creating package script '/home/bingflame/firerush/install/unitree_lidar_ros2/share/unitree_lidar_ros2/package.sh'
[2.106s] INFO:colcon.colcon_core.shell:Creating package script '/home/bingflame/firerush/install/unitree_lidar_ros2/share/unitree_lidar_ros2/package.bash'
[2.107s] INFO:colcon.colcon_core.shell:Creating package script '/home/bingflame/firerush/install/unitree_lidar_ros2/share/unitree_lidar_ros2/package.zsh'
[2.107s] Level 1:colcon.colcon_core.environment:create_file_with_runtime_dependencies(/home/bingflame/firerush/install/unitree_lidar_ros2/share/colcon-core/packages/unitree_lidar_ros2)
[2.161s] Level 1:colcon.colcon_core.environment:create_environment_scripts_only(unitree_lidar_ros2)
[2.162s] Level 1:colcon.colcon_core.environment:checking '/home/bingflame/firerush/install/unitree_lidar_ros2' for CMake module files
[2.163s] Level 1:colcon.colcon_core.environment:checking '/home/bingflame/firerush/install/unitree_lidar_ros2' for CMake config files
[2.163s] Level 1:colcon.colcon_core.shell:create_environment_hook('unitree_lidar_ros2', 'cmake_prefix_path')
[2.164s] INFO:colcon.colcon_core.shell:Creating environment hook '/home/bingflame/firerush/install/unitree_lidar_ros2/share/unitree_lidar_ros2/hook/cmake_prefix_path.ps1'
[2.165s] INFO:colcon.colcon_core.shell:Creating environment descriptor '/home/bingflame/firerush/install/unitree_lidar_ros2/share/unitree_lidar_ros2/hook/cmake_prefix_path.dsv'
[2.166s] INFO:colcon.colcon_core.shell:Creating environment hook '/home/bingflame/firerush/install/unitree_lidar_ros2/share/unitree_lidar_ros2/hook/cmake_prefix_path.sh'
[2.167s] Level 1:colcon.colcon_core.environment:checking '/home/bingflame/firerush/install/unitree_lidar_ros2/lib'
[2.167s] Level 1:colcon.colcon_core.environment:checking '/home/bingflame/firerush/install/unitree_lidar_ros2/bin'
[2.167s] Level 1:colcon.colcon_core.environment:checking '/home/bingflame/firerush/install/unitree_lidar_ros2/lib/pkgconfig/unitree_lidar_ros2.pc'
[2.168s] Level 1:colcon.colcon_core.environment:checking '/home/bingflame/firerush/install/unitree_lidar_ros2/lib/python3.10/site-packages'
[2.168s] Level 1:colcon.colcon_core.environment:checking '/home/bingflame/firerush/install/unitree_lidar_ros2/bin'
[2.169s] INFO:colcon.colcon_core.shell:Creating package script '/home/bingflame/firerush/install/unitree_lidar_ros2/share/unitree_lidar_ros2/package.ps1'
[2.170s] INFO:colcon.colcon_core.shell:Creating package descriptor '/home/bingflame/firerush/install/unitree_lidar_ros2/share/unitree_lidar_ros2/package.dsv'
[2.171s] INFO:colcon.colcon_core.shell:Creating package script '/home/bingflame/firerush/install/unitree_lidar_ros2/share/unitree_lidar_ros2/package.sh'
[2.172s] INFO:colcon.colcon_core.shell:Creating package script '/home/bingflame/firerush/install/unitree_lidar_ros2/share/unitree_lidar_ros2/package.bash'
[2.173s] INFO:colcon.colcon_core.shell:Creating package script '/home/bingflame/firerush/install/unitree_lidar_ros2/share/unitree_lidar_ros2/package.zsh'
[2.174s] Level 1:colcon.colcon_core.environment:create_file_with_runtime_dependencies(/home/bingflame/firerush/install/unitree_lidar_ros2/share/colcon-core/packages/unitree_lidar_ros2)
[2.534s] DEBUG:colcon.colcon_core.event_handler.log_command:Invoking command in '/home/bingflame/firerush/src/serial_ctrl': PYTHONPATH=/home/bingflame/firerush/build/serial_ctrl/prefix_override:/usr/lib/python3/dist-packages/colcon_core/task/python/colcon_distutils_commands:/home/bingflame/firerush/install/serial_ctrl/lib/python3.10/site-packages:${PYTHONPATH} /usr/bin/python3 -W ignore:setup.py install is deprecated setup.py egg_info --egg-base ../../build/serial_ctrl build --build-base /home/bingflame/firerush/build/serial_ctrl/build install --record /home/bingflame/firerush/build/serial_ctrl/install.log --single-version-externally-managed install_data
[2.539s] DEBUG:colcon.colcon_core.event_handler.log_command:Invoking command in '/home/bingflame/firerush/src/joint_publisher': PYTHONPATH=/home/bingflame/firerush/build/joint_publisher/prefix_override:/usr/lib/python3/dist-packages/colcon_core/task/python/colcon_distutils_commands:/home/bingflame/firerush/install/joint_publisher/lib/python3.10/site-packages:${PYTHONPATH} /usr/bin/python3 -W ignore:setup.py install is deprecated setup.py egg_info --egg-base ../../build/joint_publisher build --build-base /home/bingflame/firerush/build/joint_publisher/build install --record /home/bingflame/firerush/build/joint_publisher/install.log --single-version-externally-managed install_data
[3.124s] Level 1:colcon.colcon_core.environment:checking '/home/bingflame/firerush/install/serial_ctrl' for CMake module files
[3.125s] DEBUG:colcon.colcon_core.event_handler.log_command:Invoked command in '/home/bingflame/firerush/src/serial_ctrl' returned '0': PYTHONPATH=/home/bingflame/firerush/build/serial_ctrl/prefix_override:/usr/lib/python3/dist-packages/colcon_core/task/python/colcon_distutils_commands:/home/bingflame/firerush/install/serial_ctrl/lib/python3.10/site-packages:${PYTHONPATH} /usr/bin/python3 -W ignore:setup.py install is deprecated setup.py egg_info --egg-base ../../build/serial_ctrl build --build-base /home/bingflame/firerush/build/serial_ctrl/build install --record /home/bingflame/firerush/build/serial_ctrl/install.log --single-version-externally-managed install_data
[3.126s] Level 1:colcon.colcon_core.environment:checking '/home/bingflame/firerush/install/serial_ctrl' for CMake config files
[3.129s] Level 1:colcon.colcon_core.environment:checking '/home/bingflame/firerush/install/serial_ctrl/lib'
[3.129s] Level 1:colcon.colcon_core.environment:checking '/home/bingflame/firerush/install/serial_ctrl/bin'
[3.129s] Level 1:colcon.colcon_core.environment:checking '/home/bingflame/firerush/install/serial_ctrl/lib/pkgconfig/serial_ctrl.pc'
[3.130s] Level 1:colcon.colcon_core.environment:checking '/home/bingflame/firerush/install/serial_ctrl/lib/python3.10/site-packages'
[3.130s] Level 1:colcon.colcon_core.shell:create_environment_hook('serial_ctrl', 'pythonpath')
[3.131s] INFO:colcon.colcon_core.shell:Creating environment hook '/home/bingflame/firerush/install/serial_ctrl/share/serial_ctrl/hook/pythonpath.ps1'
[3.133s] INFO:colcon.colcon_core.shell:Creating environment descriptor '/home/bingflame/firerush/install/serial_ctrl/share/serial_ctrl/hook/pythonpath.dsv'
[3.134s] INFO:colcon.colcon_core.shell:Creating environment hook '/home/bingflame/firerush/install/serial_ctrl/share/serial_ctrl/hook/pythonpath.sh'
[3.137s] Level 1:colcon.colcon_core.environment:checking '/home/bingflame/firerush/install/serial_ctrl/bin'
[3.137s] Level 1:colcon.colcon_core.environment:create_environment_scripts_only(serial_ctrl)
[3.138s] INFO:colcon.colcon_core.shell:Creating package script '/home/bingflame/firerush/install/serial_ctrl/share/serial_ctrl/package.ps1'
[3.140s] INFO:colcon.colcon_core.shell:Creating package descriptor '/home/bingflame/firerush/install/serial_ctrl/share/serial_ctrl/package.dsv'
[3.142s] INFO:colcon.colcon_core.shell:Creating package script '/home/bingflame/firerush/install/serial_ctrl/share/serial_ctrl/package.sh'
[3.143s] INFO:colcon.colcon_core.shell:Creating package script '/home/bingflame/firerush/install/serial_ctrl/share/serial_ctrl/package.bash'
[3.145s] INFO:colcon.colcon_core.shell:Creating package script '/home/bingflame/firerush/install/serial_ctrl/share/serial_ctrl/package.zsh'
[3.146s] Level 1:colcon.colcon_core.environment:create_file_with_runtime_dependencies(/home/bingflame/firerush/install/serial_ctrl/share/colcon-core/packages/serial_ctrl)
[3.150s] Level 1:colcon.colcon_core.environment:checking '/home/bingflame/firerush/install/joint_publisher' for CMake module files
[3.152s] DEBUG:colcon.colcon_core.event_handler.log_command:Invoked command in '/home/bingflame/firerush/src/joint_publisher' returned '0': PYTHONPATH=/home/bingflame/firerush/build/joint_publisher/prefix_override:/usr/lib/python3/dist-packages/colcon_core/task/python/colcon_distutils_commands:/home/bingflame/firerush/install/joint_publisher/lib/python3.10/site-packages:${PYTHONPATH} /usr/bin/python3 -W ignore:setup.py install is deprecated setup.py egg_info --egg-base ../../build/joint_publisher build --build-base /home/bingflame/firerush/build/joint_publisher/build install --record /home/bingflame/firerush/build/joint_publisher/install.log --single-version-externally-managed install_data
[3.153s] Level 1:colcon.colcon_core.environment:checking '/home/bingflame/firerush/install/joint_publisher' for CMake config files
[3.155s] Level 1:colcon.colcon_core.environment:checking '/home/bingflame/firerush/install/joint_publisher/lib'
[3.155s] Level 1:colcon.colcon_core.environment:checking '/home/bingflame/firerush/install/joint_publisher/bin'
[3.156s] Level 1:colcon.colcon_core.environment:checking '/home/bingflame/firerush/install/joint_publisher/lib/pkgconfig/joint_publisher.pc'
[3.156s] Level 1:colcon.colcon_core.environment:checking '/home/bingflame/firerush/install/joint_publisher/lib/python3.10/site-packages'
[3.157s] Level 1:colcon.colcon_core.shell:create_environment_hook('joint_publisher', 'pythonpath')
[3.157s] INFO:colcon.colcon_core.shell:Creating environment hook '/home/bingflame/firerush/install/joint_publisher/share/joint_publisher/hook/pythonpath.ps1'
[3.159s] INFO:colcon.colcon_core.shell:Creating environment descriptor '/home/bingflame/firerush/install/joint_publisher/share/joint_publisher/hook/pythonpath.dsv'
[3.161s] INFO:colcon.colcon_core.shell:Creating environment hook '/home/bingflame/firerush/install/joint_publisher/share/joint_publisher/hook/pythonpath.sh'
[3.163s] Level 1:colcon.colcon_core.environment:checking '/home/bingflame/firerush/install/joint_publisher/bin'
[3.163s] Level 1:colcon.colcon_core.environment:create_environment_scripts_only(joint_publisher)
[3.164s] INFO:colcon.colcon_core.shell:Creating package script '/home/bingflame/firerush/install/joint_publisher/share/joint_publisher/package.ps1'
[3.166s] INFO:colcon.colcon_core.shell:Creating package descriptor '/home/bingflame/firerush/install/joint_publisher/share/joint_publisher/package.dsv'
[3.168s] INFO:colcon.colcon_core.shell:Creating package script '/home/bingflame/firerush/install/joint_publisher/share/joint_publisher/package.sh'
[3.169s] INFO:colcon.colcon_core.shell:Creating package script '/home/bingflame/firerush/install/joint_publisher/share/joint_publisher/package.bash'
[3.171s] INFO:colcon.colcon_core.shell:Creating package script '/home/bingflame/firerush/install/joint_publisher/share/joint_publisher/package.zsh'
[3.172s] Level 1:colcon.colcon_core.environment:create_file_with_runtime_dependencies(/home/bingflame/firerush/install/joint_publisher/share/colcon-core/packages/joint_publisher)
[3.173s] DEBUG:colcon.colcon_parallel_executor.executor.parallel:closing loop
[3.174s] DEBUG:colcon.colcon_parallel_executor.executor.parallel:loop closed
[3.174s] DEBUG:colcon.colcon_parallel_executor.executor.parallel:run_until_complete finished with '0'
[3.174s] DEBUG:colcon.colcon_core.event_reactor:joining thread
[3.193s] INFO:colcon.colcon_core.plugin_system:Skipping extension 'colcon_notification.desktop_notification.terminal_notifier': Not used on non-Darwin systems
[3.193s] INFO:colcon.colcon_core.plugin_system:Skipping extension 'colcon_notification.desktop_notification.win32': Not used on non-Windows systems
[3.194s] INFO:colcon.colcon_notification.desktop_notification:Sending desktop notification using 'notify2'
[3.221s] DEBUG:colcon.colcon_notification.desktop_notification.notify2:Failed to initialize notify2: org.freedesktop.DBus.Error.Spawn.ChildExited: Process org.freedesktop.Notifications exited with status 1
[3.221s] DEBUG:colcon.colcon_core.event_reactor:joined thread
[3.223s] INFO:colcon.colcon_core.shell:Creating prefix script '/home/bingflame/firerush/install/local_setup.ps1'
[3.226s] INFO:colcon.colcon_core.shell:Creating prefix util module '/home/bingflame/firerush/install/_local_setup_util_ps1.py'
[3.233s] INFO:colcon.colcon_core.shell:Creating prefix chain script '/home/bingflame/firerush/install/setup.ps1'
[3.236s] INFO:colcon.colcon_core.shell:Creating prefix script '/home/bingflame/firerush/install/local_setup.sh'
[3.238s] INFO:colcon.colcon_core.shell:Creating prefix util module '/home/bingflame/firerush/install/_local_setup_util_sh.py'
[3.240s] INFO:colcon.colcon_core.shell:Creating prefix chain script '/home/bingflame/firerush/install/setup.sh'
[3.244s] INFO:colcon.colcon_core.shell:Creating prefix script '/home/bingflame/firerush/install/local_setup.bash'
[3.245s] INFO:colcon.colcon_core.shell:Creating prefix chain script '/home/bingflame/firerush/install/setup.bash'
[3.248s] INFO:colcon.colcon_core.shell:Creating prefix script '/home/bingflame/firerush/install/local_setup.zsh'
[3.251s] INFO:colcon.colcon_core.shell:Creating prefix chain script '/home/bingflame/firerush/install/setup.zsh'
