[0.021s] Invoking command in '/home/bingflame/RoArm-M1/build/astra_camera': AMENT_PREFIX_PATH=/home/bingflame/RoArm-M1/install/astra_camera_msgs:${AMENT_PREFIX_PATH} CMAKE_PREFIX_PATH=/home/bingflame/RoArm-M1/install/astra_camera_msgs:/opt/ros/humble CONDA_PROMPT_MODIFIER=(ros2) LD_LIBRARY_PATH=/home/bingflame/RoArm-M1/install/astra_camera_msgs/lib:/opt/ros/humble/opt/rviz_ogre_vendor/lib:/opt/ros/humble/lib/aarch64-linux-gnu:/opt/ros/humble/lib:/usr/local/cuda-12.6/lib64:/home/bingflame/xiugaihou/JetsonGPIO/build/ PYTHONPATH=/home/bingflame/RoArm-M1/install/astra_camera_msgs/lib/python3.10/site-packages:${PYTHONPATH} /usr/bin/cmake --build /home/bingflame/RoArm-M1/build/astra_camera -- -j6 -l6
[0.152s] [35m[1mConsolidate compiler generated dependencies of target astra_camera[0m
[0.165s] [ 11%] Built target point_cloud_subscriber
[0.277s] [ 16%] [32mBuilding CXX object CMakeFiles/astra_camera.dir/src/uvc_camera_driver.cpp.o[0m
[26.203s] [ 22%] [32m[1mLinking CXX shared library libastra_camera.so[0m
[31.801s] [ 88%] Built target astra_camera
[31.853s] [ 94%] [32mBuilding CXX object CMakeFiles/list_devices_node.dir/src/list_devices_node.cpp.o[0m
[40.359s] [100%] [32m[1mLinking CXX executable list_devices_node[0m
[43.441s] [100%] Built target list_devices_node
[43.468s] Invoked command in '/home/bingflame/RoArm-M1/build/astra_camera' returned '0': AMENT_PREFIX_PATH=/home/bingflame/RoArm-M1/install/astra_camera_msgs:${AMENT_PREFIX_PATH} CMAKE_PREFIX_PATH=/home/bingflame/RoArm-M1/install/astra_camera_msgs:/opt/ros/humble CONDA_PROMPT_MODIFIER=(ros2) LD_LIBRARY_PATH=/home/bingflame/RoArm-M1/install/astra_camera_msgs/lib:/opt/ros/humble/opt/rviz_ogre_vendor/lib:/opt/ros/humble/lib/aarch64-linux-gnu:/opt/ros/humble/lib:/usr/local/cuda-12.6/lib64:/home/bingflame/xiugaihou/JetsonGPIO/build/ PYTHONPATH=/home/bingflame/RoArm-M1/install/astra_camera_msgs/lib/python3.10/site-packages:${PYTHONPATH} /usr/bin/cmake --build /home/bingflame/RoArm-M1/build/astra_camera -- -j6 -l6
[43.593s] Invoking command in '/home/bingflame/RoArm-M1/build/astra_camera': AMENT_PREFIX_PATH=/home/bingflame/RoArm-M1/install/astra_camera_msgs:${AMENT_PREFIX_PATH} CMAKE_PREFIX_PATH=/home/bingflame/RoArm-M1/install/astra_camera_msgs:/opt/ros/humble CONDA_PROMPT_MODIFIER=(ros2) LD_LIBRARY_PATH=/home/bingflame/RoArm-M1/install/astra_camera_msgs/lib:/opt/ros/humble/opt/rviz_ogre_vendor/lib:/opt/ros/humble/lib/aarch64-linux-gnu:/opt/ros/humble/lib:/usr/local/cuda-12.6/lib64:/home/bingflame/xiugaihou/JetsonGPIO/build/ PYTHONPATH=/home/bingflame/RoArm-M1/install/astra_camera_msgs/lib/python3.10/site-packages:${PYTHONPATH} /usr/bin/cmake --install /home/bingflame/RoArm-M1/build/astra_camera
[43.613s] -- Install configuration: "Debug"
[43.614s] -- Installing: /home/bingflame/RoArm-M1/install/astra_camera/lib/libastra_camera.so
[43.739s] -- Set runtime path of "/home/bingflame/RoArm-M1/install/astra_camera/lib/libastra_camera.so" to ""
[43.739s] -- Installing: /home/bingflame/RoArm-M1/install/astra_camera/lib/libOpenNI2.so
[43.743s] -- Installing: /home/bingflame/RoArm-M1/install/astra_camera/lib//OpenNI2
[43.743s] -- Installing: /home/bingflame/RoArm-M1/install/astra_camera/lib//OpenNI2/Drivers
[43.744s] -- Installing: /home/bingflame/RoArm-M1/install/astra_camera/lib//OpenNI2/Drivers/liborbbec.so
[43.749s] -- Installing: /home/bingflame/RoArm-M1/install/astra_camera/lib//OpenNI2/Drivers/libOniFile.so
[43.751s] -- Installing: /home/bingflame/RoArm-M1/install/astra_camera/lib//OpenNI2/Drivers/OniFile.ini
[43.751s] -- Installing: /home/bingflame/RoArm-M1/install/astra_camera/lib//OpenNI2/Drivers/orbbec.ini
[43.752s] -- Installing: /home/bingflame/RoArm-M1/install/astra_camera/lib/astra_camera/list_devices_node
[43.754s] -- Set runtime path of "/home/bingflame/RoArm-M1/install/astra_camera/lib/astra_camera/list_devices_node" to ""
[43.754s] -- Installing: /home/bingflame/RoArm-M1/install/astra_camera/include
[43.754s] -- Installing: /home/bingflame/RoArm-M1/install/astra_camera/include/magic_enum.hpp
[43.755s] -- Installing: /home/bingflame/RoArm-M1/install/astra_camera/include/openni2
[43.756s] -- Installing: /home/bingflame/RoArm-M1/install/astra_camera/include/openni2/OniCEnums.h
[43.756s] -- Installing: /home/bingflame/RoArm-M1/install/astra_camera/include/openni2/OniCTypes.h
[43.757s] -- Installing: /home/bingflame/RoArm-M1/install/astra_camera/include/openni2/util.h
[43.757s] -- Installing: /home/bingflame/RoArm-M1/install/astra_camera/include/openni2/openni2_redist
[43.757s] -- Installing: /home/bingflame/RoArm-M1/install/astra_camera/include/openni2/openni2_redist/arm
[43.758s] -- Installing: /home/bingflame/RoArm-M1/install/astra_camera/include/openni2/openni2_redist/arm/libDepthUtils.a
[43.758s] -- Installing: /home/bingflame/RoArm-M1/install/astra_camera/include/openni2/openni2_redist/arm/OpenNI2
[43.758s] -- Installing: /home/bingflame/RoArm-M1/install/astra_camera/include/openni2/openni2_redist/arm/OpenNI2/Drivers
[43.758s] -- Installing: /home/bingflame/RoArm-M1/install/astra_camera/include/openni2/openni2_redist/arm/OpenNI2/Drivers/liborbbec.so
[43.762s] -- Installing: /home/bingflame/RoArm-M1/install/astra_camera/include/openni2/openni2_redist/arm/OpenNI2/Drivers/libOniFile.so
[43.763s] -- Installing: /home/bingflame/RoArm-M1/install/astra_camera/include/openni2/openni2_redist/arm/OpenNI2/Drivers/OniFile.ini
[43.763s] -- Installing: /home/bingflame/RoArm-M1/install/astra_camera/include/openni2/openni2_redist/arm/OpenNI2/Drivers/orbbec.ini
[43.764s] -- Installing: /home/bingflame/RoArm-M1/install/astra_camera/include/openni2/openni2_redist/arm/SimpleRead
[43.764s] -- Installing: /home/bingflame/RoArm-M1/install/astra_camera/include/openni2/openni2_redist/arm/OpenNI.ini
[43.764s] -- Installing: /home/bingflame/RoArm-M1/install/astra_camera/include/openni2/openni2_redist/arm/PS1080Console
[43.766s] -- Installing: /home/bingflame/RoArm-M1/install/astra_camera/include/openni2/openni2_redist/arm/NiViewer
[43.767s] -- Installing: /home/bingflame/RoArm-M1/install/astra_camera/include/openni2/openni2_redist/arm/libOpenNI2.so
[43.769s] -- Installing: /home/bingflame/RoArm-M1/install/astra_camera/include/openni2/openni2_redist/x64
[43.769s] -- Installing: /home/bingflame/RoArm-M1/install/astra_camera/include/openni2/openni2_redist/x64/OpenNI2
[43.769s] -- Installing: /home/bingflame/RoArm-M1/install/astra_camera/include/openni2/openni2_redist/x64/OpenNI2/Drivers
[43.769s] -- Installing: /home/bingflame/RoArm-M1/install/astra_camera/include/openni2/openni2_redist/x64/OpenNI2/Drivers/liborbbec.so
[43.774s] -- Installing: /home/bingflame/RoArm-M1/install/astra_camera/include/openni2/openni2_redist/x64/OpenNI2/Drivers/libOniFile.so
[43.776s] -- Installing: /home/bingflame/RoArm-M1/install/astra_camera/include/openni2/openni2_redist/x64/OpenNI2/Drivers/OniFile.ini
[43.776s] -- Installing: /home/bingflame/RoArm-M1/install/astra_camera/include/openni2/openni2_redist/x64/OpenNI2/Drivers/orbbec.ini
[43.777s] -- Installing: /home/bingflame/RoArm-M1/install/astra_camera/include/openni2/openni2_redist/x64/OpenNI.ini
[43.777s] -- Installing: /home/bingflame/RoArm-M1/install/astra_camera/include/openni2/openni2_redist/x64/libOpenNI2.so
[43.779s] -- Installing: /home/bingflame/RoArm-M1/install/astra_camera/include/openni2/openni2_redist/arm64
[43.779s] -- Installing: /home/bingflame/RoArm-M1/install/astra_camera/include/openni2/openni2_redist/arm64/libDepthUtils.a
[43.780s] -- Installing: /home/bingflame/RoArm-M1/install/astra_camera/include/openni2/openni2_redist/arm64/OpenNI2
[43.780s] -- Installing: /home/bingflame/RoArm-M1/install/astra_camera/include/openni2/openni2_redist/arm64/OpenNI2/Drivers
[43.780s] -- Installing: /home/bingflame/RoArm-M1/install/astra_camera/include/openni2/openni2_redist/arm64/OpenNI2/Drivers/liborbbec.so
[43.784s] -- Installing: /home/bingflame/RoArm-M1/install/astra_camera/include/openni2/openni2_redist/arm64/OpenNI2/Drivers/libOniFile.so
[43.786s] -- Installing: /home/bingflame/RoArm-M1/install/astra_camera/include/openni2/openni2_redist/arm64/OpenNI2/Drivers/OniFile.ini
[43.786s] -- Installing: /home/bingflame/RoArm-M1/install/astra_camera/include/openni2/openni2_redist/arm64/OpenNI2/Drivers/orbbec.ini
[43.786s] -- Installing: /home/bingflame/RoArm-M1/install/astra_camera/include/openni2/openni2_redist/arm64/SimpleRead
[43.787s] -- Installing: /home/bingflame/RoArm-M1/install/astra_camera/include/openni2/openni2_redist/arm64/OpenNI.ini
[43.787s] -- Installing: /home/bingflame/RoArm-M1/install/astra_camera/include/openni2/openni2_redist/arm64/PS1080Console
[43.788s] -- Installing: /home/bingflame/RoArm-M1/install/astra_camera/include/openni2/openni2_redist/arm64/NiViewer
[43.791s] -- Installing: /home/bingflame/RoArm-M1/install/astra_camera/include/openni2/openni2_redist/arm64/libOpenNI2.so
[43.792s] -- Installing: /home/bingflame/RoArm-M1/install/astra_camera/include/openni2/KinectProperties.h
[43.793s] -- Installing: /home/bingflame/RoArm-M1/install/astra_camera/include/openni2/OniVersion.h
[43.793s] -- Installing: /home/bingflame/RoArm-M1/install/astra_camera/include/openni2/PSLink.h
[43.793s] -- Installing: /home/bingflame/RoArm-M1/install/astra_camera/include/openni2/OniPlatform.h
[43.794s] -- Installing: /home/bingflame/RoArm-M1/install/astra_camera/include/openni2/MacOSX
[43.794s] -- Installing: /home/bingflame/RoArm-M1/install/astra_camera/include/openni2/MacOSX/OniPlatformMacOSX.h
[43.794s] -- Installing: /home/bingflame/RoArm-M1/install/astra_camera/include/openni2/SonixCamera.h
[43.795s] -- Installing: /home/bingflame/RoArm-M1/install/astra_camera/include/openni2/OniEnums.h
[43.795s] -- Installing: /home/bingflame/RoArm-M1/install/astra_camera/include/openni2/OniCProperties.h
[43.795s] -- Installing: /home/bingflame/RoArm-M1/install/astra_camera/include/openni2/OniProperties.h
[43.796s] -- Installing: /home/bingflame/RoArm-M1/install/astra_camera/include/openni2/OniTest.h
[43.796s] -- Installing: /home/bingflame/RoArm-M1/install/astra_camera/include/openni2/Linux-x86
[43.796s] -- Installing: /home/bingflame/RoArm-M1/install/astra_camera/include/openni2/Linux-x86/OniPlatformLinux-x86.h
[43.796s] -- Installing: /home/bingflame/RoArm-M1/install/astra_camera/include/openni2/OpenNI.h
[43.797s] -- Installing: /home/bingflame/RoArm-M1/install/astra_camera/include/openni2/PrimeSense.h
[43.797s] -- Installing: /home/bingflame/RoArm-M1/install/astra_camera/include/openni2/PS1080.h
[43.798s] -- Installing: /home/bingflame/RoArm-M1/install/astra_camera/include/openni2/Driver
[43.798s] -- Installing: /home/bingflame/RoArm-M1/install/astra_camera/include/openni2/Driver/OniDriverAPI.h
[43.799s] -- Installing: /home/bingflame/RoArm-M1/install/astra_camera/include/openni2/Driver/OniDriverTypes.h
[43.799s] -- Installing: /home/bingflame/RoArm-M1/install/astra_camera/include/openni2/Win32
[43.799s] -- Installing: /home/bingflame/RoArm-M1/install/astra_camera/include/openni2/Win32/OniPlatformWin32.h
[43.799s] -- Installing: /home/bingflame/RoArm-M1/install/astra_camera/include/openni2/Linux-Arm
[43.800s] -- Installing: /home/bingflame/RoArm-M1/install/astra_camera/include/openni2/Linux-Arm/OniPlatformLinux-Arm.h
[43.800s] -- Installing: /home/bingflame/RoArm-M1/install/astra_camera/include/openni2/OniCAPI.h
[43.800s] -- Installing: /home/bingflame/RoArm-M1/install/astra_camera/include/openni2/Android-Arm
[43.801s] -- Installing: /home/bingflame/RoArm-M1/install/astra_camera/include/openni2/Android-Arm/OniPlatformAndroid-Arm.h
[43.801s] -- Installing: /home/bingflame/RoArm-M1/install/astra_camera/include/nlohmann
[43.801s] -- Installing: /home/bingflame/RoArm-M1/install/astra_camera/include/nlohmann/json.hpp
[43.802s] -- Installing: /home/bingflame/RoArm-M1/install/astra_camera/include/nlohmann/json_fwd.hpp
[43.802s] -- Installing: /home/bingflame/RoArm-M1/install/astra_camera/include/nlohmann/thirdparty
[43.802s] -- Installing: /home/bingflame/RoArm-M1/install/astra_camera/include/nlohmann/thirdparty/hedley
[43.803s] -- Installing: /home/bingflame/RoArm-M1/install/astra_camera/include/nlohmann/thirdparty/hedley/hedley_undef.hpp
[43.803s] -- Installing: /home/bingflame/RoArm-M1/install/astra_camera/include/nlohmann/thirdparty/hedley/hedley.hpp
[43.804s] -- Installing: /home/bingflame/RoArm-M1/install/astra_camera/include/nlohmann/detail
[43.804s] -- Installing: /home/bingflame/RoArm-M1/install/astra_camera/include/nlohmann/detail/abi_macros.hpp
[43.804s] -- Installing: /home/bingflame/RoArm-M1/install/astra_camera/include/nlohmann/detail/conversions
[43.805s] -- Installing: /home/bingflame/RoArm-M1/install/astra_camera/include/nlohmann/detail/conversions/from_json.hpp
[43.805s] -- Installing: /home/bingflame/RoArm-M1/install/astra_camera/include/nlohmann/detail/conversions/to_json.hpp
[43.805s] -- Installing: /home/bingflame/RoArm-M1/install/astra_camera/include/nlohmann/detail/conversions/to_chars.hpp
[43.806s] -- Installing: /home/bingflame/RoArm-M1/install/astra_camera/include/nlohmann/detail/meta
[43.806s] -- Installing: /home/bingflame/RoArm-M1/install/astra_camera/include/nlohmann/detail/meta/identity_tag.hpp
[43.806s] -- Installing: /home/bingflame/RoArm-M1/install/astra_camera/include/nlohmann/detail/meta/type_traits.hpp
[43.807s] -- Installing: /home/bingflame/RoArm-M1/install/astra_camera/include/nlohmann/detail/meta/detected.hpp
[43.807s] -- Installing: /home/bingflame/RoArm-M1/install/astra_camera/include/nlohmann/detail/meta/std_fs.hpp
[43.808s] -- Installing: /home/bingflame/RoArm-M1/install/astra_camera/include/nlohmann/detail/meta/cpp_future.hpp
[43.808s] -- Installing: /home/bingflame/RoArm-M1/install/astra_camera/include/nlohmann/detail/meta/void_t.hpp
[43.808s] -- Installing: /home/bingflame/RoArm-M1/install/astra_camera/include/nlohmann/detail/meta/is_sax.hpp
[43.808s] -- Installing: /home/bingflame/RoArm-M1/install/astra_camera/include/nlohmann/detail/meta/call_std
[43.808s] -- Installing: /home/bingflame/RoArm-M1/install/astra_camera/include/nlohmann/detail/meta/call_std/end.hpp
[43.809s] -- Installing: /home/bingflame/RoArm-M1/install/astra_camera/include/nlohmann/detail/meta/call_std/begin.hpp
[43.809s] -- Installing: /home/bingflame/RoArm-M1/install/astra_camera/include/nlohmann/detail/iterators
[43.809s] -- Installing: /home/bingflame/RoArm-M1/install/astra_camera/include/nlohmann/detail/iterators/iterator_traits.hpp
[43.810s] -- Installing: /home/bingflame/RoArm-M1/install/astra_camera/include/nlohmann/detail/iterators/json_reverse_iterator.hpp
[43.810s] -- Installing: /home/bingflame/RoArm-M1/install/astra_camera/include/nlohmann/detail/iterators/internal_iterator.hpp
[43.810s] -- Installing: /home/bingflame/RoArm-M1/install/astra_camera/include/nlohmann/detail/iterators/primitive_iterator.hpp
[43.810s] -- Installing: /home/bingflame/RoArm-M1/install/astra_camera/include/nlohmann/detail/iterators/iteration_proxy.hpp
[43.811s] -- Installing: /home/bingflame/RoArm-M1/install/astra_camera/include/nlohmann/detail/iterators/iter_impl.hpp
[43.811s] -- Installing: /home/bingflame/RoArm-M1/install/astra_camera/include/nlohmann/detail/macro_unscope.hpp
[43.811s] -- Installing: /home/bingflame/RoArm-M1/install/astra_camera/include/nlohmann/detail/macro_scope.hpp
[43.812s] -- Installing: /home/bingflame/RoArm-M1/install/astra_camera/include/nlohmann/detail/output
[43.812s] -- Installing: /home/bingflame/RoArm-M1/install/astra_camera/include/nlohmann/detail/output/binary_writer.hpp
[43.813s] -- Installing: /home/bingflame/RoArm-M1/install/astra_camera/include/nlohmann/detail/output/serializer.hpp
[43.813s] -- Installing: /home/bingflame/RoArm-M1/install/astra_camera/include/nlohmann/detail/output/output_adapters.hpp
[43.813s] -- Installing: /home/bingflame/RoArm-M1/install/astra_camera/include/nlohmann/detail/input
[43.814s] -- Installing: /home/bingflame/RoArm-M1/install/astra_camera/include/nlohmann/detail/input/binary_reader.hpp
[43.814s] -- Installing: /home/bingflame/RoArm-M1/install/astra_camera/include/nlohmann/detail/input/input_adapters.hpp
[43.815s] -- Installing: /home/bingflame/RoArm-M1/install/astra_camera/include/nlohmann/detail/input/parser.hpp
[43.815s] -- Installing: /home/bingflame/RoArm-M1/install/astra_camera/include/nlohmann/detail/input/position_t.hpp
[43.815s] -- Installing: /home/bingflame/RoArm-M1/install/astra_camera/include/nlohmann/detail/input/json_sax.hpp
[43.816s] -- Installing: /home/bingflame/RoArm-M1/install/astra_camera/include/nlohmann/detail/input/lexer.hpp
[43.816s] -- Installing: /home/bingflame/RoArm-M1/install/astra_camera/include/nlohmann/detail/string_concat.hpp
[43.816s] -- Installing: /home/bingflame/RoArm-M1/install/astra_camera/include/nlohmann/detail/value_t.hpp
[43.817s] -- Installing: /home/bingflame/RoArm-M1/install/astra_camera/include/nlohmann/detail/hash.hpp
[43.817s] -- Installing: /home/bingflame/RoArm-M1/install/astra_camera/include/nlohmann/detail/json_custom_base_class.hpp
[43.817s] -- Installing: /home/bingflame/RoArm-M1/install/astra_camera/include/nlohmann/detail/exceptions.hpp
[43.818s] -- Installing: /home/bingflame/RoArm-M1/install/astra_camera/include/nlohmann/detail/json_ref.hpp
[43.818s] -- Installing: /home/bingflame/RoArm-M1/install/astra_camera/include/nlohmann/detail/string_escape.hpp
[43.818s] -- Installing: /home/bingflame/RoArm-M1/install/astra_camera/include/nlohmann/detail/json_pointer.hpp
[43.819s] -- Installing: /home/bingflame/RoArm-M1/install/astra_camera/include/nlohmann/adl_serializer.hpp
[43.819s] -- Installing: /home/bingflame/RoArm-M1/install/astra_camera/include/nlohmann/ordered_map.hpp
[43.819s] -- Installing: /home/bingflame/RoArm-M1/install/astra_camera/include/nlohmann/byte_container_with_subtype.hpp
[43.820s] -- Installing: /home/bingflame/RoArm-M1/install/astra_camera/include/astra_camera
[43.820s] -- Installing: /home/bingflame/RoArm-M1/install/astra_camera/include/astra_camera/device_listener.h
[43.820s] -- Installing: /home/bingflame/RoArm-M1/install/astra_camera/include/astra_camera/constants.h
[43.821s] -- Installing: /home/bingflame/RoArm-M1/install/astra_camera/include/astra_camera/magic_enum.hpp
[43.821s] -- Installing: /home/bingflame/RoArm-M1/install/astra_camera/include/astra_camera/point_cloud_proc
[43.821s] -- Installing: /home/bingflame/RoArm-M1/install/astra_camera/include/astra_camera/point_cloud_proc/point_cloud_xyzrgb.h
[43.822s] -- Installing: /home/bingflame/RoArm-M1/install/astra_camera/include/astra_camera/point_cloud_proc/depth_traits.h
[43.822s] -- Installing: /home/bingflame/RoArm-M1/install/astra_camera/include/astra_camera/point_cloud_proc/point_cloud_xyz.h
[43.822s] -- Installing: /home/bingflame/RoArm-M1/install/astra_camera/include/astra_camera/ob_timer_filter.h
[43.822s] -- Installing: /home/bingflame/RoArm-M1/install/astra_camera/include/astra_camera/utils.h
[43.823s] -- Installing: /home/bingflame/RoArm-M1/install/astra_camera/include/astra_camera/dynamic_params.h
[43.823s] -- Installing: /home/bingflame/RoArm-M1/install/astra_camera/include/astra_camera/ob_camera_node_factory.h
[43.823s] -- Installing: /home/bingflame/RoArm-M1/install/astra_camera/include/astra_camera/ob_camera_node.h
[43.823s] -- Installing: /home/bingflame/RoArm-M1/install/astra_camera/include/astra_camera/ros_param_backend.h
[43.824s] -- Installing: /home/bingflame/RoArm-M1/install/astra_camera/include/astra_camera/ob_frame_listener.h
[43.824s] -- Installing: /home/bingflame/RoArm-M1/install/astra_camera/include/astra_camera/uvc_camera_driver.h
[43.824s] -- Installing: /home/bingflame/RoArm-M1/install/astra_camera/include/astra_camera/types.h
[43.825s] -- Installing: /home/bingflame/RoArm-M1/install/astra_camera/share/astra_camera//launch
[43.825s] -- Installing: /home/bingflame/RoArm-M1/install/astra_camera/share/astra_camera//launch/dabai.launch.py
[43.825s] -- Installing: /home/bingflame/RoArm-M1/install/astra_camera/share/astra_camera//launch/multi_astra_mini.launch.py
[43.825s] -- Installing: /home/bingflame/RoArm-M1/install/astra_camera/share/astra_camera//launch/dabai_dw.launch.py
[43.826s] -- Installing: /home/bingflame/RoArm-M1/install/astra_camera/share/astra_camera//launch/dabai_dcw.launch.py
[43.826s] -- Installing: /home/bingflame/RoArm-M1/install/astra_camera/share/astra_camera//launch/multi_dabai.launch.py
[43.826s] -- Installing: /home/bingflame/RoArm-M1/install/astra_camera/share/astra_camera//launch/.gitkeep
[43.826s] -- Installing: /home/bingflame/RoArm-M1/install/astra_camera/share/astra_camera//launch/multi_dabai_dcw.launch.py
[43.827s] -- Installing: /home/bingflame/RoArm-M1/install/astra_camera/share/astra_camera//launch/dabai_pro.launch.py
[43.827s] -- Installing: /home/bingflame/RoArm-M1/install/astra_camera/share/astra_camera//launch/astra_mini.launch.py
[43.827s] -- Installing: /home/bingflame/RoArm-M1/install/astra_camera/share/astra_camera//launch/multi_dabai_pro.launch.py
[43.827s] -- Installing: /home/bingflame/RoArm-M1/install/astra_camera/share/astra_camera//launch/multi_dabai_dw.launch.py
[43.828s] -- Installing: /home/bingflame/RoArm-M1/install/astra_camera/share/astra_camera//config
[43.828s] -- Installing: /home/bingflame/RoArm-M1/install/astra_camera/share/astra_camera//config/.gitkeep
[43.828s] -- Installing: /home/bingflame/RoArm-M1/install/astra_camera/share/astra_camera//params
[43.828s] -- Installing: /home/bingflame/RoArm-M1/install/astra_camera/share/astra_camera//params/dabai_params.yaml
[43.829s] -- Installing: /home/bingflame/RoArm-M1/install/astra_camera/share/astra_camera//params/camera_params_template.yaml
[43.829s] -- Installing: /home/bingflame/RoArm-M1/install/astra_camera/share/astra_camera//params/.gitkeep
[43.829s] -- Installing: /home/bingflame/RoArm-M1/install/astra_camera/share/astra_camera//params/dabai_pro_params.yaml
[43.829s] -- Installing: /home/bingflame/RoArm-M1/install/astra_camera/share/astra_camera//params/astra_mini_params.yaml
[43.830s] -- Installing: /home/bingflame/RoArm-M1/install/astra_camera/share/astra_camera//params/dabai_dw_params.yaml
[43.830s] -- Installing: /home/bingflame/RoArm-M1/install/astra_camera/share/astra_camera//params/dabai_dcw_params.yaml
[43.830s] -- Installing: /home/bingflame/RoArm-M1/install/astra_camera/share/astra_camera//rviz
[43.830s] -- Installing: /home/bingflame/RoArm-M1/install/astra_camera/share/astra_camera//rviz/pointcloud.rviz
[43.831s] -- Installing: /home/bingflame/RoArm-M1/install/astra_camera/share/astra_camera//rviz/.gitkeep
[43.831s] -- Installing: /home/bingflame/RoArm-M1/install/astra_camera/share/astra_camera//rviz/multi_camera.rviz
[43.831s] -- Installing: /home/bingflame/RoArm-M1/install/astra_camera/share/astra_camera/environment/library_path.sh
[43.832s] -- Installing: /home/bingflame/RoArm-M1/install/astra_camera/share/astra_camera/environment/library_path.dsv
[43.832s] -- Installing: /home/bingflame/RoArm-M1/install/astra_camera/share/ament_index/resource_index/package_run_dependencies/astra_camera
[43.833s] -- Installing: /home/bingflame/RoArm-M1/install/astra_camera/share/ament_index/resource_index/parent_prefix_path/astra_camera
[43.833s] -- Installing: /home/bingflame/RoArm-M1/install/astra_camera/share/astra_camera/environment/ament_prefix_path.sh
[43.833s] -- Installing: /home/bingflame/RoArm-M1/install/astra_camera/share/astra_camera/environment/ament_prefix_path.dsv
[43.834s] -- Installing: /home/bingflame/RoArm-M1/install/astra_camera/share/astra_camera/environment/path.sh
[43.834s] -- Installing: /home/bingflame/RoArm-M1/install/astra_camera/share/astra_camera/environment/path.dsv
[43.834s] -- Installing: /home/bingflame/RoArm-M1/install/astra_camera/share/astra_camera/local_setup.bash
[43.835s] -- Installing: /home/bingflame/RoArm-M1/install/astra_camera/share/astra_camera/local_setup.sh
[43.835s] -- Installing: /home/bingflame/RoArm-M1/install/astra_camera/share/astra_camera/local_setup.zsh
[43.835s] -- Installing: /home/bingflame/RoArm-M1/install/astra_camera/share/astra_camera/local_setup.dsv
[43.836s] -- Installing: /home/bingflame/RoArm-M1/install/astra_camera/share/astra_camera/package.dsv
[43.836s] -- Installing: /home/bingflame/RoArm-M1/install/astra_camera/share/ament_index/resource_index/packages/astra_camera
[43.836s] -- Installing: /home/bingflame/RoArm-M1/install/astra_camera/share/ament_index/resource_index/rclcpp_components/astra_camera
[43.837s] -- Installing: /home/bingflame/RoArm-M1/install/astra_camera/share/astra_camera/cmake/ament_cmake_export_include_directories-extras.cmake
[43.837s] -- Installing: /home/bingflame/RoArm-M1/install/astra_camera/share/astra_camera/cmake/ament_cmake_export_libraries-extras.cmake
[43.838s] -- Installing: /home/bingflame/RoArm-M1/install/astra_camera/share/astra_camera/cmake/ament_cmake_export_dependencies-extras.cmake
[43.838s] -- Installing: /home/bingflame/RoArm-M1/install/astra_camera/share/astra_camera/cmake/astra_cameraConfig.cmake
[43.838s] -- Installing: /home/bingflame/RoArm-M1/install/astra_camera/share/astra_camera/cmake/astra_cameraConfig-version.cmake
[43.838s] -- Installing: /home/bingflame/RoArm-M1/install/astra_camera/share/astra_camera/package.xml
[43.839s] -- Installing: /home/bingflame/RoArm-M1/install/astra_camera/lib/astra_camera/point_cloud_subscriber
[43.873s] -- Set runtime path of "/home/bingflame/RoArm-M1/install/astra_camera/lib/astra_camera/point_cloud_subscriber" to ""
[43.879s] Invoked command in '/home/bingflame/RoArm-M1/build/astra_camera' returned '0': AMENT_PREFIX_PATH=/home/bingflame/RoArm-M1/install/astra_camera_msgs:${AMENT_PREFIX_PATH} CMAKE_PREFIX_PATH=/home/bingflame/RoArm-M1/install/astra_camera_msgs:/opt/ros/humble CONDA_PROMPT_MODIFIER=(ros2) LD_LIBRARY_PATH=/home/bingflame/RoArm-M1/install/astra_camera_msgs/lib:/opt/ros/humble/opt/rviz_ogre_vendor/lib:/opt/ros/humble/lib/aarch64-linux-gnu:/opt/ros/humble/lib:/usr/local/cuda-12.6/lib64:/home/bingflame/xiugaihou/JetsonGPIO/build/ PYTHONPATH=/home/bingflame/RoArm-M1/install/astra_camera_msgs/lib/python3.10/site-packages:${PYTHONPATH} /usr/bin/cmake --install /home/bingflame/RoArm-M1/build/astra_camera
