[0.008s] Invoking command in '/home/bingflame/unilidar_sdk/unitree_lidar_ros2/build/unitree_lidar_ros2': CMAKE_PREFIX_PATH=${CMAKE_PREFIX_PATH}:/opt/ros/jazzy CONDA_PROMPT_MODIFIER=(ros2) DEBUGINFOD_URLS=https://debuginfod.ubuntu.com /usr/bin/cmake /home/bingflame/unilidar_sdk/unitree_lidar_ros2/src/unitree_lidar_ros2 -DCMAKE_INSTALL_PREFIX=/home/bingflame/unilidar_sdk/unitree_lidar_ros2/install/unitree_lidar_ros2
[0.019s] -- Found ament_cmake: 2.5.2 (/opt/ros/jazzy/share/ament_cmake/cmake)
[0.280s] -- Found rclcpp: 28.1.5 (/opt/ros/jazzy/share/rclcpp/cmake)
[0.309s] -- Found rosidl_generator_c: 4.6.4 (/opt/ros/jazzy/share/rosidl_generator_c/cmake)
[0.320s] -- Found rosidl_generator_cpp: 4.6.4 (/opt/ros/jazzy/share/rosidl_generator_cpp/cmake)
[0.332s] -- Using all available rosidl_typesupport_c: rosidl_typesupport_fastrtps_c;rosidl_typesupport_introspection_c
[0.342s] -- Using all available rosidl_typesupport_cpp: rosidl_typesupport_fastrtps_cpp;rosidl_typesupport_introspection_cpp
[0.378s] -- Found rmw_implementation_cmake: 7.3.1 (/opt/ros/jazzy/share/rmw_implementation_cmake/cmake)
[0.379s] -- Found rmw_fastrtps_cpp: 8.4.1 (/opt/ros/jazzy/share/rmw_fastrtps_cpp/cmake)
[0.438s] -- Using RMW implementation 'rmw_fastrtps_cpp' as default
[0.485s] -- Found std_msgs: 5.3.5 (/opt/ros/jazzy/share/std_msgs/cmake)
[0.493s] -- Found sensor_msgs: 5.3.5 (/opt/ros/jazzy/share/sensor_msgs/cmake)
[0.516s] -- Found pcl_conversions: 2.6.1 (/opt/ros/jazzy/share/pcl_conversions/cmake)
[0.560s] [33mCMake Warning (dev) at /usr/lib/x86_64-linux-gnu/cmake/pcl/Modules/FindFLANN.cmake:45 (find_package):
[0.560s]   Policy CMP0144 is not set: find_package uses upper-case <PACKAGENAME>_ROOT
[0.560s]   variables.  Run "cmake --help-policy CMP0144" for policy details.  Use the
[0.561s]   cmake_policy command to set the policy and suppress this warning.
[0.561s] 
[0.561s]   CMake variable FLANN_ROOT is set to:
[0.561s] 
[0.561s]     /usr
[0.561s] 
[0.562s]   For compatibility, find_package is ignoring the variable, but code in a
[0.562s]   .cmake module might still use it.
[0.562s] Call Stack (most recent call first):
[0.562s]   /usr/lib/x86_64-linux-gnu/cmake/pcl/PCLConfig.cmake:261 (find_package)
[0.562s]   /usr/lib/x86_64-linux-gnu/cmake/pcl/PCLConfig.cmake:306 (find_flann)
[0.562s]   /usr/lib/x86_64-linux-gnu/cmake/pcl/PCLConfig.cmake:570 (find_external_library)
[0.562s]   /opt/ros/jazzy/share/pcl_conversions/cmake/ament_cmake_export_dependencies-extras.cmake:21 (find_package)
[0.562s]   /opt/ros/jazzy/share/pcl_conversions/cmake/pcl_conversionsConfig.cmake:41 (include)
[0.562s]   CMakeLists.txt:22 (find_package)
[0.562s] This warning is for project developers.  Use -Wno-dev to suppress it.
[0.562s] [0m
[0.562s] -- Found flann version 1.9.2
[0.999s] -- Found OpenMP_CXX: -fopenmp (found version "4.5") 
[0.999s] -- Found OpenMP: TRUE (found version "4.5") found components: CXX 
[2.811s] -- Checking for module 'libusb-1.0'
[2.831s] --   Found libusb-1.0, version 1.0.27
[2.882s] -- Found libusb: /usr/lib/x86_64-linux-gnu/libusb-1.0.so  
[2.883s] -- OpenNI found (version: 1.5.4.0, include: /usr/include/ni, lib: /usr/lib/libOpenNI.so;libusb::libusb)
[2.966s] -- OpenNI2 found (version: 2.2.0.33, include: /usr/include/openni2, lib: /usr/lib/x86_64-linux-gnu/libOpenNI2.so;libusb::libusb)
[2.971s] -- Could NOT find Pcap (missing: PCAP_LIBRARIES PCAP_INCLUDE_DIRS) 
[2.988s] -- Found ZLIB: /usr/lib/x86_64-linux-gnu/libz.so (found version "1.3")  
[3.009s] -- Found PNG: /usr/lib/x86_64-linux-gnu/libpng.so (found version "1.6.43") 
[3.440s] -- OpenNI found (version: 1.5.4.0, include: /usr/include/ni, lib: /usr/lib/libOpenNI.so;libusb::libusb)
[3.448s] -- OpenNI2 found (version: 2.2.0.33, include: /usr/include/openni2, lib: /usr/lib/x86_64-linux-gnu/libOpenNI2.so;libusb::libusb)
[3.894s] -- Found Qhull version 8.0.2
[4.295s] -- OpenNI found (version: 1.5.4.0, include: /usr/include/ni, lib: /usr/lib/libOpenNI.so;libusb::libusb)
[4.690s] -- Found PCL_COMMON: /usr/lib/x86_64-linux-gnu/libpcl_common.so  
[4.691s] -- Found PCL_KDTREE: /usr/lib/x86_64-linux-gnu/libpcl_kdtree.so  
[4.692s] -- Found PCL_OCTREE: /usr/lib/x86_64-linux-gnu/libpcl_octree.so  
[4.692s] -- Found PCL_SEARCH: /usr/lib/x86_64-linux-gnu/libpcl_search.so  
[4.693s] -- Found PCL_SAMPLE_CONSENSUS: /usr/lib/x86_64-linux-gnu/libpcl_sample_consensus.so  
[4.694s] -- Found PCL_FILTERS: /usr/lib/x86_64-linux-gnu/libpcl_filters.so  
[4.694s] -- Found PCL_2D: /usr/include/pcl-1.14  
[4.694s] -- Found PCL_GEOMETRY: /usr/include/pcl-1.14  
[4.695s] -- Found PCL_IO: /usr/lib/x86_64-linux-gnu/libpcl_io.so  
[4.695s] -- Found PCL_FEATURES: /usr/lib/x86_64-linux-gnu/libpcl_features.so  
[4.696s] -- Found PCL_ML: /usr/lib/x86_64-linux-gnu/libpcl_ml.so  
[4.697s] -- Found PCL_SEGMENTATION: /usr/lib/x86_64-linux-gnu/libpcl_segmentation.so  
[4.697s] -- Found PCL_VISUALIZATION: /usr/lib/x86_64-linux-gnu/libpcl_visualization.so  
[4.698s] -- Found PCL_SURFACE: /usr/lib/x86_64-linux-gnu/libpcl_surface.so  
[4.699s] -- Found PCL_REGISTRATION: /usr/lib/x86_64-linux-gnu/libpcl_registration.so  
[4.699s] -- Found PCL_KEYPOINTS: /usr/lib/x86_64-linux-gnu/libpcl_keypoints.so  
[4.700s] -- Found PCL_TRACKING: /usr/lib/x86_64-linux-gnu/libpcl_tracking.so  
[4.701s] -- Found PCL_RECOGNITION: /usr/lib/x86_64-linux-gnu/libpcl_recognition.so  
[4.702s] -- Found PCL_STEREO: /usr/lib/x86_64-linux-gnu/libpcl_stereo.so  
[4.703s] -- Found PCL_APPS: /usr/lib/x86_64-linux-gnu/libpcl_apps.so  
[4.703s] -- Found PCL_IN_HAND_SCANNER: /usr/include/pcl-1.14  
[4.703s] -- Found PCL_MODELER: /usr/include/pcl-1.14  
[4.704s] -- Found PCL_POINT_CLOUD_EDITOR: /usr/include/pcl-1.14  
[4.704s] -- Found PCL_OUTOFCORE: /usr/lib/x86_64-linux-gnu/libpcl_outofcore.so  
[4.705s] -- Found PCL_PEOPLE: /usr/lib/x86_64-linux-gnu/libpcl_people.so  
[4.707s] [33mCMake Warning (dev) at CMakeLists.txt:23 (find_package):
[4.707s]   Policy CMP0074 is not set: find_package uses <PackageName>_ROOT variables.
[4.707s]   Run "cmake --help-policy CMP0074" for policy details.  Use the cmake_policy
[4.707s]   command to set the policy and suppress this warning.
[4.707s] 
[4.707s]   CMake variable PCL_ROOT is set to:
[4.707s] 
[4.707s]     /usr
[4.707s] 
[4.707s]   For compatibility, CMake is ignoring the variable.
[4.707s] This warning is for project developers.  Use -Wno-dev to suppress it.
[4.707s] [0m
[4.782s] -- Configuring done (4.8s)
[4.863s] -- Generating done (0.1s)
[4.866s] -- Build files have been written to: /home/bingflame/unilidar_sdk/unitree_lidar_ros2/build/unitree_lidar_ros2
[4.886s] Invoked command in '/home/bingflame/unilidar_sdk/unitree_lidar_ros2/build/unitree_lidar_ros2' returned '0': CMAKE_PREFIX_PATH=${CMAKE_PREFIX_PATH}:/opt/ros/jazzy CONDA_PROMPT_MODIFIER=(ros2) DEBUGINFOD_URLS=https://debuginfod.ubuntu.com /usr/bin/cmake /home/bingflame/unilidar_sdk/unitree_lidar_ros2/src/unitree_lidar_ros2 -DCMAKE_INSTALL_PREFIX=/home/bingflame/unilidar_sdk/unitree_lidar_ros2/install/unitree_lidar_ros2
[4.887s] Invoking command in '/home/bingflame/unilidar_sdk/unitree_lidar_ros2/build/unitree_lidar_ros2': CMAKE_PREFIX_PATH=${CMAKE_PREFIX_PATH}:/opt/ros/jazzy CONDA_PROMPT_MODIFIER=(ros2) DEBUGINFOD_URLS=https://debuginfod.ubuntu.com /usr/bin/cmake --build /home/bingflame/unilidar_sdk/unitree_lidar_ros2/build/unitree_lidar_ros2 -- -j20 -l20
[4.965s] [ 50%] [32mBuilding CXX object CMakeFiles/unitree_lidar_ros2_node.dir/src/unitree_lidar_ros2_node.cpp.o[0m
[13.039s] [100%] [32m[1mLinking CXX executable unitree_lidar_ros2_node[0m
[13.473s] [100%] Built target unitree_lidar_ros2_node
[13.482s] Invoked command in '/home/bingflame/unilidar_sdk/unitree_lidar_ros2/build/unitree_lidar_ros2' returned '0': CMAKE_PREFIX_PATH=${CMAKE_PREFIX_PATH}:/opt/ros/jazzy CONDA_PROMPT_MODIFIER=(ros2) DEBUGINFOD_URLS=https://debuginfod.ubuntu.com /usr/bin/cmake --build /home/bingflame/unilidar_sdk/unitree_lidar_ros2/build/unitree_lidar_ros2 -- -j20 -l20
[13.521s] Invoking command in '/home/bingflame/unilidar_sdk/unitree_lidar_ros2/build/unitree_lidar_ros2': CMAKE_PREFIX_PATH=${CMAKE_PREFIX_PATH}:/opt/ros/jazzy CONDA_PROMPT_MODIFIER=(ros2) DEBUGINFOD_URLS=https://debuginfod.ubuntu.com /usr/bin/cmake --install /home/bingflame/unilidar_sdk/unitree_lidar_ros2/build/unitree_lidar_ros2
[13.531s] -- Install configuration: ""
[13.531s] -- Installing: /home/bingflame/unilidar_sdk/unitree_lidar_ros2/install/unitree_lidar_ros2/lib/unitree_lidar_ros2/unitree_lidar_ros2_node
[13.534s] -- Set non-toolchain portion of runtime path of "/home/bingflame/unilidar_sdk/unitree_lidar_ros2/install/unitree_lidar_ros2/lib/unitree_lidar_ros2/unitree_lidar_ros2_node" to ""
[13.534s] -- Installing: /home/bingflame/unilidar_sdk/unitree_lidar_ros2/install/unitree_lidar_ros2/share/unitree_lidar_ros2/view.rviz
[13.534s] -- Installing: /home/bingflame/unilidar_sdk/unitree_lidar_ros2/install/unitree_lidar_ros2/share/unitree_lidar_ros2/launch.py
[13.534s] -- Installing: /home/bingflame/unilidar_sdk/unitree_lidar_ros2/install/unitree_lidar_ros2/share/ament_index/resource_index/package_run_dependencies/unitree_lidar_ros2
[13.534s] -- Installing: /home/bingflame/unilidar_sdk/unitree_lidar_ros2/install/unitree_lidar_ros2/share/ament_index/resource_index/parent_prefix_path/unitree_lidar_ros2
[13.534s] -- Installing: /home/bingflame/unilidar_sdk/unitree_lidar_ros2/install/unitree_lidar_ros2/share/unitree_lidar_ros2/environment/ament_prefix_path.sh
[13.534s] -- Installing: /home/bingflame/unilidar_sdk/unitree_lidar_ros2/install/unitree_lidar_ros2/share/unitree_lidar_ros2/environment/ament_prefix_path.dsv
[13.534s] -- Installing: /home/bingflame/unilidar_sdk/unitree_lidar_ros2/install/unitree_lidar_ros2/share/unitree_lidar_ros2/environment/path.sh
[13.534s] -- Installing: /home/bingflame/unilidar_sdk/unitree_lidar_ros2/install/unitree_lidar_ros2/share/unitree_lidar_ros2/environment/path.dsv
[13.535s] -- Installing: /home/bingflame/unilidar_sdk/unitree_lidar_ros2/install/unitree_lidar_ros2/share/unitree_lidar_ros2/local_setup.bash
[13.535s] -- Installing: /home/bingflame/unilidar_sdk/unitree_lidar_ros2/install/unitree_lidar_ros2/share/unitree_lidar_ros2/local_setup.sh
[13.535s] -- Installing: /home/bingflame/unilidar_sdk/unitree_lidar_ros2/install/unitree_lidar_ros2/share/unitree_lidar_ros2/local_setup.zsh
[13.535s] -- Installing: /home/bingflame/unilidar_sdk/unitree_lidar_ros2/install/unitree_lidar_ros2/share/unitree_lidar_ros2/local_setup.dsv
[13.535s] -- Installing: /home/bingflame/unilidar_sdk/unitree_lidar_ros2/install/unitree_lidar_ros2/share/unitree_lidar_ros2/package.dsv
[13.535s] -- Installing: /home/bingflame/unilidar_sdk/unitree_lidar_ros2/install/unitree_lidar_ros2/share/ament_index/resource_index/packages/unitree_lidar_ros2
[13.535s] -- Installing: /home/bingflame/unilidar_sdk/unitree_lidar_ros2/install/unitree_lidar_ros2/share/unitree_lidar_ros2/cmake/unitree_lidar_ros2Config.cmake
[13.535s] -- Installing: /home/bingflame/unilidar_sdk/unitree_lidar_ros2/install/unitree_lidar_ros2/share/unitree_lidar_ros2/cmake/unitree_lidar_ros2Config-version.cmake
[13.535s] -- Installing: /home/bingflame/unilidar_sdk/unitree_lidar_ros2/install/unitree_lidar_ros2/share/unitree_lidar_ros2/package.xml
[13.537s] Invoked command in '/home/bingflame/unilidar_sdk/unitree_lidar_ros2/build/unitree_lidar_ros2' returned '0': CMAKE_PREFIX_PATH=${CMAKE_PREFIX_PATH}:/opt/ros/jazzy CONDA_PROMPT_MODIFIER=(ros2) DEBUGINFOD_URLS=https://debuginfod.ubuntu.com /usr/bin/cmake --install /home/bingflame/unilidar_sdk/unitree_lidar_ros2/build/unitree_lidar_ros2
