[  5%] [32mBuilding CXX object CMakeFiles/point_cloud_subscriber.dir/src/point_cloud_subscriber.cpp.o[0m
[ 83%] Built target astra_camera
[ 94%] Built target list_devices_node
[01m[K/home/bingflame/RoArm-M1/src/astra_camera/src/point_cloud_subscriber.cpp:[m[K In member function ‘[01m[Kvoid DepthSubscriber::serial_callback(std_msgs::msg::String_<std::allocator<void> >::SharedPtr)[m[K’:
[01m[K/home/bingflame/RoArm-M1/src/astra_camera/src/point_cloud_subscriber.cpp:108:30:[m[K [01;31m[Kerror: [m[K‘[01m[Kconst SharedPtr[m[K’ {aka ‘[01m[Kconst class std::shared_ptr<std_msgs::msg::String_<std::allocator<void> > >[m[K’} has no member named ‘[01m[Kfind[m[K’
  108 |     size_t start_index = msg.[01;31m[Kfind[m[K("(");
      |                              [01;31m[K^~~~[m[K
[01m[K/home/bingflame/RoArm-M1/src/astra_camera/src/point_cloud_subscriber.cpp:109:28:[m[K [01;31m[Kerror: [m[K‘[01m[Kconst SharedPtr[m[K’ {aka ‘[01m[Kconst class std::shared_ptr<std_msgs::msg::String_<std::allocator<void> > >[m[K’} has no member named ‘[01m[Kfind[m[K’
  109 |     size_t end_index = msg.[01;31m[Kfind[m[K(")");
      |                            [01;31m[K^~~~[m[K
[01m[K/home/bingflame/RoArm-M1/src/astra_camera/src/point_cloud_subscriber.cpp:110:39:[m[K [01;31m[Kerror: [m[K‘[01m[Kconst SharedPtr[m[K’ {aka ‘[01m[Kconst class std::shared_ptr<std_msgs::msg::String_<std::allocator<void> > >[m[K’} has no member named ‘[01m[Ksubstr[m[K’
  110 |     std::string coordinates_str = msg.[01;31m[Ksubstr[m[K(start_index + 1, end_index - start_index - 1);
      |                                       [01;31m[K^~~~~~[m[K
[01m[K/home/bingflame/RoArm-M1/src/astra_camera/src/point_cloud_subscriber.cpp:122:23:[m[K [01;31m[Kerror: [m[K‘[01m[Kconst SharedPtr[m[K’ {aka ‘[01m[Kconst class std::shared_ptr<std_msgs::msg::String_<std::allocator<void> > >[m[K’} has no member named ‘[01m[Kfind[m[K’
  122 |     start_index = msg.[01;31m[Kfind[m[K(": ") + 2;
      |                       [01;31m[K^~~~[m[K
[01m[K/home/bingflame/RoArm-M1/src/astra_camera/src/point_cloud_subscriber.cpp:123:21:[m[K [01;31m[Kerror: [m[K‘[01m[Kconst SharedPtr[m[K’ {aka ‘[01m[Kconst class std::shared_ptr<std_msgs::msg::String_<std::allocator<void> > >[m[K’} has no member named ‘[01m[Kfind[m[K’
  123 |     end_index = msg.[01;31m[Kfind[m[K(" C");
      |                     [01;31m[K^~~~[m[K
[01m[K/home/bingflame/RoArm-M1/src/astra_camera/src/point_cloud_subscriber.cpp:124:39:[m[K [01;31m[Kerror: [m[K‘[01m[Kconst SharedPtr[m[K’ {aka ‘[01m[Kconst class std::shared_ptr<std_msgs::msg::String_<std::allocator<void> > >[m[K’} has no member named ‘[01m[Ksubstr[m[K’
  124 |     std::string temperature_str = msg.[01;31m[Ksubstr[m[K(start_index, end_index - start_index);
      |                                       [01;31m[K^~~~~~[m[K
gmake[2]: *** [CMakeFiles/point_cloud_subscriber.dir/build.make:76: CMakeFiles/point_cloud_subscriber.dir/src/point_cloud_subscriber.cpp.o] Error 1
gmake[1]: *** [CMakeFiles/Makefile2:193: CMakeFiles/point_cloud_subscriber.dir/all] Error 2
gmake: *** [Makefile:146: all] Error 2
