[0.018s] Invoking command in '/home/bingflame/RoArm-M1/build/astra_camera': AMENT_PREFIX_PATH=/home/bingflame/RoArm-M1/install/astra_camera_msgs:${AMENT_PREFIX_PATH} CMAKE_PREFIX_PATH=/home/bingflame/RoArm-M1/install/astra_camera_msgs:/opt/ros/humble CONDA_PROMPT_MODIFIER=(base) LD_LIBRARY_PATH=/home/bingflame/RoArm-M1/install/astra_camera_msgs/lib:/opt/ros/humble/opt/rviz_ogre_vendor/lib:/opt/ros/humble/lib/aarch64-linux-gnu:/opt/ros/humble/lib:/usr/local/cuda-12.6/lib64:/home/bingflame/xiugaihou/JetsonGPIO/build/ PYTHONPATH=/home/bingflame/RoArm-M1/install/astra_camera_msgs/lib/python3.10/site-packages:${PYTHONPATH} /usr/bin/cmake --build /home/bingflame/RoArm-M1/build/astra_camera -- -j6 -l6
[0.077s] -- Found ament_cmake: 1.3.10 (/opt/ros/humble/share/ament_cmake/cmake)
[0.386s] -- Found ament_index_cpp: 1.4.0 (/opt/ros/humble/share/ament_index_cpp/cmake)
[0.387s] -- Found astra_camera_msgs: 1.0.1 (/home/bingflame/RoArm-M1/install/astra_camera_msgs/share/astra_camera_msgs/cmake)
[0.466s] -- Found rosidl_generator_c: 3.1.5 (/opt/ros/humble/share/rosidl_generator_c/cmake)
[0.472s] -- Found rosidl_adapter: 3.1.5 (/opt/ros/humble/share/rosidl_adapter/cmake)
[0.486s] -- Found rosidl_generator_cpp: 3.1.5 (/opt/ros/humble/share/rosidl_generator_cpp/cmake)
[0.508s] -- Using all available rosidl_typesupport_c: rosidl_typesupport_fastrtps_c;rosidl_typesupport_introspection_c
[0.534s] -- Using all available rosidl_typesupport_cpp: rosidl_typesupport_fastrtps_cpp;rosidl_typesupport_introspection_cpp
[0.675s] -- Found camera_info_manager: 3.1.9 (/opt/ros/humble/share/camera_info_manager/cmake)
[0.735s] -- Found rmw_implementation_cmake: 6.1.2 (/opt/ros/humble/share/rmw_implementation_cmake/cmake)
[0.738s] -- Found rmw_fastrtps_cpp: 6.2.7 (/opt/ros/humble/share/rmw_fastrtps_cpp/cmake)
[0.944s] -- Using RMW implementation 'rmw_fastrtps_cpp' as default
[1.038s] -- Found class_loader: 2.2.0 (/opt/ros/humble/share/class_loader/cmake)
[1.043s] -- Found cv_bridge: 3.2.1 (/opt/ros/humble/share/cv_bridge/cmake)
[1.070s] -- Found image_geometry: 3.2.1 (/opt/ros/humble/share/image_geometry/cmake)
[1.075s] -- Found image_publisher: 3.0.6 (/opt/ros/humble/share/image_publisher/cmake)
[1.191s] -- Found JPEG: /usr/lib/aarch64-linux-gnu/libjpeg.so (found version "80") 
[1.191s] -- Found JPEG library using standard module
[1.193s] [33mCMake Warning (dev) at /usr/share/cmake-3.22/Modules/FindPackageHandleStandardArgs.cmake:438 (message):
[1.193s]   The package name passed to `find_package_handle_standard_args` (JPEG) does
[1.193s]   not match the name of the calling package (JpegPkg).  This can lead to
[1.193s]   problems in calling code that expects `find_package` result variables
[1.193s]   (e.g., `_FOUND`) to follow a certain pattern.
[1.193s] Call Stack (most recent call first):
[1.194s]   /usr/local/lib/cmake/libuvc/FindJpegPkg.cmake:58 (find_package_handle_standard_args)
[1.194s]   /usr/local/lib/cmake/libuvc/libuvcConfig.cmake:13 (find_package)
[1.194s]   CMakeLists.txt:26 (find_package)
[1.194s] This warning is for project developers.  Use -Wno-dev to suppress it.
[1.194s] [0m
[1.194s] -- Found JPEG: /usr/lib/aarch64-linux-gnu/libjpeg.so  
[1.203s] -- libusb-1.0 found using pkgconfig
[1.216s] -- Found std_srvs: 4.2.4 (/opt/ros/humble/share/std_srvs/cmake)
[1.235s] -- Found tf2: 0.25.8 (/opt/ros/humble/share/tf2/cmake)
[1.243s] -- Found tf2_eigen: 0.25.8 (/opt/ros/humble/share/tf2_eigen/cmake)
[1.366s] -- Found tf2_sensor_msgs: 0.25.8 (/opt/ros/humble/share/tf2_sensor_msgs/cmake)
[1.394s] [31mCMake Error at CMakeLists.txt:40 (find_package):
[1.394s]   By not providing "Findserial.cmake" in CMAKE_MODULE_PATH this project has
[1.394s]   asked CMake to find a package configuration file provided by "serial", but
[1.394s]   CMake did not find one.
[1.394s] 
[1.394s]   Could not find a package configuration file provided by "serial" with any
[1.394s]   of the following names:
[1.395s] 
[1.395s]     serialConfig.cmake
[1.395s]     serial-config.cmake
[1.395s] 
[1.395s]   Add the installation prefix of "serial" to CMAKE_PREFIX_PATH or set
[1.395s]   "serial_DIR" to a directory containing one of the above files.  If "serial"
[1.395s]   provides a separate development package or SDK, be sure it has been
[1.396s]   installed.
[1.396s] 
[1.396s] [0m
[1.396s] -- Configuring incomplete, errors occurred!
[1.396s] See also "/home/bingflame/RoArm-M1/build/astra_camera/CMakeFiles/CMakeOutput.log".
[1.418s] gmake: *** [Makefile:673: cmake_check_build_system] Error 1
[1.423s] Invoked command in '/home/bingflame/RoArm-M1/build/astra_camera' returned '2': AMENT_PREFIX_PATH=/home/bingflame/RoArm-M1/install/astra_camera_msgs:${AMENT_PREFIX_PATH} CMAKE_PREFIX_PATH=/home/bingflame/RoArm-M1/install/astra_camera_msgs:/opt/ros/humble CONDA_PROMPT_MODIFIER=(base) LD_LIBRARY_PATH=/home/bingflame/RoArm-M1/install/astra_camera_msgs/lib:/opt/ros/humble/opt/rviz_ogre_vendor/lib:/opt/ros/humble/lib/aarch64-linux-gnu:/opt/ros/humble/lib:/usr/local/cuda-12.6/lib64:/home/bingflame/xiugaihou/JetsonGPIO/build/ PYTHONPATH=/home/bingflame/RoArm-M1/install/astra_camera_msgs/lib/python3.10/site-packages:${PYTHONPATH} /usr/bin/cmake --build /home/bingflame/RoArm-M1/build/astra_camera -- -j6 -l6
