[0.067s] Invoking command in '/home/bingflame/RoArm-M1/build/astra_camera_msgs': CMAKE_PREFIX_PATH=${CMAKE_PREFIX_PATH}:/home/bingflame/RoArm-M1/install/serial_reader:/home/bingflame/RoArm-M1/install/serial_ctrl:/opt/ros/humble CONDA_PROMPT_MODIFIER=(base) /usr/bin/cmake --build /home/bingflame/RoArm-M1/build/astra_camera_msgs -- -j6 -l6
[0.766s] [  1%] Built target astra_camera_msgs__cpp
[0.766s] [ 12%] Built target astra_camera_msgs__rosidl_generator_c
[0.766s] [ 24%] Built target astra_camera_msgs__rosidl_typesupport_introspection_cpp
[0.766s] [ 27%] Built target ament_cmake_python_copy_astra_camera_msgs
[0.767s] [ 35%] Built target astra_camera_msgs__rosidl_typesupport_cpp
[0.767s] [ 47%] Built target astra_camera_msgs__rosidl_typesupport_fastrtps_cpp
[0.767s] [ 58%] Built target astra_camera_msgs__rosidl_typesupport_introspection_c
[0.767s] [ 70%] Built target astra_camera_msgs__rosidl_typesupport_fastrtps_c
[0.767s] [ 82%] Built target astra_camera_msgs__rosidl_typesupport_c
[0.767s] [ 82%] Built target astra_camera_msgs
[0.767s] [ 83%] Built target astra_camera_msgs__py
[0.768s] [ 93%] Built target astra_camera_msgs__rosidl_generator_py
[0.768s] [ 97%] Built target astra_camera_msgs__rosidl_typesupport_introspection_c__pyext
[0.768s] [ 97%] Built target astra_camera_msgs__rosidl_typesupport_fastrtps_c__pyext
[0.769s] [100%] Built target astra_camera_msgs__rosidl_typesupport_c__pyext
[0.954s] running egg_info
[0.983s] writing astra_camera_msgs.egg-info/PKG-INFO
[0.985s] writing dependency_links to astra_camera_msgs.egg-info/dependency_links.txt
[0.986s] writing top-level names to astra_camera_msgs.egg-info/top_level.txt
[1.070s] reading manifest file 'astra_camera_msgs.egg-info/SOURCES.txt'
[1.074s] writing manifest file 'astra_camera_msgs.egg-info/SOURCES.txt'
[1.171s] [100%] Built target ament_cmake_python_build_astra_camera_msgs_egg
[1.423s] Invoked command in '/home/bingflame/RoArm-M1/build/astra_camera_msgs' returned '0': CMAKE_PREFIX_PATH=${CMAKE_PREFIX_PATH}:/home/bingflame/RoArm-M1/install/serial_reader:/home/bingflame/RoArm-M1/install/serial_ctrl:/opt/ros/humble CONDA_PROMPT_MODIFIER=(base) /usr/bin/cmake --build /home/bingflame/RoArm-M1/build/astra_camera_msgs -- -j6 -l6
[2.174s] Invoking command in '/home/bingflame/RoArm-M1/build/astra_camera_msgs': CMAKE_PREFIX_PATH=${CMAKE_PREFIX_PATH}:/home/bingflame/RoArm-M1/install/serial_reader:/home/bingflame/RoArm-M1/install/serial_ctrl:/opt/ros/humble CONDA_PROMPT_MODIFIER=(base) /usr/bin/cmake --install /home/bingflame/RoArm-M1/build/astra_camera_msgs
[2.196s] -- Install configuration: ""
[2.197s] -- Up-to-date: /home/bingflame/RoArm-M1/install/astra_camera_msgs/share/ament_index/resource_index/rosidl_interfaces/astra_camera_msgs
[2.199s] -- Up-to-date: /home/bingflame/RoArm-M1/install/astra_camera_msgs/include/astra_camera_msgs/astra_camera_msgs
[2.200s] -- Up-to-date: /home/bingflame/RoArm-M1/install/astra_camera_msgs/include/astra_camera_msgs/astra_camera_msgs/msg
[2.207s] -- Up-to-date: /home/bingflame/RoArm-M1/install/astra_camera_msgs/include/astra_camera_msgs/astra_camera_msgs/msg/metadata.h
[2.207s] -- Up-to-date: /home/bingflame/RoArm-M1/install/astra_camera_msgs/include/astra_camera_msgs/astra_camera_msgs/msg/detail
[2.208s] -- Up-to-date: /home/bingflame/RoArm-M1/install/astra_camera_msgs/include/astra_camera_msgs/astra_camera_msgs/msg/detail/device_info__functions.h
[2.208s] -- Up-to-date: /home/bingflame/RoArm-M1/install/astra_camera_msgs/include/astra_camera_msgs/astra_camera_msgs/msg/detail/device_info__type_support.h
[2.208s] -- Up-to-date: /home/bingflame/RoArm-M1/install/astra_camera_msgs/include/astra_camera_msgs/astra_camera_msgs/msg/detail/metadata__struct.h
[2.208s] -- Up-to-date: /home/bingflame/RoArm-M1/install/astra_camera_msgs/include/astra_camera_msgs/astra_camera_msgs/msg/detail/metadata__type_support.h
[2.208s] -- Up-to-date: /home/bingflame/RoArm-M1/install/astra_camera_msgs/include/astra_camera_msgs/astra_camera_msgs/msg/detail/extrinsics__functions.h
[2.208s] -- Up-to-date: /home/bingflame/RoArm-M1/install/astra_camera_msgs/include/astra_camera_msgs/astra_camera_msgs/msg/detail/extrinsics__functions.c
[2.208s] -- Up-to-date: /home/bingflame/RoArm-M1/install/astra_camera_msgs/include/astra_camera_msgs/astra_camera_msgs/msg/detail/metadata__functions.c
[2.209s] -- Up-to-date: /home/bingflame/RoArm-M1/install/astra_camera_msgs/include/astra_camera_msgs/astra_camera_msgs/msg/detail/device_info__struct.h
[2.209s] -- Up-to-date: /home/bingflame/RoArm-M1/install/astra_camera_msgs/include/astra_camera_msgs/astra_camera_msgs/msg/detail/metadata__functions.h
[2.209s] -- Up-to-date: /home/bingflame/RoArm-M1/install/astra_camera_msgs/include/astra_camera_msgs/astra_camera_msgs/msg/detail/extrinsics__type_support.h
[2.209s] -- Up-to-date: /home/bingflame/RoArm-M1/install/astra_camera_msgs/include/astra_camera_msgs/astra_camera_msgs/msg/detail/device_info__functions.c
[2.209s] -- Up-to-date: /home/bingflame/RoArm-M1/install/astra_camera_msgs/include/astra_camera_msgs/astra_camera_msgs/msg/detail/extrinsics__struct.h
[2.209s] -- Up-to-date: /home/bingflame/RoArm-M1/install/astra_camera_msgs/include/astra_camera_msgs/astra_camera_msgs/msg/device_info.h
[2.209s] -- Up-to-date: /home/bingflame/RoArm-M1/install/astra_camera_msgs/include/astra_camera_msgs/astra_camera_msgs/msg/extrinsics.h
[2.210s] -- Up-to-date: /home/bingflame/RoArm-M1/install/astra_camera_msgs/include/astra_camera_msgs/astra_camera_msgs/msg/rosidl_generator_c__visibility_control.h
[2.210s] -- Up-to-date: /home/bingflame/RoArm-M1/install/astra_camera_msgs/include/astra_camera_msgs/astra_camera_msgs/srv
[2.210s] -- Up-to-date: /home/bingflame/RoArm-M1/install/astra_camera_msgs/include/astra_camera_msgs/astra_camera_msgs/srv/get_camera_params.h
[2.210s] -- Up-to-date: /home/bingflame/RoArm-M1/install/astra_camera_msgs/include/astra_camera_msgs/astra_camera_msgs/srv/get_string.h
[2.210s] -- Up-to-date: /home/bingflame/RoArm-M1/install/astra_camera_msgs/include/astra_camera_msgs/astra_camera_msgs/srv/set_int32.h
[2.210s] -- Up-to-date: /home/bingflame/RoArm-M1/install/astra_camera_msgs/include/astra_camera_msgs/astra_camera_msgs/srv/get_device_info.h
[2.211s] -- Up-to-date: /home/bingflame/RoArm-M1/install/astra_camera_msgs/include/astra_camera_msgs/astra_camera_msgs/srv/get_camera_info.h
[2.211s] -- Up-to-date: /home/bingflame/RoArm-M1/install/astra_camera_msgs/include/astra_camera_msgs/astra_camera_msgs/srv/detail
[2.211s] -- Up-to-date: /home/bingflame/RoArm-M1/install/astra_camera_msgs/include/astra_camera_msgs/astra_camera_msgs/srv/detail/get_string__functions.h
[2.211s] -- Up-to-date: /home/bingflame/RoArm-M1/install/astra_camera_msgs/include/astra_camera_msgs/astra_camera_msgs/srv/detail/get_int32__functions.c
[2.211s] -- Up-to-date: /home/bingflame/RoArm-M1/install/astra_camera_msgs/include/astra_camera_msgs/astra_camera_msgs/srv/detail/set_int32__type_support.h
[2.211s] -- Up-to-date: /home/bingflame/RoArm-M1/install/astra_camera_msgs/include/astra_camera_msgs/astra_camera_msgs/srv/detail/get_int32__type_support.h
[2.211s] -- Up-to-date: /home/bingflame/RoArm-M1/install/astra_camera_msgs/include/astra_camera_msgs/astra_camera_msgs/srv/detail/get_camera_params__functions.c
[2.211s] -- Up-to-date: /home/bingflame/RoArm-M1/install/astra_camera_msgs/include/astra_camera_msgs/astra_camera_msgs/srv/detail/get_device_info__struct.h
[2.212s] -- Up-to-date: /home/bingflame/RoArm-M1/install/astra_camera_msgs/include/astra_camera_msgs/astra_camera_msgs/srv/detail/get_device_info__functions.h
[2.212s] -- Up-to-date: /home/bingflame/RoArm-M1/install/astra_camera_msgs/include/astra_camera_msgs/astra_camera_msgs/srv/detail/get_camera_params__struct.h
[2.213s] -- Up-to-date: /home/bingflame/RoArm-M1/install/astra_camera_msgs/include/astra_camera_msgs/astra_camera_msgs/srv/detail/get_camera_info__functions.c
[2.213s] -- Up-to-date: /home/bingflame/RoArm-M1/install/astra_camera_msgs/include/astra_camera_msgs/astra_camera_msgs/srv/detail/get_int32__functions.h
[2.213s] -- Up-to-date: /home/bingflame/RoArm-M1/install/astra_camera_msgs/include/astra_camera_msgs/astra_camera_msgs/srv/detail/get_int32__struct.h
[2.213s] -- Up-to-date: /home/bingflame/RoArm-M1/install/astra_camera_msgs/include/astra_camera_msgs/astra_camera_msgs/srv/detail/get_camera_info__functions.h
[2.213s] -- Up-to-date: /home/bingflame/RoArm-M1/install/astra_camera_msgs/include/astra_camera_msgs/astra_camera_msgs/srv/detail/get_string__struct.h
[2.216s] -- Up-to-date: /home/bingflame/RoArm-M1/install/astra_camera_msgs/include/astra_camera_msgs/astra_camera_msgs/srv/detail/get_string__functions.c
[2.217s] -- Up-to-date: /home/bingflame/RoArm-M1/install/astra_camera_msgs/include/astra_camera_msgs/astra_camera_msgs/srv/detail/set_int32__struct.h
[2.217s] -- Up-to-date: /home/bingflame/RoArm-M1/install/astra_camera_msgs/include/astra_camera_msgs/astra_camera_msgs/srv/detail/get_camera_params__functions.h
[2.217s] -- Up-to-date: /home/bingflame/RoArm-M1/install/astra_camera_msgs/include/astra_camera_msgs/astra_camera_msgs/srv/detail/get_device_info__functions.c
[2.217s] -- Up-to-date: /home/bingflame/RoArm-M1/install/astra_camera_msgs/include/astra_camera_msgs/astra_camera_msgs/srv/detail/get_device_info__type_support.h
[2.217s] -- Up-to-date: /home/bingflame/RoArm-M1/install/astra_camera_msgs/include/astra_camera_msgs/astra_camera_msgs/srv/detail/get_camera_info__type_support.h
[2.217s] -- Up-to-date: /home/bingflame/RoArm-M1/install/astra_camera_msgs/include/astra_camera_msgs/astra_camera_msgs/srv/detail/get_string__type_support.h
[2.217s] -- Up-to-date: /home/bingflame/RoArm-M1/install/astra_camera_msgs/include/astra_camera_msgs/astra_camera_msgs/srv/detail/set_int32__functions.h
[2.218s] -- Up-to-date: /home/bingflame/RoArm-M1/install/astra_camera_msgs/include/astra_camera_msgs/astra_camera_msgs/srv/detail/get_camera_params__type_support.h
[2.218s] -- Up-to-date: /home/bingflame/RoArm-M1/install/astra_camera_msgs/include/astra_camera_msgs/astra_camera_msgs/srv/detail/get_camera_info__struct.h
[2.218s] -- Up-to-date: /home/bingflame/RoArm-M1/install/astra_camera_msgs/include/astra_camera_msgs/astra_camera_msgs/srv/detail/set_int32__functions.c
[2.218s] -- Up-to-date: /home/bingflame/RoArm-M1/install/astra_camera_msgs/include/astra_camera_msgs/astra_camera_msgs/srv/get_int32.h
[2.218s] -- Up-to-date: /home/bingflame/RoArm-M1/install/astra_camera_msgs/share/astra_camera_msgs/environment/library_path.sh
[2.218s] -- Up-to-date: /home/bingflame/RoArm-M1/install/astra_camera_msgs/share/astra_camera_msgs/environment/library_path.dsv
[2.218s] -- Up-to-date: /home/bingflame/RoArm-M1/install/astra_camera_msgs/lib/libastra_camera_msgs__rosidl_generator_c.so
[2.218s] -- Up-to-date: /home/bingflame/RoArm-M1/install/astra_camera_msgs/include/astra_camera_msgs/astra_camera_msgs
[2.219s] -- Up-to-date: /home/bingflame/RoArm-M1/install/astra_camera_msgs/include/astra_camera_msgs/astra_camera_msgs/msg
[2.219s] -- Up-to-date: /home/bingflame/RoArm-M1/install/astra_camera_msgs/include/astra_camera_msgs/astra_camera_msgs/msg/rosidl_typesupport_fastrtps_c__visibility_control.h
[2.219s] -- Up-to-date: /home/bingflame/RoArm-M1/install/astra_camera_msgs/include/astra_camera_msgs/astra_camera_msgs/msg/detail
[2.219s] -- Up-to-date: /home/bingflame/RoArm-M1/install/astra_camera_msgs/include/astra_camera_msgs/astra_camera_msgs/msg/detail/extrinsics__rosidl_typesupport_fastrtps_c.h
[2.219s] -- Up-to-date: /home/bingflame/RoArm-M1/install/astra_camera_msgs/include/astra_camera_msgs/astra_camera_msgs/msg/detail/metadata__rosidl_typesupport_fastrtps_c.h
[2.219s] -- Up-to-date: /home/bingflame/RoArm-M1/install/astra_camera_msgs/include/astra_camera_msgs/astra_camera_msgs/msg/detail/device_info__rosidl_typesupport_fastrtps_c.h
[2.219s] -- Up-to-date: /home/bingflame/RoArm-M1/install/astra_camera_msgs/include/astra_camera_msgs/astra_camera_msgs/srv
[2.220s] -- Up-to-date: /home/bingflame/RoArm-M1/install/astra_camera_msgs/include/astra_camera_msgs/astra_camera_msgs/srv/detail
[2.220s] -- Up-to-date: /home/bingflame/RoArm-M1/install/astra_camera_msgs/include/astra_camera_msgs/astra_camera_msgs/srv/detail/get_camera_info__rosidl_typesupport_fastrtps_c.h
[2.220s] -- Up-to-date: /home/bingflame/RoArm-M1/install/astra_camera_msgs/include/astra_camera_msgs/astra_camera_msgs/srv/detail/get_device_info__rosidl_typesupport_fastrtps_c.h
[2.220s] -- Up-to-date: /home/bingflame/RoArm-M1/install/astra_camera_msgs/include/astra_camera_msgs/astra_camera_msgs/srv/detail/set_int32__rosidl_typesupport_fastrtps_c.h
[2.220s] -- Up-to-date: /home/bingflame/RoArm-M1/install/astra_camera_msgs/include/astra_camera_msgs/astra_camera_msgs/srv/detail/get_string__rosidl_typesupport_fastrtps_c.h
[2.228s] -- Up-to-date: /home/bingflame/RoArm-M1/install/astra_camera_msgs/include/astra_camera_msgs/astra_camera_msgs/srv/detail/get_int32__rosidl_typesupport_fastrtps_c.h
[2.229s] -- Up-to-date: /home/bingflame/RoArm-M1/install/astra_camera_msgs/include/astra_camera_msgs/astra_camera_msgs/srv/detail/get_camera_params__rosidl_typesupport_fastrtps_c.h
[2.229s] -- Up-to-date: /home/bingflame/RoArm-M1/install/astra_camera_msgs/lib/libastra_camera_msgs__rosidl_typesupport_fastrtps_c.so
[2.229s] -- Up-to-date: /home/bingflame/RoArm-M1/install/astra_camera_msgs/include/astra_camera_msgs/astra_camera_msgs
[2.229s] -- Up-to-date: /home/bingflame/RoArm-M1/install/astra_camera_msgs/include/astra_camera_msgs/astra_camera_msgs/msg
[2.229s] -- Up-to-date: /home/bingflame/RoArm-M1/install/astra_camera_msgs/include/astra_camera_msgs/astra_camera_msgs/msg/rosidl_typesupport_introspection_c__visibility_control.h
[2.230s] -- Up-to-date: /home/bingflame/RoArm-M1/install/astra_camera_msgs/include/astra_camera_msgs/astra_camera_msgs/msg/detail
[2.230s] -- Up-to-date: /home/bingflame/RoArm-M1/install/astra_camera_msgs/include/astra_camera_msgs/astra_camera_msgs/msg/detail/device_info__type_support.c
[2.230s] -- Up-to-date: /home/bingflame/RoArm-M1/install/astra_camera_msgs/include/astra_camera_msgs/astra_camera_msgs/msg/detail/metadata__type_support.c
[2.230s] -- Up-to-date: /home/bingflame/RoArm-M1/install/astra_camera_msgs/include/astra_camera_msgs/astra_camera_msgs/msg/detail/metadata__rosidl_typesupport_introspection_c.h
[2.230s] -- Up-to-date: /home/bingflame/RoArm-M1/install/astra_camera_msgs/include/astra_camera_msgs/astra_camera_msgs/msg/detail/device_info__rosidl_typesupport_introspection_c.h
[2.230s] -- Up-to-date: /home/bingflame/RoArm-M1/install/astra_camera_msgs/include/astra_camera_msgs/astra_camera_msgs/msg/detail/extrinsics__type_support.c
[2.230s] -- Up-to-date: /home/bingflame/RoArm-M1/install/astra_camera_msgs/include/astra_camera_msgs/astra_camera_msgs/msg/detail/extrinsics__rosidl_typesupport_introspection_c.h
[2.231s] -- Up-to-date: /home/bingflame/RoArm-M1/install/astra_camera_msgs/include/astra_camera_msgs/astra_camera_msgs/srv
[2.231s] -- Up-to-date: /home/bingflame/RoArm-M1/install/astra_camera_msgs/include/astra_camera_msgs/astra_camera_msgs/srv/detail
[2.231s] -- Up-to-date: /home/bingflame/RoArm-M1/install/astra_camera_msgs/include/astra_camera_msgs/astra_camera_msgs/srv/detail/get_device_info__rosidl_typesupport_introspection_c.h
[2.231s] -- Up-to-date: /home/bingflame/RoArm-M1/install/astra_camera_msgs/include/astra_camera_msgs/astra_camera_msgs/srv/detail/get_camera_params__rosidl_typesupport_introspection_c.h
[2.231s] -- Up-to-date: /home/bingflame/RoArm-M1/install/astra_camera_msgs/include/astra_camera_msgs/astra_camera_msgs/srv/detail/get_device_info__type_support.c
[2.231s] -- Up-to-date: /home/bingflame/RoArm-M1/install/astra_camera_msgs/include/astra_camera_msgs/astra_camera_msgs/srv/detail/get_int32__type_support.c
[2.231s] -- Up-to-date: /home/bingflame/RoArm-M1/install/astra_camera_msgs/include/astra_camera_msgs/astra_camera_msgs/srv/detail/get_int32__rosidl_typesupport_introspection_c.h
[2.232s] -- Up-to-date: /home/bingflame/RoArm-M1/install/astra_camera_msgs/include/astra_camera_msgs/astra_camera_msgs/srv/detail/set_int32__rosidl_typesupport_introspection_c.h
[2.232s] -- Up-to-date: /home/bingflame/RoArm-M1/install/astra_camera_msgs/include/astra_camera_msgs/astra_camera_msgs/srv/detail/get_camera_info__rosidl_typesupport_introspection_c.h
[2.233s] -- Up-to-date: /home/bingflame/RoArm-M1/install/astra_camera_msgs/include/astra_camera_msgs/astra_camera_msgs/srv/detail/get_string__rosidl_typesupport_introspection_c.h
[2.234s] -- Up-to-date: /home/bingflame/RoArm-M1/install/astra_camera_msgs/include/astra_camera_msgs/astra_camera_msgs/srv/detail/get_string__type_support.c
[2.235s] -- Up-to-date: /home/bingflame/RoArm-M1/install/astra_camera_msgs/include/astra_camera_msgs/astra_camera_msgs/srv/detail/get_camera_info__type_support.c
[2.235s] -- Up-to-date: /home/bingflame/RoArm-M1/install/astra_camera_msgs/include/astra_camera_msgs/astra_camera_msgs/srv/detail/set_int32__type_support.c
[2.235s] -- Up-to-date: /home/bingflame/RoArm-M1/install/astra_camera_msgs/include/astra_camera_msgs/astra_camera_msgs/srv/detail/get_camera_params__type_support.c
[2.237s] -- Up-to-date: /home/bingflame/RoArm-M1/install/astra_camera_msgs/lib/libastra_camera_msgs__rosidl_typesupport_introspection_c.so
[2.237s] -- Up-to-date: /home/bingflame/RoArm-M1/install/astra_camera_msgs/lib/libastra_camera_msgs__rosidl_typesupport_c.so
[2.238s] -- Up-to-date: /home/bingflame/RoArm-M1/install/astra_camera_msgs/include/astra_camera_msgs/astra_camera_msgs
[2.238s] -- Up-to-date: /home/bingflame/RoArm-M1/install/astra_camera_msgs/include/astra_camera_msgs/astra_camera_msgs/msg
[2.239s] -- Up-to-date: /home/bingflame/RoArm-M1/install/astra_camera_msgs/include/astra_camera_msgs/astra_camera_msgs/msg/metadata.hpp
[2.239s] -- Up-to-date: /home/bingflame/RoArm-M1/install/astra_camera_msgs/include/astra_camera_msgs/astra_camera_msgs/msg/extrinsics.hpp
[2.240s] -- Up-to-date: /home/bingflame/RoArm-M1/install/astra_camera_msgs/include/astra_camera_msgs/astra_camera_msgs/msg/device_info.hpp
[2.240s] -- Up-to-date: /home/bingflame/RoArm-M1/install/astra_camera_msgs/include/astra_camera_msgs/astra_camera_msgs/msg/detail
[2.240s] -- Up-to-date: /home/bingflame/RoArm-M1/install/astra_camera_msgs/include/astra_camera_msgs/astra_camera_msgs/msg/detail/device_info__traits.hpp
[2.240s] -- Up-to-date: /home/bingflame/RoArm-M1/install/astra_camera_msgs/include/astra_camera_msgs/astra_camera_msgs/msg/detail/extrinsics__traits.hpp
[2.242s] -- Up-to-date: /home/bingflame/RoArm-M1/install/astra_camera_msgs/include/astra_camera_msgs/astra_camera_msgs/msg/detail/extrinsics__builder.hpp
[2.243s] -- Up-to-date: /home/bingflame/RoArm-M1/install/astra_camera_msgs/include/astra_camera_msgs/astra_camera_msgs/msg/detail/metadata__builder.hpp
[2.243s] -- Up-to-date: /home/bingflame/RoArm-M1/install/astra_camera_msgs/include/astra_camera_msgs/astra_camera_msgs/msg/detail/extrinsics__struct.hpp
[2.243s] -- Up-to-date: /home/bingflame/RoArm-M1/install/astra_camera_msgs/include/astra_camera_msgs/astra_camera_msgs/msg/detail/metadata__traits.hpp
[2.243s] -- Up-to-date: /home/bingflame/RoArm-M1/install/astra_camera_msgs/include/astra_camera_msgs/astra_camera_msgs/msg/detail/device_info__struct.hpp
[2.243s] -- Up-to-date: /home/bingflame/RoArm-M1/install/astra_camera_msgs/include/astra_camera_msgs/astra_camera_msgs/msg/detail/device_info__builder.hpp
[2.243s] -- Up-to-date: /home/bingflame/RoArm-M1/install/astra_camera_msgs/include/astra_camera_msgs/astra_camera_msgs/msg/detail/metadata__struct.hpp
[2.243s] -- Up-to-date: /home/bingflame/RoArm-M1/install/astra_camera_msgs/include/astra_camera_msgs/astra_camera_msgs/srv
[2.244s] -- Up-to-date: /home/bingflame/RoArm-M1/install/astra_camera_msgs/include/astra_camera_msgs/astra_camera_msgs/srv/get_camera_params.hpp
[2.244s] -- Up-to-date: /home/bingflame/RoArm-M1/install/astra_camera_msgs/include/astra_camera_msgs/astra_camera_msgs/srv/get_camera_info.hpp
[2.244s] -- Up-to-date: /home/bingflame/RoArm-M1/install/astra_camera_msgs/include/astra_camera_msgs/astra_camera_msgs/srv/set_int32.hpp
[2.244s] -- Up-to-date: /home/bingflame/RoArm-M1/install/astra_camera_msgs/include/astra_camera_msgs/astra_camera_msgs/srv/get_int32.hpp
[2.244s] -- Up-to-date: /home/bingflame/RoArm-M1/install/astra_camera_msgs/include/astra_camera_msgs/astra_camera_msgs/srv/get_device_info.hpp
[2.244s] -- Up-to-date: /home/bingflame/RoArm-M1/install/astra_camera_msgs/include/astra_camera_msgs/astra_camera_msgs/srv/get_string.hpp
[2.244s] -- Up-to-date: /home/bingflame/RoArm-M1/install/astra_camera_msgs/include/astra_camera_msgs/astra_camera_msgs/srv/detail
[2.245s] -- Up-to-date: /home/bingflame/RoArm-M1/install/astra_camera_msgs/include/astra_camera_msgs/astra_camera_msgs/srv/detail/set_int32__traits.hpp
[2.245s] -- Up-to-date: /home/bingflame/RoArm-M1/install/astra_camera_msgs/include/astra_camera_msgs/astra_camera_msgs/srv/detail/get_device_info__builder.hpp
[2.245s] -- Up-to-date: /home/bingflame/RoArm-M1/install/astra_camera_msgs/include/astra_camera_msgs/astra_camera_msgs/srv/detail/get_device_info__traits.hpp
[2.245s] -- Up-to-date: /home/bingflame/RoArm-M1/install/astra_camera_msgs/include/astra_camera_msgs/astra_camera_msgs/srv/detail/get_string__traits.hpp
[2.245s] -- Up-to-date: /home/bingflame/RoArm-M1/install/astra_camera_msgs/include/astra_camera_msgs/astra_camera_msgs/srv/detail/get_int32__traits.hpp
[2.245s] -- Up-to-date: /home/bingflame/RoArm-M1/install/astra_camera_msgs/include/astra_camera_msgs/astra_camera_msgs/srv/detail/get_int32__builder.hpp
[2.245s] -- Up-to-date: /home/bingflame/RoArm-M1/install/astra_camera_msgs/include/astra_camera_msgs/astra_camera_msgs/srv/detail/get_device_info__struct.hpp
[2.245s] -- Up-to-date: /home/bingflame/RoArm-M1/install/astra_camera_msgs/include/astra_camera_msgs/astra_camera_msgs/srv/detail/get_camera_info__traits.hpp
[2.246s] -- Up-to-date: /home/bingflame/RoArm-M1/install/astra_camera_msgs/include/astra_camera_msgs/astra_camera_msgs/srv/detail/get_camera_info__builder.hpp
[2.246s] -- Up-to-date: /home/bingflame/RoArm-M1/install/astra_camera_msgs/include/astra_camera_msgs/astra_camera_msgs/srv/detail/get_string__builder.hpp
[2.246s] -- Up-to-date: /home/bingflame/RoArm-M1/install/astra_camera_msgs/include/astra_camera_msgs/astra_camera_msgs/srv/detail/get_camera_params__struct.hpp
[2.246s] -- Up-to-date: /home/bingflame/RoArm-M1/install/astra_camera_msgs/include/astra_camera_msgs/astra_camera_msgs/srv/detail/get_camera_params__builder.hpp
[2.246s] -- Up-to-date: /home/bingflame/RoArm-M1/install/astra_camera_msgs/include/astra_camera_msgs/astra_camera_msgs/srv/detail/get_int32__struct.hpp
[2.246s] -- Up-to-date: /home/bingflame/RoArm-M1/install/astra_camera_msgs/include/astra_camera_msgs/astra_camera_msgs/srv/detail/get_string__struct.hpp
[2.246s] -- Up-to-date: /home/bingflame/RoArm-M1/install/astra_camera_msgs/include/astra_camera_msgs/astra_camera_msgs/srv/detail/get_camera_params__traits.hpp
[2.247s] -- Up-to-date: /home/bingflame/RoArm-M1/install/astra_camera_msgs/include/astra_camera_msgs/astra_camera_msgs/srv/detail/set_int32__builder.hpp
[2.247s] -- Up-to-date: /home/bingflame/RoArm-M1/install/astra_camera_msgs/include/astra_camera_msgs/astra_camera_msgs/srv/detail/set_int32__struct.hpp
[2.247s] -- Up-to-date: /home/bingflame/RoArm-M1/install/astra_camera_msgs/include/astra_camera_msgs/astra_camera_msgs/srv/detail/get_camera_info__struct.hpp
[2.247s] -- Up-to-date: /home/bingflame/RoArm-M1/install/astra_camera_msgs/include/astra_camera_msgs/astra_camera_msgs
[2.247s] -- Up-to-date: /home/bingflame/RoArm-M1/install/astra_camera_msgs/include/astra_camera_msgs/astra_camera_msgs/msg
[2.247s] -- Up-to-date: /home/bingflame/RoArm-M1/install/astra_camera_msgs/include/astra_camera_msgs/astra_camera_msgs/msg/rosidl_typesupport_fastrtps_cpp__visibility_control.h
[2.247s] -- Up-to-date: /home/bingflame/RoArm-M1/install/astra_camera_msgs/include/astra_camera_msgs/astra_camera_msgs/msg/detail
[2.248s] -- Up-to-date: /home/bingflame/RoArm-M1/install/astra_camera_msgs/include/astra_camera_msgs/astra_camera_msgs/msg/detail/metadata__rosidl_typesupport_fastrtps_cpp.hpp
[2.248s] -- Up-to-date: /home/bingflame/RoArm-M1/install/astra_camera_msgs/include/astra_camera_msgs/astra_camera_msgs/msg/detail/dds_fastrtps
[2.248s] -- Up-to-date: /home/bingflame/RoArm-M1/install/astra_camera_msgs/include/astra_camera_msgs/astra_camera_msgs/msg/detail/device_info__rosidl_typesupport_fastrtps_cpp.hpp
[2.248s] -- Up-to-date: /home/bingflame/RoArm-M1/install/astra_camera_msgs/include/astra_camera_msgs/astra_camera_msgs/msg/detail/extrinsics__rosidl_typesupport_fastrtps_cpp.hpp
[2.248s] -- Up-to-date: /home/bingflame/RoArm-M1/install/astra_camera_msgs/include/astra_camera_msgs/astra_camera_msgs/srv
[2.248s] -- Up-to-date: /home/bingflame/RoArm-M1/install/astra_camera_msgs/include/astra_camera_msgs/astra_camera_msgs/srv/detail
[2.269s] -- Up-to-date: /home/bingflame/RoArm-M1/install/astra_camera_msgs/include/astra_camera_msgs/astra_camera_msgs/srv/detail/get_string__rosidl_typesupport_fastrtps_cpp.hpp
[2.269s] -- Up-to-date: /home/bingflame/RoArm-M1/install/astra_camera_msgs/include/astra_camera_msgs/astra_camera_msgs/srv/detail/get_camera_params__rosidl_typesupport_fastrtps_cpp.hpp
[2.269s] -- Up-to-date: /home/bingflame/RoArm-M1/install/astra_camera_msgs/include/astra_camera_msgs/astra_camera_msgs/srv/detail/set_int32__rosidl_typesupport_fastrtps_cpp.hpp
[2.269s] -- Up-to-date: /home/bingflame/RoArm-M1/install/astra_camera_msgs/include/astra_camera_msgs/astra_camera_msgs/srv/detail/get_camera_info__rosidl_typesupport_fastrtps_cpp.hpp
[2.270s] -- Up-to-date: /home/bingflame/RoArm-M1/install/astra_camera_msgs/include/astra_camera_msgs/astra_camera_msgs/srv/detail/dds_fastrtps
[2.270s] -- Up-to-date: /home/bingflame/RoArm-M1/install/astra_camera_msgs/include/astra_camera_msgs/astra_camera_msgs/srv/detail/get_int32__rosidl_typesupport_fastrtps_cpp.hpp
[2.270s] -- Up-to-date: /home/bingflame/RoArm-M1/install/astra_camera_msgs/include/astra_camera_msgs/astra_camera_msgs/srv/detail/get_device_info__rosidl_typesupport_fastrtps_cpp.hpp
[2.270s] -- Up-to-date: /home/bingflame/RoArm-M1/install/astra_camera_msgs/lib/libastra_camera_msgs__rosidl_typesupport_fastrtps_cpp.so
[2.270s] -- Up-to-date: /home/bingflame/RoArm-M1/install/astra_camera_msgs/include/astra_camera_msgs/astra_camera_msgs
[2.270s] -- Up-to-date: /home/bingflame/RoArm-M1/install/astra_camera_msgs/include/astra_camera_msgs/astra_camera_msgs/msg
[2.270s] -- Up-to-date: /home/bingflame/RoArm-M1/install/astra_camera_msgs/include/astra_camera_msgs/astra_camera_msgs/msg/detail
[2.271s] -- Up-to-date: /home/bingflame/RoArm-M1/install/astra_camera_msgs/include/astra_camera_msgs/astra_camera_msgs/msg/detail/extrinsics__type_support.cpp
[2.271s] -- Up-to-date: /home/bingflame/RoArm-M1/install/astra_camera_msgs/include/astra_camera_msgs/astra_camera_msgs/msg/detail/device_info__rosidl_typesupport_introspection_cpp.hpp
[2.271s] -- Up-to-date: /home/bingflame/RoArm-M1/install/astra_camera_msgs/include/astra_camera_msgs/astra_camera_msgs/msg/detail/metadata__rosidl_typesupport_introspection_cpp.hpp
[2.271s] -- Up-to-date: /home/bingflame/RoArm-M1/install/astra_camera_msgs/include/astra_camera_msgs/astra_camera_msgs/msg/detail/device_info__type_support.cpp
[2.271s] -- Up-to-date: /home/bingflame/RoArm-M1/install/astra_camera_msgs/include/astra_camera_msgs/astra_camera_msgs/msg/detail/metadata__type_support.cpp
[2.271s] -- Up-to-date: /home/bingflame/RoArm-M1/install/astra_camera_msgs/include/astra_camera_msgs/astra_camera_msgs/msg/detail/extrinsics__rosidl_typesupport_introspection_cpp.hpp
[2.271s] -- Up-to-date: /home/bingflame/RoArm-M1/install/astra_camera_msgs/include/astra_camera_msgs/astra_camera_msgs/srv
[2.272s] -- Up-to-date: /home/bingflame/RoArm-M1/install/astra_camera_msgs/include/astra_camera_msgs/astra_camera_msgs/srv/detail
[2.272s] -- Up-to-date: /home/bingflame/RoArm-M1/install/astra_camera_msgs/include/astra_camera_msgs/astra_camera_msgs/srv/detail/get_camera_params__rosidl_typesupport_introspection_cpp.hpp
[2.272s] -- Up-to-date: /home/bingflame/RoArm-M1/install/astra_camera_msgs/include/astra_camera_msgs/astra_camera_msgs/srv/detail/set_int32__rosidl_typesupport_introspection_cpp.hpp
[2.272s] -- Up-to-date: /home/bingflame/RoArm-M1/install/astra_camera_msgs/include/astra_camera_msgs/astra_camera_msgs/srv/detail/set_int32__type_support.cpp
[2.272s] -- Up-to-date: /home/bingflame/RoArm-M1/install/astra_camera_msgs/include/astra_camera_msgs/astra_camera_msgs/srv/detail/get_camera_params__type_support.cpp
[2.272s] -- Up-to-date: /home/bingflame/RoArm-M1/install/astra_camera_msgs/include/astra_camera_msgs/astra_camera_msgs/srv/detail/get_camera_info__type_support.cpp
[2.272s] -- Up-to-date: /home/bingflame/RoArm-M1/install/astra_camera_msgs/include/astra_camera_msgs/astra_camera_msgs/srv/detail/get_device_info__type_support.cpp
[2.273s] -- Up-to-date: /home/bingflame/RoArm-M1/install/astra_camera_msgs/include/astra_camera_msgs/astra_camera_msgs/srv/detail/get_camera_info__rosidl_typesupport_introspection_cpp.hpp
[2.273s] -- Up-to-date: /home/bingflame/RoArm-M1/install/astra_camera_msgs/include/astra_camera_msgs/astra_camera_msgs/srv/detail/get_int32__type_support.cpp
[2.273s] -- Up-to-date: /home/bingflame/RoArm-M1/install/astra_camera_msgs/include/astra_camera_msgs/astra_camera_msgs/srv/detail/get_string__type_support.cpp
[2.273s] -- Up-to-date: /home/bingflame/RoArm-M1/install/astra_camera_msgs/include/astra_camera_msgs/astra_camera_msgs/srv/detail/get_int32__rosidl_typesupport_introspection_cpp.hpp
[2.273s] -- Up-to-date: /home/bingflame/RoArm-M1/install/astra_camera_msgs/include/astra_camera_msgs/astra_camera_msgs/srv/detail/get_string__rosidl_typesupport_introspection_cpp.hpp
[2.273s] -- Up-to-date: /home/bingflame/RoArm-M1/install/astra_camera_msgs/include/astra_camera_msgs/astra_camera_msgs/srv/detail/get_device_info__rosidl_typesupport_introspection_cpp.hpp
[2.273s] -- Up-to-date: /home/bingflame/RoArm-M1/install/astra_camera_msgs/lib/libastra_camera_msgs__rosidl_typesupport_introspection_cpp.so
[2.274s] -- Up-to-date: /home/bingflame/RoArm-M1/install/astra_camera_msgs/lib/libastra_camera_msgs__rosidl_typesupport_cpp.so
[2.274s] -- Up-to-date: /home/bingflame/RoArm-M1/install/astra_camera_msgs/share/astra_camera_msgs/environment/pythonpath.sh
[2.274s] -- Up-to-date: /home/bingflame/RoArm-M1/install/astra_camera_msgs/share/astra_camera_msgs/environment/pythonpath.dsv
[2.274s] -- Up-to-date: /home/bingflame/RoArm-M1/install/astra_camera_msgs/lib/python3.10/site-packages/astra_camera_msgs-1.0.1-py3.10.egg-info
[2.274s] -- Installing: /home/bingflame/RoArm-M1/install/astra_camera_msgs/lib/python3.10/site-packages/astra_camera_msgs-1.0.1-py3.10.egg-info/dependency_links.txt
[2.274s] -- Installing: /home/bingflame/RoArm-M1/install/astra_camera_msgs/lib/python3.10/site-packages/astra_camera_msgs-1.0.1-py3.10.egg-info/SOURCES.txt
[2.274s] -- Installing: /home/bingflame/RoArm-M1/install/astra_camera_msgs/lib/python3.10/site-packages/astra_camera_msgs-1.0.1-py3.10.egg-info/PKG-INFO
[2.274s] -- Installing: /home/bingflame/RoArm-M1/install/astra_camera_msgs/lib/python3.10/site-packages/astra_camera_msgs-1.0.1-py3.10.egg-info/top_level.txt
[2.275s] -- Up-to-date: /home/bingflame/RoArm-M1/install/astra_camera_msgs/lib/python3.10/site-packages/astra_camera_msgs
[2.275s] -- Up-to-date: /home/bingflame/RoArm-M1/install/astra_camera_msgs/lib/python3.10/site-packages/astra_camera_msgs/_astra_camera_msgs_s.ep.rosidl_typesupport_c.c
[2.275s] -- Up-to-date: /home/bingflame/RoArm-M1/install/astra_camera_msgs/lib/python3.10/site-packages/astra_camera_msgs/libastra_camera_msgs__rosidl_generator_py.so
[2.275s] -- Up-to-date: /home/bingflame/RoArm-M1/install/astra_camera_msgs/lib/python3.10/site-packages/astra_camera_msgs/astra_camera_msgs_s__rosidl_typesupport_fastrtps_c.cpython-310-aarch64-linux-gnu.so
[2.275s] -- Up-to-date: /home/bingflame/RoArm-M1/install/astra_camera_msgs/lib/python3.10/site-packages/astra_camera_msgs/_astra_camera_msgs_s.ep.rosidl_typesupport_fastrtps_c.c
[2.275s] -- Up-to-date: /home/bingflame/RoArm-M1/install/astra_camera_msgs/lib/python3.10/site-packages/astra_camera_msgs/astra_camera_msgs_s__rosidl_typesupport_introspection_c.cpython-310-aarch64-linux-gnu.so
[2.275s] -- Up-to-date: /home/bingflame/RoArm-M1/install/astra_camera_msgs/lib/python3.10/site-packages/astra_camera_msgs/__init__.py
[2.276s] -- Up-to-date: /home/bingflame/RoArm-M1/install/astra_camera_msgs/lib/python3.10/site-packages/astra_camera_msgs/_astra_camera_msgs_s.ep.rosidl_typesupport_introspection_c.c
[2.276s] -- Up-to-date: /home/bingflame/RoArm-M1/install/astra_camera_msgs/lib/python3.10/site-packages/astra_camera_msgs/msg
[2.276s] -- Up-to-date: /home/bingflame/RoArm-M1/install/astra_camera_msgs/lib/python3.10/site-packages/astra_camera_msgs/msg/_metadata_s.c
[2.276s] -- Up-to-date: /home/bingflame/RoArm-M1/install/astra_camera_msgs/lib/python3.10/site-packages/astra_camera_msgs/msg/_extrinsics_s.c
[2.276s] -- Up-to-date: /home/bingflame/RoArm-M1/install/astra_camera_msgs/lib/python3.10/site-packages/astra_camera_msgs/msg/_device_info.py
[2.276s] -- Up-to-date: /home/bingflame/RoArm-M1/install/astra_camera_msgs/lib/python3.10/site-packages/astra_camera_msgs/msg/__init__.py
[2.277s] -- Up-to-date: /home/bingflame/RoArm-M1/install/astra_camera_msgs/lib/python3.10/site-packages/astra_camera_msgs/msg/_device_info_s.c
[2.278s] -- Up-to-date: /home/bingflame/RoArm-M1/install/astra_camera_msgs/lib/python3.10/site-packages/astra_camera_msgs/msg/_extrinsics.py
[2.278s] -- Up-to-date: /home/bingflame/RoArm-M1/install/astra_camera_msgs/lib/python3.10/site-packages/astra_camera_msgs/msg/_metadata.py
[2.278s] -- Up-to-date: /home/bingflame/RoArm-M1/install/astra_camera_msgs/lib/python3.10/site-packages/astra_camera_msgs/astra_camera_msgs_s__rosidl_typesupport_c.cpython-310-aarch64-linux-gnu.so
[2.278s] -- Up-to-date: /home/bingflame/RoArm-M1/install/astra_camera_msgs/lib/python3.10/site-packages/astra_camera_msgs/srv
[2.279s] -- Up-to-date: /home/bingflame/RoArm-M1/install/astra_camera_msgs/lib/python3.10/site-packages/astra_camera_msgs/srv/_get_device_info.py
[2.279s] -- Up-to-date: /home/bingflame/RoArm-M1/install/astra_camera_msgs/lib/python3.10/site-packages/astra_camera_msgs/srv/_set_int32_s.c
[2.279s] -- Up-to-date: /home/bingflame/RoArm-M1/install/astra_camera_msgs/lib/python3.10/site-packages/astra_camera_msgs/srv/_get_string_s.c
[2.279s] -- Up-to-date: /home/bingflame/RoArm-M1/install/astra_camera_msgs/lib/python3.10/site-packages/astra_camera_msgs/srv/_get_camera_params_s.c
[2.279s] -- Up-to-date: /home/bingflame/RoArm-M1/install/astra_camera_msgs/lib/python3.10/site-packages/astra_camera_msgs/srv/_get_int32_s.c
[2.279s] -- Up-to-date: /home/bingflame/RoArm-M1/install/astra_camera_msgs/lib/python3.10/site-packages/astra_camera_msgs/srv/_get_string.py
[2.279s] -- Up-to-date: /home/bingflame/RoArm-M1/install/astra_camera_msgs/lib/python3.10/site-packages/astra_camera_msgs/srv/_get_camera_params.py
[2.279s] -- Up-to-date: /home/bingflame/RoArm-M1/install/astra_camera_msgs/lib/python3.10/site-packages/astra_camera_msgs/srv/_get_device_info_s.c
[2.280s] -- Up-to-date: /home/bingflame/RoArm-M1/install/astra_camera_msgs/lib/python3.10/site-packages/astra_camera_msgs/srv/_get_camera_info.py
[2.280s] -- Up-to-date: /home/bingflame/RoArm-M1/install/astra_camera_msgs/lib/python3.10/site-packages/astra_camera_msgs/srv/__init__.py
[2.280s] -- Up-to-date: /home/bingflame/RoArm-M1/install/astra_camera_msgs/lib/python3.10/site-packages/astra_camera_msgs/srv/_get_int32.py
[2.280s] -- Up-to-date: /home/bingflame/RoArm-M1/install/astra_camera_msgs/lib/python3.10/site-packages/astra_camera_msgs/srv/_get_camera_info_s.c
[2.280s] -- Up-to-date: /home/bingflame/RoArm-M1/install/astra_camera_msgs/lib/python3.10/site-packages/astra_camera_msgs/srv/_set_int32.py
[2.341s] Listing '/home/bingflame/RoArm-M1/install/astra_camera_msgs/lib/python3.10/site-packages/astra_camera_msgs'...
[2.341s] Listing '/home/bingflame/RoArm-M1/install/astra_camera_msgs/lib/python3.10/site-packages/astra_camera_msgs/msg'...
[2.341s] Listing '/home/bingflame/RoArm-M1/install/astra_camera_msgs/lib/python3.10/site-packages/astra_camera_msgs/srv'...
[2.356s] -- Up-to-date: /home/bingflame/RoArm-M1/install/astra_camera_msgs/lib/python3.10/site-packages/astra_camera_msgs/astra_camera_msgs_s__rosidl_typesupport_fastrtps_c.cpython-310-aarch64-linux-gnu.so
[2.357s] -- Up-to-date: /home/bingflame/RoArm-M1/install/astra_camera_msgs/lib/python3.10/site-packages/astra_camera_msgs/astra_camera_msgs_s__rosidl_typesupport_introspection_c.cpython-310-aarch64-linux-gnu.so
[2.357s] -- Up-to-date: /home/bingflame/RoArm-M1/install/astra_camera_msgs/lib/python3.10/site-packages/astra_camera_msgs/astra_camera_msgs_s__rosidl_typesupport_c.cpython-310-aarch64-linux-gnu.so
[2.358s] -- Up-to-date: /home/bingflame/RoArm-M1/install/astra_camera_msgs/lib/libastra_camera_msgs__rosidl_generator_py.so
[2.358s] -- Up-to-date: /home/bingflame/RoArm-M1/install/astra_camera_msgs/share/astra_camera_msgs/msg/DeviceInfo.idl
[2.358s] -- Up-to-date: /home/bingflame/RoArm-M1/install/astra_camera_msgs/share/astra_camera_msgs/msg/Extrinsics.idl
[2.358s] -- Up-to-date: /home/bingflame/RoArm-M1/install/astra_camera_msgs/share/astra_camera_msgs/msg/Metadata.idl
[2.358s] -- Up-to-date: /home/bingflame/RoArm-M1/install/astra_camera_msgs/share/astra_camera_msgs/srv/GetDeviceInfo.idl
[2.359s] -- Up-to-date: /home/bingflame/RoArm-M1/install/astra_camera_msgs/share/astra_camera_msgs/srv/GetCameraInfo.idl
[2.359s] -- Up-to-date: /home/bingflame/RoArm-M1/install/astra_camera_msgs/share/astra_camera_msgs/srv/GetCameraParams.idl
[2.359s] -- Up-to-date: /home/bingflame/RoArm-M1/install/astra_camera_msgs/share/astra_camera_msgs/srv/GetInt32.idl
[2.359s] -- Up-to-date: /home/bingflame/RoArm-M1/install/astra_camera_msgs/share/astra_camera_msgs/srv/GetString.idl
[2.359s] -- Up-to-date: /home/bingflame/RoArm-M1/install/astra_camera_msgs/share/astra_camera_msgs/srv/SetInt32.idl
[2.359s] -- Up-to-date: /home/bingflame/RoArm-M1/install/astra_camera_msgs/share/astra_camera_msgs/msg/DeviceInfo.msg
[2.360s] -- Up-to-date: /home/bingflame/RoArm-M1/install/astra_camera_msgs/share/astra_camera_msgs/msg/Extrinsics.msg
[2.360s] -- Up-to-date: /home/bingflame/RoArm-M1/install/astra_camera_msgs/share/astra_camera_msgs/msg/Metadata.msg
[2.360s] -- Up-to-date: /home/bingflame/RoArm-M1/install/astra_camera_msgs/share/astra_camera_msgs/srv/GetDeviceInfo.srv
[2.360s] -- Up-to-date: /home/bingflame/RoArm-M1/install/astra_camera_msgs/share/astra_camera_msgs/srv/GetDeviceInfo_Request.msg
[2.360s] -- Up-to-date: /home/bingflame/RoArm-M1/install/astra_camera_msgs/share/astra_camera_msgs/srv/GetDeviceInfo_Response.msg
[2.361s] -- Up-to-date: /home/bingflame/RoArm-M1/install/astra_camera_msgs/share/astra_camera_msgs/srv/GetCameraInfo.srv
[2.361s] -- Up-to-date: /home/bingflame/RoArm-M1/install/astra_camera_msgs/share/astra_camera_msgs/srv/GetCameraInfo_Request.msg
[2.361s] -- Up-to-date: /home/bingflame/RoArm-M1/install/astra_camera_msgs/share/astra_camera_msgs/srv/GetCameraInfo_Response.msg
[2.362s] -- Up-to-date: /home/bingflame/RoArm-M1/install/astra_camera_msgs/share/astra_camera_msgs/srv/GetCameraParams.srv
[2.362s] -- Up-to-date: /home/bingflame/RoArm-M1/install/astra_camera_msgs/share/astra_camera_msgs/srv/GetCameraParams_Request.msg
[2.362s] -- Up-to-date: /home/bingflame/RoArm-M1/install/astra_camera_msgs/share/astra_camera_msgs/srv/GetCameraParams_Response.msg
[2.362s] -- Up-to-date: /home/bingflame/RoArm-M1/install/astra_camera_msgs/share/astra_camera_msgs/srv/GetInt32.srv
[2.362s] -- Up-to-date: /home/bingflame/RoArm-M1/install/astra_camera_msgs/share/astra_camera_msgs/srv/GetInt32_Request.msg
[2.363s] -- Up-to-date: /home/bingflame/RoArm-M1/install/astra_camera_msgs/share/astra_camera_msgs/srv/GetInt32_Response.msg
[2.363s] -- Up-to-date: /home/bingflame/RoArm-M1/install/astra_camera_msgs/share/astra_camera_msgs/srv/GetString.srv
[2.363s] -- Up-to-date: /home/bingflame/RoArm-M1/install/astra_camera_msgs/share/astra_camera_msgs/srv/GetString_Request.msg
[2.364s] -- Up-to-date: /home/bingflame/RoArm-M1/install/astra_camera_msgs/share/astra_camera_msgs/srv/GetString_Response.msg
[2.364s] -- Up-to-date: /home/bingflame/RoArm-M1/install/astra_camera_msgs/share/astra_camera_msgs/srv/SetInt32.srv
[2.364s] -- Up-to-date: /home/bingflame/RoArm-M1/install/astra_camera_msgs/share/astra_camera_msgs/srv/SetInt32_Request.msg
[2.364s] -- Up-to-date: /home/bingflame/RoArm-M1/install/astra_camera_msgs/share/astra_camera_msgs/srv/SetInt32_Response.msg
[2.368s] -- Up-to-date: /home/bingflame/RoArm-M1/install/astra_camera_msgs/share/ament_index/resource_index/package_run_dependencies/astra_camera_msgs
[2.369s] -- Up-to-date: /home/bingflame/RoArm-M1/install/astra_camera_msgs/share/ament_index/resource_index/parent_prefix_path/astra_camera_msgs
[2.369s] -- Up-to-date: /home/bingflame/RoArm-M1/install/astra_camera_msgs/share/astra_camera_msgs/environment/ament_prefix_path.sh
[2.369s] -- Up-to-date: /home/bingflame/RoArm-M1/install/astra_camera_msgs/share/astra_camera_msgs/environment/ament_prefix_path.dsv
[2.369s] -- Up-to-date: /home/bingflame/RoArm-M1/install/astra_camera_msgs/share/astra_camera_msgs/environment/path.sh
[2.369s] -- Up-to-date: /home/bingflame/RoArm-M1/install/astra_camera_msgs/share/astra_camera_msgs/environment/path.dsv
[2.369s] -- Up-to-date: /home/bingflame/RoArm-M1/install/astra_camera_msgs/share/astra_camera_msgs/local_setup.bash
[2.370s] -- Up-to-date: /home/bingflame/RoArm-M1/install/astra_camera_msgs/share/astra_camera_msgs/local_setup.sh
[2.370s] -- Up-to-date: /home/bingflame/RoArm-M1/install/astra_camera_msgs/share/astra_camera_msgs/local_setup.zsh
[2.370s] -- Up-to-date: /home/bingflame/RoArm-M1/install/astra_camera_msgs/share/astra_camera_msgs/local_setup.dsv
[2.370s] -- Installing: /home/bingflame/RoArm-M1/install/astra_camera_msgs/share/astra_camera_msgs/package.dsv
[2.370s] -- Up-to-date: /home/bingflame/RoArm-M1/install/astra_camera_msgs/share/ament_index/resource_index/packages/astra_camera_msgs
[2.370s] -- Up-to-date: /home/bingflame/RoArm-M1/install/astra_camera_msgs/share/astra_camera_msgs/cmake/export_astra_camera_msgs__rosidl_generator_cExport.cmake
[2.370s] -- Up-to-date: /home/bingflame/RoArm-M1/install/astra_camera_msgs/share/astra_camera_msgs/cmake/export_astra_camera_msgs__rosidl_generator_cExport-noconfig.cmake
[2.370s] -- Up-to-date: /home/bingflame/RoArm-M1/install/astra_camera_msgs/share/astra_camera_msgs/cmake/export_astra_camera_msgs__rosidl_typesupport_fastrtps_cExport.cmake
[2.371s] -- Up-to-date: /home/bingflame/RoArm-M1/install/astra_camera_msgs/share/astra_camera_msgs/cmake/export_astra_camera_msgs__rosidl_typesupport_fastrtps_cExport-noconfig.cmake
[2.371s] -- Up-to-date: /home/bingflame/RoArm-M1/install/astra_camera_msgs/share/astra_camera_msgs/cmake/astra_camera_msgs__rosidl_typesupport_introspection_cExport.cmake
[2.372s] -- Up-to-date: /home/bingflame/RoArm-M1/install/astra_camera_msgs/share/astra_camera_msgs/cmake/astra_camera_msgs__rosidl_typesupport_introspection_cExport-noconfig.cmake
[2.381s] -- Up-to-date: /home/bingflame/RoArm-M1/install/astra_camera_msgs/share/astra_camera_msgs/cmake/astra_camera_msgs__rosidl_typesupport_cExport.cmake
[2.381s] -- Up-to-date: /home/bingflame/RoArm-M1/install/astra_camera_msgs/share/astra_camera_msgs/cmake/astra_camera_msgs__rosidl_typesupport_cExport-noconfig.cmake
[2.381s] -- Up-to-date: /home/bingflame/RoArm-M1/install/astra_camera_msgs/share/astra_camera_msgs/cmake/export_astra_camera_msgs__rosidl_generator_cppExport.cmake
[2.381s] -- Up-to-date: /home/bingflame/RoArm-M1/install/astra_camera_msgs/share/astra_camera_msgs/cmake/export_astra_camera_msgs__rosidl_typesupport_fastrtps_cppExport.cmake
[2.381s] -- Up-to-date: /home/bingflame/RoArm-M1/install/astra_camera_msgs/share/astra_camera_msgs/cmake/export_astra_camera_msgs__rosidl_typesupport_fastrtps_cppExport-noconfig.cmake
[2.381s] -- Up-to-date: /home/bingflame/RoArm-M1/install/astra_camera_msgs/share/astra_camera_msgs/cmake/astra_camera_msgs__rosidl_typesupport_introspection_cppExport.cmake
[2.382s] -- Up-to-date: /home/bingflame/RoArm-M1/install/astra_camera_msgs/share/astra_camera_msgs/cmake/astra_camera_msgs__rosidl_typesupport_introspection_cppExport-noconfig.cmake
[2.382s] -- Up-to-date: /home/bingflame/RoArm-M1/install/astra_camera_msgs/share/astra_camera_msgs/cmake/astra_camera_msgs__rosidl_typesupport_cppExport.cmake
[2.382s] -- Up-to-date: /home/bingflame/RoArm-M1/install/astra_camera_msgs/share/astra_camera_msgs/cmake/astra_camera_msgs__rosidl_typesupport_cppExport-noconfig.cmake
[2.382s] -- Up-to-date: /home/bingflame/RoArm-M1/install/astra_camera_msgs/share/astra_camera_msgs/cmake/export_astra_camera_msgs__rosidl_generator_pyExport.cmake
[2.382s] -- Up-to-date: /home/bingflame/RoArm-M1/install/astra_camera_msgs/share/astra_camera_msgs/cmake/export_astra_camera_msgs__rosidl_generator_pyExport-noconfig.cmake
[2.382s] -- Up-to-date: /home/bingflame/RoArm-M1/install/astra_camera_msgs/share/astra_camera_msgs/cmake/rosidl_cmake-extras.cmake
[2.383s] -- Up-to-date: /home/bingflame/RoArm-M1/install/astra_camera_msgs/share/astra_camera_msgs/cmake/ament_cmake_export_dependencies-extras.cmake
[2.383s] -- Up-to-date: /home/bingflame/RoArm-M1/install/astra_camera_msgs/share/astra_camera_msgs/cmake/ament_cmake_export_include_directories-extras.cmake
[2.383s] -- Up-to-date: /home/bingflame/RoArm-M1/install/astra_camera_msgs/share/astra_camera_msgs/cmake/ament_cmake_export_libraries-extras.cmake
[2.383s] -- Up-to-date: /home/bingflame/RoArm-M1/install/astra_camera_msgs/share/astra_camera_msgs/cmake/ament_cmake_export_targets-extras.cmake
[2.383s] -- Up-to-date: /home/bingflame/RoArm-M1/install/astra_camera_msgs/share/astra_camera_msgs/cmake/rosidl_cmake_export_typesupport_targets-extras.cmake
[2.383s] -- Up-to-date: /home/bingflame/RoArm-M1/install/astra_camera_msgs/share/astra_camera_msgs/cmake/rosidl_cmake_export_typesupport_libraries-extras.cmake
[2.383s] -- Up-to-date: /home/bingflame/RoArm-M1/install/astra_camera_msgs/share/astra_camera_msgs/cmake/astra_camera_msgsConfig.cmake
[2.384s] -- Up-to-date: /home/bingflame/RoArm-M1/install/astra_camera_msgs/share/astra_camera_msgs/cmake/astra_camera_msgsConfig-version.cmake
[2.384s] -- Up-to-date: /home/bingflame/RoArm-M1/install/astra_camera_msgs/share/astra_camera_msgs/package.xml
[2.384s] Invoked command in '/home/bingflame/RoArm-M1/build/astra_camera_msgs' returned '0': CMAKE_PREFIX_PATH=${CMAKE_PREFIX_PATH}:/home/bingflame/RoArm-M1/install/serial_reader:/home/bingflame/RoArm-M1/install/serial_ctrl:/opt/ros/humble CONDA_PROMPT_MODIFIER=(base) /usr/bin/cmake --install /home/bingflame/RoArm-M1/build/astra_camera_msgs
