running egg_info
creating ../../build/serial_ctrl/serial_ctrl.egg-info
writing ../../build/serial_ctrl/serial_ctrl.egg-info/PKG-INFO
writing dependency_links to ../../build/serial_ctrl/serial_ctrl.egg-info/dependency_links.txt
writing entry points to ../../build/serial_ctrl/serial_ctrl.egg-info/entry_points.txt
writing requirements to ../../build/serial_ctrl/serial_ctrl.egg-info/requires.txt
writing top-level names to ../../build/serial_ctrl/serial_ctrl.egg-info/top_level.txt
writing manifest file '../../build/serial_ctrl/serial_ctrl.egg-info/SOURCES.txt'
reading manifest file '../../build/serial_ctrl/serial_ctrl.egg-info/SOURCES.txt'
writing manifest file '../../build/serial_ctrl/serial_ctrl.egg-info/SOURCES.txt'
running build
running build_py
creating /home/bingflame/RoArm-M1/build/serial_ctrl/build
creating /home/bingflame/RoArm-M1/build/serial_ctrl/build/lib
creating /home/bingflame/RoArm-M1/build/serial_ctrl/build/lib/serial_ctrl
copying serial_ctrl/serial_ctrl_py.py -> /home/bingflame/RoArm-M1/build/serial_ctrl/build/lib/serial_ctrl
copying serial_ctrl/__init__.py -> /home/bingflame/RoArm-M1/build/serial_ctrl/build/lib/serial_ctrl
running install
running install_lib
creating /home/bingflame/RoArm-M1/install/serial_ctrl/lib/python3.10/site-packages/serial_ctrl
copying /home/bingflame/RoArm-M1/build/serial_ctrl/build/lib/serial_ctrl/serial_ctrl_py.py -> /home/bingflame/RoArm-M1/install/serial_ctrl/lib/python3.10/site-packages/serial_ctrl
copying /home/bingflame/RoArm-M1/build/serial_ctrl/build/lib/serial_ctrl/__init__.py -> /home/bingflame/RoArm-M1/install/serial_ctrl/lib/python3.10/site-packages/serial_ctrl
byte-compiling /home/bingflame/RoArm-M1/install/serial_ctrl/lib/python3.10/site-packages/serial_ctrl/serial_ctrl_py.py to serial_ctrl_py.cpython-310.pyc
byte-compiling /home/bingflame/RoArm-M1/install/serial_ctrl/lib/python3.10/site-packages/serial_ctrl/__init__.py to __init__.cpython-310.pyc
running install_data
creating /home/bingflame/RoArm-M1/install/serial_ctrl/share/ament_index
creating /home/bingflame/RoArm-M1/install/serial_ctrl/share/ament_index/resource_index
creating /home/bingflame/RoArm-M1/install/serial_ctrl/share/ament_index/resource_index/packages
copying resource/serial_ctrl -> /home/bingflame/RoArm-M1/install/serial_ctrl/share/ament_index/resource_index/packages
copying package.xml -> /home/bingflame/RoArm-M1/install/serial_ctrl/share/serial_ctrl
running install_egg_info
Copying ../../build/serial_ctrl/serial_ctrl.egg-info to /home/bingflame/RoArm-M1/install/serial_ctrl/lib/python3.10/site-packages/serial_ctrl-0.0.0-py3.10.egg-info
running install_scripts
Installing serial_ctrl script to /home/bingflame/RoArm-M1/install/serial_ctrl/lib/serial_ctrl
writing list of installed files to '/home/bingflame/RoArm-M1/build/serial_ctrl/install.log'
