[0.024s] Invoking command in '/home/bingflame/RoArm-M1/build/astra_camera': CMAKE_PREFIX_PATH=/home/bingflame/RoArm-M1/install/astra_camera_msgs:/home/bingflame/RoArm-M1/install/roarm:/home/bingflame/RoArm-M1/install/astra_camera:/home/bingflame/RoArm-M1/install/serial_reader:/home/bingflame/RoArm-M1/install/serial_ctrl:/opt/ros/humble CONDA_PROMPT_MODIFIER=(base) LD_LIBRARY_PATH=/home/bingflame/RoArm-M1/install/astra_camera_msgs/lib:/home/bingflame/RoArm-M1/install/astra_camera/lib:/opt/ros/humble/opt/rviz_ogre_vendor/lib:/opt/ros/humble/lib/aarch64-linux-gnu:/opt/ros/humble/lib:/usr/local/cuda-12.6/lib64:/home/bingflame/xiugaihou/JetsonGPIO/build/ PYTHONPATH=/home/bingflame/RoArm-M1/install/astra_camera_msgs/lib/python3.10/site-packages:/home/bingflame/RoArm-M1/install/serial_reader/lib/python3.10/site-packages:/home/bingflame/RoArm-M1/install/serial_ctrl/lib/python3.10/site-packages:/opt/ros/humble/lib/python3.10/site-packages:/opt/ros/humble/local/lib/python3.10/dist-packages /usr/bin/cmake --build /home/bingflame/RoArm-M1/build/astra_camera -- -j6 -l6
[0.154s] [35m[1mConsolidate compiler generated dependencies of target point_cloud_subscriber[0m
[0.239s] [  5%] [32mBuilding CXX object CMakeFiles/point_cloud_subscriber.dir/src/point_cloud_subscriber.cpp.o[0m
[0.278s] [ 83%] Built target astra_camera
[0.356s] [ 94%] Built target list_devices_node
[31.746s] [100%] [32m[1mLinking CXX executable point_cloud_subscriber[0m
[33.361s] [100%] Built target point_cloud_subscriber
[33.396s] Invoked command in '/home/bingflame/RoArm-M1/build/astra_camera' returned '0': CMAKE_PREFIX_PATH=/home/bingflame/RoArm-M1/install/astra_camera_msgs:/home/bingflame/RoArm-M1/install/roarm:/home/bingflame/RoArm-M1/install/astra_camera:/home/bingflame/RoArm-M1/install/serial_reader:/home/bingflame/RoArm-M1/install/serial_ctrl:/opt/ros/humble CONDA_PROMPT_MODIFIER=(base) LD_LIBRARY_PATH=/home/bingflame/RoArm-M1/install/astra_camera_msgs/lib:/home/bingflame/RoArm-M1/install/astra_camera/lib:/opt/ros/humble/opt/rviz_ogre_vendor/lib:/opt/ros/humble/lib/aarch64-linux-gnu:/opt/ros/humble/lib:/usr/local/cuda-12.6/lib64:/home/bingflame/xiugaihou/JetsonGPIO/build/ PYTHONPATH=/home/bingflame/RoArm-M1/install/astra_camera_msgs/lib/python3.10/site-packages:/home/bingflame/RoArm-M1/install/serial_reader/lib/python3.10/site-packages:/home/bingflame/RoArm-M1/install/serial_ctrl/lib/python3.10/site-packages:/opt/ros/humble/lib/python3.10/site-packages:/opt/ros/humble/local/lib/python3.10/dist-packages /usr/bin/cmake --build /home/bingflame/RoArm-M1/build/astra_camera -- -j6 -l6
[33.515s] Invoking command in '/home/bingflame/RoArm-M1/build/astra_camera': CMAKE_PREFIX_PATH=/home/bingflame/RoArm-M1/install/astra_camera_msgs:/home/bingflame/RoArm-M1/install/roarm:/home/bingflame/RoArm-M1/install/astra_camera:/home/bingflame/RoArm-M1/install/serial_reader:/home/bingflame/RoArm-M1/install/serial_ctrl:/opt/ros/humble CONDA_PROMPT_MODIFIER=(base) LD_LIBRARY_PATH=/home/bingflame/RoArm-M1/install/astra_camera_msgs/lib:/home/bingflame/RoArm-M1/install/astra_camera/lib:/opt/ros/humble/opt/rviz_ogre_vendor/lib:/opt/ros/humble/lib/aarch64-linux-gnu:/opt/ros/humble/lib:/usr/local/cuda-12.6/lib64:/home/bingflame/xiugaihou/JetsonGPIO/build/ PYTHONPATH=/home/bingflame/RoArm-M1/install/astra_camera_msgs/lib/python3.10/site-packages:/home/bingflame/RoArm-M1/install/serial_reader/lib/python3.10/site-packages:/home/bingflame/RoArm-M1/install/serial_ctrl/lib/python3.10/site-packages:/opt/ros/humble/lib/python3.10/site-packages:/opt/ros/humble/local/lib/python3.10/dist-packages /usr/bin/cmake --install /home/bingflame/RoArm-M1/build/astra_camera
[33.532s] -- Install configuration: "Debug"
[33.533s] -- Up-to-date: /home/bingflame/RoArm-M1/install/astra_camera/lib/libastra_camera.so
[33.534s] -- Up-to-date: /home/bingflame/RoArm-M1/install/astra_camera/lib/libOpenNI2.so
[33.535s] -- Up-to-date: /home/bingflame/RoArm-M1/install/astra_camera/lib//OpenNI2
[33.536s] -- Up-to-date: /home/bingflame/RoArm-M1/install/astra_camera/lib//OpenNI2/Drivers
[33.536s] -- Up-to-date: /home/bingflame/RoArm-M1/install/astra_camera/lib//OpenNI2/Drivers/liborbbec.so
[33.536s] -- Up-to-date: /home/bingflame/RoArm-M1/install/astra_camera/lib//OpenNI2/Drivers/libOniFile.so
[33.536s] -- Up-to-date: /home/bingflame/RoArm-M1/install/astra_camera/lib//OpenNI2/Drivers/OniFile.ini
[33.536s] -- Up-to-date: /home/bingflame/RoArm-M1/install/astra_camera/lib//OpenNI2/Drivers/orbbec.ini
[33.537s] -- Up-to-date: /home/bingflame/RoArm-M1/install/astra_camera/lib/astra_camera/list_devices_node
[33.537s] -- Up-to-date: /home/bingflame/RoArm-M1/install/astra_camera/include
[33.537s] -- Up-to-date: /home/bingflame/RoArm-M1/install/astra_camera/include/magic_enum.hpp
[33.537s] -- Up-to-date: /home/bingflame/RoArm-M1/install/astra_camera/include/openni2
[33.537s] -- Up-to-date: /home/bingflame/RoArm-M1/install/astra_camera/include/openni2/OniCEnums.h
[33.538s] -- Up-to-date: /home/bingflame/RoArm-M1/install/astra_camera/include/openni2/OniCTypes.h
[33.538s] -- Up-to-date: /home/bingflame/RoArm-M1/install/astra_camera/include/openni2/util.h
[33.538s] -- Up-to-date: /home/bingflame/RoArm-M1/install/astra_camera/include/openni2/openni2_redist
[33.539s] -- Up-to-date: /home/bingflame/RoArm-M1/install/astra_camera/include/openni2/openni2_redist/arm
[33.539s] -- Up-to-date: /home/bingflame/RoArm-M1/install/astra_camera/include/openni2/openni2_redist/arm/libDepthUtils.a
[33.539s] -- Up-to-date: /home/bingflame/RoArm-M1/install/astra_camera/include/openni2/openni2_redist/arm/OpenNI2
[33.540s] -- Up-to-date: /home/bingflame/RoArm-M1/install/astra_camera/include/openni2/openni2_redist/arm/OpenNI2/Drivers
[33.540s] -- Up-to-date: /home/bingflame/RoArm-M1/install/astra_camera/include/openni2/openni2_redist/arm/OpenNI2/Drivers/liborbbec.so
[33.540s] -- Up-to-date: /home/bingflame/RoArm-M1/install/astra_camera/include/openni2/openni2_redist/arm/OpenNI2/Drivers/libOniFile.so
[33.540s] -- Up-to-date: /home/bingflame/RoArm-M1/install/astra_camera/include/openni2/openni2_redist/arm/OpenNI2/Drivers/OniFile.ini
[33.541s] -- Up-to-date: /home/bingflame/RoArm-M1/install/astra_camera/include/openni2/openni2_redist/arm/OpenNI2/Drivers/orbbec.ini
[33.541s] -- Up-to-date: /home/bingflame/RoArm-M1/install/astra_camera/include/openni2/openni2_redist/arm/SimpleRead
[33.541s] -- Up-to-date: /home/bingflame/RoArm-M1/install/astra_camera/include/openni2/openni2_redist/arm/OpenNI.ini
[33.541s] -- Up-to-date: /home/bingflame/RoArm-M1/install/astra_camera/include/openni2/openni2_redist/arm/PS1080Console
[33.541s] -- Up-to-date: /home/bingflame/RoArm-M1/install/astra_camera/include/openni2/openni2_redist/arm/NiViewer
[33.542s] -- Up-to-date: /home/bingflame/RoArm-M1/install/astra_camera/include/openni2/openni2_redist/arm/libOpenNI2.so
[33.542s] -- Up-to-date: /home/bingflame/RoArm-M1/install/astra_camera/include/openni2/openni2_redist/x64
[33.542s] -- Up-to-date: /home/bingflame/RoArm-M1/install/astra_camera/include/openni2/openni2_redist/x64/OpenNI2
[33.542s] -- Up-to-date: /home/bingflame/RoArm-M1/install/astra_camera/include/openni2/openni2_redist/x64/OpenNI2/Drivers
[33.543s] -- Up-to-date: /home/bingflame/RoArm-M1/install/astra_camera/include/openni2/openni2_redist/x64/OpenNI2/Drivers/liborbbec.so
[33.543s] -- Up-to-date: /home/bingflame/RoArm-M1/install/astra_camera/include/openni2/openni2_redist/x64/OpenNI2/Drivers/libOniFile.so
[33.543s] -- Up-to-date: /home/bingflame/RoArm-M1/install/astra_camera/include/openni2/openni2_redist/x64/OpenNI2/Drivers/OniFile.ini
[33.543s] -- Up-to-date: /home/bingflame/RoArm-M1/install/astra_camera/include/openni2/openni2_redist/x64/OpenNI2/Drivers/orbbec.ini
[33.543s] -- Up-to-date: /home/bingflame/RoArm-M1/install/astra_camera/include/openni2/openni2_redist/x64/OpenNI.ini
[33.544s] -- Up-to-date: /home/bingflame/RoArm-M1/install/astra_camera/include/openni2/openni2_redist/x64/libOpenNI2.so
[33.544s] -- Up-to-date: /home/bingflame/RoArm-M1/install/astra_camera/include/openni2/openni2_redist/arm64
[33.544s] -- Up-to-date: /home/bingflame/RoArm-M1/install/astra_camera/include/openni2/openni2_redist/arm64/libDepthUtils.a
[33.544s] -- Up-to-date: /home/bingflame/RoArm-M1/install/astra_camera/include/openni2/openni2_redist/arm64/OpenNI2
[33.544s] -- Up-to-date: /home/bingflame/RoArm-M1/install/astra_camera/include/openni2/openni2_redist/arm64/OpenNI2/Drivers
[33.545s] -- Up-to-date: /home/bingflame/RoArm-M1/install/astra_camera/include/openni2/openni2_redist/arm64/OpenNI2/Drivers/liborbbec.so
[33.545s] -- Up-to-date: /home/bingflame/RoArm-M1/install/astra_camera/include/openni2/openni2_redist/arm64/OpenNI2/Drivers/libOniFile.so
[33.545s] -- Up-to-date: /home/bingflame/RoArm-M1/install/astra_camera/include/openni2/openni2_redist/arm64/OpenNI2/Drivers/OniFile.ini
[33.545s] -- Up-to-date: /home/bingflame/RoArm-M1/install/astra_camera/include/openni2/openni2_redist/arm64/OpenNI2/Drivers/orbbec.ini
[33.545s] -- Up-to-date: /home/bingflame/RoArm-M1/install/astra_camera/include/openni2/openni2_redist/arm64/SimpleRead
[33.545s] -- Up-to-date: /home/bingflame/RoArm-M1/install/astra_camera/include/openni2/openni2_redist/arm64/OpenNI.ini
[33.546s] -- Up-to-date: /home/bingflame/RoArm-M1/install/astra_camera/include/openni2/openni2_redist/arm64/PS1080Console
[33.546s] -- Up-to-date: /home/bingflame/RoArm-M1/install/astra_camera/include/openni2/openni2_redist/arm64/NiViewer
[33.546s] -- Up-to-date: /home/bingflame/RoArm-M1/install/astra_camera/include/openni2/openni2_redist/arm64/libOpenNI2.so
[33.546s] -- Up-to-date: /home/bingflame/RoArm-M1/install/astra_camera/include/openni2/KinectProperties.h
[33.546s] -- Up-to-date: /home/bingflame/RoArm-M1/install/astra_camera/include/openni2/OniVersion.h
[33.546s] -- Up-to-date: /home/bingflame/RoArm-M1/install/astra_camera/include/openni2/PSLink.h
[33.547s] -- Up-to-date: /home/bingflame/RoArm-M1/install/astra_camera/include/openni2/OniPlatform.h
[33.547s] -- Up-to-date: /home/bingflame/RoArm-M1/install/astra_camera/include/openni2/MacOSX
[33.548s] -- Up-to-date: /home/bingflame/RoArm-M1/install/astra_camera/include/openni2/MacOSX/OniPlatformMacOSX.h
[33.549s] -- Up-to-date: /home/bingflame/RoArm-M1/install/astra_camera/include/openni2/SonixCamera.h
[33.549s] -- Up-to-date: /home/bingflame/RoArm-M1/install/astra_camera/include/openni2/OniEnums.h
[33.549s] -- Up-to-date: /home/bingflame/RoArm-M1/install/astra_camera/include/openni2/OniCProperties.h
[33.550s] -- Up-to-date: /home/bingflame/RoArm-M1/install/astra_camera/include/openni2/OniProperties.h
[33.550s] -- Up-to-date: /home/bingflame/RoArm-M1/install/astra_camera/include/openni2/OniTest.h
[33.550s] -- Up-to-date: /home/bingflame/RoArm-M1/install/astra_camera/include/openni2/Linux-x86
[33.550s] -- Up-to-date: /home/bingflame/RoArm-M1/install/astra_camera/include/openni2/Linux-x86/OniPlatformLinux-x86.h
[33.550s] -- Up-to-date: /home/bingflame/RoArm-M1/install/astra_camera/include/openni2/OpenNI.h
[33.551s] -- Up-to-date: /home/bingflame/RoArm-M1/install/astra_camera/include/openni2/PrimeSense.h
[33.551s] -- Up-to-date: /home/bingflame/RoArm-M1/install/astra_camera/include/openni2/PS1080.h
[33.551s] -- Up-to-date: /home/bingflame/RoArm-M1/install/astra_camera/include/openni2/Driver
[33.552s] -- Up-to-date: /home/bingflame/RoArm-M1/install/astra_camera/include/openni2/Driver/OniDriverAPI.h
[33.552s] -- Up-to-date: /home/bingflame/RoArm-M1/install/astra_camera/include/openni2/Driver/OniDriverTypes.h
[33.552s] -- Up-to-date: /home/bingflame/RoArm-M1/install/astra_camera/include/openni2/Win32
[33.552s] -- Up-to-date: /home/bingflame/RoArm-M1/install/astra_camera/include/openni2/Win32/OniPlatformWin32.h
[33.552s] -- Up-to-date: /home/bingflame/RoArm-M1/install/astra_camera/include/openni2/Linux-Arm
[33.552s] -- Up-to-date: /home/bingflame/RoArm-M1/install/astra_camera/include/openni2/Linux-Arm/OniPlatformLinux-Arm.h
[33.552s] -- Up-to-date: /home/bingflame/RoArm-M1/install/astra_camera/include/openni2/OniCAPI.h
[33.553s] -- Up-to-date: /home/bingflame/RoArm-M1/install/astra_camera/include/openni2/Android-Arm
[33.553s] -- Up-to-date: /home/bingflame/RoArm-M1/install/astra_camera/include/openni2/Android-Arm/OniPlatformAndroid-Arm.h
[33.553s] -- Up-to-date: /home/bingflame/RoArm-M1/install/astra_camera/include/nlohmann
[33.553s] -- Up-to-date: /home/bingflame/RoArm-M1/install/astra_camera/include/nlohmann/json.hpp
[33.554s] -- Up-to-date: /home/bingflame/RoArm-M1/install/astra_camera/include/nlohmann/json_fwd.hpp
[33.554s] -- Up-to-date: /home/bingflame/RoArm-M1/install/astra_camera/include/nlohmann/thirdparty
[33.554s] -- Up-to-date: /home/bingflame/RoArm-M1/install/astra_camera/include/nlohmann/thirdparty/hedley
[33.554s] -- Up-to-date: /home/bingflame/RoArm-M1/install/astra_camera/include/nlohmann/thirdparty/hedley/hedley_undef.hpp
[33.554s] -- Up-to-date: /home/bingflame/RoArm-M1/install/astra_camera/include/nlohmann/thirdparty/hedley/hedley.hpp
[33.554s] -- Up-to-date: /home/bingflame/RoArm-M1/install/astra_camera/include/nlohmann/detail
[33.555s] -- Up-to-date: /home/bingflame/RoArm-M1/install/astra_camera/include/nlohmann/detail/abi_macros.hpp
[33.555s] -- Up-to-date: /home/bingflame/RoArm-M1/install/astra_camera/include/nlohmann/detail/conversions
[33.555s] -- Up-to-date: /home/bingflame/RoArm-M1/install/astra_camera/include/nlohmann/detail/conversions/from_json.hpp
[33.555s] -- Up-to-date: /home/bingflame/RoArm-M1/install/astra_camera/include/nlohmann/detail/conversions/to_json.hpp
[33.555s] -- Up-to-date: /home/bingflame/RoArm-M1/install/astra_camera/include/nlohmann/detail/conversions/to_chars.hpp
[33.555s] -- Up-to-date: /home/bingflame/RoArm-M1/install/astra_camera/include/nlohmann/detail/meta
[33.555s] -- Up-to-date: /home/bingflame/RoArm-M1/install/astra_camera/include/nlohmann/detail/meta/identity_tag.hpp
[33.556s] -- Up-to-date: /home/bingflame/RoArm-M1/install/astra_camera/include/nlohmann/detail/meta/type_traits.hpp
[33.556s] -- Up-to-date: /home/bingflame/RoArm-M1/install/astra_camera/include/nlohmann/detail/meta/detected.hpp
[33.556s] -- Up-to-date: /home/bingflame/RoArm-M1/install/astra_camera/include/nlohmann/detail/meta/std_fs.hpp
[33.556s] -- Up-to-date: /home/bingflame/RoArm-M1/install/astra_camera/include/nlohmann/detail/meta/cpp_future.hpp
[33.556s] -- Up-to-date: /home/bingflame/RoArm-M1/install/astra_camera/include/nlohmann/detail/meta/void_t.hpp
[33.556s] -- Up-to-date: /home/bingflame/RoArm-M1/install/astra_camera/include/nlohmann/detail/meta/is_sax.hpp
[33.556s] -- Up-to-date: /home/bingflame/RoArm-M1/install/astra_camera/include/nlohmann/detail/meta/call_std
[33.557s] -- Up-to-date: /home/bingflame/RoArm-M1/install/astra_camera/include/nlohmann/detail/meta/call_std/end.hpp
[33.557s] -- Up-to-date: /home/bingflame/RoArm-M1/install/astra_camera/include/nlohmann/detail/meta/call_std/begin.hpp
[33.557s] -- Up-to-date: /home/bingflame/RoArm-M1/install/astra_camera/include/nlohmann/detail/iterators
[33.557s] -- Up-to-date: /home/bingflame/RoArm-M1/install/astra_camera/include/nlohmann/detail/iterators/iterator_traits.hpp
[33.557s] -- Up-to-date: /home/bingflame/RoArm-M1/install/astra_camera/include/nlohmann/detail/iterators/json_reverse_iterator.hpp
[33.557s] -- Up-to-date: /home/bingflame/RoArm-M1/install/astra_camera/include/nlohmann/detail/iterators/internal_iterator.hpp
[33.557s] -- Up-to-date: /home/bingflame/RoArm-M1/install/astra_camera/include/nlohmann/detail/iterators/primitive_iterator.hpp
[33.557s] -- Up-to-date: /home/bingflame/RoArm-M1/install/astra_camera/include/nlohmann/detail/iterators/iteration_proxy.hpp
[33.558s] -- Up-to-date: /home/bingflame/RoArm-M1/install/astra_camera/include/nlohmann/detail/iterators/iter_impl.hpp
[33.558s] -- Up-to-date: /home/bingflame/RoArm-M1/install/astra_camera/include/nlohmann/detail/macro_unscope.hpp
[33.558s] -- Up-to-date: /home/bingflame/RoArm-M1/install/astra_camera/include/nlohmann/detail/macro_scope.hpp
[33.558s] -- Up-to-date: /home/bingflame/RoArm-M1/install/astra_camera/include/nlohmann/detail/output
[33.558s] -- Up-to-date: /home/bingflame/RoArm-M1/install/astra_camera/include/nlohmann/detail/output/binary_writer.hpp
[33.558s] -- Up-to-date: /home/bingflame/RoArm-M1/install/astra_camera/include/nlohmann/detail/output/serializer.hpp
[33.558s] -- Up-to-date: /home/bingflame/RoArm-M1/install/astra_camera/include/nlohmann/detail/output/output_adapters.hpp
[33.559s] -- Up-to-date: /home/bingflame/RoArm-M1/install/astra_camera/include/nlohmann/detail/input
[33.559s] -- Up-to-date: /home/bingflame/RoArm-M1/install/astra_camera/include/nlohmann/detail/input/binary_reader.hpp
[33.559s] -- Up-to-date: /home/bingflame/RoArm-M1/install/astra_camera/include/nlohmann/detail/input/input_adapters.hpp
[33.559s] -- Up-to-date: /home/bingflame/RoArm-M1/install/astra_camera/include/nlohmann/detail/input/parser.hpp
[33.559s] -- Up-to-date: /home/bingflame/RoArm-M1/install/astra_camera/include/nlohmann/detail/input/position_t.hpp
[33.559s] -- Up-to-date: /home/bingflame/RoArm-M1/install/astra_camera/include/nlohmann/detail/input/json_sax.hpp
[33.560s] -- Up-to-date: /home/bingflame/RoArm-M1/install/astra_camera/include/nlohmann/detail/input/lexer.hpp
[33.560s] -- Up-to-date: /home/bingflame/RoArm-M1/install/astra_camera/include/nlohmann/detail/string_concat.hpp
[33.560s] -- Up-to-date: /home/bingflame/RoArm-M1/install/astra_camera/include/nlohmann/detail/value_t.hpp
[33.560s] -- Up-to-date: /home/bingflame/RoArm-M1/install/astra_camera/include/nlohmann/detail/hash.hpp
[33.560s] -- Up-to-date: /home/bingflame/RoArm-M1/install/astra_camera/include/nlohmann/detail/json_custom_base_class.hpp
[33.560s] -- Up-to-date: /home/bingflame/RoArm-M1/install/astra_camera/include/nlohmann/detail/exceptions.hpp
[33.560s] -- Up-to-date: /home/bingflame/RoArm-M1/install/astra_camera/include/nlohmann/detail/json_ref.hpp
[33.561s] -- Up-to-date: /home/bingflame/RoArm-M1/install/astra_camera/include/nlohmann/detail/string_escape.hpp
[33.561s] -- Up-to-date: /home/bingflame/RoArm-M1/install/astra_camera/include/nlohmann/detail/json_pointer.hpp
[33.561s] -- Up-to-date: /home/bingflame/RoArm-M1/install/astra_camera/include/nlohmann/adl_serializer.hpp
[33.561s] -- Up-to-date: /home/bingflame/RoArm-M1/install/astra_camera/include/nlohmann/ordered_map.hpp
[33.561s] -- Up-to-date: /home/bingflame/RoArm-M1/install/astra_camera/include/nlohmann/byte_container_with_subtype.hpp
[33.561s] -- Up-to-date: /home/bingflame/RoArm-M1/install/astra_camera/include/astra_camera
[33.561s] -- Up-to-date: /home/bingflame/RoArm-M1/install/astra_camera/include/astra_camera/device_listener.h
[33.561s] -- Up-to-date: /home/bingflame/RoArm-M1/install/astra_camera/include/astra_camera/constants.h
[33.562s] -- Up-to-date: /home/bingflame/RoArm-M1/install/astra_camera/include/astra_camera/magic_enum.hpp
[33.562s] -- Up-to-date: /home/bingflame/RoArm-M1/install/astra_camera/include/astra_camera/point_cloud_proc
[33.562s] -- Up-to-date: /home/bingflame/RoArm-M1/install/astra_camera/include/astra_camera/point_cloud_proc/point_cloud_xyzrgb.h
[33.562s] -- Up-to-date: /home/bingflame/RoArm-M1/install/astra_camera/include/astra_camera/point_cloud_proc/depth_traits.h
[33.562s] -- Up-to-date: /home/bingflame/RoArm-M1/install/astra_camera/include/astra_camera/point_cloud_proc/point_cloud_xyz.h
[33.562s] -- Up-to-date: /home/bingflame/RoArm-M1/install/astra_camera/include/astra_camera/ob_timer_filter.h
[33.562s] -- Up-to-date: /home/bingflame/RoArm-M1/install/astra_camera/include/astra_camera/utils.h
[33.563s] -- Up-to-date: /home/bingflame/RoArm-M1/install/astra_camera/include/astra_camera/dynamic_params.h
[33.563s] -- Up-to-date: /home/bingflame/RoArm-M1/install/astra_camera/include/astra_camera/ob_camera_node_factory.h
[33.563s] -- Up-to-date: /home/bingflame/RoArm-M1/install/astra_camera/include/astra_camera/ob_camera_node.h
[33.563s] -- Up-to-date: /home/bingflame/RoArm-M1/install/astra_camera/include/astra_camera/ros_param_backend.h
[33.563s] -- Up-to-date: /home/bingflame/RoArm-M1/install/astra_camera/include/astra_camera/ob_frame_listener.h
[33.563s] -- Up-to-date: /home/bingflame/RoArm-M1/install/astra_camera/include/astra_camera/uvc_camera_driver.h
[33.563s] -- Up-to-date: /home/bingflame/RoArm-M1/install/astra_camera/include/astra_camera/types.h
[33.564s] -- Up-to-date: /home/bingflame/RoArm-M1/install/astra_camera/share/astra_camera//launch
[33.564s] -- Up-to-date: /home/bingflame/RoArm-M1/install/astra_camera/share/astra_camera//launch/dabai.launch.py
[33.564s] -- Up-to-date: /home/bingflame/RoArm-M1/install/astra_camera/share/astra_camera//launch/multi_astra_mini.launch.py
[33.564s] -- Up-to-date: /home/bingflame/RoArm-M1/install/astra_camera/share/astra_camera//launch/dabai_dw.launch.py
[33.564s] -- Up-to-date: /home/bingflame/RoArm-M1/install/astra_camera/share/astra_camera//launch/dabai_dcw.launch.py
[33.564s] -- Up-to-date: /home/bingflame/RoArm-M1/install/astra_camera/share/astra_camera//launch/multi_dabai.launch.py
[33.564s] -- Up-to-date: /home/bingflame/RoArm-M1/install/astra_camera/share/astra_camera//launch/.gitkeep
[33.565s] -- Up-to-date: /home/bingflame/RoArm-M1/install/astra_camera/share/astra_camera//launch/multi_dabai_dcw.launch.py
[33.565s] -- Up-to-date: /home/bingflame/RoArm-M1/install/astra_camera/share/astra_camera//launch/dabai_pro.launch.py
[33.565s] -- Up-to-date: /home/bingflame/RoArm-M1/install/astra_camera/share/astra_camera//launch/astra_mini.launch.py
[33.565s] -- Up-to-date: /home/bingflame/RoArm-M1/install/astra_camera/share/astra_camera//launch/multi_dabai_pro.launch.py
[33.565s] -- Up-to-date: /home/bingflame/RoArm-M1/install/astra_camera/share/astra_camera//launch/multi_dabai_dw.launch.py
[33.565s] -- Up-to-date: /home/bingflame/RoArm-M1/install/astra_camera/share/astra_camera//config
[33.565s] -- Up-to-date: /home/bingflame/RoArm-M1/install/astra_camera/share/astra_camera//config/.gitkeep
[33.566s] -- Up-to-date: /home/bingflame/RoArm-M1/install/astra_camera/share/astra_camera//params
[33.566s] -- Up-to-date: /home/bingflame/RoArm-M1/install/astra_camera/share/astra_camera//params/dabai_params.yaml
[33.566s] -- Up-to-date: /home/bingflame/RoArm-M1/install/astra_camera/share/astra_camera//params/camera_params_template.yaml
[33.566s] -- Up-to-date: /home/bingflame/RoArm-M1/install/astra_camera/share/astra_camera//params/.gitkeep
[33.566s] -- Up-to-date: /home/bingflame/RoArm-M1/install/astra_camera/share/astra_camera//params/dabai_pro_params.yaml
[33.566s] -- Up-to-date: /home/bingflame/RoArm-M1/install/astra_camera/share/astra_camera//params/astra_mini_params.yaml
[33.566s] -- Up-to-date: /home/bingflame/RoArm-M1/install/astra_camera/share/astra_camera//params/dabai_dw_params.yaml
[33.567s] -- Up-to-date: /home/bingflame/RoArm-M1/install/astra_camera/share/astra_camera//params/dabai_dcw_params.yaml
[33.567s] -- Up-to-date: /home/bingflame/RoArm-M1/install/astra_camera/share/astra_camera//rviz
[33.567s] -- Up-to-date: /home/bingflame/RoArm-M1/install/astra_camera/share/astra_camera//rviz/pointcloud.rviz
[33.567s] -- Up-to-date: /home/bingflame/RoArm-M1/install/astra_camera/share/astra_camera//rviz/.gitkeep
[33.567s] -- Up-to-date: /home/bingflame/RoArm-M1/install/astra_camera/share/astra_camera//rviz/multi_camera.rviz
[33.567s] -- Up-to-date: /home/bingflame/RoArm-M1/install/astra_camera/share/astra_camera/environment/library_path.sh
[33.567s] -- Up-to-date: /home/bingflame/RoArm-M1/install/astra_camera/share/astra_camera/environment/library_path.dsv
[33.568s] -- Up-to-date: /home/bingflame/RoArm-M1/install/astra_camera/share/ament_index/resource_index/package_run_dependencies/astra_camera
[33.568s] -- Up-to-date: /home/bingflame/RoArm-M1/install/astra_camera/share/ament_index/resource_index/parent_prefix_path/astra_camera
[33.568s] -- Up-to-date: /home/bingflame/RoArm-M1/install/astra_camera/share/astra_camera/environment/ament_prefix_path.sh
[33.568s] -- Up-to-date: /home/bingflame/RoArm-M1/install/astra_camera/share/astra_camera/environment/ament_prefix_path.dsv
[33.568s] -- Up-to-date: /home/bingflame/RoArm-M1/install/astra_camera/share/astra_camera/environment/path.sh
[33.568s] -- Up-to-date: /home/bingflame/RoArm-M1/install/astra_camera/share/astra_camera/environment/path.dsv
[33.568s] -- Up-to-date: /home/bingflame/RoArm-M1/install/astra_camera/share/astra_camera/local_setup.bash
[33.568s] -- Up-to-date: /home/bingflame/RoArm-M1/install/astra_camera/share/astra_camera/local_setup.sh
[33.569s] -- Up-to-date: /home/bingflame/RoArm-M1/install/astra_camera/share/astra_camera/local_setup.zsh
[33.569s] -- Up-to-date: /home/bingflame/RoArm-M1/install/astra_camera/share/astra_camera/local_setup.dsv
[33.569s] -- Installing: /home/bingflame/RoArm-M1/install/astra_camera/share/astra_camera/package.dsv
[33.569s] -- Up-to-date: /home/bingflame/RoArm-M1/install/astra_camera/share/ament_index/resource_index/packages/astra_camera
[33.569s] -- Up-to-date: /home/bingflame/RoArm-M1/install/astra_camera/share/ament_index/resource_index/rclcpp_components/astra_camera
[33.569s] -- Up-to-date: /home/bingflame/RoArm-M1/install/astra_camera/share/astra_camera/cmake/ament_cmake_export_include_directories-extras.cmake
[33.569s] -- Up-to-date: /home/bingflame/RoArm-M1/install/astra_camera/share/astra_camera/cmake/ament_cmake_export_libraries-extras.cmake
[33.570s] -- Up-to-date: /home/bingflame/RoArm-M1/install/astra_camera/share/astra_camera/cmake/ament_cmake_export_dependencies-extras.cmake
[33.570s] -- Up-to-date: /home/bingflame/RoArm-M1/install/astra_camera/share/astra_camera/cmake/astra_cameraConfig.cmake
[33.570s] -- Up-to-date: /home/bingflame/RoArm-M1/install/astra_camera/share/astra_camera/cmake/astra_cameraConfig-version.cmake
[33.570s] -- Up-to-date: /home/bingflame/RoArm-M1/install/astra_camera/share/astra_camera/package.xml
[33.570s] -- Installing: /home/bingflame/RoArm-M1/install/astra_camera/lib/astra_camera/point_cloud_subscriber
[33.611s] -- Set runtime path of "/home/bingflame/RoArm-M1/install/astra_camera/lib/astra_camera/point_cloud_subscriber" to ""
[33.617s] Invoked command in '/home/bingflame/RoArm-M1/build/astra_camera' returned '0': CMAKE_PREFIX_PATH=/home/bingflame/RoArm-M1/install/astra_camera_msgs:/home/bingflame/RoArm-M1/install/roarm:/home/bingflame/RoArm-M1/install/astra_camera:/home/bingflame/RoArm-M1/install/serial_reader:/home/bingflame/RoArm-M1/install/serial_ctrl:/opt/ros/humble CONDA_PROMPT_MODIFIER=(base) LD_LIBRARY_PATH=/home/bingflame/RoArm-M1/install/astra_camera_msgs/lib:/home/bingflame/RoArm-M1/install/astra_camera/lib:/opt/ros/humble/opt/rviz_ogre_vendor/lib:/opt/ros/humble/lib/aarch64-linux-gnu:/opt/ros/humble/lib:/usr/local/cuda-12.6/lib64:/home/bingflame/xiugaihou/JetsonGPIO/build/ PYTHONPATH=/home/bingflame/RoArm-M1/install/astra_camera_msgs/lib/python3.10/site-packages:/home/bingflame/RoArm-M1/install/serial_reader/lib/python3.10/site-packages:/home/bingflame/RoArm-M1/install/serial_ctrl/lib/python3.10/site-packages:/opt/ros/humble/lib/python3.10/site-packages:/opt/ros/humble/local/lib/python3.10/dist-packages /usr/bin/cmake --install /home/bingflame/RoArm-M1/build/astra_camera
