[0.128s] Invoking command in '/home/bingflame/RoArm-M1/build/roarm': CMAKE_PREFIX_PATH=${CMAKE_PREFIX_PATH}:/home/bingflame/RoArm-M1/install/serial_reader:/home/bingflame/RoArm-M1/install/serial_ctrl:/opt/ros/humble CONDA_PROMPT_MODIFIER=(base) /usr/bin/cmake --build /home/bingflame/RoArm-M1/build/roarm -- -j6 -l6
[2.235s] Invoked command in '/home/bingflame/RoArm-M1/build/roarm' returned '0': CMAKE_PREFIX_PATH=${CMAKE_PREFIX_PATH}:/home/bingflame/RoArm-M1/install/serial_reader:/home/bingflame/RoArm-M1/install/serial_ctrl:/opt/ros/humble CONDA_PROMPT_MODIFIER=(base) /usr/bin/cmake --build /home/bingflame/RoArm-M1/build/roarm -- -j6 -l6
[2.367s] Invoking command in '/home/bingflame/RoArm-M1/build/roarm': CMAKE_PREFIX_PATH=${CMAKE_PREFIX_PATH}:/home/bingflame/RoArm-M1/install/serial_reader:/home/bingflame/RoArm-M1/install/serial_ctrl:/opt/ros/humble CONDA_PROMPT_MODIFIER=(base) /usr/bin/cmake --install /home/bingflame/RoArm-M1/build/roarm
[2.406s] -- Install configuration: ""
[2.407s] -- Up-to-date: /home/bingflame/RoArm-M1/install/roarm/share/roarm/config
[2.407s] -- Up-to-date: /home/bingflame/RoArm-M1/install/roarm/share/roarm/config/.gitkeep
[2.409s] -- Up-to-date: /home/bingflame/RoArm-M1/install/roarm/share/roarm/launch
[2.410s] -- Up-to-date: /home/bingflame/RoArm-M1/install/roarm/share/roarm/launch/roarm.launch.py
[2.411s] -- Up-to-date: /home/bingflame/RoArm-M1/install/roarm/share/roarm/maps
[2.411s] -- Up-to-date: /home/bingflame/RoArm-M1/install/roarm/share/roarm/maps/.gitkeep
[2.412s] -- Up-to-date: /home/bingflame/RoArm-M1/install/roarm/share/roarm/meshes
[2.413s] -- Up-to-date: /home/bingflame/RoArm-M1/install/roarm/share/roarm/meshes/base.stl
[2.414s] -- Up-to-date: /home/bingflame/RoArm-M1/install/roarm/share/roarm/meshes/L4.stl
[2.414s] -- Up-to-date: /home/bingflame/RoArm-M1/install/roarm/share/roarm/meshes/L5_2_A.stl
[2.414s] -- Up-to-date: /home/bingflame/RoArm-M1/install/roarm/share/roarm/meshes/L5_1_B.stl
[2.414s] -- Up-to-date: /home/bingflame/RoArm-M1/install/roarm/share/roarm/meshes/L5_3_B.stl
[2.415s] -- Up-to-date: /home/bingflame/RoArm-M1/install/roarm/share/roarm/meshes/L2.stl
[2.415s] -- Up-to-date: /home/bingflame/RoArm-M1/install/roarm/share/roarm/meshes/L3.stl
[2.418s] -- Up-to-date: /home/bingflame/RoArm-M1/install/roarm/share/roarm/meshes/L1.stl
[2.418s] -- Up-to-date: /home/bingflame/RoArm-M1/install/roarm/share/roarm/meshes/L5_3_A.stl
[2.418s] -- Up-to-date: /home/bingflame/RoArm-M1/install/roarm/share/roarm/meshes/L5_2_B.stl
[2.419s] -- Up-to-date: /home/bingflame/RoArm-M1/install/roarm/share/roarm/meshes/L5_1_A.stl
[2.419s] -- Up-to-date: /home/bingflame/RoArm-M1/install/roarm/share/roarm/models
[2.419s] -- Up-to-date: /home/bingflame/RoArm-M1/install/roarm/share/roarm/models/.gitkeep
[2.419s] -- Up-to-date: /home/bingflame/RoArm-M1/install/roarm/share/roarm/params
[2.420s] -- Up-to-date: /home/bingflame/RoArm-M1/install/roarm/share/roarm/params/.gitkeep
[2.420s] -- Up-to-date: /home/bingflame/RoArm-M1/install/roarm/share/roarm/rviz
[2.421s] -- Up-to-date: /home/bingflame/RoArm-M1/install/roarm/share/roarm/rviz/rviz_basic_settings.rviz
[2.421s] -- Up-to-date: /home/bingflame/RoArm-M1/install/roarm/share/roarm/src
[2.422s] -- Up-to-date: /home/bingflame/RoArm-M1/install/roarm/share/roarm/src/.gitkeep
[2.422s] -- Up-to-date: /home/bingflame/RoArm-M1/install/roarm/share/roarm/urdf
[2.423s] -- Up-to-date: /home/bingflame/RoArm-M1/install/roarm/share/roarm/urdf/roarm.urdf
[2.423s] -- Up-to-date: /home/bingflame/RoArm-M1/install/roarm/share/roarm/worlds
[2.426s] -- Up-to-date: /home/bingflame/RoArm-M1/install/roarm/share/roarm/worlds/.gitkeep
[2.427s] -- Up-to-date: /home/bingflame/RoArm-M1/install/roarm/share/ament_index/resource_index/package_run_dependencies/roarm
[2.427s] -- Up-to-date: /home/bingflame/RoArm-M1/install/roarm/share/ament_index/resource_index/parent_prefix_path/roarm
[2.428s] -- Up-to-date: /home/bingflame/RoArm-M1/install/roarm/share/roarm/environment/ament_prefix_path.sh
[2.430s] -- Up-to-date: /home/bingflame/RoArm-M1/install/roarm/share/roarm/environment/ament_prefix_path.dsv
[2.430s] -- Up-to-date: /home/bingflame/RoArm-M1/install/roarm/share/roarm/environment/path.sh
[2.430s] -- Up-to-date: /home/bingflame/RoArm-M1/install/roarm/share/roarm/environment/path.dsv
[2.430s] -- Up-to-date: /home/bingflame/RoArm-M1/install/roarm/share/roarm/local_setup.bash
[2.431s] -- Up-to-date: /home/bingflame/RoArm-M1/install/roarm/share/roarm/local_setup.sh
[2.431s] -- Up-to-date: /home/bingflame/RoArm-M1/install/roarm/share/roarm/local_setup.zsh
[2.431s] -- Up-to-date: /home/bingflame/RoArm-M1/install/roarm/share/roarm/local_setup.dsv
[2.431s] -- Installing: /home/bingflame/RoArm-M1/install/roarm/share/roarm/package.dsv
[2.431s] -- Up-to-date: /home/bingflame/RoArm-M1/install/roarm/share/ament_index/resource_index/packages/roarm
[2.432s] -- Up-to-date: /home/bingflame/RoArm-M1/install/roarm/share/roarm/cmake/roarmConfig.cmake
[2.432s] -- Up-to-date: /home/bingflame/RoArm-M1/install/roarm/share/roarm/cmake/roarmConfig-version.cmake
[2.432s] -- Up-to-date: /home/bingflame/RoArm-M1/install/roarm/share/roarm/package.xml
[2.438s] Invoked command in '/home/bingflame/RoArm-M1/build/roarm' returned '0': CMAKE_PREFIX_PATH=${CMAKE_PREFIX_PATH}:/home/bingflame/RoArm-M1/install/serial_reader:/home/bingflame/RoArm-M1/install/serial_ctrl:/opt/ros/humble CONDA_PROMPT_MODIFIER=(base) /usr/bin/cmake --install /home/bingflame/RoArm-M1/build/roarm
