[0.390s] DEBUG:colcon:Command line arguments: ['/usr/bin/colcon', 'build']
[0.390s] DEBUG:colcon:Parsed command line arguments: Namespace(log_base=None, log_level=None, verb_name='build', build_base='build', install_base='install', merge_install=False, symlink_install=False, test_result_base=None, continue_on_error=False, executor='parallel', parallel_workers=6, event_handlers=None, ignore_user_meta=False, metas=['./colcon.meta'], base_paths=['.'], packages_ignore=None, packages_ignore_regex=None, paths=None, packages_up_to=None, packages_up_to_regex=None, packages_above=None, packages_above_and_dependencies=None, packages_above_depth=None, packages_select_by_dep=None, packages_skip_by_dep=None, packages_skip_up_to=None, packages_select_build_failed=False, packages_skip_build_finished=False, packages_select_test_failures=False, packages_skip_test_passed=False, packages_select=None, packages_skip=None, packages_select_regex=None, packages_skip_regex=None, packages_start=None, packages_end=None, allow_overriding=[], cmake_args=None, cmake_target=None, cmake_target_skip_unavailable=False, cmake_clean_cache=False, cmake_clean_first=False, cmake_force_configure=False, ament_cmake_args=None, catkin_cmake_args=None, catkin_skip_building_tests=False, verb_parser=<colcon_defaults.argument_parser.defaults.DefaultArgumentsDecorator object at 0xffffaa007ac0>, verb_extension=<colcon_core.verb.build.BuildVerb object at 0xffffaa220700>, main=<bound method BuildVerb.main of <colcon_core.verb.build.BuildVerb object at 0xffffaa220700>>)
[0.802s] Level 1:colcon.colcon_core.package_discovery:discover_packages(colcon_meta) check parameters
[0.802s] Level 1:colcon.colcon_core.package_discovery:discover_packages(recursive) check parameters
[0.802s] Level 1:colcon.colcon_core.package_discovery:discover_packages(ignore) check parameters
[0.802s] Level 1:colcon.colcon_core.package_discovery:discover_packages(path) check parameters
[0.802s] Level 1:colcon.colcon_core.package_discovery:discover_packages(colcon_meta) discover
[0.802s] Level 1:colcon.colcon_core.package_discovery:discover_packages(recursive) discover
[0.802s] INFO:colcon.colcon_core.package_discovery:Crawling recursively for packages in '/home/bingflame/RoArm-M1'
[0.803s] Level 1:colcon.colcon_core.package_identification:_identify(.) by extensions ['ignore', 'ignore_ament_install']
[0.803s] Level 1:colcon.colcon_core.package_identification:_identify(.) by extension 'ignore'
[0.803s] Level 1:colcon.colcon_core.package_identification:_identify(.) by extension 'ignore_ament_install'
[0.803s] Level 1:colcon.colcon_core.package_identification:_identify(.) by extensions ['colcon_pkg']
[0.803s] Level 1:colcon.colcon_core.package_identification:_identify(.) by extension 'colcon_pkg'
[0.804s] Level 1:colcon.colcon_core.package_identification:_identify(.) by extensions ['colcon_meta']
[0.804s] Level 1:colcon.colcon_core.package_identification:_identify(.) by extension 'colcon_meta'
[0.804s] Level 1:colcon.colcon_core.package_identification:_identify(.) by extensions ['ros']
[0.804s] Level 1:colcon.colcon_core.package_identification:_identify(.) by extension 'ros'
[0.831s] Level 1:colcon.colcon_core.package_identification:_identify(.) by extensions ['cmake', 'python']
[0.831s] Level 1:colcon.colcon_core.package_identification:_identify(.) by extension 'cmake'
[0.831s] Level 1:colcon.colcon_core.package_identification:_identify(.) by extension 'python'
[0.831s] Level 1:colcon.colcon_core.package_identification:_identify(.) by extensions ['python_setup_py']
[0.831s] Level 1:colcon.colcon_core.package_identification:_identify(.) by extension 'python_setup_py'
[0.832s] Level 1:colcon.colcon_core.package_identification:_identify(build) by extensions ['ignore', 'ignore_ament_install']
[0.832s] Level 1:colcon.colcon_core.package_identification:_identify(build) by extension 'ignore'
[0.832s] Level 1:colcon.colcon_core.package_identification:_identify(build) ignored
[0.832s] Level 1:colcon.colcon_core.package_identification:_identify(install) by extensions ['ignore', 'ignore_ament_install']
[0.832s] Level 1:colcon.colcon_core.package_identification:_identify(install) by extension 'ignore'
[0.832s] Level 1:colcon.colcon_core.package_identification:_identify(install) ignored
[0.833s] Level 1:colcon.colcon_core.package_identification:_identify(log) by extensions ['ignore', 'ignore_ament_install']
[0.833s] Level 1:colcon.colcon_core.package_identification:_identify(log) by extension 'ignore'
[0.833s] Level 1:colcon.colcon_core.package_identification:_identify(log) ignored
[0.833s] Level 1:colcon.colcon_core.package_identification:_identify(src) by extensions ['ignore', 'ignore_ament_install']
[0.834s] Level 1:colcon.colcon_core.package_identification:_identify(src) by extension 'ignore'
[0.834s] Level 1:colcon.colcon_core.package_identification:_identify(src) by extension 'ignore_ament_install'
[0.834s] Level 1:colcon.colcon_core.package_identification:_identify(src) by extensions ['colcon_pkg']
[0.834s] Level 1:colcon.colcon_core.package_identification:_identify(src) by extension 'colcon_pkg'
[0.834s] Level 1:colcon.colcon_core.package_identification:_identify(src) by extensions ['colcon_meta']
[0.834s] Level 1:colcon.colcon_core.package_identification:_identify(src) by extension 'colcon_meta'
[0.834s] Level 1:colcon.colcon_core.package_identification:_identify(src) by extensions ['ros']
[0.834s] Level 1:colcon.colcon_core.package_identification:_identify(src) by extension 'ros'
[0.834s] Level 1:colcon.colcon_core.package_identification:_identify(src) by extensions ['cmake', 'python']
[0.835s] Level 1:colcon.colcon_core.package_identification:_identify(src) by extension 'cmake'
[0.835s] Level 1:colcon.colcon_core.package_identification:_identify(src) by extension 'python'
[0.835s] Level 1:colcon.colcon_core.package_identification:_identify(src) by extensions ['python_setup_py']
[0.835s] Level 1:colcon.colcon_core.package_identification:_identify(src) by extension 'python_setup_py'
[0.835s] Level 1:colcon.colcon_core.package_identification:_identify(src/astra_camera) by extensions ['ignore', 'ignore_ament_install']
[0.835s] Level 1:colcon.colcon_core.package_identification:_identify(src/astra_camera) by extension 'ignore'
[0.836s] Level 1:colcon.colcon_core.package_identification:_identify(src/astra_camera) by extension 'ignore_ament_install'
[0.836s] Level 1:colcon.colcon_core.package_identification:_identify(src/astra_camera) by extensions ['colcon_pkg']
[0.836s] Level 1:colcon.colcon_core.package_identification:_identify(src/astra_camera) by extension 'colcon_pkg'
[0.836s] Level 1:colcon.colcon_core.package_identification:_identify(src/astra_camera) by extensions ['colcon_meta']
[0.836s] Level 1:colcon.colcon_core.package_identification:_identify(src/astra_camera) by extension 'colcon_meta'
[0.836s] Level 1:colcon.colcon_core.package_identification:_identify(src/astra_camera) by extensions ['ros']
[0.836s] Level 1:colcon.colcon_core.package_identification:_identify(src/astra_camera) by extension 'ros'
[0.845s] DEBUG:colcon.colcon_core.package_identification:Package 'src/astra_camera' with type 'ros.ament_cmake' and name 'astra_camera'
[0.846s] Level 1:colcon.colcon_core.package_identification:_identify(src/astra_camera_msgs) by extensions ['ignore', 'ignore_ament_install']
[0.846s] Level 1:colcon.colcon_core.package_identification:_identify(src/astra_camera_msgs) by extension 'ignore'
[0.846s] Level 1:colcon.colcon_core.package_identification:_identify(src/astra_camera_msgs) by extension 'ignore_ament_install'
[0.846s] Level 1:colcon.colcon_core.package_identification:_identify(src/astra_camera_msgs) by extensions ['colcon_pkg']
[0.846s] Level 1:colcon.colcon_core.package_identification:_identify(src/astra_camera_msgs) by extension 'colcon_pkg'
[0.846s] Level 1:colcon.colcon_core.package_identification:_identify(src/astra_camera_msgs) by extensions ['colcon_meta']
[0.846s] Level 1:colcon.colcon_core.package_identification:_identify(src/astra_camera_msgs) by extension 'colcon_meta'
[0.847s] Level 1:colcon.colcon_core.package_identification:_identify(src/astra_camera_msgs) by extensions ['ros']
[0.847s] Level 1:colcon.colcon_core.package_identification:_identify(src/astra_camera_msgs) by extension 'ros'
[0.848s] DEBUG:colcon.colcon_core.package_identification:Package 'src/astra_camera_msgs' with type 'ros.ament_cmake' and name 'astra_camera_msgs'
[0.848s] Level 1:colcon.colcon_core.package_identification:_identify(src/roarm) by extensions ['ignore', 'ignore_ament_install']
[0.849s] Level 1:colcon.colcon_core.package_identification:_identify(src/roarm) by extension 'ignore'
[0.849s] Level 1:colcon.colcon_core.package_identification:_identify(src/roarm) by extension 'ignore_ament_install'
[0.849s] Level 1:colcon.colcon_core.package_identification:_identify(src/roarm) by extensions ['colcon_pkg']
[0.849s] Level 1:colcon.colcon_core.package_identification:_identify(src/roarm) by extension 'colcon_pkg'
[0.849s] Level 1:colcon.colcon_core.package_identification:_identify(src/roarm) by extensions ['colcon_meta']
[0.849s] Level 1:colcon.colcon_core.package_identification:_identify(src/roarm) by extension 'colcon_meta'
[0.849s] Level 1:colcon.colcon_core.package_identification:_identify(src/roarm) by extensions ['ros']
[0.849s] Level 1:colcon.colcon_core.package_identification:_identify(src/roarm) by extension 'ros'
[0.851s] DEBUG:colcon.colcon_core.package_identification:Package 'src/roarm' with type 'ros.ament_cmake' and name 'roarm'
[0.851s] Level 1:colcon.colcon_core.package_identification:_identify(src/serial_ctrl) by extensions ['ignore', 'ignore_ament_install']
[0.851s] Level 1:colcon.colcon_core.package_identification:_identify(src/serial_ctrl) by extension 'ignore'
[0.851s] Level 1:colcon.colcon_core.package_identification:_identify(src/serial_ctrl) by extension 'ignore_ament_install'
[0.852s] Level 1:colcon.colcon_core.package_identification:_identify(src/serial_ctrl) by extensions ['colcon_pkg']
[0.852s] Level 1:colcon.colcon_core.package_identification:_identify(src/serial_ctrl) by extension 'colcon_pkg'
[0.852s] Level 1:colcon.colcon_core.package_identification:_identify(src/serial_ctrl) by extensions ['colcon_meta']
[0.852s] Level 1:colcon.colcon_core.package_identification:_identify(src/serial_ctrl) by extension 'colcon_meta'
[0.852s] Level 1:colcon.colcon_core.package_identification:_identify(src/serial_ctrl) by extensions ['ros']
[0.852s] Level 1:colcon.colcon_core.package_identification:_identify(src/serial_ctrl) by extension 'ros'
[0.853s] DEBUG:colcon.colcon_core.package_identification:Package 'src/serial_ctrl' with type 'ros.ament_python' and name 'serial_ctrl'
[0.853s] Level 1:colcon.colcon_core.package_discovery:discover_packages(recursive) using defaults
[0.853s] Level 1:colcon.colcon_core.package_discovery:discover_packages(ignore) discover
[0.854s] Level 1:colcon.colcon_core.package_discovery:discover_packages(ignore) using defaults
[0.854s] Level 1:colcon.colcon_core.package_discovery:discover_packages(path) discover
[0.854s] Level 1:colcon.colcon_core.package_discovery:discover_packages(path) using defaults
[0.902s] Level 1:colcon.colcon_core.package_discovery:discover_packages(prefix_path) check parameters
[0.902s] Level 1:colcon.colcon_core.package_discovery:discover_packages(prefix_path) discover
[0.909s] DEBUG:colcon.colcon_installed_package_information.package_discovery:Found 276 installed packages in /opt/ros/humble
[0.914s] Level 1:colcon.colcon_core.package_discovery:discover_packages(prefix_path) using defaults
[1.058s] Level 5:colcon.colcon_core.verb:set package 'astra_camera_msgs' build argument 'cmake_args' from command line to 'None'
[1.058s] Level 5:colcon.colcon_core.verb:set package 'astra_camera_msgs' build argument 'cmake_target' from command line to 'None'
[1.058s] Level 5:colcon.colcon_core.verb:set package 'astra_camera_msgs' build argument 'cmake_target_skip_unavailable' from command line to 'False'
[1.058s] Level 5:colcon.colcon_core.verb:set package 'astra_camera_msgs' build argument 'cmake_clean_cache' from command line to 'False'
[1.058s] Level 5:colcon.colcon_core.verb:set package 'astra_camera_msgs' build argument 'cmake_clean_first' from command line to 'False'
[1.058s] Level 5:colcon.colcon_core.verb:set package 'astra_camera_msgs' build argument 'cmake_force_configure' from command line to 'False'
[1.058s] Level 5:colcon.colcon_core.verb:set package 'astra_camera_msgs' build argument 'ament_cmake_args' from command line to 'None'
[1.058s] Level 5:colcon.colcon_core.verb:set package 'astra_camera_msgs' build argument 'catkin_cmake_args' from command line to 'None'
[1.058s] Level 5:colcon.colcon_core.verb:set package 'astra_camera_msgs' build argument 'catkin_skip_building_tests' from command line to 'False'
[1.059s] DEBUG:colcon.colcon_core.verb:Building package 'astra_camera_msgs' with the following arguments: {'ament_cmake_args': None, 'build_base': '/home/bingflame/RoArm-M1/build/astra_camera_msgs', 'catkin_cmake_args': None, 'catkin_skip_building_tests': False, 'cmake_args': None, 'cmake_clean_cache': False, 'cmake_clean_first': False, 'cmake_force_configure': False, 'cmake_target': None, 'cmake_target_skip_unavailable': False, 'install_base': '/home/bingflame/RoArm-M1/install/astra_camera_msgs', 'merge_install': False, 'path': '/home/bingflame/RoArm-M1/src/astra_camera_msgs', 'symlink_install': False, 'test_result_base': None}
[1.059s] Level 5:colcon.colcon_core.verb:set package 'roarm' build argument 'cmake_args' from command line to 'None'
[1.059s] Level 5:colcon.colcon_core.verb:set package 'roarm' build argument 'cmake_target' from command line to 'None'
[1.059s] Level 5:colcon.colcon_core.verb:set package 'roarm' build argument 'cmake_target_skip_unavailable' from command line to 'False'
[1.059s] Level 5:colcon.colcon_core.verb:set package 'roarm' build argument 'cmake_clean_cache' from command line to 'False'
[1.060s] Level 5:colcon.colcon_core.verb:set package 'roarm' build argument 'cmake_clean_first' from command line to 'False'
[1.060s] Level 5:colcon.colcon_core.verb:set package 'roarm' build argument 'cmake_force_configure' from command line to 'False'
[1.060s] Level 5:colcon.colcon_core.verb:set package 'roarm' build argument 'ament_cmake_args' from command line to 'None'
[1.060s] Level 5:colcon.colcon_core.verb:set package 'roarm' build argument 'catkin_cmake_args' from command line to 'None'
[1.060s] Level 5:colcon.colcon_core.verb:set package 'roarm' build argument 'catkin_skip_building_tests' from command line to 'False'
[1.060s] DEBUG:colcon.colcon_core.verb:Building package 'roarm' with the following arguments: {'ament_cmake_args': None, 'build_base': '/home/bingflame/RoArm-M1/build/roarm', 'catkin_cmake_args': None, 'catkin_skip_building_tests': False, 'cmake_args': None, 'cmake_clean_cache': False, 'cmake_clean_first': False, 'cmake_force_configure': False, 'cmake_target': None, 'cmake_target_skip_unavailable': False, 'install_base': '/home/bingflame/RoArm-M1/install/roarm', 'merge_install': False, 'path': '/home/bingflame/RoArm-M1/src/roarm', 'symlink_install': False, 'test_result_base': None}
[1.060s] Level 5:colcon.colcon_core.verb:set package 'serial_ctrl' build argument 'cmake_args' from command line to 'None'
[1.060s] Level 5:colcon.colcon_core.verb:set package 'serial_ctrl' build argument 'cmake_target' from command line to 'None'
[1.061s] Level 5:colcon.colcon_core.verb:set package 'serial_ctrl' build argument 'cmake_target_skip_unavailable' from command line to 'False'
[1.061s] Level 5:colcon.colcon_core.verb:set package 'serial_ctrl' build argument 'cmake_clean_cache' from command line to 'False'
[1.061s] Level 5:colcon.colcon_core.verb:set package 'serial_ctrl' build argument 'cmake_clean_first' from command line to 'False'
[1.061s] Level 5:colcon.colcon_core.verb:set package 'serial_ctrl' build argument 'cmake_force_configure' from command line to 'False'
[1.061s] Level 5:colcon.colcon_core.verb:set package 'serial_ctrl' build argument 'ament_cmake_args' from command line to 'None'
[1.061s] Level 5:colcon.colcon_core.verb:set package 'serial_ctrl' build argument 'catkin_cmake_args' from command line to 'None'
[1.061s] Level 5:colcon.colcon_core.verb:set package 'serial_ctrl' build argument 'catkin_skip_building_tests' from command line to 'False'
[1.061s] DEBUG:colcon.colcon_core.verb:Building package 'serial_ctrl' with the following arguments: {'ament_cmake_args': None, 'build_base': '/home/bingflame/RoArm-M1/build/serial_ctrl', 'catkin_cmake_args': None, 'catkin_skip_building_tests': False, 'cmake_args': None, 'cmake_clean_cache': False, 'cmake_clean_first': False, 'cmake_force_configure': False, 'cmake_target': None, 'cmake_target_skip_unavailable': False, 'install_base': '/home/bingflame/RoArm-M1/install/serial_ctrl', 'merge_install': False, 'path': '/home/bingflame/RoArm-M1/src/serial_ctrl', 'symlink_install': False, 'test_result_base': None}
[1.062s] Level 5:colcon.colcon_core.verb:set package 'astra_camera' build argument 'cmake_args' from command line to 'None'
[1.062s] Level 5:colcon.colcon_core.verb:set package 'astra_camera' build argument 'cmake_target' from command line to 'None'
[1.062s] Level 5:colcon.colcon_core.verb:set package 'astra_camera' build argument 'cmake_target_skip_unavailable' from command line to 'False'
[1.062s] Level 5:colcon.colcon_core.verb:set package 'astra_camera' build argument 'cmake_clean_cache' from command line to 'False'
[1.062s] Level 5:colcon.colcon_core.verb:set package 'astra_camera' build argument 'cmake_clean_first' from command line to 'False'
[1.062s] Level 5:colcon.colcon_core.verb:set package 'astra_camera' build argument 'cmake_force_configure' from command line to 'False'
[1.062s] Level 5:colcon.colcon_core.verb:set package 'astra_camera' build argument 'ament_cmake_args' from command line to 'None'
[1.062s] Level 5:colcon.colcon_core.verb:set package 'astra_camera' build argument 'catkin_cmake_args' from command line to 'None'
[1.062s] Level 5:colcon.colcon_core.verb:set package 'astra_camera' build argument 'catkin_skip_building_tests' from command line to 'False'
[1.062s] DEBUG:colcon.colcon_core.verb:Building package 'astra_camera' with the following arguments: {'ament_cmake_args': None, 'build_base': '/home/bingflame/RoArm-M1/build/astra_camera', 'catkin_cmake_args': None, 'catkin_skip_building_tests': False, 'cmake_args': None, 'cmake_clean_cache': False, 'cmake_clean_first': False, 'cmake_force_configure': False, 'cmake_target': None, 'cmake_target_skip_unavailable': False, 'install_base': '/home/bingflame/RoArm-M1/install/astra_camera', 'merge_install': False, 'path': '/home/bingflame/RoArm-M1/src/astra_camera', 'symlink_install': False, 'test_result_base': None}
[1.062s] INFO:colcon.colcon_core.executor:Executing jobs using 'parallel' executor
[1.065s] DEBUG:colcon.colcon_parallel_executor.executor.parallel:run_until_complete
[1.065s] INFO:colcon.colcon_ros.task.ament_cmake.build:Building ROS package in '/home/bingflame/RoArm-M1/src/astra_camera_msgs' with build type 'ament_cmake'
[1.065s] INFO:colcon.colcon_cmake.task.cmake.build:Building CMake package in '/home/bingflame/RoArm-M1/src/astra_camera_msgs'
[1.072s] INFO:colcon.colcon_core.plugin_system:Skipping extension 'colcon_core.shell.bat': Not used on non-Windows systems
[1.072s] INFO:colcon.colcon_core.shell:Skip shell extension 'powershell' for command environment: Not usable outside of PowerShell
[1.073s] DEBUG:colcon.colcon_core.shell:Skip shell extension 'dsv' for command environment
[1.079s] INFO:colcon.colcon_ros.task.ament_cmake.build:Building ROS package in '/home/bingflame/RoArm-M1/src/roarm' with build type 'ament_cmake'
[1.079s] INFO:colcon.colcon_cmake.task.cmake.build:Building CMake package in '/home/bingflame/RoArm-M1/src/roarm'
[1.079s] INFO:colcon.colcon_core.shell:Skip shell extension 'powershell' for command environment: Not usable outside of PowerShell
[1.080s] DEBUG:colcon.colcon_core.shell:Skip shell extension 'dsv' for command environment
[1.085s] INFO:colcon.colcon_ros.task.ament_python.build:Building ROS package in '/home/bingflame/RoArm-M1/src/serial_ctrl' with build type 'ament_python'
[1.085s] Level 1:colcon.colcon_core.shell:create_environment_hook('serial_ctrl', 'ament_prefix_path')
[1.085s] INFO:colcon.colcon_core.shell:Creating environment hook '/home/bingflame/RoArm-M1/install/serial_ctrl/share/serial_ctrl/hook/ament_prefix_path.ps1'
[1.088s] INFO:colcon.colcon_core.shell:Creating environment descriptor '/home/bingflame/RoArm-M1/install/serial_ctrl/share/serial_ctrl/hook/ament_prefix_path.dsv'
[1.089s] INFO:colcon.colcon_core.shell:Creating environment hook '/home/bingflame/RoArm-M1/install/serial_ctrl/share/serial_ctrl/hook/ament_prefix_path.sh'
[1.091s] INFO:colcon.colcon_core.shell:Skip shell extension 'powershell' for command environment: Not usable outside of PowerShell
[1.091s] DEBUG:colcon.colcon_core.shell:Skip shell extension 'dsv' for command environment
[1.105s] DEBUG:colcon.colcon_core.event_handler.log_command:Invoking command in '/home/bingflame/RoArm-M1/build/astra_camera_msgs': CMAKE_PREFIX_PATH=/opt/ros/humble CONDA_PROMPT_MODIFIER=(ros2) /usr/bin/cmake --build /home/bingflame/RoArm-M1/build/astra_camera_msgs -- -j6 -l6
[1.114s] DEBUG:colcon.colcon_core.event_handler.log_command:Invoking command in '/home/bingflame/RoArm-M1/build/roarm': CMAKE_PREFIX_PATH=/opt/ros/humble CONDA_PROMPT_MODIFIER=(ros2) /usr/bin/cmake --build /home/bingflame/RoArm-M1/build/roarm -- -j6 -l6
[1.673s] INFO:colcon.colcon_core.task.python.build:Building Python package in '/home/bingflame/RoArm-M1/src/serial_ctrl'
[1.674s] INFO:colcon.colcon_core.shell:Skip shell extension 'powershell' for command environment: Not usable outside of PowerShell
[1.674s] DEBUG:colcon.colcon_core.shell:Skip shell extension 'dsv' for command environment
[1.682s] DEBUG:colcon.colcon_core.event_handler.log_command:Invoked command in '/home/bingflame/RoArm-M1/build/roarm' returned '0': CMAKE_PREFIX_PATH=/opt/ros/humble CONDA_PROMPT_MODIFIER=(ros2) /usr/bin/cmake --build /home/bingflame/RoArm-M1/build/roarm -- -j6 -l6
[1.743s] DEBUG:colcon.colcon_core.event_handler.log_command:Invoking command in '/home/bingflame/RoArm-M1/build/roarm': CMAKE_PREFIX_PATH=/opt/ros/humble CONDA_PROMPT_MODIFIER=(ros2) /usr/bin/cmake --install /home/bingflame/RoArm-M1/build/roarm
[1.794s] Level 1:colcon.colcon_core.environment:create_environment_scripts_only(roarm)
[1.795s] DEBUG:colcon.colcon_core.event_handler.log_command:Invoked command in '/home/bingflame/RoArm-M1/build/roarm' returned '0': CMAKE_PREFIX_PATH=/opt/ros/humble CONDA_PROMPT_MODIFIER=(ros2) /usr/bin/cmake --install /home/bingflame/RoArm-M1/build/roarm
[1.803s] Level 1:colcon.colcon_core.environment:checking '/home/bingflame/RoArm-M1/install/roarm' for CMake module files
[1.804s] Level 1:colcon.colcon_core.environment:checking '/home/bingflame/RoArm-M1/install/roarm' for CMake config files
[1.805s] Level 1:colcon.colcon_core.shell:create_environment_hook('roarm', 'cmake_prefix_path')
[1.806s] INFO:colcon.colcon_core.shell:Creating environment hook '/home/bingflame/RoArm-M1/install/roarm/share/roarm/hook/cmake_prefix_path.ps1'
[1.807s] INFO:colcon.colcon_core.shell:Creating environment descriptor '/home/bingflame/RoArm-M1/install/roarm/share/roarm/hook/cmake_prefix_path.dsv'
[1.808s] INFO:colcon.colcon_core.shell:Creating environment hook '/home/bingflame/RoArm-M1/install/roarm/share/roarm/hook/cmake_prefix_path.sh'
[1.810s] Level 1:colcon.colcon_core.environment:checking '/home/bingflame/RoArm-M1/install/roarm/bin'
[1.810s] Level 1:colcon.colcon_core.environment:checking '/home/bingflame/RoArm-M1/install/roarm/lib/pkgconfig/roarm.pc'
[1.810s] Level 1:colcon.colcon_core.environment:checking '/home/bingflame/RoArm-M1/install/roarm/lib/python3.10/site-packages'
[1.811s] Level 1:colcon.colcon_core.environment:checking '/home/bingflame/RoArm-M1/install/roarm/bin'
[1.812s] INFO:colcon.colcon_core.shell:Creating package script '/home/bingflame/RoArm-M1/install/roarm/share/roarm/package.ps1'
[1.813s] INFO:colcon.colcon_core.shell:Creating package descriptor '/home/bingflame/RoArm-M1/install/roarm/share/roarm/package.dsv'
[1.815s] INFO:colcon.colcon_core.shell:Creating package script '/home/bingflame/RoArm-M1/install/roarm/share/roarm/package.sh'
[1.816s] INFO:colcon.colcon_core.shell:Creating package script '/home/bingflame/RoArm-M1/install/roarm/share/roarm/package.bash'
[1.818s] INFO:colcon.colcon_core.shell:Creating package script '/home/bingflame/RoArm-M1/install/roarm/share/roarm/package.zsh'
[1.820s] Level 1:colcon.colcon_core.environment:create_file_with_runtime_dependencies(/home/bingflame/RoArm-M1/install/roarm/share/colcon-core/packages/roarm)
[1.859s] Level 1:colcon.colcon_core.environment:create_environment_scripts_only(roarm)
[1.860s] Level 1:colcon.colcon_core.environment:checking '/home/bingflame/RoArm-M1/install/roarm' for CMake module files
[1.861s] Level 1:colcon.colcon_core.environment:checking '/home/bingflame/RoArm-M1/install/roarm' for CMake config files
[1.862s] Level 1:colcon.colcon_core.shell:create_environment_hook('roarm', 'cmake_prefix_path')
[1.862s] INFO:colcon.colcon_core.shell:Creating environment hook '/home/bingflame/RoArm-M1/install/roarm/share/roarm/hook/cmake_prefix_path.ps1'
[1.864s] INFO:colcon.colcon_core.shell:Creating environment descriptor '/home/bingflame/RoArm-M1/install/roarm/share/roarm/hook/cmake_prefix_path.dsv'
[1.864s] INFO:colcon.colcon_core.shell:Creating environment hook '/home/bingflame/RoArm-M1/install/roarm/share/roarm/hook/cmake_prefix_path.sh'
[1.866s] Level 1:colcon.colcon_core.environment:checking '/home/bingflame/RoArm-M1/install/roarm/bin'
[1.866s] Level 1:colcon.colcon_core.environment:checking '/home/bingflame/RoArm-M1/install/roarm/lib/pkgconfig/roarm.pc'
[1.867s] Level 1:colcon.colcon_core.environment:checking '/home/bingflame/RoArm-M1/install/roarm/lib/python3.10/site-packages'
[1.868s] Level 1:colcon.colcon_core.environment:checking '/home/bingflame/RoArm-M1/install/roarm/bin'
[1.868s] INFO:colcon.colcon_core.shell:Creating package script '/home/bingflame/RoArm-M1/install/roarm/share/roarm/package.ps1'
[1.869s] INFO:colcon.colcon_core.shell:Creating package descriptor '/home/bingflame/RoArm-M1/install/roarm/share/roarm/package.dsv'
[1.870s] INFO:colcon.colcon_core.shell:Creating package script '/home/bingflame/RoArm-M1/install/roarm/share/roarm/package.sh'
[1.871s] INFO:colcon.colcon_core.shell:Creating package script '/home/bingflame/RoArm-M1/install/roarm/share/roarm/package.bash'
[1.872s] INFO:colcon.colcon_core.shell:Creating package script '/home/bingflame/RoArm-M1/install/roarm/share/roarm/package.zsh'
[1.873s] Level 1:colcon.colcon_core.environment:create_file_with_runtime_dependencies(/home/bingflame/RoArm-M1/install/roarm/share/colcon-core/packages/roarm)
[2.125s] DEBUG:colcon.colcon_core.event_handler.log_command:Invoked command in '/home/bingflame/RoArm-M1/build/astra_camera_msgs' returned '0': CMAKE_PREFIX_PATH=/opt/ros/humble CONDA_PROMPT_MODIFIER=(ros2) /usr/bin/cmake --build /home/bingflame/RoArm-M1/build/astra_camera_msgs -- -j6 -l6
[2.423s] DEBUG:colcon.colcon_core.event_handler.log_command:Invoking command in '/home/bingflame/RoArm-M1/src/serial_ctrl': CONDA_PROMPT_MODIFIER=(ros2) PYTHONPATH=/home/bingflame/RoArm-M1/build/serial_ctrl/prefix_override:/usr/lib/python3/dist-packages/colcon_core/task/python/colcon_distutils_commands:/home/bingflame/RoArm-M1/install/serial_ctrl/lib/python3.10/site-packages:${PYTHONPATH} /usr/bin/python3 -W ignore:setup.py install is deprecated setup.py egg_info --egg-base ../../build/serial_ctrl build --build-base /home/bingflame/RoArm-M1/build/serial_ctrl/build install --record /home/bingflame/RoArm-M1/build/serial_ctrl/install.log --single-version-externally-managed install_data
[2.475s] DEBUG:colcon.colcon_core.event_handler.log_command:Invoking command in '/home/bingflame/RoArm-M1/build/astra_camera_msgs': CMAKE_PREFIX_PATH=/opt/ros/humble CONDA_PROMPT_MODIFIER=(ros2) /usr/bin/cmake --install /home/bingflame/RoArm-M1/build/astra_camera_msgs
[2.640s] Level 1:colcon.colcon_core.environment:create_environment_scripts_only(astra_camera_msgs)
[2.641s] Level 1:colcon.colcon_core.environment:checking '/home/bingflame/RoArm-M1/install/astra_camera_msgs' for CMake module files
[2.642s] DEBUG:colcon.colcon_core.event_handler.log_command:Invoked command in '/home/bingflame/RoArm-M1/build/astra_camera_msgs' returned '0': CMAKE_PREFIX_PATH=/opt/ros/humble CONDA_PROMPT_MODIFIER=(ros2) /usr/bin/cmake --install /home/bingflame/RoArm-M1/build/astra_camera_msgs
[2.643s] Level 1:colcon.colcon_core.environment:checking '/home/bingflame/RoArm-M1/install/astra_camera_msgs' for CMake config files
[2.644s] Level 1:colcon.colcon_core.shell:create_environment_hook('astra_camera_msgs', 'cmake_prefix_path')
[2.644s] INFO:colcon.colcon_core.shell:Creating environment hook '/home/bingflame/RoArm-M1/install/astra_camera_msgs/share/astra_camera_msgs/hook/cmake_prefix_path.ps1'
[2.646s] INFO:colcon.colcon_core.shell:Creating environment descriptor '/home/bingflame/RoArm-M1/install/astra_camera_msgs/share/astra_camera_msgs/hook/cmake_prefix_path.dsv'
[2.646s] INFO:colcon.colcon_core.shell:Creating environment hook '/home/bingflame/RoArm-M1/install/astra_camera_msgs/share/astra_camera_msgs/hook/cmake_prefix_path.sh'
[2.648s] Level 1:colcon.colcon_core.environment:checking '/home/bingflame/RoArm-M1/install/astra_camera_msgs/lib'
[2.648s] Level 1:colcon.colcon_core.shell:create_environment_hook('astra_camera_msgs', 'ld_library_path_lib')
[2.648s] INFO:colcon.colcon_core.shell:Creating environment hook '/home/bingflame/RoArm-M1/install/astra_camera_msgs/share/astra_camera_msgs/hook/ld_library_path_lib.ps1'
[2.649s] INFO:colcon.colcon_core.shell:Creating environment descriptor '/home/bingflame/RoArm-M1/install/astra_camera_msgs/share/astra_camera_msgs/hook/ld_library_path_lib.dsv'
[2.650s] INFO:colcon.colcon_core.shell:Creating environment hook '/home/bingflame/RoArm-M1/install/astra_camera_msgs/share/astra_camera_msgs/hook/ld_library_path_lib.sh'
[2.651s] Level 1:colcon.colcon_core.environment:checking '/home/bingflame/RoArm-M1/install/astra_camera_msgs/bin'
[2.651s] Level 1:colcon.colcon_core.environment:checking '/home/bingflame/RoArm-M1/install/astra_camera_msgs/lib/pkgconfig/astra_camera_msgs.pc'
[2.652s] Level 1:colcon.colcon_core.environment:checking '/home/bingflame/RoArm-M1/install/astra_camera_msgs/lib/python3.10/site-packages'
[2.652s] Level 1:colcon.colcon_core.shell:create_environment_hook('astra_camera_msgs', 'pythonpath')
[2.652s] INFO:colcon.colcon_core.shell:Creating environment hook '/home/bingflame/RoArm-M1/install/astra_camera_msgs/share/astra_camera_msgs/hook/pythonpath.ps1'
[2.653s] INFO:colcon.colcon_core.shell:Creating environment descriptor '/home/bingflame/RoArm-M1/install/astra_camera_msgs/share/astra_camera_msgs/hook/pythonpath.dsv'
[2.654s] INFO:colcon.colcon_core.shell:Creating environment hook '/home/bingflame/RoArm-M1/install/astra_camera_msgs/share/astra_camera_msgs/hook/pythonpath.sh'
[2.655s] Level 1:colcon.colcon_core.environment:checking '/home/bingflame/RoArm-M1/install/astra_camera_msgs/bin'
[2.656s] INFO:colcon.colcon_core.shell:Creating package script '/home/bingflame/RoArm-M1/install/astra_camera_msgs/share/astra_camera_msgs/package.ps1'
[2.657s] INFO:colcon.colcon_core.shell:Creating package descriptor '/home/bingflame/RoArm-M1/install/astra_camera_msgs/share/astra_camera_msgs/package.dsv'
[2.658s] INFO:colcon.colcon_core.shell:Creating package script '/home/bingflame/RoArm-M1/install/astra_camera_msgs/share/astra_camera_msgs/package.sh'
[2.659s] INFO:colcon.colcon_core.shell:Creating package script '/home/bingflame/RoArm-M1/install/astra_camera_msgs/share/astra_camera_msgs/package.bash'
[2.660s] INFO:colcon.colcon_core.shell:Creating package script '/home/bingflame/RoArm-M1/install/astra_camera_msgs/share/astra_camera_msgs/package.zsh'
[2.660s] Level 1:colcon.colcon_core.environment:create_file_with_runtime_dependencies(/home/bingflame/RoArm-M1/install/astra_camera_msgs/share/colcon-core/packages/astra_camera_msgs)
[2.960s] Level 1:colcon.colcon_core.environment:create_environment_scripts_only(astra_camera_msgs)
[2.961s] Level 1:colcon.colcon_core.environment:checking '/home/bingflame/RoArm-M1/install/astra_camera_msgs' for CMake module files
[2.962s] Level 1:colcon.colcon_core.environment:checking '/home/bingflame/RoArm-M1/install/astra_camera_msgs' for CMake config files
[2.963s] Level 1:colcon.colcon_core.shell:create_environment_hook('astra_camera_msgs', 'cmake_prefix_path')
[2.963s] INFO:colcon.colcon_core.shell:Creating environment hook '/home/bingflame/RoArm-M1/install/astra_camera_msgs/share/astra_camera_msgs/hook/cmake_prefix_path.ps1'
[2.964s] INFO:colcon.colcon_core.shell:Creating environment descriptor '/home/bingflame/RoArm-M1/install/astra_camera_msgs/share/astra_camera_msgs/hook/cmake_prefix_path.dsv'
[2.965s] INFO:colcon.colcon_core.shell:Creating environment hook '/home/bingflame/RoArm-M1/install/astra_camera_msgs/share/astra_camera_msgs/hook/cmake_prefix_path.sh'
[2.966s] Level 1:colcon.colcon_core.environment:checking '/home/bingflame/RoArm-M1/install/astra_camera_msgs/lib'
[2.967s] Level 1:colcon.colcon_core.shell:create_environment_hook('astra_camera_msgs', 'ld_library_path_lib')
[2.967s] INFO:colcon.colcon_core.shell:Creating environment hook '/home/bingflame/RoArm-M1/install/astra_camera_msgs/share/astra_camera_msgs/hook/ld_library_path_lib.ps1'
[2.968s] INFO:colcon.colcon_core.shell:Creating environment descriptor '/home/bingflame/RoArm-M1/install/astra_camera_msgs/share/astra_camera_msgs/hook/ld_library_path_lib.dsv'
[2.969s] INFO:colcon.colcon_core.shell:Creating environment hook '/home/bingflame/RoArm-M1/install/astra_camera_msgs/share/astra_camera_msgs/hook/ld_library_path_lib.sh'
[2.970s] Level 1:colcon.colcon_core.environment:checking '/home/bingflame/RoArm-M1/install/astra_camera_msgs/bin'
[2.970s] Level 1:colcon.colcon_core.environment:checking '/home/bingflame/RoArm-M1/install/astra_camera_msgs/lib/pkgconfig/astra_camera_msgs.pc'
[2.971s] Level 1:colcon.colcon_core.environment:checking '/home/bingflame/RoArm-M1/install/astra_camera_msgs/lib/python3.10/site-packages'
[2.971s] Level 1:colcon.colcon_core.shell:create_environment_hook('astra_camera_msgs', 'pythonpath')
[2.971s] INFO:colcon.colcon_core.shell:Creating environment hook '/home/bingflame/RoArm-M1/install/astra_camera_msgs/share/astra_camera_msgs/hook/pythonpath.ps1'
[2.972s] INFO:colcon.colcon_core.shell:Creating environment descriptor '/home/bingflame/RoArm-M1/install/astra_camera_msgs/share/astra_camera_msgs/hook/pythonpath.dsv'
[2.973s] INFO:colcon.colcon_core.shell:Creating environment hook '/home/bingflame/RoArm-M1/install/astra_camera_msgs/share/astra_camera_msgs/hook/pythonpath.sh'
[2.974s] Level 1:colcon.colcon_core.environment:checking '/home/bingflame/RoArm-M1/install/astra_camera_msgs/bin'
[2.975s] INFO:colcon.colcon_core.shell:Creating package script '/home/bingflame/RoArm-M1/install/astra_camera_msgs/share/astra_camera_msgs/package.ps1'
[2.976s] INFO:colcon.colcon_core.shell:Creating package descriptor '/home/bingflame/RoArm-M1/install/astra_camera_msgs/share/astra_camera_msgs/package.dsv'
[2.978s] INFO:colcon.colcon_core.shell:Creating package script '/home/bingflame/RoArm-M1/install/astra_camera_msgs/share/astra_camera_msgs/package.sh'
[2.979s] INFO:colcon.colcon_core.shell:Creating package script '/home/bingflame/RoArm-M1/install/astra_camera_msgs/share/astra_camera_msgs/package.bash'
[2.980s] INFO:colcon.colcon_core.shell:Creating package script '/home/bingflame/RoArm-M1/install/astra_camera_msgs/share/astra_camera_msgs/package.zsh'
[2.983s] Level 1:colcon.colcon_core.environment:create_file_with_runtime_dependencies(/home/bingflame/RoArm-M1/install/astra_camera_msgs/share/colcon-core/packages/astra_camera_msgs)
[2.984s] INFO:colcon.colcon_ros.task.ament_cmake.build:Building ROS package in '/home/bingflame/RoArm-M1/src/astra_camera' with build type 'ament_cmake'
[2.984s] INFO:colcon.colcon_cmake.task.cmake.build:Building CMake package in '/home/bingflame/RoArm-M1/src/astra_camera'
[2.985s] INFO:colcon.colcon_core.shell:Skip shell extension 'powershell' for command environment: Not usable outside of PowerShell
[2.985s] DEBUG:colcon.colcon_core.shell:Skip shell extension 'dsv' for command environment
[3.008s] DEBUG:colcon.colcon_core.event_handler.log_command:Invoking command in '/home/bingflame/RoArm-M1/build/astra_camera': AMENT_PREFIX_PATH=/home/bingflame/RoArm-M1/install/astra_camera_msgs:${AMENT_PREFIX_PATH} CMAKE_PREFIX_PATH=/home/bingflame/RoArm-M1/install/astra_camera_msgs:/opt/ros/humble CONDA_PROMPT_MODIFIER=(ros2) LD_LIBRARY_PATH=/home/bingflame/RoArm-M1/install/astra_camera_msgs/lib:/opt/ros/humble/opt/rviz_ogre_vendor/lib:/opt/ros/humble/lib/aarch64-linux-gnu:/opt/ros/humble/lib:/usr/local/cuda-12.6/lib64:/home/bingflame/xiugaihou/JetsonGPIO/build/ PYTHONPATH=/home/bingflame/RoArm-M1/install/astra_camera_msgs/lib/python3.10/site-packages:${PYTHONPATH} /usr/bin/cmake --build /home/bingflame/RoArm-M1/build/astra_camera -- -j6 -l6
[3.050s] Level 1:colcon.colcon_core.environment:checking '/home/bingflame/RoArm-M1/install/serial_ctrl' for CMake module files
[3.052s] DEBUG:colcon.colcon_core.event_handler.log_command:Invoked command in '/home/bingflame/RoArm-M1/src/serial_ctrl' returned '0': CONDA_PROMPT_MODIFIER=(ros2) PYTHONPATH=/home/bingflame/RoArm-M1/build/serial_ctrl/prefix_override:/usr/lib/python3/dist-packages/colcon_core/task/python/colcon_distutils_commands:/home/bingflame/RoArm-M1/install/serial_ctrl/lib/python3.10/site-packages:${PYTHONPATH} /usr/bin/python3 -W ignore:setup.py install is deprecated setup.py egg_info --egg-base ../../build/serial_ctrl build --build-base /home/bingflame/RoArm-M1/build/serial_ctrl/build install --record /home/bingflame/RoArm-M1/build/serial_ctrl/install.log --single-version-externally-managed install_data
[3.053s] Level 1:colcon.colcon_core.environment:checking '/home/bingflame/RoArm-M1/install/serial_ctrl' for CMake config files
[3.054s] Level 1:colcon.colcon_core.environment:checking '/home/bingflame/RoArm-M1/install/serial_ctrl/lib'
[3.054s] Level 1:colcon.colcon_core.environment:checking '/home/bingflame/RoArm-M1/install/serial_ctrl/bin'
[3.055s] Level 1:colcon.colcon_core.environment:checking '/home/bingflame/RoArm-M1/install/serial_ctrl/lib/pkgconfig/serial_ctrl.pc'
[3.055s] Level 1:colcon.colcon_core.environment:checking '/home/bingflame/RoArm-M1/install/serial_ctrl/lib/python3.10/site-packages'
[3.056s] Level 1:colcon.colcon_core.shell:create_environment_hook('serial_ctrl', 'pythonpath')
[3.056s] INFO:colcon.colcon_core.shell:Creating environment hook '/home/bingflame/RoArm-M1/install/serial_ctrl/share/serial_ctrl/hook/pythonpath.ps1'
[3.058s] INFO:colcon.colcon_core.shell:Creating environment descriptor '/home/bingflame/RoArm-M1/install/serial_ctrl/share/serial_ctrl/hook/pythonpath.dsv'
[3.058s] INFO:colcon.colcon_core.shell:Creating environment hook '/home/bingflame/RoArm-M1/install/serial_ctrl/share/serial_ctrl/hook/pythonpath.sh'
[3.060s] Level 1:colcon.colcon_core.environment:checking '/home/bingflame/RoArm-M1/install/serial_ctrl/bin'
[3.060s] Level 1:colcon.colcon_core.environment:create_environment_scripts_only(serial_ctrl)
[3.061s] INFO:colcon.colcon_core.shell:Creating package script '/home/bingflame/RoArm-M1/install/serial_ctrl/share/serial_ctrl/package.ps1'
[3.062s] INFO:colcon.colcon_core.shell:Creating package descriptor '/home/bingflame/RoArm-M1/install/serial_ctrl/share/serial_ctrl/package.dsv'
[3.063s] INFO:colcon.colcon_core.shell:Creating package script '/home/bingflame/RoArm-M1/install/serial_ctrl/share/serial_ctrl/package.sh'
[3.064s] INFO:colcon.colcon_core.shell:Creating package script '/home/bingflame/RoArm-M1/install/serial_ctrl/share/serial_ctrl/package.bash'
[3.065s] INFO:colcon.colcon_core.shell:Creating package script '/home/bingflame/RoArm-M1/install/serial_ctrl/share/serial_ctrl/package.zsh'
[3.066s] Level 1:colcon.colcon_core.environment:create_file_with_runtime_dependencies(/home/bingflame/RoArm-M1/install/serial_ctrl/share/colcon-core/packages/serial_ctrl)
[46.455s] DEBUG:colcon.colcon_core.event_handler.log_command:Invoked command in '/home/bingflame/RoArm-M1/build/astra_camera' returned '0': AMENT_PREFIX_PATH=/home/bingflame/RoArm-M1/install/astra_camera_msgs:${AMENT_PREFIX_PATH} CMAKE_PREFIX_PATH=/home/bingflame/RoArm-M1/install/astra_camera_msgs:/opt/ros/humble CONDA_PROMPT_MODIFIER=(ros2) LD_LIBRARY_PATH=/home/bingflame/RoArm-M1/install/astra_camera_msgs/lib:/opt/ros/humble/opt/rviz_ogre_vendor/lib:/opt/ros/humble/lib/aarch64-linux-gnu:/opt/ros/humble/lib:/usr/local/cuda-12.6/lib64:/home/bingflame/xiugaihou/JetsonGPIO/build/ PYTHONPATH=/home/bingflame/RoArm-M1/install/astra_camera_msgs/lib/python3.10/site-packages:${PYTHONPATH} /usr/bin/cmake --build /home/bingflame/RoArm-M1/build/astra_camera -- -j6 -l6
[46.580s] DEBUG:colcon.colcon_core.event_handler.log_command:Invoking command in '/home/bingflame/RoArm-M1/build/astra_camera': AMENT_PREFIX_PATH=/home/bingflame/RoArm-M1/install/astra_camera_msgs:${AMENT_PREFIX_PATH} CMAKE_PREFIX_PATH=/home/bingflame/RoArm-M1/install/astra_camera_msgs:/opt/ros/humble CONDA_PROMPT_MODIFIER=(ros2) LD_LIBRARY_PATH=/home/bingflame/RoArm-M1/install/astra_camera_msgs/lib:/opt/ros/humble/opt/rviz_ogre_vendor/lib:/opt/ros/humble/lib/aarch64-linux-gnu:/opt/ros/humble/lib:/usr/local/cuda-12.6/lib64:/home/bingflame/xiugaihou/JetsonGPIO/build/ PYTHONPATH=/home/bingflame/RoArm-M1/install/astra_camera_msgs/lib/python3.10/site-packages:${PYTHONPATH} /usr/bin/cmake --install /home/bingflame/RoArm-M1/build/astra_camera
[46.864s] Level 1:colcon.colcon_core.environment:create_environment_scripts_only(astra_camera)
[46.865s] Level 1:colcon.colcon_core.environment:checking '/home/bingflame/RoArm-M1/install/astra_camera' for CMake module files
[46.866s] DEBUG:colcon.colcon_core.event_handler.log_command:Invoked command in '/home/bingflame/RoArm-M1/build/astra_camera' returned '0': AMENT_PREFIX_PATH=/home/bingflame/RoArm-M1/install/astra_camera_msgs:${AMENT_PREFIX_PATH} CMAKE_PREFIX_PATH=/home/bingflame/RoArm-M1/install/astra_camera_msgs:/opt/ros/humble CONDA_PROMPT_MODIFIER=(ros2) LD_LIBRARY_PATH=/home/bingflame/RoArm-M1/install/astra_camera_msgs/lib:/opt/ros/humble/opt/rviz_ogre_vendor/lib:/opt/ros/humble/lib/aarch64-linux-gnu:/opt/ros/humble/lib:/usr/local/cuda-12.6/lib64:/home/bingflame/xiugaihou/JetsonGPIO/build/ PYTHONPATH=/home/bingflame/RoArm-M1/install/astra_camera_msgs/lib/python3.10/site-packages:${PYTHONPATH} /usr/bin/cmake --install /home/bingflame/RoArm-M1/build/astra_camera
[46.868s] Level 1:colcon.colcon_core.environment:checking '/home/bingflame/RoArm-M1/install/astra_camera' for CMake config files
[46.869s] Level 1:colcon.colcon_core.shell:create_environment_hook('astra_camera', 'cmake_prefix_path')
[46.870s] INFO:colcon.colcon_core.shell:Creating environment hook '/home/bingflame/RoArm-M1/install/astra_camera/share/astra_camera/hook/cmake_prefix_path.ps1'
[46.872s] INFO:colcon.colcon_core.shell:Creating environment descriptor '/home/bingflame/RoArm-M1/install/astra_camera/share/astra_camera/hook/cmake_prefix_path.dsv'
[46.873s] INFO:colcon.colcon_core.shell:Creating environment hook '/home/bingflame/RoArm-M1/install/astra_camera/share/astra_camera/hook/cmake_prefix_path.sh'
[46.875s] Level 1:colcon.colcon_core.environment:checking '/home/bingflame/RoArm-M1/install/astra_camera/lib'
[46.875s] Level 1:colcon.colcon_core.shell:create_environment_hook('astra_camera', 'ld_library_path_lib')
[46.876s] INFO:colcon.colcon_core.shell:Creating environment hook '/home/bingflame/RoArm-M1/install/astra_camera/share/astra_camera/hook/ld_library_path_lib.ps1'
[46.878s] INFO:colcon.colcon_core.shell:Creating environment descriptor '/home/bingflame/RoArm-M1/install/astra_camera/share/astra_camera/hook/ld_library_path_lib.dsv'
[46.879s] INFO:colcon.colcon_core.shell:Creating environment hook '/home/bingflame/RoArm-M1/install/astra_camera/share/astra_camera/hook/ld_library_path_lib.sh'
[46.880s] Level 1:colcon.colcon_core.environment:checking '/home/bingflame/RoArm-M1/install/astra_camera/bin'
[46.880s] Level 1:colcon.colcon_core.environment:checking '/home/bingflame/RoArm-M1/install/astra_camera/lib/pkgconfig/astra_camera.pc'
[46.881s] Level 1:colcon.colcon_core.environment:checking '/home/bingflame/RoArm-M1/install/astra_camera/lib/python3.10/site-packages'
[46.882s] Level 1:colcon.colcon_core.environment:checking '/home/bingflame/RoArm-M1/install/astra_camera/bin'
[46.883s] INFO:colcon.colcon_core.shell:Creating package script '/home/bingflame/RoArm-M1/install/astra_camera/share/astra_camera/package.ps1'
[46.885s] INFO:colcon.colcon_core.shell:Creating package descriptor '/home/bingflame/RoArm-M1/install/astra_camera/share/astra_camera/package.dsv'
[46.887s] INFO:colcon.colcon_core.shell:Creating package script '/home/bingflame/RoArm-M1/install/astra_camera/share/astra_camera/package.sh'
[46.889s] INFO:colcon.colcon_core.shell:Creating package script '/home/bingflame/RoArm-M1/install/astra_camera/share/astra_camera/package.bash'
[46.890s] INFO:colcon.colcon_core.shell:Creating package script '/home/bingflame/RoArm-M1/install/astra_camera/share/astra_camera/package.zsh'
[46.891s] Level 1:colcon.colcon_core.environment:create_file_with_runtime_dependencies(/home/bingflame/RoArm-M1/install/astra_camera/share/colcon-core/packages/astra_camera)
[47.012s] Level 1:colcon.colcon_core.environment:create_environment_scripts_only(astra_camera)
[47.013s] Level 1:colcon.colcon_core.environment:checking '/home/bingflame/RoArm-M1/install/astra_camera' for CMake module files
[47.015s] Level 1:colcon.colcon_core.environment:checking '/home/bingflame/RoArm-M1/install/astra_camera' for CMake config files
[47.015s] Level 1:colcon.colcon_core.shell:create_environment_hook('astra_camera', 'cmake_prefix_path')
[47.017s] INFO:colcon.colcon_core.shell:Creating environment hook '/home/bingflame/RoArm-M1/install/astra_camera/share/astra_camera/hook/cmake_prefix_path.ps1'
[47.018s] INFO:colcon.colcon_core.shell:Creating environment descriptor '/home/bingflame/RoArm-M1/install/astra_camera/share/astra_camera/hook/cmake_prefix_path.dsv'
[47.020s] INFO:colcon.colcon_core.shell:Creating environment hook '/home/bingflame/RoArm-M1/install/astra_camera/share/astra_camera/hook/cmake_prefix_path.sh'
[47.022s] Level 1:colcon.colcon_core.environment:checking '/home/bingflame/RoArm-M1/install/astra_camera/lib'
[47.022s] Level 1:colcon.colcon_core.shell:create_environment_hook('astra_camera', 'ld_library_path_lib')
[47.023s] INFO:colcon.colcon_core.shell:Creating environment hook '/home/bingflame/RoArm-M1/install/astra_camera/share/astra_camera/hook/ld_library_path_lib.ps1'
[47.025s] INFO:colcon.colcon_core.shell:Creating environment descriptor '/home/bingflame/RoArm-M1/install/astra_camera/share/astra_camera/hook/ld_library_path_lib.dsv'
[47.026s] INFO:colcon.colcon_core.shell:Creating environment hook '/home/bingflame/RoArm-M1/install/astra_camera/share/astra_camera/hook/ld_library_path_lib.sh'
[47.027s] Level 1:colcon.colcon_core.environment:checking '/home/bingflame/RoArm-M1/install/astra_camera/bin'
[47.028s] Level 1:colcon.colcon_core.environment:checking '/home/bingflame/RoArm-M1/install/astra_camera/lib/pkgconfig/astra_camera.pc'
[47.029s] Level 1:colcon.colcon_core.environment:checking '/home/bingflame/RoArm-M1/install/astra_camera/lib/python3.10/site-packages'
[47.029s] Level 1:colcon.colcon_core.environment:checking '/home/bingflame/RoArm-M1/install/astra_camera/bin'
[47.030s] INFO:colcon.colcon_core.shell:Creating package script '/home/bingflame/RoArm-M1/install/astra_camera/share/astra_camera/package.ps1'
[47.033s] INFO:colcon.colcon_core.shell:Creating package descriptor '/home/bingflame/RoArm-M1/install/astra_camera/share/astra_camera/package.dsv'
[47.034s] INFO:colcon.colcon_core.shell:Creating package script '/home/bingflame/RoArm-M1/install/astra_camera/share/astra_camera/package.sh'
[47.036s] INFO:colcon.colcon_core.shell:Creating package script '/home/bingflame/RoArm-M1/install/astra_camera/share/astra_camera/package.bash'
[47.038s] INFO:colcon.colcon_core.shell:Creating package script '/home/bingflame/RoArm-M1/install/astra_camera/share/astra_camera/package.zsh'
[47.039s] Level 1:colcon.colcon_core.environment:create_file_with_runtime_dependencies(/home/bingflame/RoArm-M1/install/astra_camera/share/colcon-core/packages/astra_camera)
[47.040s] DEBUG:colcon.colcon_parallel_executor.executor.parallel:closing loop
[47.041s] DEBUG:colcon.colcon_parallel_executor.executor.parallel:loop closed
[47.042s] DEBUG:colcon.colcon_parallel_executor.executor.parallel:run_until_complete finished with '0'
[47.042s] DEBUG:colcon.colcon_core.event_reactor:joining thread
[47.061s] INFO:colcon.colcon_core.plugin_system:Skipping extension 'colcon_notification.desktop_notification.terminal_notifier': Not used on non-Darwin systems
[47.061s] INFO:colcon.colcon_core.plugin_system:Skipping extension 'colcon_notification.desktop_notification.win32': Not used on non-Windows systems
[47.062s] INFO:colcon.colcon_notification.desktop_notification:Sending desktop notification using 'notify2'
[47.094s] DEBUG:colcon.colcon_notification.desktop_notification.notify2:Failed to initialize notify2: org.freedesktop.DBus.Error.Spawn.ChildExited: Process org.freedesktop.Notifications exited with status 1
[47.095s] DEBUG:colcon.colcon_core.event_reactor:joined thread
[47.095s] INFO:colcon.colcon_core.shell:Creating prefix script '/home/bingflame/RoArm-M1/install/local_setup.ps1'
[47.099s] INFO:colcon.colcon_core.shell:Creating prefix util module '/home/bingflame/RoArm-M1/install/_local_setup_util_ps1.py'
[47.104s] INFO:colcon.colcon_core.shell:Creating prefix chain script '/home/bingflame/RoArm-M1/install/setup.ps1'
[47.108s] INFO:colcon.colcon_core.shell:Creating prefix script '/home/bingflame/RoArm-M1/install/local_setup.sh'
[47.110s] INFO:colcon.colcon_core.shell:Creating prefix util module '/home/bingflame/RoArm-M1/install/_local_setup_util_sh.py'
[47.112s] INFO:colcon.colcon_core.shell:Creating prefix chain script '/home/bingflame/RoArm-M1/install/setup.sh'
[47.116s] INFO:colcon.colcon_core.shell:Creating prefix script '/home/bingflame/RoArm-M1/install/local_setup.bash'
[47.118s] INFO:colcon.colcon_core.shell:Creating prefix chain script '/home/bingflame/RoArm-M1/install/setup.bash'
[47.121s] INFO:colcon.colcon_core.shell:Creating prefix script '/home/bingflame/RoArm-M1/install/local_setup.zsh'
[47.123s] INFO:colcon.colcon_core.shell:Creating prefix chain script '/home/bingflame/RoArm-M1/install/setup.zsh'
