[0.033s] Invoking command in '/home/bingflame/RoArm-M1/build/astra_camera_msgs': CMAKE_PREFIX_PATH=/opt/ros/humble CONDA_PROMPT_MODIFIER=(ros2) /usr/bin/cmake /home/bingflame/RoArm-M1/src/astra_camera_msgs -DCMAKE_INSTALL_PREFIX=/home/bingflame/RoArm-M1/install/astra_camera_msgs
[0.058s] -- Found ament_cmake: 1.3.10 (/opt/ros/humble/share/ament_cmake/cmake)
[0.361s] -- Found rosidl_default_generators: 1.2.0 (/opt/ros/humble/share/rosidl_default_generators/cmake)
[0.365s] -- Using all available rosidl_typesupport_c: rosidl_typesupport_fastrtps_c;rosidl_typesupport_introspection_c
[0.373s] -- Found rosidl_adapter: 3.1.5 (/opt/ros/humble/share/rosidl_adapter/cmake)
[0.447s] -- Using all available rosidl_typesupport_cpp: rosidl_typesupport_fastrtps_cpp;rosidl_typesupport_introspection_cpp
[0.495s] -- Found sensor_msgs: 4.2.4 (/opt/ros/humble/share/sensor_msgs/cmake)
[1.120s] Traceback (most recent call last):
[1.120s]   File "/opt/ros/humble/share/ament_cmake_core/cmake/core/package_xml_2_cmake.py", line 22, in <module>
[1.120s]     from catkin_pkg.package import parse_package_string
[1.121s] ModuleNotFoundError: No module named 'catkin_pkg'
[1.128s] [31mCMake Error at /opt/ros/humble/share/ament_cmake_core/cmake/core/ament_package_xml.cmake:95 (message):
[1.129s]   execute_process(/home/bingflame/anaconda3/envs/ros2/bin/python3
[1.129s]   /opt/ros/humble/share/ament_cmake_core/cmake/core/package_xml_2_cmake.py
[1.129s]   /home/bingflame/RoArm-M1/src/astra_camera_msgs/package.xml
[1.129s]   /home/bingflame/RoArm-M1/build/astra_camera_msgs/ament_cmake_core/package.cmake)
[1.129s]   returned error code 1
[1.129s] Call Stack (most recent call first):
[1.130s]   /opt/ros/humble/share/ament_cmake_core/cmake/core/ament_package_xml.cmake:49 (_ament_package_xml)
[1.130s]   /opt/ros/humble/share/rosidl_cmake/cmake/rosidl_generate_interfaces.cmake:226 (ament_package_xml)
[1.130s]   CMakeLists.txt:17 (rosidl_generate_interfaces)
[1.130s] 
[1.130s] [0m
[1.130s] -- Configuring incomplete, errors occurred!
[1.130s] See also "/home/bingflame/RoArm-M1/build/astra_camera_msgs/CMakeFiles/CMakeOutput.log".
[1.146s] Invoked command in '/home/bingflame/RoArm-M1/build/astra_camera_msgs' returned '1': CMAKE_PREFIX_PATH=/opt/ros/humble CONDA_PROMPT_MODIFIER=(ros2) /usr/bin/cmake /home/bingflame/RoArm-M1/src/astra_camera_msgs -DCMAKE_INSTALL_PREFIX=/home/bingflame/RoArm-M1/install/astra_camera_msgs
