-- Install configuration: ""
-- Up-to-date: /home/bingflame/firerush/install/roarm/share/roarm/config
-- Up-to-date: /home/bingflame/firerush/install/roarm/share/roarm/config/.gitkeep
-- Up-to-date: /home/bingflame/firerush/install/roarm/share/roarm/launch
-- Up-to-date: /home/bingflame/firerush/install/roarm/share/roarm/launch/roarm.launch.py
-- Up-to-date: /home/bingflame/firerush/install/roarm/share/roarm/maps
-- Up-to-date: /home/bingflame/firerush/install/roarm/share/roarm/maps/.gitkeep
-- Up-to-date: /home/bingflame/firerush/install/roarm/share/roarm/meshes
-- Up-to-date: /home/bingflame/firerush/install/roarm/share/roarm/meshes/base.stl
-- Up-to-date: /home/bingflame/firerush/install/roarm/share/roarm/meshes/L4.stl
-- Up-to-date: /home/bingflame/firerush/install/roarm/share/roarm/meshes/L5_2_A.stl
-- Up-to-date: /home/bingflame/firerush/install/roarm/share/roarm/meshes/L5_1_B.stl
-- Up-to-date: /home/bingflame/firerush/install/roarm/share/roarm/meshes/L5_3_B.stl
-- Up-to-date: /home/bingflame/firerush/install/roarm/share/roarm/meshes/L2.stl
-- Up-to-date: /home/bingflame/firerush/install/roarm/share/roarm/meshes/L3.stl
-- Up-to-date: /home/bingflame/firerush/install/roarm/share/roarm/meshes/L1.stl
-- Up-to-date: /home/bingflame/firerush/install/roarm/share/roarm/meshes/L5_3_A.stl
-- Up-to-date: /home/bingflame/firerush/install/roarm/share/roarm/meshes/L5_2_B.stl
-- Up-to-date: /home/bingflame/firerush/install/roarm/share/roarm/meshes/L5_1_A.stl
-- Up-to-date: /home/bingflame/firerush/install/roarm/share/roarm/models
-- Up-to-date: /home/bingflame/firerush/install/roarm/share/roarm/models/.gitkeep
-- Up-to-date: /home/bingflame/firerush/install/roarm/share/roarm/params
-- Up-to-date: /home/bingflame/firerush/install/roarm/share/roarm/params/.gitkeep
-- Up-to-date: /home/bingflame/firerush/install/roarm/share/roarm/rviz
-- Up-to-date: /home/bingflame/firerush/install/roarm/share/roarm/rviz/rviz_basic_settings.rviz
-- Up-to-date: /home/bingflame/firerush/install/roarm/share/roarm/src
-- Up-to-date: /home/bingflame/firerush/install/roarm/share/roarm/src/.gitkeep
-- Up-to-date: /home/bingflame/firerush/install/roarm/share/roarm/urdf
-- Up-to-date: /home/bingflame/firerush/install/roarm/share/roarm/urdf/roarm.urdf
-- Up-to-date: /home/bingflame/firerush/install/roarm/share/roarm/worlds
-- Up-to-date: /home/bingflame/firerush/install/roarm/share/roarm/worlds/.gitkeep
-- Up-to-date: /home/bingflame/firerush/install/roarm/share/ament_index/resource_index/package_run_dependencies/roarm
-- Up-to-date: /home/bingflame/firerush/install/roarm/share/ament_index/resource_index/parent_prefix_path/roarm
-- Up-to-date: /home/bingflame/firerush/install/roarm/share/roarm/environment/ament_prefix_path.sh
-- Up-to-date: /home/bingflame/firerush/install/roarm/share/roarm/environment/ament_prefix_path.dsv
-- Up-to-date: /home/bingflame/firerush/install/roarm/share/roarm/environment/path.sh
-- Up-to-date: /home/bingflame/firerush/install/roarm/share/roarm/environment/path.dsv
-- Up-to-date: /home/bingflame/firerush/install/roarm/share/roarm/local_setup.bash
-- Up-to-date: /home/bingflame/firerush/install/roarm/share/roarm/local_setup.sh
-- Up-to-date: /home/bingflame/firerush/install/roarm/share/roarm/local_setup.zsh
-- Up-to-date: /home/bingflame/firerush/install/roarm/share/roarm/local_setup.dsv
-- Up-to-date: /home/bingflame/firerush/install/roarm/share/roarm/package.dsv
-- Up-to-date: /home/bingflame/firerush/install/roarm/share/ament_index/resource_index/packages/roarm
-- Up-to-date: /home/bingflame/firerush/install/roarm/share/roarm/cmake/roarmConfig.cmake
-- Up-to-date: /home/bingflame/firerush/install/roarm/share/roarm/cmake/roarmConfig-version.cmake
-- Up-to-date: /home/bingflame/firerush/install/roarm/share/roarm/package.xml
