[0.536s] Invoking command in '/home/bingflame/firerush/build/roarm': CMAKE_PREFIX_PATH=/opt/ros/humble /usr/bin/cmake --build /home/bingflame/firerush/build/roarm -- -j6 -l6
[1.071s] Invoked command in '/home/bingflame/firerush/build/roarm' returned '0': CMAKE_PREFIX_PATH=/opt/ros/humble /usr/bin/cmake --build /home/bingflame/firerush/build/roarm -- -j6 -l6
[1.134s] Invoking command in '/home/bingflame/firerush/build/roarm': CMAKE_PREFIX_PATH=/opt/ros/humble /usr/bin/cmake --install /home/bingflame/firerush/build/roarm
[1.162s] -- Install configuration: ""
[1.162s] -- Up-to-date: /home/bingflame/firerush/install/roarm/share/roarm/config
[1.162s] -- Up-to-date: /home/bingflame/firerush/install/roarm/share/roarm/config/.gitkeep
[1.162s] -- Up-to-date: /home/bingflame/firerush/install/roarm/share/roarm/launch
[1.163s] -- Up-to-date: /home/bingflame/firerush/install/roarm/share/roarm/launch/roarm.launch.py
[1.163s] -- Up-to-date: /home/bingflame/firerush/install/roarm/share/roarm/maps
[1.163s] -- Up-to-date: /home/bingflame/firerush/install/roarm/share/roarm/maps/.gitkeep
[1.163s] -- Up-to-date: /home/bingflame/firerush/install/roarm/share/roarm/meshes
[1.163s] -- Up-to-date: /home/bingflame/firerush/install/roarm/share/roarm/meshes/base.stl
[1.163s] -- Up-to-date: /home/bingflame/firerush/install/roarm/share/roarm/meshes/L4.stl
[1.163s] -- Up-to-date: /home/bingflame/firerush/install/roarm/share/roarm/meshes/L5_2_A.stl
[1.163s] -- Up-to-date: /home/bingflame/firerush/install/roarm/share/roarm/meshes/L5_1_B.stl
[1.164s] -- Up-to-date: /home/bingflame/firerush/install/roarm/share/roarm/meshes/L5_3_B.stl
[1.164s] -- Up-to-date: /home/bingflame/firerush/install/roarm/share/roarm/meshes/L2.stl
[1.164s] -- Up-to-date: /home/bingflame/firerush/install/roarm/share/roarm/meshes/L3.stl
[1.164s] -- Up-to-date: /home/bingflame/firerush/install/roarm/share/roarm/meshes/L1.stl
[1.164s] -- Up-to-date: /home/bingflame/firerush/install/roarm/share/roarm/meshes/L5_3_A.stl
[1.164s] -- Up-to-date: /home/bingflame/firerush/install/roarm/share/roarm/meshes/L5_2_B.stl
[1.164s] -- Up-to-date: /home/bingflame/firerush/install/roarm/share/roarm/meshes/L5_1_A.stl
[1.164s] -- Up-to-date: /home/bingflame/firerush/install/roarm/share/roarm/models
[1.165s] -- Up-to-date: /home/bingflame/firerush/install/roarm/share/roarm/models/.gitkeep
[1.165s] -- Up-to-date: /home/bingflame/firerush/install/roarm/share/roarm/params
[1.165s] -- Up-to-date: /home/bingflame/firerush/install/roarm/share/roarm/params/.gitkeep
[1.165s] -- Up-to-date: /home/bingflame/firerush/install/roarm/share/roarm/rviz
[1.165s] -- Up-to-date: /home/bingflame/firerush/install/roarm/share/roarm/rviz/rviz_basic_settings.rviz
[1.165s] -- Up-to-date: /home/bingflame/firerush/install/roarm/share/roarm/src
[1.165s] -- Up-to-date: /home/bingflame/firerush/install/roarm/share/roarm/src/.gitkeep
[1.166s] -- Up-to-date: /home/bingflame/firerush/install/roarm/share/roarm/urdf
[1.166s] -- Up-to-date: /home/bingflame/firerush/install/roarm/share/roarm/urdf/roarm.urdf
[1.166s] -- Up-to-date: /home/bingflame/firerush/install/roarm/share/roarm/worlds
[1.166s] -- Up-to-date: /home/bingflame/firerush/install/roarm/share/roarm/worlds/.gitkeep
[1.166s] -- Up-to-date: /home/bingflame/firerush/install/roarm/share/ament_index/resource_index/package_run_dependencies/roarm
[1.166s] -- Up-to-date: /home/bingflame/firerush/install/roarm/share/ament_index/resource_index/parent_prefix_path/roarm
[1.166s] -- Up-to-date: /home/bingflame/firerush/install/roarm/share/roarm/environment/ament_prefix_path.sh
[1.167s] -- Up-to-date: /home/bingflame/firerush/install/roarm/share/roarm/environment/ament_prefix_path.dsv
[1.167s] -- Up-to-date: /home/bingflame/firerush/install/roarm/share/roarm/environment/path.sh
[1.167s] -- Up-to-date: /home/bingflame/firerush/install/roarm/share/roarm/environment/path.dsv
[1.167s] -- Up-to-date: /home/bingflame/firerush/install/roarm/share/roarm/local_setup.bash
[1.167s] -- Up-to-date: /home/bingflame/firerush/install/roarm/share/roarm/local_setup.sh
[1.167s] -- Up-to-date: /home/bingflame/firerush/install/roarm/share/roarm/local_setup.zsh
[1.179s] -- Up-to-date: /home/bingflame/firerush/install/roarm/share/roarm/local_setup.dsv
[1.179s] -- Up-to-date: /home/bingflame/firerush/install/roarm/share/roarm/package.dsv
[1.180s] -- Up-to-date: /home/bingflame/firerush/install/roarm/share/ament_index/resource_index/packages/roarm
[1.180s] -- Up-to-date: /home/bingflame/firerush/install/roarm/share/roarm/cmake/roarmConfig.cmake
[1.180s] -- Up-to-date: /home/bingflame/firerush/install/roarm/share/roarm/cmake/roarmConfig-version.cmake
[1.180s] -- Up-to-date: /home/bingflame/firerush/install/roarm/share/roarm/package.xml
[1.181s] Invoked command in '/home/bingflame/firerush/build/roarm' returned '0': CMAKE_PREFIX_PATH=/opt/ros/humble /usr/bin/cmake --install /home/bingflame/firerush/build/roarm
