[0.025s] Invoking command in '/home/bingflame/RoArm-M1/build/astra_camera': CMAKE_PREFIX_PATH=/home/bingflame/RoArm-M1/install/astra_camera_msgs:/home/bingflame/RoArm-M1/install/roarm:/home/bingflame/RoArm-M1/install/astra_camera:/home/bingflame/RoArm-M1/install/serial_reader:/home/bingflame/RoArm-M1/install/serial_ctrl:/opt/ros/humble CONDA_PROMPT_MODIFIER=(base) LD_LIBRARY_PATH=/home/bingflame/RoArm-M1/install/astra_camera_msgs/lib:/home/bingflame/RoArm-M1/install/astra_camera/lib:/opt/ros/humble/opt/rviz_ogre_vendor/lib:/opt/ros/humble/lib/aarch64-linux-gnu:/opt/ros/humble/lib:/usr/local/cuda-12.6/lib64:/home/bingflame/xiugaihou/JetsonGPIO/build/ PYTHONPATH=/home/bingflame/RoArm-M1/install/astra_camera_msgs/lib/python3.10/site-packages:/home/bingflame/RoArm-M1/install/serial_reader/lib/python3.10/site-packages:/home/bingflame/RoArm-M1/install/serial_ctrl/lib/python3.10/site-packages:/opt/ros/humble/lib/python3.10/site-packages:/opt/ros/humble/local/lib/python3.10/dist-packages /usr/bin/cmake --build /home/bingflame/RoArm-M1/build/astra_camera -- -j6 -l6
[0.179s] [35m[1mConsolidate compiler generated dependencies of target point_cloud_subscriber[0m
[0.256s] [  5%] [32mBuilding CXX object CMakeFiles/point_cloud_subscriber.dir/src/point_cloud_subscriber.cpp.o[0m
[0.263s] [ 83%] Built target astra_camera
[0.333s] [ 94%] Built target list_devices_node
[33.889s] [100%] [32m[1mLinking CXX executable point_cloud_subscriber[0m
[35.688s] [100%] Built target point_cloud_subscriber
[35.714s] Invoked command in '/home/bingflame/RoArm-M1/build/astra_camera' returned '0': CMAKE_PREFIX_PATH=/home/bingflame/RoArm-M1/install/astra_camera_msgs:/home/bingflame/RoArm-M1/install/roarm:/home/bingflame/RoArm-M1/install/astra_camera:/home/bingflame/RoArm-M1/install/serial_reader:/home/bingflame/RoArm-M1/install/serial_ctrl:/opt/ros/humble CONDA_PROMPT_MODIFIER=(base) LD_LIBRARY_PATH=/home/bingflame/RoArm-M1/install/astra_camera_msgs/lib:/home/bingflame/RoArm-M1/install/astra_camera/lib:/opt/ros/humble/opt/rviz_ogre_vendor/lib:/opt/ros/humble/lib/aarch64-linux-gnu:/opt/ros/humble/lib:/usr/local/cuda-12.6/lib64:/home/bingflame/xiugaihou/JetsonGPIO/build/ PYTHONPATH=/home/bingflame/RoArm-M1/install/astra_camera_msgs/lib/python3.10/site-packages:/home/bingflame/RoArm-M1/install/serial_reader/lib/python3.10/site-packages:/home/bingflame/RoArm-M1/install/serial_ctrl/lib/python3.10/site-packages:/opt/ros/humble/lib/python3.10/site-packages:/opt/ros/humble/local/lib/python3.10/dist-packages /usr/bin/cmake --build /home/bingflame/RoArm-M1/build/astra_camera -- -j6 -l6
[35.836s] Invoking command in '/home/bingflame/RoArm-M1/build/astra_camera': CMAKE_PREFIX_PATH=/home/bingflame/RoArm-M1/install/astra_camera_msgs:/home/bingflame/RoArm-M1/install/roarm:/home/bingflame/RoArm-M1/install/astra_camera:/home/bingflame/RoArm-M1/install/serial_reader:/home/bingflame/RoArm-M1/install/serial_ctrl:/opt/ros/humble CONDA_PROMPT_MODIFIER=(base) LD_LIBRARY_PATH=/home/bingflame/RoArm-M1/install/astra_camera_msgs/lib:/home/bingflame/RoArm-M1/install/astra_camera/lib:/opt/ros/humble/opt/rviz_ogre_vendor/lib:/opt/ros/humble/lib/aarch64-linux-gnu:/opt/ros/humble/lib:/usr/local/cuda-12.6/lib64:/home/bingflame/xiugaihou/JetsonGPIO/build/ PYTHONPATH=/home/bingflame/RoArm-M1/install/astra_camera_msgs/lib/python3.10/site-packages:/home/bingflame/RoArm-M1/install/serial_reader/lib/python3.10/site-packages:/home/bingflame/RoArm-M1/install/serial_ctrl/lib/python3.10/site-packages:/opt/ros/humble/lib/python3.10/site-packages:/opt/ros/humble/local/lib/python3.10/dist-packages /usr/bin/cmake --install /home/bingflame/RoArm-M1/build/astra_camera
[35.856s] -- Install configuration: "Debug"
[35.856s] -- Up-to-date: /home/bingflame/RoArm-M1/install/astra_camera/lib/libastra_camera.so
[35.857s] -- Up-to-date: /home/bingflame/RoArm-M1/install/astra_camera/lib/libOpenNI2.so
[35.857s] -- Up-to-date: /home/bingflame/RoArm-M1/install/astra_camera/lib//OpenNI2
[35.857s] -- Up-to-date: /home/bingflame/RoArm-M1/install/astra_camera/lib//OpenNI2/Drivers
[35.857s] -- Up-to-date: /home/bingflame/RoArm-M1/install/astra_camera/lib//OpenNI2/Drivers/liborbbec.so
[35.858s] -- Up-to-date: /home/bingflame/RoArm-M1/install/astra_camera/lib//OpenNI2/Drivers/libOniFile.so
[35.858s] -- Up-to-date: /home/bingflame/RoArm-M1/install/astra_camera/lib//OpenNI2/Drivers/OniFile.ini
[35.858s] -- Up-to-date: /home/bingflame/RoArm-M1/install/astra_camera/lib//OpenNI2/Drivers/orbbec.ini
[35.858s] -- Up-to-date: /home/bingflame/RoArm-M1/install/astra_camera/lib/astra_camera/list_devices_node
[35.859s] -- Up-to-date: /home/bingflame/RoArm-M1/install/astra_camera/include
[35.859s] -- Up-to-date: /home/bingflame/RoArm-M1/install/astra_camera/include/magic_enum.hpp
[35.859s] -- Up-to-date: /home/bingflame/RoArm-M1/install/astra_camera/include/openni2
[35.859s] -- Up-to-date: /home/bingflame/RoArm-M1/install/astra_camera/include/openni2/OniCEnums.h
[35.859s] -- Up-to-date: /home/bingflame/RoArm-M1/install/astra_camera/include/openni2/OniCTypes.h
[35.860s] -- Up-to-date: /home/bingflame/RoArm-M1/install/astra_camera/include/openni2/util.h
[35.861s] -- Up-to-date: /home/bingflame/RoArm-M1/install/astra_camera/include/openni2/openni2_redist
[35.861s] -- Up-to-date: /home/bingflame/RoArm-M1/install/astra_camera/include/openni2/openni2_redist/arm
[35.862s] -- Up-to-date: /home/bingflame/RoArm-M1/install/astra_camera/include/openni2/openni2_redist/arm/libDepthUtils.a
[35.862s] -- Up-to-date: /home/bingflame/RoArm-M1/install/astra_camera/include/openni2/openni2_redist/arm/OpenNI2
[35.862s] -- Up-to-date: /home/bingflame/RoArm-M1/install/astra_camera/include/openni2/openni2_redist/arm/OpenNI2/Drivers
[35.862s] -- Up-to-date: /home/bingflame/RoArm-M1/install/astra_camera/include/openni2/openni2_redist/arm/OpenNI2/Drivers/liborbbec.so
[35.863s] -- Up-to-date: /home/bingflame/RoArm-M1/install/astra_camera/include/openni2/openni2_redist/arm/OpenNI2/Drivers/libOniFile.so
[35.863s] -- Up-to-date: /home/bingflame/RoArm-M1/install/astra_camera/include/openni2/openni2_redist/arm/OpenNI2/Drivers/OniFile.ini
[35.863s] -- Up-to-date: /home/bingflame/RoArm-M1/install/astra_camera/include/openni2/openni2_redist/arm/OpenNI2/Drivers/orbbec.ini
[35.863s] -- Up-to-date: /home/bingflame/RoArm-M1/install/astra_camera/include/openni2/openni2_redist/arm/SimpleRead
[35.864s] -- Up-to-date: /home/bingflame/RoArm-M1/install/astra_camera/include/openni2/openni2_redist/arm/OpenNI.ini
[35.864s] -- Up-to-date: /home/bingflame/RoArm-M1/install/astra_camera/include/openni2/openni2_redist/arm/PS1080Console
[35.864s] -- Up-to-date: /home/bingflame/RoArm-M1/install/astra_camera/include/openni2/openni2_redist/arm/NiViewer
[35.865s] -- Up-to-date: /home/bingflame/RoArm-M1/install/astra_camera/include/openni2/openni2_redist/arm/libOpenNI2.so
[35.865s] -- Up-to-date: /home/bingflame/RoArm-M1/install/astra_camera/include/openni2/openni2_redist/x64
[35.865s] -- Up-to-date: /home/bingflame/RoArm-M1/install/astra_camera/include/openni2/openni2_redist/x64/OpenNI2
[35.865s] -- Up-to-date: /home/bingflame/RoArm-M1/install/astra_camera/include/openni2/openni2_redist/x64/OpenNI2/Drivers
[35.865s] -- Up-to-date: /home/bingflame/RoArm-M1/install/astra_camera/include/openni2/openni2_redist/x64/OpenNI2/Drivers/liborbbec.so
[35.865s] -- Up-to-date: /home/bingflame/RoArm-M1/install/astra_camera/include/openni2/openni2_redist/x64/OpenNI2/Drivers/libOniFile.so
[35.866s] -- Up-to-date: /home/bingflame/RoArm-M1/install/astra_camera/include/openni2/openni2_redist/x64/OpenNI2/Drivers/OniFile.ini
[35.866s] -- Up-to-date: /home/bingflame/RoArm-M1/install/astra_camera/include/openni2/openni2_redist/x64/OpenNI2/Drivers/orbbec.ini
[35.866s] -- Up-to-date: /home/bingflame/RoArm-M1/install/astra_camera/include/openni2/openni2_redist/x64/OpenNI.ini
[35.866s] -- Up-to-date: /home/bingflame/RoArm-M1/install/astra_camera/include/openni2/openni2_redist/x64/libOpenNI2.so
[35.867s] -- Up-to-date: /home/bingflame/RoArm-M1/install/astra_camera/include/openni2/openni2_redist/arm64
[35.867s] -- Up-to-date: /home/bingflame/RoArm-M1/install/astra_camera/include/openni2/openni2_redist/arm64/libDepthUtils.a
[35.867s] -- Up-to-date: /home/bingflame/RoArm-M1/install/astra_camera/include/openni2/openni2_redist/arm64/OpenNI2
[35.868s] -- Up-to-date: /home/bingflame/RoArm-M1/install/astra_camera/include/openni2/openni2_redist/arm64/OpenNI2/Drivers
[35.873s] -- Up-to-date: /home/bingflame/RoArm-M1/install/astra_camera/include/openni2/openni2_redist/arm64/OpenNI2/Drivers/liborbbec.so
[35.879s] -- Up-to-date: /home/bingflame/RoArm-M1/install/astra_camera/include/openni2/openni2_redist/arm64/OpenNI2/Drivers/libOniFile.so
[35.879s] -- Up-to-date: /home/bingflame/RoArm-M1/install/astra_camera/include/openni2/openni2_redist/arm64/OpenNI2/Drivers/OniFile.ini
[35.879s] -- Up-to-date: /home/bingflame/RoArm-M1/install/astra_camera/include/openni2/openni2_redist/arm64/OpenNI2/Drivers/orbbec.ini
[35.879s] -- Up-to-date: /home/bingflame/RoArm-M1/install/astra_camera/include/openni2/openni2_redist/arm64/SimpleRead
[35.879s] -- Up-to-date: /home/bingflame/RoArm-M1/install/astra_camera/include/openni2/openni2_redist/arm64/OpenNI.ini
[35.880s] -- Up-to-date: /home/bingflame/RoArm-M1/install/astra_camera/include/openni2/openni2_redist/arm64/PS1080Console
[35.880s] -- Up-to-date: /home/bingflame/RoArm-M1/install/astra_camera/include/openni2/openni2_redist/arm64/NiViewer
[35.880s] -- Up-to-date: /home/bingflame/RoArm-M1/install/astra_camera/include/openni2/openni2_redist/arm64/libOpenNI2.so
[35.880s] -- Up-to-date: /home/bingflame/RoArm-M1/install/astra_camera/include/openni2/KinectProperties.h
[35.880s] -- Up-to-date: /home/bingflame/RoArm-M1/install/astra_camera/include/openni2/OniVersion.h
[35.880s] -- Up-to-date: /home/bingflame/RoArm-M1/install/astra_camera/include/openni2/PSLink.h
[35.881s] -- Up-to-date: /home/bingflame/RoArm-M1/install/astra_camera/include/openni2/OniPlatform.h
[35.881s] -- Up-to-date: /home/bingflame/RoArm-M1/install/astra_camera/include/openni2/MacOSX
[35.881s] -- Up-to-date: /home/bingflame/RoArm-M1/install/astra_camera/include/openni2/MacOSX/OniPlatformMacOSX.h
[35.881s] -- Up-to-date: /home/bingflame/RoArm-M1/install/astra_camera/include/openni2/SonixCamera.h
[35.881s] -- Up-to-date: /home/bingflame/RoArm-M1/install/astra_camera/include/openni2/OniEnums.h
[35.881s] -- Up-to-date: /home/bingflame/RoArm-M1/install/astra_camera/include/openni2/OniCProperties.h
[35.882s] -- Up-to-date: /home/bingflame/RoArm-M1/install/astra_camera/include/openni2/OniProperties.h
[35.882s] -- Up-to-date: /home/bingflame/RoArm-M1/install/astra_camera/include/openni2/OniTest.h
[35.882s] -- Up-to-date: /home/bingflame/RoArm-M1/install/astra_camera/include/openni2/Linux-x86
[35.882s] -- Up-to-date: /home/bingflame/RoArm-M1/install/astra_camera/include/openni2/Linux-x86/OniPlatformLinux-x86.h
[35.882s] -- Up-to-date: /home/bingflame/RoArm-M1/install/astra_camera/include/openni2/OpenNI.h
[35.882s] -- Up-to-date: /home/bingflame/RoArm-M1/install/astra_camera/include/openni2/PrimeSense.h
[35.883s] -- Up-to-date: /home/bingflame/RoArm-M1/install/astra_camera/include/openni2/PS1080.h
[35.883s] -- Up-to-date: /home/bingflame/RoArm-M1/install/astra_camera/include/openni2/Driver
[35.883s] -- Up-to-date: /home/bingflame/RoArm-M1/install/astra_camera/include/openni2/Driver/OniDriverAPI.h
[35.883s] -- Up-to-date: /home/bingflame/RoArm-M1/install/astra_camera/include/openni2/Driver/OniDriverTypes.h
[35.883s] -- Up-to-date: /home/bingflame/RoArm-M1/install/astra_camera/include/openni2/Win32
[35.883s] -- Up-to-date: /home/bingflame/RoArm-M1/install/astra_camera/include/openni2/Win32/OniPlatformWin32.h
[35.883s] -- Up-to-date: /home/bingflame/RoArm-M1/install/astra_camera/include/openni2/Linux-Arm
[35.884s] -- Up-to-date: /home/bingflame/RoArm-M1/install/astra_camera/include/openni2/Linux-Arm/OniPlatformLinux-Arm.h
[35.884s] -- Up-to-date: /home/bingflame/RoArm-M1/install/astra_camera/include/openni2/OniCAPI.h
[35.884s] -- Up-to-date: /home/bingflame/RoArm-M1/install/astra_camera/include/openni2/Android-Arm
[35.884s] -- Up-to-date: /home/bingflame/RoArm-M1/install/astra_camera/include/openni2/Android-Arm/OniPlatformAndroid-Arm.h
[35.884s] -- Up-to-date: /home/bingflame/RoArm-M1/install/astra_camera/include/nlohmann
[35.884s] -- Up-to-date: /home/bingflame/RoArm-M1/install/astra_camera/include/nlohmann/json.hpp
[35.885s] -- Up-to-date: /home/bingflame/RoArm-M1/install/astra_camera/include/nlohmann/json_fwd.hpp
[35.885s] -- Up-to-date: /home/bingflame/RoArm-M1/install/astra_camera/include/nlohmann/thirdparty
[35.885s] -- Up-to-date: /home/bingflame/RoArm-M1/install/astra_camera/include/nlohmann/thirdparty/hedley
[35.885s] -- Up-to-date: /home/bingflame/RoArm-M1/install/astra_camera/include/nlohmann/thirdparty/hedley/hedley_undef.hpp
[35.885s] -- Up-to-date: /home/bingflame/RoArm-M1/install/astra_camera/include/nlohmann/thirdparty/hedley/hedley.hpp
[35.885s] -- Up-to-date: /home/bingflame/RoArm-M1/install/astra_camera/include/nlohmann/detail
[35.885s] -- Up-to-date: /home/bingflame/RoArm-M1/install/astra_camera/include/nlohmann/detail/abi_macros.hpp
[35.886s] -- Up-to-date: /home/bingflame/RoArm-M1/install/astra_camera/include/nlohmann/detail/conversions
[35.886s] -- Up-to-date: /home/bingflame/RoArm-M1/install/astra_camera/include/nlohmann/detail/conversions/from_json.hpp
[35.886s] -- Up-to-date: /home/bingflame/RoArm-M1/install/astra_camera/include/nlohmann/detail/conversions/to_json.hpp
[35.886s] -- Up-to-date: /home/bingflame/RoArm-M1/install/astra_camera/include/nlohmann/detail/conversions/to_chars.hpp
[35.886s] -- Up-to-date: /home/bingflame/RoArm-M1/install/astra_camera/include/nlohmann/detail/meta
[35.886s] -- Up-to-date: /home/bingflame/RoArm-M1/install/astra_camera/include/nlohmann/detail/meta/identity_tag.hpp
[35.887s] -- Up-to-date: /home/bingflame/RoArm-M1/install/astra_camera/include/nlohmann/detail/meta/type_traits.hpp
[35.887s] -- Up-to-date: /home/bingflame/RoArm-M1/install/astra_camera/include/nlohmann/detail/meta/detected.hpp
[35.887s] -- Up-to-date: /home/bingflame/RoArm-M1/install/astra_camera/include/nlohmann/detail/meta/std_fs.hpp
[35.887s] -- Up-to-date: /home/bingflame/RoArm-M1/install/astra_camera/include/nlohmann/detail/meta/cpp_future.hpp
[35.887s] -- Up-to-date: /home/bingflame/RoArm-M1/install/astra_camera/include/nlohmann/detail/meta/void_t.hpp
[35.887s] -- Up-to-date: /home/bingflame/RoArm-M1/install/astra_camera/include/nlohmann/detail/meta/is_sax.hpp
[35.888s] -- Up-to-date: /home/bingflame/RoArm-M1/install/astra_camera/include/nlohmann/detail/meta/call_std
[35.888s] -- Up-to-date: /home/bingflame/RoArm-M1/install/astra_camera/include/nlohmann/detail/meta/call_std/end.hpp
[35.888s] -- Up-to-date: /home/bingflame/RoArm-M1/install/astra_camera/include/nlohmann/detail/meta/call_std/begin.hpp
[35.888s] -- Up-to-date: /home/bingflame/RoArm-M1/install/astra_camera/include/nlohmann/detail/iterators
[35.888s] -- Up-to-date: /home/bingflame/RoArm-M1/install/astra_camera/include/nlohmann/detail/iterators/iterator_traits.hpp
[35.888s] -- Up-to-date: /home/bingflame/RoArm-M1/install/astra_camera/include/nlohmann/detail/iterators/json_reverse_iterator.hpp
[35.889s] -- Up-to-date: /home/bingflame/RoArm-M1/install/astra_camera/include/nlohmann/detail/iterators/internal_iterator.hpp
[35.889s] -- Up-to-date: /home/bingflame/RoArm-M1/install/astra_camera/include/nlohmann/detail/iterators/primitive_iterator.hpp
[35.889s] -- Up-to-date: /home/bingflame/RoArm-M1/install/astra_camera/include/nlohmann/detail/iterators/iteration_proxy.hpp
[35.889s] -- Up-to-date: /home/bingflame/RoArm-M1/install/astra_camera/include/nlohmann/detail/iterators/iter_impl.hpp
[35.889s] -- Up-to-date: /home/bingflame/RoArm-M1/install/astra_camera/include/nlohmann/detail/macro_unscope.hpp
[35.889s] -- Up-to-date: /home/bingflame/RoArm-M1/install/astra_camera/include/nlohmann/detail/macro_scope.hpp
[35.889s] -- Up-to-date: /home/bingflame/RoArm-M1/install/astra_camera/include/nlohmann/detail/output
[35.890s] -- Up-to-date: /home/bingflame/RoArm-M1/install/astra_camera/include/nlohmann/detail/output/binary_writer.hpp
[35.890s] -- Up-to-date: /home/bingflame/RoArm-M1/install/astra_camera/include/nlohmann/detail/output/serializer.hpp
[35.890s] -- Up-to-date: /home/bingflame/RoArm-M1/install/astra_camera/include/nlohmann/detail/output/output_adapters.hpp
[35.890s] -- Up-to-date: /home/bingflame/RoArm-M1/install/astra_camera/include/nlohmann/detail/input
[35.890s] -- Up-to-date: /home/bingflame/RoArm-M1/install/astra_camera/include/nlohmann/detail/input/binary_reader.hpp
[35.890s] -- Up-to-date: /home/bingflame/RoArm-M1/install/astra_camera/include/nlohmann/detail/input/input_adapters.hpp
[35.891s] -- Up-to-date: /home/bingflame/RoArm-M1/install/astra_camera/include/nlohmann/detail/input/parser.hpp
[35.891s] -- Up-to-date: /home/bingflame/RoArm-M1/install/astra_camera/include/nlohmann/detail/input/position_t.hpp
[35.891s] -- Up-to-date: /home/bingflame/RoArm-M1/install/astra_camera/include/nlohmann/detail/input/json_sax.hpp
[35.891s] -- Up-to-date: /home/bingflame/RoArm-M1/install/astra_camera/include/nlohmann/detail/input/lexer.hpp
[35.891s] -- Up-to-date: /home/bingflame/RoArm-M1/install/astra_camera/include/nlohmann/detail/string_concat.hpp
[35.891s] -- Up-to-date: /home/bingflame/RoArm-M1/install/astra_camera/include/nlohmann/detail/value_t.hpp
[35.891s] -- Up-to-date: /home/bingflame/RoArm-M1/install/astra_camera/include/nlohmann/detail/hash.hpp
[35.892s] -- Up-to-date: /home/bingflame/RoArm-M1/install/astra_camera/include/nlohmann/detail/json_custom_base_class.hpp
[35.892s] -- Up-to-date: /home/bingflame/RoArm-M1/install/astra_camera/include/nlohmann/detail/exceptions.hpp
[35.892s] -- Up-to-date: /home/bingflame/RoArm-M1/install/astra_camera/include/nlohmann/detail/json_ref.hpp
[35.892s] -- Up-to-date: /home/bingflame/RoArm-M1/install/astra_camera/include/nlohmann/detail/string_escape.hpp
[35.892s] -- Up-to-date: /home/bingflame/RoArm-M1/install/astra_camera/include/nlohmann/detail/json_pointer.hpp
[35.892s] -- Up-to-date: /home/bingflame/RoArm-M1/install/astra_camera/include/nlohmann/adl_serializer.hpp
[35.893s] -- Up-to-date: /home/bingflame/RoArm-M1/install/astra_camera/include/nlohmann/ordered_map.hpp
[35.893s] -- Up-to-date: /home/bingflame/RoArm-M1/install/astra_camera/include/nlohmann/byte_container_with_subtype.hpp
[35.893s] -- Up-to-date: /home/bingflame/RoArm-M1/install/astra_camera/include/astra_camera
[35.893s] -- Up-to-date: /home/bingflame/RoArm-M1/install/astra_camera/include/astra_camera/device_listener.h
[35.893s] -- Up-to-date: /home/bingflame/RoArm-M1/install/astra_camera/include/astra_camera/constants.h
[35.893s] -- Up-to-date: /home/bingflame/RoArm-M1/install/astra_camera/include/astra_camera/magic_enum.hpp
[35.894s] -- Up-to-date: /home/bingflame/RoArm-M1/install/astra_camera/include/astra_camera/point_cloud_proc
[35.894s] -- Up-to-date: /home/bingflame/RoArm-M1/install/astra_camera/include/astra_camera/point_cloud_proc/point_cloud_xyzrgb.h
[35.894s] -- Up-to-date: /home/bingflame/RoArm-M1/install/astra_camera/include/astra_camera/point_cloud_proc/depth_traits.h
[35.894s] -- Up-to-date: /home/bingflame/RoArm-M1/install/astra_camera/include/astra_camera/point_cloud_proc/point_cloud_xyz.h
[35.894s] -- Up-to-date: /home/bingflame/RoArm-M1/install/astra_camera/include/astra_camera/ob_timer_filter.h
[35.894s] -- Up-to-date: /home/bingflame/RoArm-M1/install/astra_camera/include/astra_camera/utils.h
[35.895s] -- Up-to-date: /home/bingflame/RoArm-M1/install/astra_camera/include/astra_camera/dynamic_params.h
[35.895s] -- Up-to-date: /home/bingflame/RoArm-M1/install/astra_camera/include/astra_camera/ob_camera_node_factory.h
[35.895s] -- Up-to-date: /home/bingflame/RoArm-M1/install/astra_camera/include/astra_camera/ob_camera_node.h
[35.895s] -- Up-to-date: /home/bingflame/RoArm-M1/install/astra_camera/include/astra_camera/ros_param_backend.h
[35.895s] -- Up-to-date: /home/bingflame/RoArm-M1/install/astra_camera/include/astra_camera/ob_frame_listener.h
[35.895s] -- Up-to-date: /home/bingflame/RoArm-M1/install/astra_camera/include/astra_camera/uvc_camera_driver.h
[35.896s] -- Up-to-date: /home/bingflame/RoArm-M1/install/astra_camera/include/astra_camera/types.h
[35.896s] -- Up-to-date: /home/bingflame/RoArm-M1/install/astra_camera/share/astra_camera//launch
[35.896s] -- Up-to-date: /home/bingflame/RoArm-M1/install/astra_camera/share/astra_camera//launch/dabai.launch.py
[35.896s] -- Up-to-date: /home/bingflame/RoArm-M1/install/astra_camera/share/astra_camera//launch/multi_astra_mini.launch.py
[35.896s] -- Up-to-date: /home/bingflame/RoArm-M1/install/astra_camera/share/astra_camera//launch/dabai_dw.launch.py
[35.896s] -- Up-to-date: /home/bingflame/RoArm-M1/install/astra_camera/share/astra_camera//launch/dabai_dcw.launch.py
[35.896s] -- Up-to-date: /home/bingflame/RoArm-M1/install/astra_camera/share/astra_camera//launch/multi_dabai.launch.py
[35.897s] -- Up-to-date: /home/bingflame/RoArm-M1/install/astra_camera/share/astra_camera//launch/.gitkeep
[35.897s] -- Up-to-date: /home/bingflame/RoArm-M1/install/astra_camera/share/astra_camera//launch/multi_dabai_dcw.launch.py
[35.897s] -- Up-to-date: /home/bingflame/RoArm-M1/install/astra_camera/share/astra_camera//launch/dabai_pro.launch.py
[35.897s] -- Up-to-date: /home/bingflame/RoArm-M1/install/astra_camera/share/astra_camera//launch/astra_mini.launch.py
[35.897s] -- Up-to-date: /home/bingflame/RoArm-M1/install/astra_camera/share/astra_camera//launch/multi_dabai_pro.launch.py
[35.897s] -- Up-to-date: /home/bingflame/RoArm-M1/install/astra_camera/share/astra_camera//launch/multi_dabai_dw.launch.py
[35.897s] -- Up-to-date: /home/bingflame/RoArm-M1/install/astra_camera/share/astra_camera//config
[35.898s] -- Up-to-date: /home/bingflame/RoArm-M1/install/astra_camera/share/astra_camera//config/.gitkeep
[35.898s] -- Up-to-date: /home/bingflame/RoArm-M1/install/astra_camera/share/astra_camera//params
[35.898s] -- Up-to-date: /home/bingflame/RoArm-M1/install/astra_camera/share/astra_camera//params/dabai_params.yaml
[35.898s] -- Up-to-date: /home/bingflame/RoArm-M1/install/astra_camera/share/astra_camera//params/camera_params_template.yaml
[35.898s] -- Up-to-date: /home/bingflame/RoArm-M1/install/astra_camera/share/astra_camera//params/.gitkeep
[35.898s] -- Up-to-date: /home/bingflame/RoArm-M1/install/astra_camera/share/astra_camera//params/dabai_pro_params.yaml
[35.899s] -- Up-to-date: /home/bingflame/RoArm-M1/install/astra_camera/share/astra_camera//params/astra_mini_params.yaml
[35.899s] -- Up-to-date: /home/bingflame/RoArm-M1/install/astra_camera/share/astra_camera//params/dabai_dw_params.yaml
[35.899s] -- Up-to-date: /home/bingflame/RoArm-M1/install/astra_camera/share/astra_camera//params/dabai_dcw_params.yaml
[35.899s] -- Up-to-date: /home/bingflame/RoArm-M1/install/astra_camera/share/astra_camera//rviz
[35.899s] -- Up-to-date: /home/bingflame/RoArm-M1/install/astra_camera/share/astra_camera//rviz/pointcloud.rviz
[35.899s] -- Up-to-date: /home/bingflame/RoArm-M1/install/astra_camera/share/astra_camera//rviz/.gitkeep
[35.900s] -- Up-to-date: /home/bingflame/RoArm-M1/install/astra_camera/share/astra_camera//rviz/multi_camera.rviz
[35.900s] -- Up-to-date: /home/bingflame/RoArm-M1/install/astra_camera/share/astra_camera/environment/library_path.sh
[35.900s] -- Up-to-date: /home/bingflame/RoArm-M1/install/astra_camera/share/astra_camera/environment/library_path.dsv
[35.900s] -- Up-to-date: /home/bingflame/RoArm-M1/install/astra_camera/share/ament_index/resource_index/package_run_dependencies/astra_camera
[35.900s] -- Up-to-date: /home/bingflame/RoArm-M1/install/astra_camera/share/ament_index/resource_index/parent_prefix_path/astra_camera
[35.900s] -- Up-to-date: /home/bingflame/RoArm-M1/install/astra_camera/share/astra_camera/environment/ament_prefix_path.sh
[35.901s] -- Up-to-date: /home/bingflame/RoArm-M1/install/astra_camera/share/astra_camera/environment/ament_prefix_path.dsv
[35.901s] -- Up-to-date: /home/bingflame/RoArm-M1/install/astra_camera/share/astra_camera/environment/path.sh
[35.901s] -- Up-to-date: /home/bingflame/RoArm-M1/install/astra_camera/share/astra_camera/environment/path.dsv
[35.901s] -- Up-to-date: /home/bingflame/RoArm-M1/install/astra_camera/share/astra_camera/local_setup.bash
[35.901s] -- Up-to-date: /home/bingflame/RoArm-M1/install/astra_camera/share/astra_camera/local_setup.sh
[35.901s] -- Up-to-date: /home/bingflame/RoArm-M1/install/astra_camera/share/astra_camera/local_setup.zsh
[35.902s] -- Up-to-date: /home/bingflame/RoArm-M1/install/astra_camera/share/astra_camera/local_setup.dsv
[35.902s] -- Installing: /home/bingflame/RoArm-M1/install/astra_camera/share/astra_camera/package.dsv
[35.902s] -- Up-to-date: /home/bingflame/RoArm-M1/install/astra_camera/share/ament_index/resource_index/packages/astra_camera
[35.902s] -- Up-to-date: /home/bingflame/RoArm-M1/install/astra_camera/share/ament_index/resource_index/rclcpp_components/astra_camera
[35.902s] -- Up-to-date: /home/bingflame/RoArm-M1/install/astra_camera/share/astra_camera/cmake/ament_cmake_export_include_directories-extras.cmake
[35.902s] -- Up-to-date: /home/bingflame/RoArm-M1/install/astra_camera/share/astra_camera/cmake/ament_cmake_export_libraries-extras.cmake
[35.903s] -- Up-to-date: /home/bingflame/RoArm-M1/install/astra_camera/share/astra_camera/cmake/ament_cmake_export_dependencies-extras.cmake
[35.903s] -- Up-to-date: /home/bingflame/RoArm-M1/install/astra_camera/share/astra_camera/cmake/astra_cameraConfig.cmake
[35.903s] -- Up-to-date: /home/bingflame/RoArm-M1/install/astra_camera/share/astra_camera/cmake/astra_cameraConfig-version.cmake
[35.903s] -- Up-to-date: /home/bingflame/RoArm-M1/install/astra_camera/share/astra_camera/package.xml
[35.903s] -- Installing: /home/bingflame/RoArm-M1/install/astra_camera/lib/astra_camera/point_cloud_subscriber
[35.924s] -- Set runtime path of "/home/bingflame/RoArm-M1/install/astra_camera/lib/astra_camera/point_cloud_subscriber" to ""
[35.931s] Invoked command in '/home/bingflame/RoArm-M1/build/astra_camera' returned '0': CMAKE_PREFIX_PATH=/home/bingflame/RoArm-M1/install/astra_camera_msgs:/home/bingflame/RoArm-M1/install/roarm:/home/bingflame/RoArm-M1/install/astra_camera:/home/bingflame/RoArm-M1/install/serial_reader:/home/bingflame/RoArm-M1/install/serial_ctrl:/opt/ros/humble CONDA_PROMPT_MODIFIER=(base) LD_LIBRARY_PATH=/home/bingflame/RoArm-M1/install/astra_camera_msgs/lib:/home/bingflame/RoArm-M1/install/astra_camera/lib:/opt/ros/humble/opt/rviz_ogre_vendor/lib:/opt/ros/humble/lib/aarch64-linux-gnu:/opt/ros/humble/lib:/usr/local/cuda-12.6/lib64:/home/bingflame/xiugaihou/JetsonGPIO/build/ PYTHONPATH=/home/bingflame/RoArm-M1/install/astra_camera_msgs/lib/python3.10/site-packages:/home/bingflame/RoArm-M1/install/serial_reader/lib/python3.10/site-packages:/home/bingflame/RoArm-M1/install/serial_ctrl/lib/python3.10/site-packages:/opt/ros/humble/lib/python3.10/site-packages:/opt/ros/humble/local/lib/python3.10/dist-packages /usr/bin/cmake --install /home/bingflame/RoArm-M1/build/astra_camera
