[1.983s] Invoking command in '/home/bingflame/RoArm-M1/src/serial_reader': CONDA_PROMPT_MODIFIER=(base) PYTHONPATH=/home/bingflame/RoArm-M1/build/serial_reader/prefix_override:/usr/lib/python3/dist-packages/colcon_core/task/python/colcon_distutils_commands:/home/bingflame/RoArm-M1/install/serial_reader/lib/python3.10/site-packages:${PYTHONPATH} /usr/bin/python3 -W ignore:setup.py install is deprecated setup.py egg_info --egg-base ../../build/serial_reader build --build-base /home/bingflame/RoArm-M1/build/serial_reader/build install --record /home/bingflame/RoArm-M1/build/serial_reader/install.log --single-version-externally-managed install_data
[2.475s] running egg_info
[2.477s] creating ../../build/serial_reader/serial_reader.egg-info
[2.478s] writing ../../build/serial_reader/serial_reader.egg-info/PKG-INFO
[2.478s] writing dependency_links to ../../build/serial_reader/serial_reader.egg-info/dependency_links.txt
[2.478s] writing entry points to ../../build/serial_reader/serial_reader.egg-info/entry_points.txt
[2.479s] writing requirements to ../../build/serial_reader/serial_reader.egg-info/requires.txt
[2.479s] writing top-level names to ../../build/serial_reader/serial_reader.egg-info/top_level.txt
[2.479s] writing manifest file '../../build/serial_reader/serial_reader.egg-info/SOURCES.txt'
[2.483s] reading manifest file '../../build/serial_reader/serial_reader.egg-info/SOURCES.txt'
[2.485s] writing manifest file '../../build/serial_reader/serial_reader.egg-info/SOURCES.txt'
[2.485s] running build
[2.485s] running build_py
[2.486s] creating /home/bingflame/RoArm-M1/build/serial_reader/build
[2.486s] creating /home/bingflame/RoArm-M1/build/serial_reader/build/lib
[2.486s] creating /home/bingflame/RoArm-M1/build/serial_reader/build/lib/serial_reader
[2.486s] copying serial_reader/__init__.py -> /home/bingflame/RoArm-M1/build/serial_reader/build/lib/serial_reader
[2.487s] copying serial_reader/serial_reader.py -> /home/bingflame/RoArm-M1/build/serial_reader/build/lib/serial_reader
[2.487s] running install
[2.487s] running install_lib
[2.489s] creating /home/bingflame/RoArm-M1/install/serial_reader/lib/python3.10/site-packages/serial_reader
[2.490s] copying /home/bingflame/RoArm-M1/build/serial_reader/build/lib/serial_reader/__init__.py -> /home/bingflame/RoArm-M1/install/serial_reader/lib/python3.10/site-packages/serial_reader
[2.490s] copying /home/bingflame/RoArm-M1/build/serial_reader/build/lib/serial_reader/serial_reader.py -> /home/bingflame/RoArm-M1/install/serial_reader/lib/python3.10/site-packages/serial_reader
[2.491s] byte-compiling /home/bingflame/RoArm-M1/install/serial_reader/lib/python3.10/site-packages/serial_reader/__init__.py to __init__.cpython-310.pyc
[2.491s] byte-compiling /home/bingflame/RoArm-M1/install/serial_reader/lib/python3.10/site-packages/serial_reader/serial_reader.py to serial_reader.cpython-310.pyc
[2.492s] running install_data
[2.493s] creating /home/bingflame/RoArm-M1/install/serial_reader/share/ament_index
[2.493s] creating /home/bingflame/RoArm-M1/install/serial_reader/share/ament_index/resource_index
[2.493s] creating /home/bingflame/RoArm-M1/install/serial_reader/share/ament_index/resource_index/packages
[2.493s] copying resource/serial_reader -> /home/bingflame/RoArm-M1/install/serial_reader/share/ament_index/resource_index/packages
[2.493s] copying package.xml -> /home/bingflame/RoArm-M1/install/serial_reader/share/serial_reader
[2.494s] running install_egg_info
[2.498s] Copying ../../build/serial_reader/serial_reader.egg-info to /home/bingflame/RoArm-M1/install/serial_reader/lib/python3.10/site-packages/serial_reader-0.0.0-py3.10.egg-info
[2.499s] running install_scripts
[2.550s] writing list of installed files to '/home/bingflame/RoArm-M1/build/serial_reader/install.log'
[2.690s] Invoked command in '/home/bingflame/RoArm-M1/src/serial_reader' returned '0': CONDA_PROMPT_MODIFIER=(base) PYTHONPATH=/home/bingflame/RoArm-M1/build/serial_reader/prefix_override:/usr/lib/python3/dist-packages/colcon_core/task/python/colcon_distutils_commands:/home/bingflame/RoArm-M1/install/serial_reader/lib/python3.10/site-packages:${PYTHONPATH} /usr/bin/python3 -W ignore:setup.py install is deprecated setup.py egg_info --egg-base ../../build/serial_reader build --build-base /home/bingflame/RoArm-M1/build/serial_reader/build install --record /home/bingflame/RoArm-M1/build/serial_reader/install.log --single-version-externally-managed install_data
