[0.040s] Invoking command in '/home/bingflame/RoArm-M1/build/astra_camera_msgs': CMAKE_PREFIX_PATH=${CMAKE_PREFIX_PATH}:/home/bingflame/RoArm-M1/install/serial_ctrl:/opt/ros/humble CONDA_PROMPT_MODIFIER=(base) /usr/bin/cmake --build /home/bingflame/RoArm-M1/build/astra_camera_msgs -- -j6 -l6
[0.160s] [  1%] Built target astra_camera_msgs__cpp
[0.188s] [ 12%] Built target astra_camera_msgs__rosidl_generator_c
[0.226s] [ 12%] Built target ament_cmake_python_copy_astra_camera_msgs
[0.252s] [ 33%] Built target astra_camera_msgs__rosidl_typesupport_introspection_cpp
[0.253s] [ 35%] Built target astra_camera_msgs__rosidl_typesupport_cpp
[0.268s] [ 47%] Built target astra_camera_msgs__rosidl_typesupport_fastrtps_cpp
[0.284s] [ 58%] Built target astra_camera_msgs__rosidl_typesupport_introspection_c
[0.298s] [ 77%] Built target astra_camera_msgs__rosidl_typesupport_fastrtps_c
[0.305s] [ 82%] Built target astra_camera_msgs__rosidl_typesupport_c
[0.348s] [ 82%] Built target astra_camera_msgs
[0.392s] [ 83%] Built target astra_camera_msgs__py
[0.447s] [ 93%] Built target astra_camera_msgs__rosidl_generator_py
[0.507s] [ 95%] Built target astra_camera_msgs__rosidl_typesupport_fastrtps_c__pyext
[0.510s] [ 97%] Built target astra_camera_msgs__rosidl_typesupport_introspection_c__pyext
[0.526s] [100%] Built target astra_camera_msgs__rosidl_typesupport_c__pyext
[0.767s] running egg_info
[0.796s] writing astra_camera_msgs.egg-info/PKG-INFO
[0.804s] writing dependency_links to astra_camera_msgs.egg-info/dependency_links.txt
[0.804s] writing top-level names to astra_camera_msgs.egg-info/top_level.txt
[0.876s] reading manifest file 'astra_camera_msgs.egg-info/SOURCES.txt'
[0.880s] writing manifest file 'astra_camera_msgs.egg-info/SOURCES.txt'
[0.960s] [100%] Built target ament_cmake_python_build_astra_camera_msgs_egg
[0.991s] Invoked command in '/home/bingflame/RoArm-M1/build/astra_camera_msgs' returned '0': CMAKE_PREFIX_PATH=${CMAKE_PREFIX_PATH}:/home/bingflame/RoArm-M1/install/serial_ctrl:/opt/ros/humble CONDA_PROMPT_MODIFIER=(base) /usr/bin/cmake --build /home/bingflame/RoArm-M1/build/astra_camera_msgs -- -j6 -l6
[1.401s] Invoking command in '/home/bingflame/RoArm-M1/build/astra_camera_msgs': CMAKE_PREFIX_PATH=${CMAKE_PREFIX_PATH}:/home/bingflame/RoArm-M1/install/serial_ctrl:/opt/ros/humble CONDA_PROMPT_MODIFIER=(base) /usr/bin/cmake --install /home/bingflame/RoArm-M1/build/astra_camera_msgs
[1.419s] -- Install configuration: ""
[1.420s] -- Up-to-date: /home/bingflame/RoArm-M1/install/astra_camera_msgs/share/ament_index/resource_index/rosidl_interfaces/astra_camera_msgs
[1.420s] -- Up-to-date: /home/bingflame/RoArm-M1/install/astra_camera_msgs/include/astra_camera_msgs/astra_camera_msgs
[1.421s] -- Up-to-date: /home/bingflame/RoArm-M1/install/astra_camera_msgs/include/astra_camera_msgs/astra_camera_msgs/msg
[1.421s] -- Up-to-date: /home/bingflame/RoArm-M1/install/astra_camera_msgs/include/astra_camera_msgs/astra_camera_msgs/msg/metadata.h
[1.421s] -- Up-to-date: /home/bingflame/RoArm-M1/install/astra_camera_msgs/include/astra_camera_msgs/astra_camera_msgs/msg/detail
[1.421s] -- Up-to-date: /home/bingflame/RoArm-M1/install/astra_camera_msgs/include/astra_camera_msgs/astra_camera_msgs/msg/detail/device_info__functions.h
[1.422s] -- Up-to-date: /home/bingflame/RoArm-M1/install/astra_camera_msgs/include/astra_camera_msgs/astra_camera_msgs/msg/detail/device_info__type_support.h
[1.422s] -- Up-to-date: /home/bingflame/RoArm-M1/install/astra_camera_msgs/include/astra_camera_msgs/astra_camera_msgs/msg/detail/metadata__struct.h
[1.422s] -- Up-to-date: /home/bingflame/RoArm-M1/install/astra_camera_msgs/include/astra_camera_msgs/astra_camera_msgs/msg/detail/metadata__type_support.h
[1.423s] -- Up-to-date: /home/bingflame/RoArm-M1/install/astra_camera_msgs/include/astra_camera_msgs/astra_camera_msgs/msg/detail/extrinsics__functions.h
[1.423s] -- Up-to-date: /home/bingflame/RoArm-M1/install/astra_camera_msgs/include/astra_camera_msgs/astra_camera_msgs/msg/detail/extrinsics__functions.c
[1.423s] -- Up-to-date: /home/bingflame/RoArm-M1/install/astra_camera_msgs/include/astra_camera_msgs/astra_camera_msgs/msg/detail/metadata__functions.c
[1.423s] -- Up-to-date: /home/bingflame/RoArm-M1/install/astra_camera_msgs/include/astra_camera_msgs/astra_camera_msgs/msg/detail/device_info__struct.h
[1.423s] -- Up-to-date: /home/bingflame/RoArm-M1/install/astra_camera_msgs/include/astra_camera_msgs/astra_camera_msgs/msg/detail/metadata__functions.h
[1.424s] -- Up-to-date: /home/bingflame/RoArm-M1/install/astra_camera_msgs/include/astra_camera_msgs/astra_camera_msgs/msg/detail/extrinsics__type_support.h
[1.424s] -- Up-to-date: /home/bingflame/RoArm-M1/install/astra_camera_msgs/include/astra_camera_msgs/astra_camera_msgs/msg/detail/device_info__functions.c
[1.425s] -- Up-to-date: /home/bingflame/RoArm-M1/install/astra_camera_msgs/include/astra_camera_msgs/astra_camera_msgs/msg/detail/extrinsics__struct.h
[1.425s] -- Up-to-date: /home/bingflame/RoArm-M1/install/astra_camera_msgs/include/astra_camera_msgs/astra_camera_msgs/msg/device_info.h
[1.425s] -- Up-to-date: /home/bingflame/RoArm-M1/install/astra_camera_msgs/include/astra_camera_msgs/astra_camera_msgs/msg/extrinsics.h
[1.425s] -- Up-to-date: /home/bingflame/RoArm-M1/install/astra_camera_msgs/include/astra_camera_msgs/astra_camera_msgs/msg/rosidl_generator_c__visibility_control.h
[1.425s] -- Up-to-date: /home/bingflame/RoArm-M1/install/astra_camera_msgs/include/astra_camera_msgs/astra_camera_msgs/srv
[1.425s] -- Up-to-date: /home/bingflame/RoArm-M1/install/astra_camera_msgs/include/astra_camera_msgs/astra_camera_msgs/srv/get_camera_params.h
[1.426s] -- Up-to-date: /home/bingflame/RoArm-M1/install/astra_camera_msgs/include/astra_camera_msgs/astra_camera_msgs/srv/get_string.h
[1.426s] -- Up-to-date: /home/bingflame/RoArm-M1/install/astra_camera_msgs/include/astra_camera_msgs/astra_camera_msgs/srv/set_int32.h
[1.427s] -- Up-to-date: /home/bingflame/RoArm-M1/install/astra_camera_msgs/include/astra_camera_msgs/astra_camera_msgs/srv/get_device_info.h
[1.427s] -- Up-to-date: /home/bingflame/RoArm-M1/install/astra_camera_msgs/include/astra_camera_msgs/astra_camera_msgs/srv/get_camera_info.h
[1.427s] -- Up-to-date: /home/bingflame/RoArm-M1/install/astra_camera_msgs/include/astra_camera_msgs/astra_camera_msgs/srv/detail
[1.428s] -- Up-to-date: /home/bingflame/RoArm-M1/install/astra_camera_msgs/include/astra_camera_msgs/astra_camera_msgs/srv/detail/get_string__functions.h
[1.428s] -- Up-to-date: /home/bingflame/RoArm-M1/install/astra_camera_msgs/include/astra_camera_msgs/astra_camera_msgs/srv/detail/get_int32__functions.c
[1.428s] -- Up-to-date: /home/bingflame/RoArm-M1/install/astra_camera_msgs/include/astra_camera_msgs/astra_camera_msgs/srv/detail/set_int32__type_support.h
[1.428s] -- Up-to-date: /home/bingflame/RoArm-M1/install/astra_camera_msgs/include/astra_camera_msgs/astra_camera_msgs/srv/detail/get_int32__type_support.h
[1.429s] -- Up-to-date: /home/bingflame/RoArm-M1/install/astra_camera_msgs/include/astra_camera_msgs/astra_camera_msgs/srv/detail/get_camera_params__functions.c
[1.429s] -- Up-to-date: /home/bingflame/RoArm-M1/install/astra_camera_msgs/include/astra_camera_msgs/astra_camera_msgs/srv/detail/get_device_info__struct.h
[1.429s] -- Up-to-date: /home/bingflame/RoArm-M1/install/astra_camera_msgs/include/astra_camera_msgs/astra_camera_msgs/srv/detail/get_device_info__functions.h
[1.429s] -- Up-to-date: /home/bingflame/RoArm-M1/install/astra_camera_msgs/include/astra_camera_msgs/astra_camera_msgs/srv/detail/get_camera_params__struct.h
[1.430s] -- Up-to-date: /home/bingflame/RoArm-M1/install/astra_camera_msgs/include/astra_camera_msgs/astra_camera_msgs/srv/detail/get_camera_info__functions.c
[1.430s] -- Up-to-date: /home/bingflame/RoArm-M1/install/astra_camera_msgs/include/astra_camera_msgs/astra_camera_msgs/srv/detail/get_int32__functions.h
[1.430s] -- Up-to-date: /home/bingflame/RoArm-M1/install/astra_camera_msgs/include/astra_camera_msgs/astra_camera_msgs/srv/detail/get_int32__struct.h
[1.430s] -- Up-to-date: /home/bingflame/RoArm-M1/install/astra_camera_msgs/include/astra_camera_msgs/astra_camera_msgs/srv/detail/get_camera_info__functions.h
[1.431s] -- Up-to-date: /home/bingflame/RoArm-M1/install/astra_camera_msgs/include/astra_camera_msgs/astra_camera_msgs/srv/detail/get_string__struct.h
[1.431s] -- Up-to-date: /home/bingflame/RoArm-M1/install/astra_camera_msgs/include/astra_camera_msgs/astra_camera_msgs/srv/detail/get_string__functions.c
[1.431s] -- Up-to-date: /home/bingflame/RoArm-M1/install/astra_camera_msgs/include/astra_camera_msgs/astra_camera_msgs/srv/detail/set_int32__struct.h
[1.431s] -- Up-to-date: /home/bingflame/RoArm-M1/install/astra_camera_msgs/include/astra_camera_msgs/astra_camera_msgs/srv/detail/get_camera_params__functions.h
[1.432s] -- Up-to-date: /home/bingflame/RoArm-M1/install/astra_camera_msgs/include/astra_camera_msgs/astra_camera_msgs/srv/detail/get_device_info__functions.c
[1.432s] -- Up-to-date: /home/bingflame/RoArm-M1/install/astra_camera_msgs/include/astra_camera_msgs/astra_camera_msgs/srv/detail/get_device_info__type_support.h
[1.432s] -- Up-to-date: /home/bingflame/RoArm-M1/install/astra_camera_msgs/include/astra_camera_msgs/astra_camera_msgs/srv/detail/get_camera_info__type_support.h
[1.432s] -- Up-to-date: /home/bingflame/RoArm-M1/install/astra_camera_msgs/include/astra_camera_msgs/astra_camera_msgs/srv/detail/get_string__type_support.h
[1.432s] -- Up-to-date: /home/bingflame/RoArm-M1/install/astra_camera_msgs/include/astra_camera_msgs/astra_camera_msgs/srv/detail/set_int32__functions.h
[1.432s] -- Up-to-date: /home/bingflame/RoArm-M1/install/astra_camera_msgs/include/astra_camera_msgs/astra_camera_msgs/srv/detail/get_camera_params__type_support.h
[1.433s] -- Up-to-date: /home/bingflame/RoArm-M1/install/astra_camera_msgs/include/astra_camera_msgs/astra_camera_msgs/srv/detail/get_camera_info__struct.h
[1.433s] -- Up-to-date: /home/bingflame/RoArm-M1/install/astra_camera_msgs/include/astra_camera_msgs/astra_camera_msgs/srv/detail/set_int32__functions.c
[1.433s] -- Up-to-date: /home/bingflame/RoArm-M1/install/astra_camera_msgs/include/astra_camera_msgs/astra_camera_msgs/srv/get_int32.h
[1.433s] -- Up-to-date: /home/bingflame/RoArm-M1/install/astra_camera_msgs/share/astra_camera_msgs/environment/library_path.sh
[1.433s] -- Up-to-date: /home/bingflame/RoArm-M1/install/astra_camera_msgs/share/astra_camera_msgs/environment/library_path.dsv
[1.433s] -- Up-to-date: /home/bingflame/RoArm-M1/install/astra_camera_msgs/lib/libastra_camera_msgs__rosidl_generator_c.so
[1.434s] -- Up-to-date: /home/bingflame/RoArm-M1/install/astra_camera_msgs/include/astra_camera_msgs/astra_camera_msgs
[1.434s] -- Up-to-date: /home/bingflame/RoArm-M1/install/astra_camera_msgs/include/astra_camera_msgs/astra_camera_msgs/msg
[1.435s] -- Up-to-date: /home/bingflame/RoArm-M1/install/astra_camera_msgs/include/astra_camera_msgs/astra_camera_msgs/msg/rosidl_typesupport_fastrtps_c__visibility_control.h
[1.435s] -- Up-to-date: /home/bingflame/RoArm-M1/install/astra_camera_msgs/include/astra_camera_msgs/astra_camera_msgs/msg/detail
[1.435s] -- Up-to-date: /home/bingflame/RoArm-M1/install/astra_camera_msgs/include/astra_camera_msgs/astra_camera_msgs/msg/detail/extrinsics__rosidl_typesupport_fastrtps_c.h
[1.435s] -- Up-to-date: /home/bingflame/RoArm-M1/install/astra_camera_msgs/include/astra_camera_msgs/astra_camera_msgs/msg/detail/metadata__rosidl_typesupport_fastrtps_c.h
[1.436s] -- Up-to-date: /home/bingflame/RoArm-M1/install/astra_camera_msgs/include/astra_camera_msgs/astra_camera_msgs/msg/detail/device_info__rosidl_typesupport_fastrtps_c.h
[1.436s] -- Up-to-date: /home/bingflame/RoArm-M1/install/astra_camera_msgs/include/astra_camera_msgs/astra_camera_msgs/srv
[1.436s] -- Up-to-date: /home/bingflame/RoArm-M1/install/astra_camera_msgs/include/astra_camera_msgs/astra_camera_msgs/srv/detail
[1.436s] -- Up-to-date: /home/bingflame/RoArm-M1/install/astra_camera_msgs/include/astra_camera_msgs/astra_camera_msgs/srv/detail/get_camera_info__rosidl_typesupport_fastrtps_c.h
[1.436s] -- Up-to-date: /home/bingflame/RoArm-M1/install/astra_camera_msgs/include/astra_camera_msgs/astra_camera_msgs/srv/detail/get_device_info__rosidl_typesupport_fastrtps_c.h
[1.436s] -- Up-to-date: /home/bingflame/RoArm-M1/install/astra_camera_msgs/include/astra_camera_msgs/astra_camera_msgs/srv/detail/set_int32__rosidl_typesupport_fastrtps_c.h
[1.436s] -- Up-to-date: /home/bingflame/RoArm-M1/install/astra_camera_msgs/include/astra_camera_msgs/astra_camera_msgs/srv/detail/get_string__rosidl_typesupport_fastrtps_c.h
[1.437s] -- Up-to-date: /home/bingflame/RoArm-M1/install/astra_camera_msgs/include/astra_camera_msgs/astra_camera_msgs/srv/detail/get_int32__rosidl_typesupport_fastrtps_c.h
[1.437s] -- Up-to-date: /home/bingflame/RoArm-M1/install/astra_camera_msgs/include/astra_camera_msgs/astra_camera_msgs/srv/detail/get_camera_params__rosidl_typesupport_fastrtps_c.h
[1.437s] -- Up-to-date: /home/bingflame/RoArm-M1/install/astra_camera_msgs/lib/libastra_camera_msgs__rosidl_typesupport_fastrtps_c.so
[1.437s] -- Up-to-date: /home/bingflame/RoArm-M1/install/astra_camera_msgs/include/astra_camera_msgs/astra_camera_msgs
[1.437s] -- Up-to-date: /home/bingflame/RoArm-M1/install/astra_camera_msgs/include/astra_camera_msgs/astra_camera_msgs/msg
[1.437s] -- Up-to-date: /home/bingflame/RoArm-M1/install/astra_camera_msgs/include/astra_camera_msgs/astra_camera_msgs/msg/rosidl_typesupport_introspection_c__visibility_control.h
[1.437s] -- Up-to-date: /home/bingflame/RoArm-M1/install/astra_camera_msgs/include/astra_camera_msgs/astra_camera_msgs/msg/detail
[1.437s] -- Up-to-date: /home/bingflame/RoArm-M1/install/astra_camera_msgs/include/astra_camera_msgs/astra_camera_msgs/msg/detail/device_info__type_support.c
[1.438s] -- Up-to-date: /home/bingflame/RoArm-M1/install/astra_camera_msgs/include/astra_camera_msgs/astra_camera_msgs/msg/detail/metadata__type_support.c
[1.438s] -- Up-to-date: /home/bingflame/RoArm-M1/install/astra_camera_msgs/include/astra_camera_msgs/astra_camera_msgs/msg/detail/metadata__rosidl_typesupport_introspection_c.h
[1.438s] -- Up-to-date: /home/bingflame/RoArm-M1/install/astra_camera_msgs/include/astra_camera_msgs/astra_camera_msgs/msg/detail/device_info__rosidl_typesupport_introspection_c.h
[1.438s] -- Up-to-date: /home/bingflame/RoArm-M1/install/astra_camera_msgs/include/astra_camera_msgs/astra_camera_msgs/msg/detail/extrinsics__type_support.c
[1.438s] -- Up-to-date: /home/bingflame/RoArm-M1/install/astra_camera_msgs/include/astra_camera_msgs/astra_camera_msgs/msg/detail/extrinsics__rosidl_typesupport_introspection_c.h
[1.438s] -- Up-to-date: /home/bingflame/RoArm-M1/install/astra_camera_msgs/include/astra_camera_msgs/astra_camera_msgs/srv
[1.439s] -- Up-to-date: /home/bingflame/RoArm-M1/install/astra_camera_msgs/include/astra_camera_msgs/astra_camera_msgs/srv/detail
[1.439s] -- Up-to-date: /home/bingflame/RoArm-M1/install/astra_camera_msgs/include/astra_camera_msgs/astra_camera_msgs/srv/detail/get_device_info__rosidl_typesupport_introspection_c.h
[1.439s] -- Up-to-date: /home/bingflame/RoArm-M1/install/astra_camera_msgs/include/astra_camera_msgs/astra_camera_msgs/srv/detail/get_camera_params__rosidl_typesupport_introspection_c.h
[1.439s] -- Up-to-date: /home/bingflame/RoArm-M1/install/astra_camera_msgs/include/astra_camera_msgs/astra_camera_msgs/srv/detail/get_device_info__type_support.c
[1.439s] -- Up-to-date: /home/bingflame/RoArm-M1/install/astra_camera_msgs/include/astra_camera_msgs/astra_camera_msgs/srv/detail/get_int32__type_support.c
[1.439s] -- Up-to-date: /home/bingflame/RoArm-M1/install/astra_camera_msgs/include/astra_camera_msgs/astra_camera_msgs/srv/detail/get_int32__rosidl_typesupport_introspection_c.h
[1.439s] -- Up-to-date: /home/bingflame/RoArm-M1/install/astra_camera_msgs/include/astra_camera_msgs/astra_camera_msgs/srv/detail/set_int32__rosidl_typesupport_introspection_c.h
[1.440s] -- Up-to-date: /home/bingflame/RoArm-M1/install/astra_camera_msgs/include/astra_camera_msgs/astra_camera_msgs/srv/detail/get_camera_info__rosidl_typesupport_introspection_c.h
[1.440s] -- Up-to-date: /home/bingflame/RoArm-M1/install/astra_camera_msgs/include/astra_camera_msgs/astra_camera_msgs/srv/detail/get_string__rosidl_typesupport_introspection_c.h
[1.440s] -- Up-to-date: /home/bingflame/RoArm-M1/install/astra_camera_msgs/include/astra_camera_msgs/astra_camera_msgs/srv/detail/get_string__type_support.c
[1.440s] -- Up-to-date: /home/bingflame/RoArm-M1/install/astra_camera_msgs/include/astra_camera_msgs/astra_camera_msgs/srv/detail/get_camera_info__type_support.c
[1.440s] -- Up-to-date: /home/bingflame/RoArm-M1/install/astra_camera_msgs/include/astra_camera_msgs/astra_camera_msgs/srv/detail/set_int32__type_support.c
[1.440s] -- Up-to-date: /home/bingflame/RoArm-M1/install/astra_camera_msgs/include/astra_camera_msgs/astra_camera_msgs/srv/detail/get_camera_params__type_support.c
[1.440s] -- Up-to-date: /home/bingflame/RoArm-M1/install/astra_camera_msgs/lib/libastra_camera_msgs__rosidl_typesupport_introspection_c.so
[1.440s] -- Up-to-date: /home/bingflame/RoArm-M1/install/astra_camera_msgs/lib/libastra_camera_msgs__rosidl_typesupport_c.so
[1.441s] -- Up-to-date: /home/bingflame/RoArm-M1/install/astra_camera_msgs/include/astra_camera_msgs/astra_camera_msgs
[1.441s] -- Up-to-date: /home/bingflame/RoArm-M1/install/astra_camera_msgs/include/astra_camera_msgs/astra_camera_msgs/msg
[1.441s] -- Up-to-date: /home/bingflame/RoArm-M1/install/astra_camera_msgs/include/astra_camera_msgs/astra_camera_msgs/msg/metadata.hpp
[1.441s] -- Up-to-date: /home/bingflame/RoArm-M1/install/astra_camera_msgs/include/astra_camera_msgs/astra_camera_msgs/msg/extrinsics.hpp
[1.441s] -- Up-to-date: /home/bingflame/RoArm-M1/install/astra_camera_msgs/include/astra_camera_msgs/astra_camera_msgs/msg/device_info.hpp
[1.441s] -- Up-to-date: /home/bingflame/RoArm-M1/install/astra_camera_msgs/include/astra_camera_msgs/astra_camera_msgs/msg/detail
[1.442s] -- Up-to-date: /home/bingflame/RoArm-M1/install/astra_camera_msgs/include/astra_camera_msgs/astra_camera_msgs/msg/detail/device_info__traits.hpp
[1.442s] -- Up-to-date: /home/bingflame/RoArm-M1/install/astra_camera_msgs/include/astra_camera_msgs/astra_camera_msgs/msg/detail/extrinsics__traits.hpp
[1.442s] -- Up-to-date: /home/bingflame/RoArm-M1/install/astra_camera_msgs/include/astra_camera_msgs/astra_camera_msgs/msg/detail/extrinsics__builder.hpp
[1.442s] -- Up-to-date: /home/bingflame/RoArm-M1/install/astra_camera_msgs/include/astra_camera_msgs/astra_camera_msgs/msg/detail/metadata__builder.hpp
[1.442s] -- Up-to-date: /home/bingflame/RoArm-M1/install/astra_camera_msgs/include/astra_camera_msgs/astra_camera_msgs/msg/detail/extrinsics__struct.hpp
[1.442s] -- Up-to-date: /home/bingflame/RoArm-M1/install/astra_camera_msgs/include/astra_camera_msgs/astra_camera_msgs/msg/detail/metadata__traits.hpp
[1.442s] -- Up-to-date: /home/bingflame/RoArm-M1/install/astra_camera_msgs/include/astra_camera_msgs/astra_camera_msgs/msg/detail/device_info__struct.hpp
[1.442s] -- Up-to-date: /home/bingflame/RoArm-M1/install/astra_camera_msgs/include/astra_camera_msgs/astra_camera_msgs/msg/detail/device_info__builder.hpp
[1.443s] -- Up-to-date: /home/bingflame/RoArm-M1/install/astra_camera_msgs/include/astra_camera_msgs/astra_camera_msgs/msg/detail/metadata__struct.hpp
[1.443s] -- Up-to-date: /home/bingflame/RoArm-M1/install/astra_camera_msgs/include/astra_camera_msgs/astra_camera_msgs/srv
[1.443s] -- Up-to-date: /home/bingflame/RoArm-M1/install/astra_camera_msgs/include/astra_camera_msgs/astra_camera_msgs/srv/get_camera_params.hpp
[1.443s] -- Up-to-date: /home/bingflame/RoArm-M1/install/astra_camera_msgs/include/astra_camera_msgs/astra_camera_msgs/srv/get_camera_info.hpp
[1.443s] -- Up-to-date: /home/bingflame/RoArm-M1/install/astra_camera_msgs/include/astra_camera_msgs/astra_camera_msgs/srv/set_int32.hpp
[1.443s] -- Up-to-date: /home/bingflame/RoArm-M1/install/astra_camera_msgs/include/astra_camera_msgs/astra_camera_msgs/srv/get_int32.hpp
[1.443s] -- Up-to-date: /home/bingflame/RoArm-M1/install/astra_camera_msgs/include/astra_camera_msgs/astra_camera_msgs/srv/get_device_info.hpp
[1.444s] -- Up-to-date: /home/bingflame/RoArm-M1/install/astra_camera_msgs/include/astra_camera_msgs/astra_camera_msgs/srv/get_string.hpp
[1.444s] -- Up-to-date: /home/bingflame/RoArm-M1/install/astra_camera_msgs/include/astra_camera_msgs/astra_camera_msgs/srv/detail
[1.444s] -- Up-to-date: /home/bingflame/RoArm-M1/install/astra_camera_msgs/include/astra_camera_msgs/astra_camera_msgs/srv/detail/set_int32__traits.hpp
[1.444s] -- Up-to-date: /home/bingflame/RoArm-M1/install/astra_camera_msgs/include/astra_camera_msgs/astra_camera_msgs/srv/detail/get_device_info__builder.hpp
[1.444s] -- Up-to-date: /home/bingflame/RoArm-M1/install/astra_camera_msgs/include/astra_camera_msgs/astra_camera_msgs/srv/detail/get_device_info__traits.hpp
[1.444s] -- Up-to-date: /home/bingflame/RoArm-M1/install/astra_camera_msgs/include/astra_camera_msgs/astra_camera_msgs/srv/detail/get_string__traits.hpp
[1.444s] -- Up-to-date: /home/bingflame/RoArm-M1/install/astra_camera_msgs/include/astra_camera_msgs/astra_camera_msgs/srv/detail/get_int32__traits.hpp
[1.445s] -- Up-to-date: /home/bingflame/RoArm-M1/install/astra_camera_msgs/include/astra_camera_msgs/astra_camera_msgs/srv/detail/get_int32__builder.hpp
[1.445s] -- Up-to-date: /home/bingflame/RoArm-M1/install/astra_camera_msgs/include/astra_camera_msgs/astra_camera_msgs/srv/detail/get_device_info__struct.hpp
[1.445s] -- Up-to-date: /home/bingflame/RoArm-M1/install/astra_camera_msgs/include/astra_camera_msgs/astra_camera_msgs/srv/detail/get_camera_info__traits.hpp
[1.445s] -- Up-to-date: /home/bingflame/RoArm-M1/install/astra_camera_msgs/include/astra_camera_msgs/astra_camera_msgs/srv/detail/get_camera_info__builder.hpp
[1.445s] -- Up-to-date: /home/bingflame/RoArm-M1/install/astra_camera_msgs/include/astra_camera_msgs/astra_camera_msgs/srv/detail/get_string__builder.hpp
[1.445s] -- Up-to-date: /home/bingflame/RoArm-M1/install/astra_camera_msgs/include/astra_camera_msgs/astra_camera_msgs/srv/detail/get_camera_params__struct.hpp
[1.445s] -- Up-to-date: /home/bingflame/RoArm-M1/install/astra_camera_msgs/include/astra_camera_msgs/astra_camera_msgs/srv/detail/get_camera_params__builder.hpp
[1.445s] -- Up-to-date: /home/bingflame/RoArm-M1/install/astra_camera_msgs/include/astra_camera_msgs/astra_camera_msgs/srv/detail/get_int32__struct.hpp
[1.446s] -- Up-to-date: /home/bingflame/RoArm-M1/install/astra_camera_msgs/include/astra_camera_msgs/astra_camera_msgs/srv/detail/get_string__struct.hpp
[1.446s] -- Up-to-date: /home/bingflame/RoArm-M1/install/astra_camera_msgs/include/astra_camera_msgs/astra_camera_msgs/srv/detail/get_camera_params__traits.hpp
[1.446s] -- Up-to-date: /home/bingflame/RoArm-M1/install/astra_camera_msgs/include/astra_camera_msgs/astra_camera_msgs/srv/detail/set_int32__builder.hpp
[1.446s] -- Up-to-date: /home/bingflame/RoArm-M1/install/astra_camera_msgs/include/astra_camera_msgs/astra_camera_msgs/srv/detail/set_int32__struct.hpp
[1.446s] -- Up-to-date: /home/bingflame/RoArm-M1/install/astra_camera_msgs/include/astra_camera_msgs/astra_camera_msgs/srv/detail/get_camera_info__struct.hpp
[1.446s] -- Up-to-date: /home/bingflame/RoArm-M1/install/astra_camera_msgs/include/astra_camera_msgs/astra_camera_msgs
[1.446s] -- Up-to-date: /home/bingflame/RoArm-M1/install/astra_camera_msgs/include/astra_camera_msgs/astra_camera_msgs/msg
[1.447s] -- Up-to-date: /home/bingflame/RoArm-M1/install/astra_camera_msgs/include/astra_camera_msgs/astra_camera_msgs/msg/rosidl_typesupport_fastrtps_cpp__visibility_control.h
[1.447s] -- Up-to-date: /home/bingflame/RoArm-M1/install/astra_camera_msgs/include/astra_camera_msgs/astra_camera_msgs/msg/detail
[1.447s] -- Up-to-date: /home/bingflame/RoArm-M1/install/astra_camera_msgs/include/astra_camera_msgs/astra_camera_msgs/msg/detail/metadata__rosidl_typesupport_fastrtps_cpp.hpp
[1.447s] -- Up-to-date: /home/bingflame/RoArm-M1/install/astra_camera_msgs/include/astra_camera_msgs/astra_camera_msgs/msg/detail/dds_fastrtps
[1.447s] -- Up-to-date: /home/bingflame/RoArm-M1/install/astra_camera_msgs/include/astra_camera_msgs/astra_camera_msgs/msg/detail/device_info__rosidl_typesupport_fastrtps_cpp.hpp
[1.447s] -- Up-to-date: /home/bingflame/RoArm-M1/install/astra_camera_msgs/include/astra_camera_msgs/astra_camera_msgs/msg/detail/extrinsics__rosidl_typesupport_fastrtps_cpp.hpp
[1.447s] -- Up-to-date: /home/bingflame/RoArm-M1/install/astra_camera_msgs/include/astra_camera_msgs/astra_camera_msgs/srv
[1.448s] -- Up-to-date: /home/bingflame/RoArm-M1/install/astra_camera_msgs/include/astra_camera_msgs/astra_camera_msgs/srv/detail
[1.448s] -- Up-to-date: /home/bingflame/RoArm-M1/install/astra_camera_msgs/include/astra_camera_msgs/astra_camera_msgs/srv/detail/get_string__rosidl_typesupport_fastrtps_cpp.hpp
[1.448s] -- Up-to-date: /home/bingflame/RoArm-M1/install/astra_camera_msgs/include/astra_camera_msgs/astra_camera_msgs/srv/detail/get_camera_params__rosidl_typesupport_fastrtps_cpp.hpp
[1.448s] -- Up-to-date: /home/bingflame/RoArm-M1/install/astra_camera_msgs/include/astra_camera_msgs/astra_camera_msgs/srv/detail/set_int32__rosidl_typesupport_fastrtps_cpp.hpp
[1.448s] -- Up-to-date: /home/bingflame/RoArm-M1/install/astra_camera_msgs/include/astra_camera_msgs/astra_camera_msgs/srv/detail/get_camera_info__rosidl_typesupport_fastrtps_cpp.hpp
[1.448s] -- Up-to-date: /home/bingflame/RoArm-M1/install/astra_camera_msgs/include/astra_camera_msgs/astra_camera_msgs/srv/detail/dds_fastrtps
[1.448s] -- Up-to-date: /home/bingflame/RoArm-M1/install/astra_camera_msgs/include/astra_camera_msgs/astra_camera_msgs/srv/detail/get_int32__rosidl_typesupport_fastrtps_cpp.hpp
[1.448s] -- Up-to-date: /home/bingflame/RoArm-M1/install/astra_camera_msgs/include/astra_camera_msgs/astra_camera_msgs/srv/detail/get_device_info__rosidl_typesupport_fastrtps_cpp.hpp
[1.449s] -- Up-to-date: /home/bingflame/RoArm-M1/install/astra_camera_msgs/lib/libastra_camera_msgs__rosidl_typesupport_fastrtps_cpp.so
[1.449s] -- Up-to-date: /home/bingflame/RoArm-M1/install/astra_camera_msgs/include/astra_camera_msgs/astra_camera_msgs
[1.449s] -- Up-to-date: /home/bingflame/RoArm-M1/install/astra_camera_msgs/include/astra_camera_msgs/astra_camera_msgs/msg
[1.449s] -- Up-to-date: /home/bingflame/RoArm-M1/install/astra_camera_msgs/include/astra_camera_msgs/astra_camera_msgs/msg/detail
[1.449s] -- Up-to-date: /home/bingflame/RoArm-M1/install/astra_camera_msgs/include/astra_camera_msgs/astra_camera_msgs/msg/detail/extrinsics__type_support.cpp
[1.449s] -- Up-to-date: /home/bingflame/RoArm-M1/install/astra_camera_msgs/include/astra_camera_msgs/astra_camera_msgs/msg/detail/device_info__rosidl_typesupport_introspection_cpp.hpp
[1.449s] -- Up-to-date: /home/bingflame/RoArm-M1/install/astra_camera_msgs/include/astra_camera_msgs/astra_camera_msgs/msg/detail/metadata__rosidl_typesupport_introspection_cpp.hpp
[1.450s] -- Up-to-date: /home/bingflame/RoArm-M1/install/astra_camera_msgs/include/astra_camera_msgs/astra_camera_msgs/msg/detail/device_info__type_support.cpp
[1.450s] -- Up-to-date: /home/bingflame/RoArm-M1/install/astra_camera_msgs/include/astra_camera_msgs/astra_camera_msgs/msg/detail/metadata__type_support.cpp
[1.450s] -- Up-to-date: /home/bingflame/RoArm-M1/install/astra_camera_msgs/include/astra_camera_msgs/astra_camera_msgs/msg/detail/extrinsics__rosidl_typesupport_introspection_cpp.hpp
[1.450s] -- Up-to-date: /home/bingflame/RoArm-M1/install/astra_camera_msgs/include/astra_camera_msgs/astra_camera_msgs/srv
[1.450s] -- Up-to-date: /home/bingflame/RoArm-M1/install/astra_camera_msgs/include/astra_camera_msgs/astra_camera_msgs/srv/detail
[1.450s] -- Up-to-date: /home/bingflame/RoArm-M1/install/astra_camera_msgs/include/astra_camera_msgs/astra_camera_msgs/srv/detail/get_camera_params__rosidl_typesupport_introspection_cpp.hpp
[1.450s] -- Up-to-date: /home/bingflame/RoArm-M1/install/astra_camera_msgs/include/astra_camera_msgs/astra_camera_msgs/srv/detail/set_int32__rosidl_typesupport_introspection_cpp.hpp
[1.450s] -- Up-to-date: /home/bingflame/RoArm-M1/install/astra_camera_msgs/include/astra_camera_msgs/astra_camera_msgs/srv/detail/set_int32__type_support.cpp
[1.451s] -- Up-to-date: /home/bingflame/RoArm-M1/install/astra_camera_msgs/include/astra_camera_msgs/astra_camera_msgs/srv/detail/get_camera_params__type_support.cpp
[1.451s] -- Up-to-date: /home/bingflame/RoArm-M1/install/astra_camera_msgs/include/astra_camera_msgs/astra_camera_msgs/srv/detail/get_camera_info__type_support.cpp
[1.451s] -- Up-to-date: /home/bingflame/RoArm-M1/install/astra_camera_msgs/include/astra_camera_msgs/astra_camera_msgs/srv/detail/get_device_info__type_support.cpp
[1.451s] -- Up-to-date: /home/bingflame/RoArm-M1/install/astra_camera_msgs/include/astra_camera_msgs/astra_camera_msgs/srv/detail/get_camera_info__rosidl_typesupport_introspection_cpp.hpp
[1.451s] -- Up-to-date: /home/bingflame/RoArm-M1/install/astra_camera_msgs/include/astra_camera_msgs/astra_camera_msgs/srv/detail/get_int32__type_support.cpp
[1.452s] -- Up-to-date: /home/bingflame/RoArm-M1/install/astra_camera_msgs/include/astra_camera_msgs/astra_camera_msgs/srv/detail/get_string__type_support.cpp
[1.452s] -- Up-to-date: /home/bingflame/RoArm-M1/install/astra_camera_msgs/include/astra_camera_msgs/astra_camera_msgs/srv/detail/get_int32__rosidl_typesupport_introspection_cpp.hpp
[1.452s] -- Up-to-date: /home/bingflame/RoArm-M1/install/astra_camera_msgs/include/astra_camera_msgs/astra_camera_msgs/srv/detail/get_string__rosidl_typesupport_introspection_cpp.hpp
[1.452s] -- Up-to-date: /home/bingflame/RoArm-M1/install/astra_camera_msgs/include/astra_camera_msgs/astra_camera_msgs/srv/detail/get_device_info__rosidl_typesupport_introspection_cpp.hpp
[1.452s] -- Up-to-date: /home/bingflame/RoArm-M1/install/astra_camera_msgs/lib/libastra_camera_msgs__rosidl_typesupport_introspection_cpp.so
[1.452s] -- Up-to-date: /home/bingflame/RoArm-M1/install/astra_camera_msgs/lib/libastra_camera_msgs__rosidl_typesupport_cpp.so
[1.452s] -- Up-to-date: /home/bingflame/RoArm-M1/install/astra_camera_msgs/share/astra_camera_msgs/environment/pythonpath.sh
[1.453s] -- Up-to-date: /home/bingflame/RoArm-M1/install/astra_camera_msgs/share/astra_camera_msgs/environment/pythonpath.dsv
[1.453s] -- Up-to-date: /home/bingflame/RoArm-M1/install/astra_camera_msgs/lib/python3.10/site-packages/astra_camera_msgs-1.0.1-py3.10.egg-info
[1.453s] -- Installing: /home/bingflame/RoArm-M1/install/astra_camera_msgs/lib/python3.10/site-packages/astra_camera_msgs-1.0.1-py3.10.egg-info/dependency_links.txt
[1.453s] -- Installing: /home/bingflame/RoArm-M1/install/astra_camera_msgs/lib/python3.10/site-packages/astra_camera_msgs-1.0.1-py3.10.egg-info/SOURCES.txt
[1.453s] -- Installing: /home/bingflame/RoArm-M1/install/astra_camera_msgs/lib/python3.10/site-packages/astra_camera_msgs-1.0.1-py3.10.egg-info/PKG-INFO
[1.453s] -- Installing: /home/bingflame/RoArm-M1/install/astra_camera_msgs/lib/python3.10/site-packages/astra_camera_msgs-1.0.1-py3.10.egg-info/top_level.txt
[1.453s] -- Up-to-date: /home/bingflame/RoArm-M1/install/astra_camera_msgs/lib/python3.10/site-packages/astra_camera_msgs
[1.453s] -- Up-to-date: /home/bingflame/RoArm-M1/install/astra_camera_msgs/lib/python3.10/site-packages/astra_camera_msgs/_astra_camera_msgs_s.ep.rosidl_typesupport_c.c
[1.454s] -- Up-to-date: /home/bingflame/RoArm-M1/install/astra_camera_msgs/lib/python3.10/site-packages/astra_camera_msgs/libastra_camera_msgs__rosidl_generator_py.so
[1.454s] -- Up-to-date: /home/bingflame/RoArm-M1/install/astra_camera_msgs/lib/python3.10/site-packages/astra_camera_msgs/astra_camera_msgs_s__rosidl_typesupport_fastrtps_c.cpython-310-aarch64-linux-gnu.so
[1.454s] -- Up-to-date: /home/bingflame/RoArm-M1/install/astra_camera_msgs/lib/python3.10/site-packages/astra_camera_msgs/_astra_camera_msgs_s.ep.rosidl_typesupport_fastrtps_c.c
[1.454s] -- Up-to-date: /home/bingflame/RoArm-M1/install/astra_camera_msgs/lib/python3.10/site-packages/astra_camera_msgs/astra_camera_msgs_s__rosidl_typesupport_introspection_c.cpython-310-aarch64-linux-gnu.so
[1.454s] -- Up-to-date: /home/bingflame/RoArm-M1/install/astra_camera_msgs/lib/python3.10/site-packages/astra_camera_msgs/__init__.py
[1.454s] -- Up-to-date: /home/bingflame/RoArm-M1/install/astra_camera_msgs/lib/python3.10/site-packages/astra_camera_msgs/_astra_camera_msgs_s.ep.rosidl_typesupport_introspection_c.c
[1.454s] -- Up-to-date: /home/bingflame/RoArm-M1/install/astra_camera_msgs/lib/python3.10/site-packages/astra_camera_msgs/msg
[1.454s] -- Up-to-date: /home/bingflame/RoArm-M1/install/astra_camera_msgs/lib/python3.10/site-packages/astra_camera_msgs/msg/_metadata_s.c
[1.455s] -- Up-to-date: /home/bingflame/RoArm-M1/install/astra_camera_msgs/lib/python3.10/site-packages/astra_camera_msgs/msg/_extrinsics_s.c
[1.455s] -- Up-to-date: /home/bingflame/RoArm-M1/install/astra_camera_msgs/lib/python3.10/site-packages/astra_camera_msgs/msg/_device_info.py
[1.455s] -- Up-to-date: /home/bingflame/RoArm-M1/install/astra_camera_msgs/lib/python3.10/site-packages/astra_camera_msgs/msg/__init__.py
[1.455s] -- Up-to-date: /home/bingflame/RoArm-M1/install/astra_camera_msgs/lib/python3.10/site-packages/astra_camera_msgs/msg/_device_info_s.c
[1.455s] -- Up-to-date: /home/bingflame/RoArm-M1/install/astra_camera_msgs/lib/python3.10/site-packages/astra_camera_msgs/msg/_extrinsics.py
[1.456s] -- Up-to-date: /home/bingflame/RoArm-M1/install/astra_camera_msgs/lib/python3.10/site-packages/astra_camera_msgs/msg/_metadata.py
[1.456s] -- Up-to-date: /home/bingflame/RoArm-M1/install/astra_camera_msgs/lib/python3.10/site-packages/astra_camera_msgs/astra_camera_msgs_s__rosidl_typesupport_c.cpython-310-aarch64-linux-gnu.so
[1.456s] -- Up-to-date: /home/bingflame/RoArm-M1/install/astra_camera_msgs/lib/python3.10/site-packages/astra_camera_msgs/srv
[1.456s] -- Up-to-date: /home/bingflame/RoArm-M1/install/astra_camera_msgs/lib/python3.10/site-packages/astra_camera_msgs/srv/_get_device_info.py
[1.456s] -- Up-to-date: /home/bingflame/RoArm-M1/install/astra_camera_msgs/lib/python3.10/site-packages/astra_camera_msgs/srv/_set_int32_s.c
[1.456s] -- Up-to-date: /home/bingflame/RoArm-M1/install/astra_camera_msgs/lib/python3.10/site-packages/astra_camera_msgs/srv/_get_string_s.c
[1.456s] -- Up-to-date: /home/bingflame/RoArm-M1/install/astra_camera_msgs/lib/python3.10/site-packages/astra_camera_msgs/srv/_get_camera_params_s.c
[1.456s] -- Up-to-date: /home/bingflame/RoArm-M1/install/astra_camera_msgs/lib/python3.10/site-packages/astra_camera_msgs/srv/_get_int32_s.c
[1.457s] -- Up-to-date: /home/bingflame/RoArm-M1/install/astra_camera_msgs/lib/python3.10/site-packages/astra_camera_msgs/srv/_get_string.py
[1.457s] -- Up-to-date: /home/bingflame/RoArm-M1/install/astra_camera_msgs/lib/python3.10/site-packages/astra_camera_msgs/srv/_get_camera_params.py
[1.457s] -- Up-to-date: /home/bingflame/RoArm-M1/install/astra_camera_msgs/lib/python3.10/site-packages/astra_camera_msgs/srv/_get_device_info_s.c
[1.457s] -- Up-to-date: /home/bingflame/RoArm-M1/install/astra_camera_msgs/lib/python3.10/site-packages/astra_camera_msgs/srv/_get_camera_info.py
[1.457s] -- Up-to-date: /home/bingflame/RoArm-M1/install/astra_camera_msgs/lib/python3.10/site-packages/astra_camera_msgs/srv/__init__.py
[1.457s] -- Up-to-date: /home/bingflame/RoArm-M1/install/astra_camera_msgs/lib/python3.10/site-packages/astra_camera_msgs/srv/_get_int32.py
[1.457s] -- Up-to-date: /home/bingflame/RoArm-M1/install/astra_camera_msgs/lib/python3.10/site-packages/astra_camera_msgs/srv/_get_camera_info_s.c
[1.458s] -- Up-to-date: /home/bingflame/RoArm-M1/install/astra_camera_msgs/lib/python3.10/site-packages/astra_camera_msgs/srv/_set_int32.py
[1.516s] Listing '/home/bingflame/RoArm-M1/install/astra_camera_msgs/lib/python3.10/site-packages/astra_camera_msgs'...
[1.517s] Listing '/home/bingflame/RoArm-M1/install/astra_camera_msgs/lib/python3.10/site-packages/astra_camera_msgs/msg'...
[1.517s] Listing '/home/bingflame/RoArm-M1/install/astra_camera_msgs/lib/python3.10/site-packages/astra_camera_msgs/srv'...
[1.538s] -- Up-to-date: /home/bingflame/RoArm-M1/install/astra_camera_msgs/lib/python3.10/site-packages/astra_camera_msgs/astra_camera_msgs_s__rosidl_typesupport_fastrtps_c.cpython-310-aarch64-linux-gnu.so
[1.538s] -- Up-to-date: /home/bingflame/RoArm-M1/install/astra_camera_msgs/lib/python3.10/site-packages/astra_camera_msgs/astra_camera_msgs_s__rosidl_typesupport_introspection_c.cpython-310-aarch64-linux-gnu.so
[1.538s] -- Up-to-date: /home/bingflame/RoArm-M1/install/astra_camera_msgs/lib/python3.10/site-packages/astra_camera_msgs/astra_camera_msgs_s__rosidl_typesupport_c.cpython-310-aarch64-linux-gnu.so
[1.538s] -- Up-to-date: /home/bingflame/RoArm-M1/install/astra_camera_msgs/lib/libastra_camera_msgs__rosidl_generator_py.so
[1.539s] -- Up-to-date: /home/bingflame/RoArm-M1/install/astra_camera_msgs/share/astra_camera_msgs/msg/DeviceInfo.idl
[1.539s] -- Up-to-date: /home/bingflame/RoArm-M1/install/astra_camera_msgs/share/astra_camera_msgs/msg/Extrinsics.idl
[1.539s] -- Up-to-date: /home/bingflame/RoArm-M1/install/astra_camera_msgs/share/astra_camera_msgs/msg/Metadata.idl
[1.539s] -- Up-to-date: /home/bingflame/RoArm-M1/install/astra_camera_msgs/share/astra_camera_msgs/srv/GetDeviceInfo.idl
[1.539s] -- Up-to-date: /home/bingflame/RoArm-M1/install/astra_camera_msgs/share/astra_camera_msgs/srv/GetCameraInfo.idl
[1.539s] -- Up-to-date: /home/bingflame/RoArm-M1/install/astra_camera_msgs/share/astra_camera_msgs/srv/GetCameraParams.idl
[1.540s] -- Up-to-date: /home/bingflame/RoArm-M1/install/astra_camera_msgs/share/astra_camera_msgs/srv/GetInt32.idl
[1.540s] -- Up-to-date: /home/bingflame/RoArm-M1/install/astra_camera_msgs/share/astra_camera_msgs/srv/GetString.idl
[1.540s] -- Up-to-date: /home/bingflame/RoArm-M1/install/astra_camera_msgs/share/astra_camera_msgs/srv/SetInt32.idl
[1.540s] -- Up-to-date: /home/bingflame/RoArm-M1/install/astra_camera_msgs/share/astra_camera_msgs/msg/DeviceInfo.msg
[1.540s] -- Up-to-date: /home/bingflame/RoArm-M1/install/astra_camera_msgs/share/astra_camera_msgs/msg/Extrinsics.msg
[1.541s] -- Up-to-date: /home/bingflame/RoArm-M1/install/astra_camera_msgs/share/astra_camera_msgs/msg/Metadata.msg
[1.541s] -- Up-to-date: /home/bingflame/RoArm-M1/install/astra_camera_msgs/share/astra_camera_msgs/srv/GetDeviceInfo.srv
[1.541s] -- Up-to-date: /home/bingflame/RoArm-M1/install/astra_camera_msgs/share/astra_camera_msgs/srv/GetDeviceInfo_Request.msg
[1.541s] -- Up-to-date: /home/bingflame/RoArm-M1/install/astra_camera_msgs/share/astra_camera_msgs/srv/GetDeviceInfo_Response.msg
[1.542s] -- Up-to-date: /home/bingflame/RoArm-M1/install/astra_camera_msgs/share/astra_camera_msgs/srv/GetCameraInfo.srv
[1.542s] -- Up-to-date: /home/bingflame/RoArm-M1/install/astra_camera_msgs/share/astra_camera_msgs/srv/GetCameraInfo_Request.msg
[1.542s] -- Up-to-date: /home/bingflame/RoArm-M1/install/astra_camera_msgs/share/astra_camera_msgs/srv/GetCameraInfo_Response.msg
[1.542s] -- Up-to-date: /home/bingflame/RoArm-M1/install/astra_camera_msgs/share/astra_camera_msgs/srv/GetCameraParams.srv
[1.542s] -- Up-to-date: /home/bingflame/RoArm-M1/install/astra_camera_msgs/share/astra_camera_msgs/srv/GetCameraParams_Request.msg
[1.543s] -- Up-to-date: /home/bingflame/RoArm-M1/install/astra_camera_msgs/share/astra_camera_msgs/srv/GetCameraParams_Response.msg
[1.543s] -- Up-to-date: /home/bingflame/RoArm-M1/install/astra_camera_msgs/share/astra_camera_msgs/srv/GetInt32.srv
[1.543s] -- Up-to-date: /home/bingflame/RoArm-M1/install/astra_camera_msgs/share/astra_camera_msgs/srv/GetInt32_Request.msg
[1.543s] -- Up-to-date: /home/bingflame/RoArm-M1/install/astra_camera_msgs/share/astra_camera_msgs/srv/GetInt32_Response.msg
[1.544s] -- Up-to-date: /home/bingflame/RoArm-M1/install/astra_camera_msgs/share/astra_camera_msgs/srv/GetString.srv
[1.544s] -- Up-to-date: /home/bingflame/RoArm-M1/install/astra_camera_msgs/share/astra_camera_msgs/srv/GetString_Request.msg
[1.544s] -- Up-to-date: /home/bingflame/RoArm-M1/install/astra_camera_msgs/share/astra_camera_msgs/srv/GetString_Response.msg
[1.544s] -- Up-to-date: /home/bingflame/RoArm-M1/install/astra_camera_msgs/share/astra_camera_msgs/srv/SetInt32.srv
[1.544s] -- Up-to-date: /home/bingflame/RoArm-M1/install/astra_camera_msgs/share/astra_camera_msgs/srv/SetInt32_Request.msg
[1.544s] -- Up-to-date: /home/bingflame/RoArm-M1/install/astra_camera_msgs/share/astra_camera_msgs/srv/SetInt32_Response.msg
[1.545s] -- Up-to-date: /home/bingflame/RoArm-M1/install/astra_camera_msgs/share/ament_index/resource_index/package_run_dependencies/astra_camera_msgs
[1.545s] -- Up-to-date: /home/bingflame/RoArm-M1/install/astra_camera_msgs/share/ament_index/resource_index/parent_prefix_path/astra_camera_msgs
[1.545s] -- Up-to-date: /home/bingflame/RoArm-M1/install/astra_camera_msgs/share/astra_camera_msgs/environment/ament_prefix_path.sh
[1.545s] -- Up-to-date: /home/bingflame/RoArm-M1/install/astra_camera_msgs/share/astra_camera_msgs/environment/ament_prefix_path.dsv
[1.545s] -- Up-to-date: /home/bingflame/RoArm-M1/install/astra_camera_msgs/share/astra_camera_msgs/environment/path.sh
[1.545s] -- Up-to-date: /home/bingflame/RoArm-M1/install/astra_camera_msgs/share/astra_camera_msgs/environment/path.dsv
[1.545s] -- Up-to-date: /home/bingflame/RoArm-M1/install/astra_camera_msgs/share/astra_camera_msgs/local_setup.bash
[1.545s] -- Up-to-date: /home/bingflame/RoArm-M1/install/astra_camera_msgs/share/astra_camera_msgs/local_setup.sh
[1.546s] -- Up-to-date: /home/bingflame/RoArm-M1/install/astra_camera_msgs/share/astra_camera_msgs/local_setup.zsh
[1.546s] -- Up-to-date: /home/bingflame/RoArm-M1/install/astra_camera_msgs/share/astra_camera_msgs/local_setup.dsv
[1.546s] -- Installing: /home/bingflame/RoArm-M1/install/astra_camera_msgs/share/astra_camera_msgs/package.dsv
[1.546s] -- Up-to-date: /home/bingflame/RoArm-M1/install/astra_camera_msgs/share/ament_index/resource_index/packages/astra_camera_msgs
[1.546s] -- Up-to-date: /home/bingflame/RoArm-M1/install/astra_camera_msgs/share/astra_camera_msgs/cmake/export_astra_camera_msgs__rosidl_generator_cExport.cmake
[1.546s] -- Up-to-date: /home/bingflame/RoArm-M1/install/astra_camera_msgs/share/astra_camera_msgs/cmake/export_astra_camera_msgs__rosidl_generator_cExport-noconfig.cmake
[1.546s] -- Up-to-date: /home/bingflame/RoArm-M1/install/astra_camera_msgs/share/astra_camera_msgs/cmake/export_astra_camera_msgs__rosidl_typesupport_fastrtps_cExport.cmake
[1.547s] -- Up-to-date: /home/bingflame/RoArm-M1/install/astra_camera_msgs/share/astra_camera_msgs/cmake/export_astra_camera_msgs__rosidl_typesupport_fastrtps_cExport-noconfig.cmake
[1.547s] -- Up-to-date: /home/bingflame/RoArm-M1/install/astra_camera_msgs/share/astra_camera_msgs/cmake/astra_camera_msgs__rosidl_typesupport_introspection_cExport.cmake
[1.547s] -- Up-to-date: /home/bingflame/RoArm-M1/install/astra_camera_msgs/share/astra_camera_msgs/cmake/astra_camera_msgs__rosidl_typesupport_introspection_cExport-noconfig.cmake
[1.547s] -- Up-to-date: /home/bingflame/RoArm-M1/install/astra_camera_msgs/share/astra_camera_msgs/cmake/astra_camera_msgs__rosidl_typesupport_cExport.cmake
[1.547s] -- Up-to-date: /home/bingflame/RoArm-M1/install/astra_camera_msgs/share/astra_camera_msgs/cmake/astra_camera_msgs__rosidl_typesupport_cExport-noconfig.cmake
[1.547s] -- Up-to-date: /home/bingflame/RoArm-M1/install/astra_camera_msgs/share/astra_camera_msgs/cmake/export_astra_camera_msgs__rosidl_generator_cppExport.cmake
[1.547s] -- Up-to-date: /home/bingflame/RoArm-M1/install/astra_camera_msgs/share/astra_camera_msgs/cmake/export_astra_camera_msgs__rosidl_typesupport_fastrtps_cppExport.cmake
[1.547s] -- Up-to-date: /home/bingflame/RoArm-M1/install/astra_camera_msgs/share/astra_camera_msgs/cmake/export_astra_camera_msgs__rosidl_typesupport_fastrtps_cppExport-noconfig.cmake
[1.548s] -- Up-to-date: /home/bingflame/RoArm-M1/install/astra_camera_msgs/share/astra_camera_msgs/cmake/astra_camera_msgs__rosidl_typesupport_introspection_cppExport.cmake
[1.548s] -- Up-to-date: /home/bingflame/RoArm-M1/install/astra_camera_msgs/share/astra_camera_msgs/cmake/astra_camera_msgs__rosidl_typesupport_introspection_cppExport-noconfig.cmake
[1.549s] -- Up-to-date: /home/bingflame/RoArm-M1/install/astra_camera_msgs/share/astra_camera_msgs/cmake/astra_camera_msgs__rosidl_typesupport_cppExport.cmake
[1.551s] -- Up-to-date: /home/bingflame/RoArm-M1/install/astra_camera_msgs/share/astra_camera_msgs/cmake/astra_camera_msgs__rosidl_typesupport_cppExport-noconfig.cmake
[1.551s] -- Up-to-date: /home/bingflame/RoArm-M1/install/astra_camera_msgs/share/astra_camera_msgs/cmake/export_astra_camera_msgs__rosidl_generator_pyExport.cmake
[1.551s] -- Up-to-date: /home/bingflame/RoArm-M1/install/astra_camera_msgs/share/astra_camera_msgs/cmake/export_astra_camera_msgs__rosidl_generator_pyExport-noconfig.cmake
[1.552s] -- Up-to-date: /home/bingflame/RoArm-M1/install/astra_camera_msgs/share/astra_camera_msgs/cmake/rosidl_cmake-extras.cmake
[1.552s] -- Up-to-date: /home/bingflame/RoArm-M1/install/astra_camera_msgs/share/astra_camera_msgs/cmake/ament_cmake_export_dependencies-extras.cmake
[1.552s] -- Up-to-date: /home/bingflame/RoArm-M1/install/astra_camera_msgs/share/astra_camera_msgs/cmake/ament_cmake_export_include_directories-extras.cmake
[1.552s] -- Up-to-date: /home/bingflame/RoArm-M1/install/astra_camera_msgs/share/astra_camera_msgs/cmake/ament_cmake_export_libraries-extras.cmake
[1.553s] -- Up-to-date: /home/bingflame/RoArm-M1/install/astra_camera_msgs/share/astra_camera_msgs/cmake/ament_cmake_export_targets-extras.cmake
[1.553s] -- Up-to-date: /home/bingflame/RoArm-M1/install/astra_camera_msgs/share/astra_camera_msgs/cmake/rosidl_cmake_export_typesupport_targets-extras.cmake
[1.553s] -- Up-to-date: /home/bingflame/RoArm-M1/install/astra_camera_msgs/share/astra_camera_msgs/cmake/rosidl_cmake_export_typesupport_libraries-extras.cmake
[1.553s] -- Up-to-date: /home/bingflame/RoArm-M1/install/astra_camera_msgs/share/astra_camera_msgs/cmake/astra_camera_msgsConfig.cmake
[1.553s] -- Up-to-date: /home/bingflame/RoArm-M1/install/astra_camera_msgs/share/astra_camera_msgs/cmake/astra_camera_msgsConfig-version.cmake
[1.554s] -- Up-to-date: /home/bingflame/RoArm-M1/install/astra_camera_msgs/share/astra_camera_msgs/package.xml
[1.554s] Invoked command in '/home/bingflame/RoArm-M1/build/astra_camera_msgs' returned '0': CMAKE_PREFIX_PATH=${CMAKE_PREFIX_PATH}:/home/bingflame/RoArm-M1/install/serial_ctrl:/opt/ros/humble CONDA_PROMPT_MODIFIER=(base) /usr/bin/cmake --install /home/bingflame/RoArm-M1/build/astra_camera_msgs
