[0.024s] Invoking command in '/home/bingflame/RoArm-M1/build/astra_camera': AMENT_PREFIX_PATH=/home/bingflame/RoArm-M1/install/astra_camera_msgs:${AMENT_PREFIX_PATH} CMAKE_PREFIX_PATH=/home/bingflame/RoArm-M1/install/astra_camera_msgs:/opt/ros/humble CONDA_PROMPT_MODIFIER=(base) LD_LIBRARY_PATH=/home/bingflame/RoArm-M1/install/astra_camera_msgs/lib:/opt/ros/humble/opt/rviz_ogre_vendor/lib:/opt/ros/humble/lib/aarch64-linux-gnu:/opt/ros/humble/lib:/usr/local/cuda-12.6/lib64:/home/bingflame/xiugaihou/JetsonGPIO/build/ PYTHONPATH=/home/bingflame/RoArm-M1/install/astra_camera_msgs/lib/python3.10/site-packages:${PYTHONPATH} /usr/bin/cmake --build /home/bingflame/RoArm-M1/build/astra_camera -- -j6 -l6
[0.145s] [35m[1mConsolidate compiler generated dependencies of target astra_camera[0m
[0.155s] [ 11%] Built target point_cloud_subscriber
[0.281s] [ 88%] Built target astra_camera
[0.308s] [35m[1mConsolidate compiler generated dependencies of target list_devices_node[0m
[0.350s] [100%] Built target list_devices_node
[0.378s] Invoked command in '/home/bingflame/RoArm-M1/build/astra_camera' returned '0': AMENT_PREFIX_PATH=/home/bingflame/RoArm-M1/install/astra_camera_msgs:${AMENT_PREFIX_PATH} CMAKE_PREFIX_PATH=/home/bingflame/RoArm-M1/install/astra_camera_msgs:/opt/ros/humble CONDA_PROMPT_MODIFIER=(base) LD_LIBRARY_PATH=/home/bingflame/RoArm-M1/install/astra_camera_msgs/lib:/opt/ros/humble/opt/rviz_ogre_vendor/lib:/opt/ros/humble/lib/aarch64-linux-gnu:/opt/ros/humble/lib:/usr/local/cuda-12.6/lib64:/home/bingflame/xiugaihou/JetsonGPIO/build/ PYTHONPATH=/home/bingflame/RoArm-M1/install/astra_camera_msgs/lib/python3.10/site-packages:${PYTHONPATH} /usr/bin/cmake --build /home/bingflame/RoArm-M1/build/astra_camera -- -j6 -l6
[0.507s] Invoking command in '/home/bingflame/RoArm-M1/build/astra_camera': AMENT_PREFIX_PATH=/home/bingflame/RoArm-M1/install/astra_camera_msgs:${AMENT_PREFIX_PATH} CMAKE_PREFIX_PATH=/home/bingflame/RoArm-M1/install/astra_camera_msgs:/opt/ros/humble CONDA_PROMPT_MODIFIER=(base) LD_LIBRARY_PATH=/home/bingflame/RoArm-M1/install/astra_camera_msgs/lib:/opt/ros/humble/opt/rviz_ogre_vendor/lib:/opt/ros/humble/lib/aarch64-linux-gnu:/opt/ros/humble/lib:/usr/local/cuda-12.6/lib64:/home/bingflame/xiugaihou/JetsonGPIO/build/ PYTHONPATH=/home/bingflame/RoArm-M1/install/astra_camera_msgs/lib/python3.10/site-packages:${PYTHONPATH} /usr/bin/cmake --install /home/bingflame/RoArm-M1/build/astra_camera
[0.529s] -- Install configuration: "Debug"
[0.530s] -- Up-to-date: /home/bingflame/RoArm-M1/install/astra_camera/lib/libastra_camera.so
[0.530s] -- Up-to-date: /home/bingflame/RoArm-M1/install/astra_camera/lib/libOpenNI2.so
[0.530s] -- Up-to-date: /home/bingflame/RoArm-M1/install/astra_camera/lib//OpenNI2
[0.531s] -- Up-to-date: /home/bingflame/RoArm-M1/install/astra_camera/lib//OpenNI2/Drivers
[0.531s] -- Up-to-date: /home/bingflame/RoArm-M1/install/astra_camera/lib//OpenNI2/Drivers/liborbbec.so
[0.531s] -- Up-to-date: /home/bingflame/RoArm-M1/install/astra_camera/lib//OpenNI2/Drivers/libOniFile.so
[0.531s] -- Up-to-date: /home/bingflame/RoArm-M1/install/astra_camera/lib//OpenNI2/Drivers/OniFile.ini
[0.531s] -- Up-to-date: /home/bingflame/RoArm-M1/install/astra_camera/lib//OpenNI2/Drivers/orbbec.ini
[0.532s] -- Up-to-date: /home/bingflame/RoArm-M1/install/astra_camera/lib/astra_camera/list_devices_node
[0.532s] -- Up-to-date: /home/bingflame/RoArm-M1/install/astra_camera/include
[0.533s] -- Up-to-date: /home/bingflame/RoArm-M1/install/astra_camera/include/magic_enum.hpp
[0.533s] -- Up-to-date: /home/bingflame/RoArm-M1/install/astra_camera/include/openni2
[0.533s] -- Up-to-date: /home/bingflame/RoArm-M1/install/astra_camera/include/openni2/OniCEnums.h
[0.534s] -- Up-to-date: /home/bingflame/RoArm-M1/install/astra_camera/include/openni2/OniCTypes.h
[0.534s] -- Up-to-date: /home/bingflame/RoArm-M1/install/astra_camera/include/openni2/util.h
[0.534s] -- Up-to-date: /home/bingflame/RoArm-M1/install/astra_camera/include/openni2/openni2_redist
[0.534s] -- Up-to-date: /home/bingflame/RoArm-M1/install/astra_camera/include/openni2/openni2_redist/arm
[0.535s] -- Up-to-date: /home/bingflame/RoArm-M1/install/astra_camera/include/openni2/openni2_redist/arm/libDepthUtils.a
[0.535s] -- Up-to-date: /home/bingflame/RoArm-M1/install/astra_camera/include/openni2/openni2_redist/arm/OpenNI2
[0.535s] -- Up-to-date: /home/bingflame/RoArm-M1/install/astra_camera/include/openni2/openni2_redist/arm/OpenNI2/Drivers
[0.535s] -- Up-to-date: /home/bingflame/RoArm-M1/install/astra_camera/include/openni2/openni2_redist/arm/OpenNI2/Drivers/liborbbec.so
[0.536s] -- Up-to-date: /home/bingflame/RoArm-M1/install/astra_camera/include/openni2/openni2_redist/arm/OpenNI2/Drivers/libOniFile.so
[0.536s] -- Up-to-date: /home/bingflame/RoArm-M1/install/astra_camera/include/openni2/openni2_redist/arm/OpenNI2/Drivers/OniFile.ini
[0.536s] -- Up-to-date: /home/bingflame/RoArm-M1/install/astra_camera/include/openni2/openni2_redist/arm/OpenNI2/Drivers/orbbec.ini
[0.536s] -- Up-to-date: /home/bingflame/RoArm-M1/install/astra_camera/include/openni2/openni2_redist/arm/SimpleRead
[0.537s] -- Up-to-date: /home/bingflame/RoArm-M1/install/astra_camera/include/openni2/openni2_redist/arm/OpenNI.ini
[0.537s] -- Up-to-date: /home/bingflame/RoArm-M1/install/astra_camera/include/openni2/openni2_redist/arm/PS1080Console
[0.537s] -- Up-to-date: /home/bingflame/RoArm-M1/install/astra_camera/include/openni2/openni2_redist/arm/NiViewer
[0.538s] -- Up-to-date: /home/bingflame/RoArm-M1/install/astra_camera/include/openni2/openni2_redist/arm/libOpenNI2.so
[0.538s] -- Up-to-date: /home/bingflame/RoArm-M1/install/astra_camera/include/openni2/openni2_redist/x64
[0.538s] -- Up-to-date: /home/bingflame/RoArm-M1/install/astra_camera/include/openni2/openni2_redist/x64/OpenNI2
[0.538s] -- Up-to-date: /home/bingflame/RoArm-M1/install/astra_camera/include/openni2/openni2_redist/x64/OpenNI2/Drivers
[0.539s] -- Up-to-date: /home/bingflame/RoArm-M1/install/astra_camera/include/openni2/openni2_redist/x64/OpenNI2/Drivers/liborbbec.so
[0.539s] -- Up-to-date: /home/bingflame/RoArm-M1/install/astra_camera/include/openni2/openni2_redist/x64/OpenNI2/Drivers/libOniFile.so
[0.539s] -- Up-to-date: /home/bingflame/RoArm-M1/install/astra_camera/include/openni2/openni2_redist/x64/OpenNI2/Drivers/OniFile.ini
[0.539s] -- Up-to-date: /home/bingflame/RoArm-M1/install/astra_camera/include/openni2/openni2_redist/x64/OpenNI2/Drivers/orbbec.ini
[0.540s] -- Up-to-date: /home/bingflame/RoArm-M1/install/astra_camera/include/openni2/openni2_redist/x64/OpenNI.ini
[0.540s] -- Up-to-date: /home/bingflame/RoArm-M1/install/astra_camera/include/openni2/openni2_redist/x64/libOpenNI2.so
[0.540s] -- Up-to-date: /home/bingflame/RoArm-M1/install/astra_camera/include/openni2/openni2_redist/arm64
[0.541s] -- Up-to-date: /home/bingflame/RoArm-M1/install/astra_camera/include/openni2/openni2_redist/arm64/libDepthUtils.a
[0.541s] -- Up-to-date: /home/bingflame/RoArm-M1/install/astra_camera/include/openni2/openni2_redist/arm64/OpenNI2
[0.541s] -- Up-to-date: /home/bingflame/RoArm-M1/install/astra_camera/include/openni2/openni2_redist/arm64/OpenNI2/Drivers
[0.541s] -- Up-to-date: /home/bingflame/RoArm-M1/install/astra_camera/include/openni2/openni2_redist/arm64/OpenNI2/Drivers/liborbbec.so
[0.542s] -- Up-to-date: /home/bingflame/RoArm-M1/install/astra_camera/include/openni2/openni2_redist/arm64/OpenNI2/Drivers/libOniFile.so
[0.542s] -- Up-to-date: /home/bingflame/RoArm-M1/install/astra_camera/include/openni2/openni2_redist/arm64/OpenNI2/Drivers/OniFile.ini
[0.542s] -- Up-to-date: /home/bingflame/RoArm-M1/install/astra_camera/include/openni2/openni2_redist/arm64/OpenNI2/Drivers/orbbec.ini
[0.543s] -- Up-to-date: /home/bingflame/RoArm-M1/install/astra_camera/include/openni2/openni2_redist/arm64/SimpleRead
[0.543s] -- Up-to-date: /home/bingflame/RoArm-M1/install/astra_camera/include/openni2/openni2_redist/arm64/OpenNI.ini
[0.543s] -- Up-to-date: /home/bingflame/RoArm-M1/install/astra_camera/include/openni2/openni2_redist/arm64/PS1080Console
[0.543s] -- Up-to-date: /home/bingflame/RoArm-M1/install/astra_camera/include/openni2/openni2_redist/arm64/NiViewer
[0.544s] -- Up-to-date: /home/bingflame/RoArm-M1/install/astra_camera/include/openni2/openni2_redist/arm64/libOpenNI2.so
[0.544s] -- Up-to-date: /home/bingflame/RoArm-M1/install/astra_camera/include/openni2/KinectProperties.h
[0.544s] -- Up-to-date: /home/bingflame/RoArm-M1/install/astra_camera/include/openni2/OniVersion.h
[0.544s] -- Up-to-date: /home/bingflame/RoArm-M1/install/astra_camera/include/openni2/PSLink.h
[0.544s] -- Up-to-date: /home/bingflame/RoArm-M1/install/astra_camera/include/openni2/OniPlatform.h
[0.545s] -- Up-to-date: /home/bingflame/RoArm-M1/install/astra_camera/include/openni2/MacOSX
[0.545s] -- Up-to-date: /home/bingflame/RoArm-M1/install/astra_camera/include/openni2/MacOSX/OniPlatformMacOSX.h
[0.545s] -- Up-to-date: /home/bingflame/RoArm-M1/install/astra_camera/include/openni2/SonixCamera.h
[0.545s] -- Up-to-date: /home/bingflame/RoArm-M1/install/astra_camera/include/openni2/OniEnums.h
[0.545s] -- Up-to-date: /home/bingflame/RoArm-M1/install/astra_camera/include/openni2/OniCProperties.h
[0.546s] -- Up-to-date: /home/bingflame/RoArm-M1/install/astra_camera/include/openni2/OniProperties.h
[0.546s] -- Up-to-date: /home/bingflame/RoArm-M1/install/astra_camera/include/openni2/OniTest.h
[0.546s] -- Up-to-date: /home/bingflame/RoArm-M1/install/astra_camera/include/openni2/Linux-x86
[0.546s] -- Up-to-date: /home/bingflame/RoArm-M1/install/astra_camera/include/openni2/Linux-x86/OniPlatformLinux-x86.h
[0.546s] -- Up-to-date: /home/bingflame/RoArm-M1/install/astra_camera/include/openni2/OpenNI.h
[0.546s] -- Up-to-date: /home/bingflame/RoArm-M1/install/astra_camera/include/openni2/PrimeSense.h
[0.547s] -- Up-to-date: /home/bingflame/RoArm-M1/install/astra_camera/include/openni2/PS1080.h
[0.547s] -- Up-to-date: /home/bingflame/RoArm-M1/install/astra_camera/include/openni2/Driver
[0.547s] -- Up-to-date: /home/bingflame/RoArm-M1/install/astra_camera/include/openni2/Driver/OniDriverAPI.h
[0.547s] -- Up-to-date: /home/bingflame/RoArm-M1/install/astra_camera/include/openni2/Driver/OniDriverTypes.h
[0.547s] -- Up-to-date: /home/bingflame/RoArm-M1/install/astra_camera/include/openni2/Win32
[0.547s] -- Up-to-date: /home/bingflame/RoArm-M1/install/astra_camera/include/openni2/Win32/OniPlatformWin32.h
[0.547s] -- Up-to-date: /home/bingflame/RoArm-M1/install/astra_camera/include/openni2/Linux-Arm
[0.548s] -- Up-to-date: /home/bingflame/RoArm-M1/install/astra_camera/include/openni2/Linux-Arm/OniPlatformLinux-Arm.h
[0.548s] -- Up-to-date: /home/bingflame/RoArm-M1/install/astra_camera/include/openni2/OniCAPI.h
[0.548s] -- Up-to-date: /home/bingflame/RoArm-M1/install/astra_camera/include/openni2/Android-Arm
[0.548s] -- Up-to-date: /home/bingflame/RoArm-M1/install/astra_camera/include/openni2/Android-Arm/OniPlatformAndroid-Arm.h
[0.548s] -- Up-to-date: /home/bingflame/RoArm-M1/install/astra_camera/include/nlohmann
[0.548s] -- Up-to-date: /home/bingflame/RoArm-M1/install/astra_camera/include/nlohmann/json.hpp
[0.549s] -- Up-to-date: /home/bingflame/RoArm-M1/install/astra_camera/include/nlohmann/json_fwd.hpp
[0.549s] -- Up-to-date: /home/bingflame/RoArm-M1/install/astra_camera/include/nlohmann/thirdparty
[0.549s] -- Up-to-date: /home/bingflame/RoArm-M1/install/astra_camera/include/nlohmann/thirdparty/hedley
[0.549s] -- Up-to-date: /home/bingflame/RoArm-M1/install/astra_camera/include/nlohmann/thirdparty/hedley/hedley_undef.hpp
[0.549s] -- Up-to-date: /home/bingflame/RoArm-M1/install/astra_camera/include/nlohmann/thirdparty/hedley/hedley.hpp
[0.549s] -- Up-to-date: /home/bingflame/RoArm-M1/install/astra_camera/include/nlohmann/detail
[0.549s] -- Up-to-date: /home/bingflame/RoArm-M1/install/astra_camera/include/nlohmann/detail/abi_macros.hpp
[0.549s] -- Up-to-date: /home/bingflame/RoArm-M1/install/astra_camera/include/nlohmann/detail/conversions
[0.550s] -- Up-to-date: /home/bingflame/RoArm-M1/install/astra_camera/include/nlohmann/detail/conversions/from_json.hpp
[0.550s] -- Up-to-date: /home/bingflame/RoArm-M1/install/astra_camera/include/nlohmann/detail/conversions/to_json.hpp
[0.550s] -- Up-to-date: /home/bingflame/RoArm-M1/install/astra_camera/include/nlohmann/detail/conversions/to_chars.hpp
[0.550s] -- Up-to-date: /home/bingflame/RoArm-M1/install/astra_camera/include/nlohmann/detail/meta
[0.550s] -- Up-to-date: /home/bingflame/RoArm-M1/install/astra_camera/include/nlohmann/detail/meta/identity_tag.hpp
[0.550s] -- Up-to-date: /home/bingflame/RoArm-M1/install/astra_camera/include/nlohmann/detail/meta/type_traits.hpp
[0.550s] -- Up-to-date: /home/bingflame/RoArm-M1/install/astra_camera/include/nlohmann/detail/meta/detected.hpp
[0.551s] -- Up-to-date: /home/bingflame/RoArm-M1/install/astra_camera/include/nlohmann/detail/meta/std_fs.hpp
[0.551s] -- Up-to-date: /home/bingflame/RoArm-M1/install/astra_camera/include/nlohmann/detail/meta/cpp_future.hpp
[0.552s] -- Up-to-date: /home/bingflame/RoArm-M1/install/astra_camera/include/nlohmann/detail/meta/void_t.hpp
[0.553s] -- Up-to-date: /home/bingflame/RoArm-M1/install/astra_camera/include/nlohmann/detail/meta/is_sax.hpp
[0.555s] -- Up-to-date: /home/bingflame/RoArm-M1/install/astra_camera/include/nlohmann/detail/meta/call_std
[0.555s] -- Up-to-date: /home/bingflame/RoArm-M1/install/astra_camera/include/nlohmann/detail/meta/call_std/end.hpp
[0.555s] -- Up-to-date: /home/bingflame/RoArm-M1/install/astra_camera/include/nlohmann/detail/meta/call_std/begin.hpp
[0.556s] -- Up-to-date: /home/bingflame/RoArm-M1/install/astra_camera/include/nlohmann/detail/iterators
[0.556s] -- Up-to-date: /home/bingflame/RoArm-M1/install/astra_camera/include/nlohmann/detail/iterators/iterator_traits.hpp
[0.556s] -- Up-to-date: /home/bingflame/RoArm-M1/install/astra_camera/include/nlohmann/detail/iterators/json_reverse_iterator.hpp
[0.556s] -- Up-to-date: /home/bingflame/RoArm-M1/install/astra_camera/include/nlohmann/detail/iterators/internal_iterator.hpp
[0.557s] -- Up-to-date: /home/bingflame/RoArm-M1/install/astra_camera/include/nlohmann/detail/iterators/primitive_iterator.hpp
[0.557s] -- Up-to-date: /home/bingflame/RoArm-M1/install/astra_camera/include/nlohmann/detail/iterators/iteration_proxy.hpp
[0.557s] -- Up-to-date: /home/bingflame/RoArm-M1/install/astra_camera/include/nlohmann/detail/iterators/iter_impl.hpp
[0.558s] -- Up-to-date: /home/bingflame/RoArm-M1/install/astra_camera/include/nlohmann/detail/macro_unscope.hpp
[0.558s] -- Up-to-date: /home/bingflame/RoArm-M1/install/astra_camera/include/nlohmann/detail/macro_scope.hpp
[0.558s] -- Up-to-date: /home/bingflame/RoArm-M1/install/astra_camera/include/nlohmann/detail/output
[0.559s] -- Up-to-date: /home/bingflame/RoArm-M1/install/astra_camera/include/nlohmann/detail/output/binary_writer.hpp
[0.559s] -- Up-to-date: /home/bingflame/RoArm-M1/install/astra_camera/include/nlohmann/detail/output/serializer.hpp
[0.559s] -- Up-to-date: /home/bingflame/RoArm-M1/install/astra_camera/include/nlohmann/detail/output/output_adapters.hpp
[0.559s] -- Up-to-date: /home/bingflame/RoArm-M1/install/astra_camera/include/nlohmann/detail/input
[0.560s] -- Up-to-date: /home/bingflame/RoArm-M1/install/astra_camera/include/nlohmann/detail/input/binary_reader.hpp
[0.560s] -- Up-to-date: /home/bingflame/RoArm-M1/install/astra_camera/include/nlohmann/detail/input/input_adapters.hpp
[0.560s] -- Up-to-date: /home/bingflame/RoArm-M1/install/astra_camera/include/nlohmann/detail/input/parser.hpp
[0.561s] -- Up-to-date: /home/bingflame/RoArm-M1/install/astra_camera/include/nlohmann/detail/input/position_t.hpp
[0.561s] -- Up-to-date: /home/bingflame/RoArm-M1/install/astra_camera/include/nlohmann/detail/input/json_sax.hpp
[0.561s] -- Up-to-date: /home/bingflame/RoArm-M1/install/astra_camera/include/nlohmann/detail/input/lexer.hpp
[0.562s] -- Up-to-date: /home/bingflame/RoArm-M1/install/astra_camera/include/nlohmann/detail/string_concat.hpp
[0.562s] -- Up-to-date: /home/bingflame/RoArm-M1/install/astra_camera/include/nlohmann/detail/value_t.hpp
[0.562s] -- Up-to-date: /home/bingflame/RoArm-M1/install/astra_camera/include/nlohmann/detail/hash.hpp
[0.562s] -- Up-to-date: /home/bingflame/RoArm-M1/install/astra_camera/include/nlohmann/detail/json_custom_base_class.hpp
[0.563s] -- Up-to-date: /home/bingflame/RoArm-M1/install/astra_camera/include/nlohmann/detail/exceptions.hpp
[0.564s] -- Up-to-date: /home/bingflame/RoArm-M1/install/astra_camera/include/nlohmann/detail/json_ref.hpp
[0.564s] -- Up-to-date: /home/bingflame/RoArm-M1/install/astra_camera/include/nlohmann/detail/string_escape.hpp
[0.565s] -- Up-to-date: /home/bingflame/RoArm-M1/install/astra_camera/include/nlohmann/detail/json_pointer.hpp
[0.566s] -- Up-to-date: /home/bingflame/RoArm-M1/install/astra_camera/include/nlohmann/adl_serializer.hpp
[0.566s] -- Up-to-date: /home/bingflame/RoArm-M1/install/astra_camera/include/nlohmann/ordered_map.hpp
[0.566s] -- Up-to-date: /home/bingflame/RoArm-M1/install/astra_camera/include/nlohmann/byte_container_with_subtype.hpp
[0.567s] -- Up-to-date: /home/bingflame/RoArm-M1/install/astra_camera/include/astra_camera
[0.567s] -- Up-to-date: /home/bingflame/RoArm-M1/install/astra_camera/include/astra_camera/device_listener.h
[0.568s] -- Up-to-date: /home/bingflame/RoArm-M1/install/astra_camera/include/astra_camera/constants.h
[0.568s] -- Up-to-date: /home/bingflame/RoArm-M1/install/astra_camera/include/astra_camera/magic_enum.hpp
[0.568s] -- Up-to-date: /home/bingflame/RoArm-M1/install/astra_camera/include/astra_camera/point_cloud_proc
[0.568s] -- Up-to-date: /home/bingflame/RoArm-M1/install/astra_camera/include/astra_camera/point_cloud_proc/point_cloud_xyzrgb.h
[0.569s] -- Up-to-date: /home/bingflame/RoArm-M1/install/astra_camera/include/astra_camera/point_cloud_proc/depth_traits.h
[0.569s] -- Up-to-date: /home/bingflame/RoArm-M1/install/astra_camera/include/astra_camera/point_cloud_proc/point_cloud_xyz.h
[0.570s] -- Up-to-date: /home/bingflame/RoArm-M1/install/astra_camera/include/astra_camera/ob_timer_filter.h
[0.570s] -- Up-to-date: /home/bingflame/RoArm-M1/install/astra_camera/include/astra_camera/utils.h
[0.571s] -- Up-to-date: /home/bingflame/RoArm-M1/install/astra_camera/include/astra_camera/dynamic_params.h
[0.571s] -- Up-to-date: /home/bingflame/RoArm-M1/install/astra_camera/include/astra_camera/ob_camera_node_factory.h
[0.572s] -- Up-to-date: /home/bingflame/RoArm-M1/install/astra_camera/include/astra_camera/ob_camera_node.h
[0.572s] -- Up-to-date: /home/bingflame/RoArm-M1/install/astra_camera/include/astra_camera/ros_param_backend.h
[0.573s] -- Up-to-date: /home/bingflame/RoArm-M1/install/astra_camera/include/astra_camera/ob_frame_listener.h
[0.574s] -- Up-to-date: /home/bingflame/RoArm-M1/install/astra_camera/include/astra_camera/uvc_camera_driver.h
[0.575s] -- Up-to-date: /home/bingflame/RoArm-M1/install/astra_camera/include/astra_camera/types.h
[0.575s] -- Up-to-date: /home/bingflame/RoArm-M1/install/astra_camera/share/astra_camera//launch
[0.575s] -- Up-to-date: /home/bingflame/RoArm-M1/install/astra_camera/share/astra_camera//launch/dabai.launch.py
[0.575s] -- Up-to-date: /home/bingflame/RoArm-M1/install/astra_camera/share/astra_camera//launch/multi_astra_mini.launch.py
[0.576s] -- Up-to-date: /home/bingflame/RoArm-M1/install/astra_camera/share/astra_camera//launch/dabai_dw.launch.py
[0.576s] -- Up-to-date: /home/bingflame/RoArm-M1/install/astra_camera/share/astra_camera//launch/dabai_dcw.launch.py
[0.577s] -- Up-to-date: /home/bingflame/RoArm-M1/install/astra_camera/share/astra_camera//launch/multi_dabai.launch.py
[0.577s] -- Up-to-date: /home/bingflame/RoArm-M1/install/astra_camera/share/astra_camera//launch/.gitkeep
[0.578s] -- Up-to-date: /home/bingflame/RoArm-M1/install/astra_camera/share/astra_camera//launch/multi_dabai_dcw.launch.py
[0.578s] -- Up-to-date: /home/bingflame/RoArm-M1/install/astra_camera/share/astra_camera//launch/dabai_pro.launch.py
[0.579s] -- Up-to-date: /home/bingflame/RoArm-M1/install/astra_camera/share/astra_camera//launch/astra_mini.launch.py
[0.580s] -- Up-to-date: /home/bingflame/RoArm-M1/install/astra_camera/share/astra_camera//launch/multi_dabai_pro.launch.py
[0.582s] -- Up-to-date: /home/bingflame/RoArm-M1/install/astra_camera/share/astra_camera//launch/multi_dabai_dw.launch.py
[0.584s] -- Up-to-date: /home/bingflame/RoArm-M1/install/astra_camera/share/astra_camera//config
[0.585s] -- Up-to-date: /home/bingflame/RoArm-M1/install/astra_camera/share/astra_camera//config/.gitkeep
[0.586s] -- Up-to-date: /home/bingflame/RoArm-M1/install/astra_camera/share/astra_camera//params
[0.586s] -- Up-to-date: /home/bingflame/RoArm-M1/install/astra_camera/share/astra_camera//params/dabai_params.yaml
[0.587s] -- Up-to-date: /home/bingflame/RoArm-M1/install/astra_camera/share/astra_camera//params/camera_params_template.yaml
[0.588s] -- Up-to-date: /home/bingflame/RoArm-M1/install/astra_camera/share/astra_camera//params/.gitkeep
[0.589s] -- Up-to-date: /home/bingflame/RoArm-M1/install/astra_camera/share/astra_camera//params/dabai_pro_params.yaml
[0.589s] -- Up-to-date: /home/bingflame/RoArm-M1/install/astra_camera/share/astra_camera//params/astra_mini_params.yaml
[0.590s] -- Up-to-date: /home/bingflame/RoArm-M1/install/astra_camera/share/astra_camera//params/dabai_dw_params.yaml
[0.591s] -- Up-to-date: /home/bingflame/RoArm-M1/install/astra_camera/share/astra_camera//params/dabai_dcw_params.yaml
[0.591s] -- Up-to-date: /home/bingflame/RoArm-M1/install/astra_camera/share/astra_camera//rviz
[0.591s] -- Up-to-date: /home/bingflame/RoArm-M1/install/astra_camera/share/astra_camera//rviz/pointcloud.rviz
[0.592s] -- Up-to-date: /home/bingflame/RoArm-M1/install/astra_camera/share/astra_camera//rviz/.gitkeep
[0.593s] -- Up-to-date: /home/bingflame/RoArm-M1/install/astra_camera/share/astra_camera//rviz/multi_camera.rviz
[0.594s] -- Up-to-date: /home/bingflame/RoArm-M1/install/astra_camera/share/astra_camera/environment/library_path.sh
[0.594s] -- Up-to-date: /home/bingflame/RoArm-M1/install/astra_camera/share/astra_camera/environment/library_path.dsv
[0.595s] -- Up-to-date: /home/bingflame/RoArm-M1/install/astra_camera/share/ament_index/resource_index/package_run_dependencies/astra_camera
[0.596s] -- Up-to-date: /home/bingflame/RoArm-M1/install/astra_camera/share/ament_index/resource_index/parent_prefix_path/astra_camera
[0.596s] -- Up-to-date: /home/bingflame/RoArm-M1/install/astra_camera/share/astra_camera/environment/ament_prefix_path.sh
[0.597s] -- Up-to-date: /home/bingflame/RoArm-M1/install/astra_camera/share/astra_camera/environment/ament_prefix_path.dsv
[0.597s] -- Up-to-date: /home/bingflame/RoArm-M1/install/astra_camera/share/astra_camera/environment/path.sh
[0.598s] -- Up-to-date: /home/bingflame/RoArm-M1/install/astra_camera/share/astra_camera/environment/path.dsv
[0.599s] -- Up-to-date: /home/bingflame/RoArm-M1/install/astra_camera/share/astra_camera/local_setup.bash
[0.600s] -- Up-to-date: /home/bingflame/RoArm-M1/install/astra_camera/share/astra_camera/local_setup.sh
[0.601s] -- Up-to-date: /home/bingflame/RoArm-M1/install/astra_camera/share/astra_camera/local_setup.zsh
[0.601s] -- Up-to-date: /home/bingflame/RoArm-M1/install/astra_camera/share/astra_camera/local_setup.dsv
[0.602s] -- Installing: /home/bingflame/RoArm-M1/install/astra_camera/share/astra_camera/package.dsv
[0.602s] -- Up-to-date: /home/bingflame/RoArm-M1/install/astra_camera/share/ament_index/resource_index/packages/astra_camera
[0.602s] -- Up-to-date: /home/bingflame/RoArm-M1/install/astra_camera/share/ament_index/resource_index/rclcpp_components/astra_camera
[0.602s] -- Up-to-date: /home/bingflame/RoArm-M1/install/astra_camera/share/astra_camera/cmake/ament_cmake_export_include_directories-extras.cmake
[0.602s] -- Up-to-date: /home/bingflame/RoArm-M1/install/astra_camera/share/astra_camera/cmake/ament_cmake_export_libraries-extras.cmake
[0.603s] -- Up-to-date: /home/bingflame/RoArm-M1/install/astra_camera/share/astra_camera/cmake/ament_cmake_export_dependencies-extras.cmake
[0.603s] -- Up-to-date: /home/bingflame/RoArm-M1/install/astra_camera/share/astra_camera/cmake/astra_cameraConfig.cmake
[0.603s] -- Up-to-date: /home/bingflame/RoArm-M1/install/astra_camera/share/astra_camera/cmake/astra_cameraConfig-version.cmake
[0.603s] -- Up-to-date: /home/bingflame/RoArm-M1/install/astra_camera/share/astra_camera/package.xml
[0.603s] -- Up-to-date: /home/bingflame/RoArm-M1/install/astra_camera/lib/astra_camera/point_cloud_subscriber
[0.604s] Invoked command in '/home/bingflame/RoArm-M1/build/astra_camera' returned '0': AMENT_PREFIX_PATH=/home/bingflame/RoArm-M1/install/astra_camera_msgs:${AMENT_PREFIX_PATH} CMAKE_PREFIX_PATH=/home/bingflame/RoArm-M1/install/astra_camera_msgs:/opt/ros/humble CONDA_PROMPT_MODIFIER=(base) LD_LIBRARY_PATH=/home/bingflame/RoArm-M1/install/astra_camera_msgs/lib:/opt/ros/humble/opt/rviz_ogre_vendor/lib:/opt/ros/humble/lib/aarch64-linux-gnu:/opt/ros/humble/lib:/usr/local/cuda-12.6/lib64:/home/bingflame/xiugaihou/JetsonGPIO/build/ PYTHONPATH=/home/bingflame/RoArm-M1/install/astra_camera_msgs/lib/python3.10/site-packages:${PYTHONPATH} /usr/bin/cmake --install /home/bingflame/RoArm-M1/build/astra_camera
