[1.417s] Invoking command in '/home/bingflame/RoArm-M1/src/serial_ctrl': CONDA_PROMPT_MODIFIER=(base) PYTHONPATH=/home/bingflame/RoArm-M1/build/serial_ctrl/prefix_override:/usr/lib/python3/dist-packages/colcon_core/task/python/colcon_distutils_commands:/home/bingflame/RoArm-M1/install/serial_ctrl/lib/python3.10/site-packages:${PYTHONPATH} /usr/bin/python3 -W ignore:setup.py install is deprecated setup.py egg_info --egg-base ../../build/serial_ctrl build --build-base /home/bingflame/RoArm-M1/build/serial_ctrl/build install --record /home/bingflame/RoArm-M1/build/serial_ctrl/install.log --single-version-externally-managed install_data
[1.912s] running egg_info
[1.913s] writing ../../build/serial_ctrl/serial_ctrl.egg-info/PKG-INFO
[1.914s] writing dependency_links to ../../build/serial_ctrl/serial_ctrl.egg-info/dependency_links.txt
[1.914s] writing entry points to ../../build/serial_ctrl/serial_ctrl.egg-info/entry_points.txt
[1.915s] writing requirements to ../../build/serial_ctrl/serial_ctrl.egg-info/requires.txt
[1.915s] writing top-level names to ../../build/serial_ctrl/serial_ctrl.egg-info/top_level.txt
[1.919s] reading manifest file '../../build/serial_ctrl/serial_ctrl.egg-info/SOURCES.txt'
[1.921s] writing manifest file '../../build/serial_ctrl/serial_ctrl.egg-info/SOURCES.txt'
[1.922s] running build
[1.922s] running build_py
[1.922s] running install
[1.923s] running install_lib
[1.925s] running install_data
[1.925s] running install_egg_info
[1.929s] removing '/home/bingflame/RoArm-M1/install/serial_ctrl/lib/python3.10/site-packages/serial_ctrl-0.0.0-py3.10.egg-info' (and everything under it)
[1.930s] Copying ../../build/serial_ctrl/serial_ctrl.egg-info to /home/bingflame/RoArm-M1/install/serial_ctrl/lib/python3.10/site-packages/serial_ctrl-0.0.0-py3.10.egg-info
[1.932s] running install_scripts
[1.977s] Installing serial_ctrl script to /home/bingflame/RoArm-M1/install/serial_ctrl/lib/serial_ctrl
[1.978s] writing list of installed files to '/home/bingflame/RoArm-M1/build/serial_ctrl/install.log'
[2.053s] Invoked command in '/home/bingflame/RoArm-M1/src/serial_ctrl' returned '0': CONDA_PROMPT_MODIFIER=(base) PYTHONPATH=/home/bingflame/RoArm-M1/build/serial_ctrl/prefix_override:/usr/lib/python3/dist-packages/colcon_core/task/python/colcon_distutils_commands:/home/bingflame/RoArm-M1/install/serial_ctrl/lib/python3.10/site-packages:${PYTHONPATH} /usr/bin/python3 -W ignore:setup.py install is deprecated setup.py egg_info --egg-base ../../build/serial_ctrl build --build-base /home/bingflame/RoArm-M1/build/serial_ctrl/build install --record /home/bingflame/RoArm-M1/build/serial_ctrl/install.log --single-version-externally-managed install_data
