[0.383s] DEBUG:colcon:Command line arguments: ['/usr/bin/colcon', 'build']
[0.384s] DEBUG:colcon:Parsed command line arguments: Namespace(log_base=None, log_level=None, verb_name='build', build_base='build', install_base='install', merge_install=False, symlink_install=False, test_result_base=None, continue_on_error=False, executor='parallel', parallel_workers=6, event_handlers=None, ignore_user_meta=False, metas=['./colcon.meta'], base_paths=['.'], packages_ignore=None, packages_ignore_regex=None, paths=None, packages_up_to=None, packages_up_to_regex=None, packages_above=None, packages_above_and_dependencies=None, packages_above_depth=None, packages_select_by_dep=None, packages_skip_by_dep=None, packages_skip_up_to=None, packages_select_build_failed=False, packages_skip_build_finished=False, packages_select_test_failures=False, packages_skip_test_passed=False, packages_select=None, packages_skip=None, packages_select_regex=None, packages_skip_regex=None, packages_start=None, packages_end=None, allow_overriding=[], cmake_args=None, cmake_target=None, cmake_target_skip_unavailable=False, cmake_clean_cache=False, cmake_clean_first=False, cmake_force_configure=False, ament_cmake_args=None, catkin_cmake_args=None, catkin_skip_building_tests=False, verb_parser=<colcon_defaults.argument_parser.defaults.DefaultArgumentsDecorator object at 0xffffaab33c40>, verb_extension=<colcon_core.verb.build.BuildVerb object at 0xffffaad40880>, main=<bound method BuildVerb.main of <colcon_core.verb.build.BuildVerb object at 0xffffaad40880>>)
[0.825s] Level 1:colcon.colcon_core.package_discovery:discover_packages(colcon_meta) check parameters
[0.825s] Level 1:colcon.colcon_core.package_discovery:discover_packages(recursive) check parameters
[0.825s] Level 1:colcon.colcon_core.package_discovery:discover_packages(ignore) check parameters
[0.825s] Level 1:colcon.colcon_core.package_discovery:discover_packages(path) check parameters
[0.826s] Level 1:colcon.colcon_core.package_discovery:discover_packages(colcon_meta) discover
[0.826s] Level 1:colcon.colcon_core.package_discovery:discover_packages(recursive) discover
[0.826s] INFO:colcon.colcon_core.package_discovery:Crawling recursively for packages in '/home/bingflame/RoArm-M1'
[0.826s] Level 1:colcon.colcon_core.package_identification:_identify(.) by extensions ['ignore', 'ignore_ament_install']
[0.826s] Level 1:colcon.colcon_core.package_identification:_identify(.) by extension 'ignore'
[0.827s] Level 1:colcon.colcon_core.package_identification:_identify(.) by extension 'ignore_ament_install'
[0.827s] Level 1:colcon.colcon_core.package_identification:_identify(.) by extensions ['colcon_pkg']
[0.827s] Level 1:colcon.colcon_core.package_identification:_identify(.) by extension 'colcon_pkg'
[0.827s] Level 1:colcon.colcon_core.package_identification:_identify(.) by extensions ['colcon_meta']
[0.827s] Level 1:colcon.colcon_core.package_identification:_identify(.) by extension 'colcon_meta'
[0.827s] Level 1:colcon.colcon_core.package_identification:_identify(.) by extensions ['ros']
[0.827s] Level 1:colcon.colcon_core.package_identification:_identify(.) by extension 'ros'
[0.856s] Level 1:colcon.colcon_core.package_identification:_identify(.) by extensions ['cmake', 'python']
[0.856s] Level 1:colcon.colcon_core.package_identification:_identify(.) by extension 'cmake'
[0.856s] Level 1:colcon.colcon_core.package_identification:_identify(.) by extension 'python'
[0.856s] Level 1:colcon.colcon_core.package_identification:_identify(.) by extensions ['python_setup_py']
[0.856s] Level 1:colcon.colcon_core.package_identification:_identify(.) by extension 'python_setup_py'
[0.857s] Level 1:colcon.colcon_core.package_identification:_identify(build) by extensions ['ignore', 'ignore_ament_install']
[0.857s] Level 1:colcon.colcon_core.package_identification:_identify(build) by extension 'ignore'
[0.857s] Level 1:colcon.colcon_core.package_identification:_identify(build) ignored
[0.857s] Level 1:colcon.colcon_core.package_identification:_identify(install) by extensions ['ignore', 'ignore_ament_install']
[0.858s] Level 1:colcon.colcon_core.package_identification:_identify(install) by extension 'ignore'
[0.858s] Level 1:colcon.colcon_core.package_identification:_identify(install) ignored
[0.858s] Level 1:colcon.colcon_core.package_identification:_identify(log) by extensions ['ignore', 'ignore_ament_install']
[0.858s] Level 1:colcon.colcon_core.package_identification:_identify(log) by extension 'ignore'
[0.858s] Level 1:colcon.colcon_core.package_identification:_identify(log) ignored
[0.859s] Level 1:colcon.colcon_core.package_identification:_identify(src) by extensions ['ignore', 'ignore_ament_install']
[0.859s] Level 1:colcon.colcon_core.package_identification:_identify(src) by extension 'ignore'
[0.859s] Level 1:colcon.colcon_core.package_identification:_identify(src) by extension 'ignore_ament_install'
[0.859s] Level 1:colcon.colcon_core.package_identification:_identify(src) by extensions ['colcon_pkg']
[0.859s] Level 1:colcon.colcon_core.package_identification:_identify(src) by extension 'colcon_pkg'
[0.859s] Level 1:colcon.colcon_core.package_identification:_identify(src) by extensions ['colcon_meta']
[0.859s] Level 1:colcon.colcon_core.package_identification:_identify(src) by extension 'colcon_meta'
[0.860s] Level 1:colcon.colcon_core.package_identification:_identify(src) by extensions ['ros']
[0.860s] Level 1:colcon.colcon_core.package_identification:_identify(src) by extension 'ros'
[0.860s] Level 1:colcon.colcon_core.package_identification:_identify(src) by extensions ['cmake', 'python']
[0.860s] Level 1:colcon.colcon_core.package_identification:_identify(src) by extension 'cmake'
[0.860s] Level 1:colcon.colcon_core.package_identification:_identify(src) by extension 'python'
[0.860s] Level 1:colcon.colcon_core.package_identification:_identify(src) by extensions ['python_setup_py']
[0.860s] Level 1:colcon.colcon_core.package_identification:_identify(src) by extension 'python_setup_py'
[0.861s] Level 1:colcon.colcon_core.package_identification:_identify(src/astra_camera) by extensions ['ignore', 'ignore_ament_install']
[0.861s] Level 1:colcon.colcon_core.package_identification:_identify(src/astra_camera) by extension 'ignore'
[0.861s] Level 1:colcon.colcon_core.package_identification:_identify(src/astra_camera) by extension 'ignore_ament_install'
[0.861s] Level 1:colcon.colcon_core.package_identification:_identify(src/astra_camera) by extensions ['colcon_pkg']
[0.861s] Level 1:colcon.colcon_core.package_identification:_identify(src/astra_camera) by extension 'colcon_pkg'
[0.861s] Level 1:colcon.colcon_core.package_identification:_identify(src/astra_camera) by extensions ['colcon_meta']
[0.861s] Level 1:colcon.colcon_core.package_identification:_identify(src/astra_camera) by extension 'colcon_meta'
[0.861s] Level 1:colcon.colcon_core.package_identification:_identify(src/astra_camera) by extensions ['ros']
[0.861s] Level 1:colcon.colcon_core.package_identification:_identify(src/astra_camera) by extension 'ros'
[0.871s] DEBUG:colcon.colcon_core.package_identification:Package 'src/astra_camera' with type 'ros.ament_cmake' and name 'astra_camera'
[0.872s] Level 1:colcon.colcon_core.package_identification:_identify(src/astra_camera_msgs) by extensions ['ignore', 'ignore_ament_install']
[0.872s] Level 1:colcon.colcon_core.package_identification:_identify(src/astra_camera_msgs) by extension 'ignore'
[0.872s] Level 1:colcon.colcon_core.package_identification:_identify(src/astra_camera_msgs) by extension 'ignore_ament_install'
[0.872s] Level 1:colcon.colcon_core.package_identification:_identify(src/astra_camera_msgs) by extensions ['colcon_pkg']
[0.872s] Level 1:colcon.colcon_core.package_identification:_identify(src/astra_camera_msgs) by extension 'colcon_pkg'
[0.872s] Level 1:colcon.colcon_core.package_identification:_identify(src/astra_camera_msgs) by extensions ['colcon_meta']
[0.873s] Level 1:colcon.colcon_core.package_identification:_identify(src/astra_camera_msgs) by extension 'colcon_meta'
[0.873s] Level 1:colcon.colcon_core.package_identification:_identify(src/astra_camera_msgs) by extensions ['ros']
[0.873s] Level 1:colcon.colcon_core.package_identification:_identify(src/astra_camera_msgs) by extension 'ros'
[0.875s] DEBUG:colcon.colcon_core.package_identification:Package 'src/astra_camera_msgs' with type 'ros.ament_cmake' and name 'astra_camera_msgs'
[0.875s] Level 1:colcon.colcon_core.package_identification:_identify(src/roarm) by extensions ['ignore', 'ignore_ament_install']
[0.876s] Level 1:colcon.colcon_core.package_identification:_identify(src/roarm) by extension 'ignore'
[0.876s] Level 1:colcon.colcon_core.package_identification:_identify(src/roarm) by extension 'ignore_ament_install'
[0.876s] Level 1:colcon.colcon_core.package_identification:_identify(src/roarm) by extensions ['colcon_pkg']
[0.876s] Level 1:colcon.colcon_core.package_identification:_identify(src/roarm) by extension 'colcon_pkg'
[0.876s] Level 1:colcon.colcon_core.package_identification:_identify(src/roarm) by extensions ['colcon_meta']
[0.876s] Level 1:colcon.colcon_core.package_identification:_identify(src/roarm) by extension 'colcon_meta'
[0.876s] Level 1:colcon.colcon_core.package_identification:_identify(src/roarm) by extensions ['ros']
[0.876s] Level 1:colcon.colcon_core.package_identification:_identify(src/roarm) by extension 'ros'
[0.878s] DEBUG:colcon.colcon_core.package_identification:Package 'src/roarm' with type 'ros.ament_cmake' and name 'roarm'
[0.878s] Level 1:colcon.colcon_core.package_identification:_identify(src/serial_ctrl) by extensions ['ignore', 'ignore_ament_install']
[0.879s] Level 1:colcon.colcon_core.package_identification:_identify(src/serial_ctrl) by extension 'ignore'
[0.879s] Level 1:colcon.colcon_core.package_identification:_identify(src/serial_ctrl) by extension 'ignore_ament_install'
[0.879s] Level 1:colcon.colcon_core.package_identification:_identify(src/serial_ctrl) by extensions ['colcon_pkg']
[0.879s] Level 1:colcon.colcon_core.package_identification:_identify(src/serial_ctrl) by extension 'colcon_pkg'
[0.879s] Level 1:colcon.colcon_core.package_identification:_identify(src/serial_ctrl) by extensions ['colcon_meta']
[0.879s] Level 1:colcon.colcon_core.package_identification:_identify(src/serial_ctrl) by extension 'colcon_meta'
[0.879s] Level 1:colcon.colcon_core.package_identification:_identify(src/serial_ctrl) by extensions ['ros']
[0.880s] Level 1:colcon.colcon_core.package_identification:_identify(src/serial_ctrl) by extension 'ros'
[0.881s] DEBUG:colcon.colcon_core.package_identification:Package 'src/serial_ctrl' with type 'ros.ament_python' and name 'serial_ctrl'
[0.881s] Level 1:colcon.colcon_core.package_identification:_identify(src/serial_reader) by extensions ['ignore', 'ignore_ament_install']
[0.881s] Level 1:colcon.colcon_core.package_identification:_identify(src/serial_reader) by extension 'ignore'
[0.881s] Level 1:colcon.colcon_core.package_identification:_identify(src/serial_reader) by extension 'ignore_ament_install'
[0.882s] Level 1:colcon.colcon_core.package_identification:_identify(src/serial_reader) by extensions ['colcon_pkg']
[0.882s] Level 1:colcon.colcon_core.package_identification:_identify(src/serial_reader) by extension 'colcon_pkg'
[0.882s] Level 1:colcon.colcon_core.package_identification:_identify(src/serial_reader) by extensions ['colcon_meta']
[0.882s] Level 1:colcon.colcon_core.package_identification:_identify(src/serial_reader) by extension 'colcon_meta'
[0.882s] Level 1:colcon.colcon_core.package_identification:_identify(src/serial_reader) by extensions ['ros']
[0.882s] Level 1:colcon.colcon_core.package_identification:_identify(src/serial_reader) by extension 'ros'
[0.884s] DEBUG:colcon.colcon_core.package_identification:Package 'src/serial_reader' with type 'ros.ament_python' and name 'serial_reader'
[0.885s] Level 1:colcon.colcon_core.package_discovery:discover_packages(recursive) using defaults
[0.885s] Level 1:colcon.colcon_core.package_discovery:discover_packages(ignore) discover
[0.885s] Level 1:colcon.colcon_core.package_discovery:discover_packages(ignore) using defaults
[0.885s] Level 1:colcon.colcon_core.package_discovery:discover_packages(path) discover
[0.885s] Level 1:colcon.colcon_core.package_discovery:discover_packages(path) using defaults
[0.941s] Level 1:colcon.colcon_core.package_discovery:discover_packages(prefix_path) check parameters
[0.941s] Level 1:colcon.colcon_core.package_discovery:discover_packages(prefix_path) discover
[0.947s] DEBUG:colcon.colcon_installed_package_information.package_discovery:Found 5 installed packages in /home/bingflame/RoArm-M1/install
[0.950s] DEBUG:colcon.colcon_installed_package_information.package_discovery:Found 276 installed packages in /opt/ros/humble
[0.955s] Level 1:colcon.colcon_core.package_discovery:discover_packages(prefix_path) using defaults
[1.071s] Level 5:colcon.colcon_core.verb:set package 'astra_camera_msgs' build argument 'cmake_args' from command line to 'None'
[1.071s] Level 5:colcon.colcon_core.verb:set package 'astra_camera_msgs' build argument 'cmake_target' from command line to 'None'
[1.071s] Level 5:colcon.colcon_core.verb:set package 'astra_camera_msgs' build argument 'cmake_target_skip_unavailable' from command line to 'False'
[1.071s] Level 5:colcon.colcon_core.verb:set package 'astra_camera_msgs' build argument 'cmake_clean_cache' from command line to 'False'
[1.071s] Level 5:colcon.colcon_core.verb:set package 'astra_camera_msgs' build argument 'cmake_clean_first' from command line to 'False'
[1.071s] Level 5:colcon.colcon_core.verb:set package 'astra_camera_msgs' build argument 'cmake_force_configure' from command line to 'False'
[1.071s] Level 5:colcon.colcon_core.verb:set package 'astra_camera_msgs' build argument 'ament_cmake_args' from command line to 'None'
[1.071s] Level 5:colcon.colcon_core.verb:set package 'astra_camera_msgs' build argument 'catkin_cmake_args' from command line to 'None'
[1.071s] Level 5:colcon.colcon_core.verb:set package 'astra_camera_msgs' build argument 'catkin_skip_building_tests' from command line to 'False'
[1.072s] DEBUG:colcon.colcon_core.verb:Building package 'astra_camera_msgs' with the following arguments: {'ament_cmake_args': None, 'build_base': '/home/bingflame/RoArm-M1/build/astra_camera_msgs', 'catkin_cmake_args': None, 'catkin_skip_building_tests': False, 'cmake_args': None, 'cmake_clean_cache': False, 'cmake_clean_first': False, 'cmake_force_configure': False, 'cmake_target': None, 'cmake_target_skip_unavailable': False, 'install_base': '/home/bingflame/RoArm-M1/install/astra_camera_msgs', 'merge_install': False, 'path': '/home/bingflame/RoArm-M1/src/astra_camera_msgs', 'symlink_install': False, 'test_result_base': None}
[1.072s] Level 5:colcon.colcon_core.verb:set package 'roarm' build argument 'cmake_args' from command line to 'None'
[1.072s] Level 5:colcon.colcon_core.verb:set package 'roarm' build argument 'cmake_target' from command line to 'None'
[1.072s] Level 5:colcon.colcon_core.verb:set package 'roarm' build argument 'cmake_target_skip_unavailable' from command line to 'False'
[1.072s] Level 5:colcon.colcon_core.verb:set package 'roarm' build argument 'cmake_clean_cache' from command line to 'False'
[1.073s] Level 5:colcon.colcon_core.verb:set package 'roarm' build argument 'cmake_clean_first' from command line to 'False'
[1.073s] Level 5:colcon.colcon_core.verb:set package 'roarm' build argument 'cmake_force_configure' from command line to 'False'
[1.073s] Level 5:colcon.colcon_core.verb:set package 'roarm' build argument 'ament_cmake_args' from command line to 'None'
[1.073s] Level 5:colcon.colcon_core.verb:set package 'roarm' build argument 'catkin_cmake_args' from command line to 'None'
[1.073s] Level 5:colcon.colcon_core.verb:set package 'roarm' build argument 'catkin_skip_building_tests' from command line to 'False'
[1.073s] DEBUG:colcon.colcon_core.verb:Building package 'roarm' with the following arguments: {'ament_cmake_args': None, 'build_base': '/home/bingflame/RoArm-M1/build/roarm', 'catkin_cmake_args': None, 'catkin_skip_building_tests': False, 'cmake_args': None, 'cmake_clean_cache': False, 'cmake_clean_first': False, 'cmake_force_configure': False, 'cmake_target': None, 'cmake_target_skip_unavailable': False, 'install_base': '/home/bingflame/RoArm-M1/install/roarm', 'merge_install': False, 'path': '/home/bingflame/RoArm-M1/src/roarm', 'symlink_install': False, 'test_result_base': None}
[1.074s] Level 5:colcon.colcon_core.verb:set package 'serial_ctrl' build argument 'cmake_args' from command line to 'None'
[1.074s] Level 5:colcon.colcon_core.verb:set package 'serial_ctrl' build argument 'cmake_target' from command line to 'None'
[1.074s] Level 5:colcon.colcon_core.verb:set package 'serial_ctrl' build argument 'cmake_target_skip_unavailable' from command line to 'False'
[1.074s] Level 5:colcon.colcon_core.verb:set package 'serial_ctrl' build argument 'cmake_clean_cache' from command line to 'False'
[1.074s] Level 5:colcon.colcon_core.verb:set package 'serial_ctrl' build argument 'cmake_clean_first' from command line to 'False'
[1.074s] Level 5:colcon.colcon_core.verb:set package 'serial_ctrl' build argument 'cmake_force_configure' from command line to 'False'
[1.074s] Level 5:colcon.colcon_core.verb:set package 'serial_ctrl' build argument 'ament_cmake_args' from command line to 'None'
[1.074s] Level 5:colcon.colcon_core.verb:set package 'serial_ctrl' build argument 'catkin_cmake_args' from command line to 'None'
[1.074s] Level 5:colcon.colcon_core.verb:set package 'serial_ctrl' build argument 'catkin_skip_building_tests' from command line to 'False'
[1.074s] DEBUG:colcon.colcon_core.verb:Building package 'serial_ctrl' with the following arguments: {'ament_cmake_args': None, 'build_base': '/home/bingflame/RoArm-M1/build/serial_ctrl', 'catkin_cmake_args': None, 'catkin_skip_building_tests': False, 'cmake_args': None, 'cmake_clean_cache': False, 'cmake_clean_first': False, 'cmake_force_configure': False, 'cmake_target': None, 'cmake_target_skip_unavailable': False, 'install_base': '/home/bingflame/RoArm-M1/install/serial_ctrl', 'merge_install': False, 'path': '/home/bingflame/RoArm-M1/src/serial_ctrl', 'symlink_install': False, 'test_result_base': None}
[1.075s] Level 5:colcon.colcon_core.verb:set package 'serial_reader' build argument 'cmake_args' from command line to 'None'
[1.075s] Level 5:colcon.colcon_core.verb:set package 'serial_reader' build argument 'cmake_target' from command line to 'None'
[1.075s] Level 5:colcon.colcon_core.verb:set package 'serial_reader' build argument 'cmake_target_skip_unavailable' from command line to 'False'
[1.075s] Level 5:colcon.colcon_core.verb:set package 'serial_reader' build argument 'cmake_clean_cache' from command line to 'False'
[1.075s] Level 5:colcon.colcon_core.verb:set package 'serial_reader' build argument 'cmake_clean_first' from command line to 'False'
[1.075s] Level 5:colcon.colcon_core.verb:set package 'serial_reader' build argument 'cmake_force_configure' from command line to 'False'
[1.075s] Level 5:colcon.colcon_core.verb:set package 'serial_reader' build argument 'ament_cmake_args' from command line to 'None'
[1.075s] Level 5:colcon.colcon_core.verb:set package 'serial_reader' build argument 'catkin_cmake_args' from command line to 'None'
[1.075s] Level 5:colcon.colcon_core.verb:set package 'serial_reader' build argument 'catkin_skip_building_tests' from command line to 'False'
[1.075s] DEBUG:colcon.colcon_core.verb:Building package 'serial_reader' with the following arguments: {'ament_cmake_args': None, 'build_base': '/home/bingflame/RoArm-M1/build/serial_reader', 'catkin_cmake_args': None, 'catkin_skip_building_tests': False, 'cmake_args': None, 'cmake_clean_cache': False, 'cmake_clean_first': False, 'cmake_force_configure': False, 'cmake_target': None, 'cmake_target_skip_unavailable': False, 'install_base': '/home/bingflame/RoArm-M1/install/serial_reader', 'merge_install': False, 'path': '/home/bingflame/RoArm-M1/src/serial_reader', 'symlink_install': False, 'test_result_base': None}
[1.076s] Level 5:colcon.colcon_core.verb:set package 'astra_camera' build argument 'cmake_args' from command line to 'None'
[1.076s] Level 5:colcon.colcon_core.verb:set package 'astra_camera' build argument 'cmake_target' from command line to 'None'
[1.076s] Level 5:colcon.colcon_core.verb:set package 'astra_camera' build argument 'cmake_target_skip_unavailable' from command line to 'False'
[1.076s] Level 5:colcon.colcon_core.verb:set package 'astra_camera' build argument 'cmake_clean_cache' from command line to 'False'
[1.076s] Level 5:colcon.colcon_core.verb:set package 'astra_camera' build argument 'cmake_clean_first' from command line to 'False'
[1.076s] Level 5:colcon.colcon_core.verb:set package 'astra_camera' build argument 'cmake_force_configure' from command line to 'False'
[1.076s] Level 5:colcon.colcon_core.verb:set package 'astra_camera' build argument 'ament_cmake_args' from command line to 'None'
[1.076s] Level 5:colcon.colcon_core.verb:set package 'astra_camera' build argument 'catkin_cmake_args' from command line to 'None'
[1.076s] Level 5:colcon.colcon_core.verb:set package 'astra_camera' build argument 'catkin_skip_building_tests' from command line to 'False'
[1.076s] DEBUG:colcon.colcon_core.verb:Building package 'astra_camera' with the following arguments: {'ament_cmake_args': None, 'build_base': '/home/bingflame/RoArm-M1/build/astra_camera', 'catkin_cmake_args': None, 'catkin_skip_building_tests': False, 'cmake_args': None, 'cmake_clean_cache': False, 'cmake_clean_first': False, 'cmake_force_configure': False, 'cmake_target': None, 'cmake_target_skip_unavailable': False, 'install_base': '/home/bingflame/RoArm-M1/install/astra_camera', 'merge_install': False, 'path': '/home/bingflame/RoArm-M1/src/astra_camera', 'symlink_install': False, 'test_result_base': None}
[1.077s] INFO:colcon.colcon_core.executor:Executing jobs using 'parallel' executor
[1.079s] DEBUG:colcon.colcon_parallel_executor.executor.parallel:run_until_complete
[1.080s] INFO:colcon.colcon_ros.task.ament_cmake.build:Building ROS package in '/home/bingflame/RoArm-M1/src/astra_camera_msgs' with build type 'ament_cmake'
[1.080s] INFO:colcon.colcon_cmake.task.cmake.build:Building CMake package in '/home/bingflame/RoArm-M1/src/astra_camera_msgs'
[1.091s] INFO:colcon.colcon_core.plugin_system:Skipping extension 'colcon_core.shell.bat': Not used on non-Windows systems
[1.092s] INFO:colcon.colcon_core.shell:Skip shell extension 'powershell' for command environment: Not usable outside of PowerShell
[1.092s] DEBUG:colcon.colcon_core.shell:Skip shell extension 'dsv' for command environment
[1.099s] INFO:colcon.colcon_ros.task.ament_cmake.build:Building ROS package in '/home/bingflame/RoArm-M1/src/roarm' with build type 'ament_cmake'
[1.100s] INFO:colcon.colcon_cmake.task.cmake.build:Building CMake package in '/home/bingflame/RoArm-M1/src/roarm'
[1.100s] INFO:colcon.colcon_core.shell:Skip shell extension 'powershell' for command environment: Not usable outside of PowerShell
[1.101s] DEBUG:colcon.colcon_core.shell:Skip shell extension 'dsv' for command environment
[1.107s] INFO:colcon.colcon_ros.task.ament_python.build:Building ROS package in '/home/bingflame/RoArm-M1/src/serial_ctrl' with build type 'ament_python'
[1.108s] Level 1:colcon.colcon_core.shell:create_environment_hook('serial_ctrl', 'ament_prefix_path')
[1.108s] INFO:colcon.colcon_core.shell:Creating environment hook '/home/bingflame/RoArm-M1/install/serial_ctrl/share/serial_ctrl/hook/ament_prefix_path.ps1'
[1.110s] INFO:colcon.colcon_core.shell:Creating environment descriptor '/home/bingflame/RoArm-M1/install/serial_ctrl/share/serial_ctrl/hook/ament_prefix_path.dsv'
[1.121s] INFO:colcon.colcon_core.shell:Creating environment hook '/home/bingflame/RoArm-M1/install/serial_ctrl/share/serial_ctrl/hook/ament_prefix_path.sh'
[1.123s] INFO:colcon.colcon_core.shell:Skip shell extension 'powershell' for command environment: Not usable outside of PowerShell
[1.124s] DEBUG:colcon.colcon_core.shell:Skip shell extension 'dsv' for command environment
[1.131s] INFO:colcon.colcon_ros.task.ament_python.build:Building ROS package in '/home/bingflame/RoArm-M1/src/serial_reader' with build type 'ament_python'
[1.131s] Level 1:colcon.colcon_core.shell:create_environment_hook('serial_reader', 'ament_prefix_path')
[1.132s] INFO:colcon.colcon_core.shell:Creating environment hook '/home/bingflame/RoArm-M1/install/serial_reader/share/serial_reader/hook/ament_prefix_path.ps1'
[1.133s] INFO:colcon.colcon_core.shell:Creating environment descriptor '/home/bingflame/RoArm-M1/install/serial_reader/share/serial_reader/hook/ament_prefix_path.dsv'
[1.134s] INFO:colcon.colcon_core.shell:Creating environment hook '/home/bingflame/RoArm-M1/install/serial_reader/share/serial_reader/hook/ament_prefix_path.sh'
[1.136s] INFO:colcon.colcon_core.shell:Skip shell extension 'powershell' for command environment: Not usable outside of PowerShell
[1.136s] DEBUG:colcon.colcon_core.shell:Skip shell extension 'dsv' for command environment
[1.152s] DEBUG:colcon.colcon_core.event_handler.log_command:Invoking command in '/home/bingflame/RoArm-M1/build/astra_camera_msgs': CMAKE_PREFIX_PATH=${CMAKE_PREFIX_PATH}:/home/bingflame/RoArm-M1/install/serial_reader:/home/bingflame/RoArm-M1/install/serial_ctrl:/opt/ros/humble CONDA_PROMPT_MODIFIER=(base) /usr/bin/cmake --build /home/bingflame/RoArm-M1/build/astra_camera_msgs -- -j6 -l6
[1.163s] DEBUG:colcon.colcon_core.event_handler.log_command:Invoking command in '/home/bingflame/RoArm-M1/build/roarm': CMAKE_PREFIX_PATH=${CMAKE_PREFIX_PATH}:/home/bingflame/RoArm-M1/install/serial_reader:/home/bingflame/RoArm-M1/install/serial_ctrl:/opt/ros/humble CONDA_PROMPT_MODIFIER=(base) /usr/bin/cmake --build /home/bingflame/RoArm-M1/build/roarm -- -j6 -l6
[1.863s] INFO:colcon.colcon_core.task.python.build:Building Python package in '/home/bingflame/RoArm-M1/src/serial_ctrl'
[1.864s] INFO:colcon.colcon_core.shell:Skip shell extension 'powershell' for command environment: Not usable outside of PowerShell
[1.864s] DEBUG:colcon.colcon_core.shell:Skip shell extension 'dsv' for command environment
[2.414s] INFO:colcon.colcon_core.task.python.build:Building Python package in '/home/bingflame/RoArm-M1/src/serial_reader'
[2.415s] INFO:colcon.colcon_core.shell:Skip shell extension 'powershell' for command environment: Not usable outside of PowerShell
[2.415s] DEBUG:colcon.colcon_core.shell:Skip shell extension 'dsv' for command environment
[2.425s] DEBUG:colcon.colcon_core.event_handler.log_command:Invoked command in '/home/bingflame/RoArm-M1/build/roarm' returned '0': CMAKE_PREFIX_PATH=${CMAKE_PREFIX_PATH}:/home/bingflame/RoArm-M1/install/serial_reader:/home/bingflame/RoArm-M1/install/serial_ctrl:/opt/ros/humble CONDA_PROMPT_MODIFIER=(base) /usr/bin/cmake --build /home/bingflame/RoArm-M1/build/roarm -- -j6 -l6
[2.428s] DEBUG:colcon.colcon_core.event_handler.log_command:Invoked command in '/home/bingflame/RoArm-M1/build/astra_camera_msgs' returned '0': CMAKE_PREFIX_PATH=${CMAKE_PREFIX_PATH}:/home/bingflame/RoArm-M1/install/serial_reader:/home/bingflame/RoArm-M1/install/serial_ctrl:/opt/ros/humble CONDA_PROMPT_MODIFIER=(base) /usr/bin/cmake --build /home/bingflame/RoArm-M1/build/astra_camera_msgs -- -j6 -l6
[2.497s] DEBUG:colcon.colcon_core.event_handler.log_command:Invoking command in '/home/bingflame/RoArm-M1/build/roarm': CMAKE_PREFIX_PATH=${CMAKE_PREFIX_PATH}:/home/bingflame/RoArm-M1/install/serial_reader:/home/bingflame/RoArm-M1/install/serial_ctrl:/opt/ros/humble CONDA_PROMPT_MODIFIER=(base) /usr/bin/cmake --install /home/bingflame/RoArm-M1/build/roarm
[2.530s] Level 1:colcon.colcon_core.environment:create_environment_scripts_only(roarm)
[2.532s] DEBUG:colcon.colcon_core.event_handler.log_command:Invoked command in '/home/bingflame/RoArm-M1/build/roarm' returned '0': CMAKE_PREFIX_PATH=${CMAKE_PREFIX_PATH}:/home/bingflame/RoArm-M1/install/serial_reader:/home/bingflame/RoArm-M1/install/serial_ctrl:/opt/ros/humble CONDA_PROMPT_MODIFIER=(base) /usr/bin/cmake --install /home/bingflame/RoArm-M1/build/roarm
[2.541s] Level 1:colcon.colcon_core.environment:checking '/home/bingflame/RoArm-M1/install/roarm' for CMake module files
[2.543s] Level 1:colcon.colcon_core.environment:checking '/home/bingflame/RoArm-M1/install/roarm' for CMake config files
[2.544s] Level 1:colcon.colcon_core.shell:create_environment_hook('roarm', 'cmake_prefix_path')
[2.545s] INFO:colcon.colcon_core.shell:Creating environment hook '/home/bingflame/RoArm-M1/install/roarm/share/roarm/hook/cmake_prefix_path.ps1'
[2.546s] INFO:colcon.colcon_core.shell:Creating environment descriptor '/home/bingflame/RoArm-M1/install/roarm/share/roarm/hook/cmake_prefix_path.dsv'
[2.547s] INFO:colcon.colcon_core.shell:Creating environment hook '/home/bingflame/RoArm-M1/install/roarm/share/roarm/hook/cmake_prefix_path.sh'
[2.549s] Level 1:colcon.colcon_core.environment:checking '/home/bingflame/RoArm-M1/install/roarm/bin'
[2.549s] Level 1:colcon.colcon_core.environment:checking '/home/bingflame/RoArm-M1/install/roarm/lib/pkgconfig/roarm.pc'
[2.550s] Level 1:colcon.colcon_core.environment:checking '/home/bingflame/RoArm-M1/install/roarm/lib/python3.10/site-packages'
[2.551s] Level 1:colcon.colcon_core.environment:checking '/home/bingflame/RoArm-M1/install/roarm/bin'
[2.552s] INFO:colcon.colcon_core.shell:Creating package script '/home/bingflame/RoArm-M1/install/roarm/share/roarm/package.ps1'
[2.554s] INFO:colcon.colcon_core.shell:Creating package descriptor '/home/bingflame/RoArm-M1/install/roarm/share/roarm/package.dsv'
[2.557s] INFO:colcon.colcon_core.shell:Creating package script '/home/bingflame/RoArm-M1/install/roarm/share/roarm/package.sh'
[2.558s] INFO:colcon.colcon_core.shell:Creating package script '/home/bingflame/RoArm-M1/install/roarm/share/roarm/package.bash'
[2.561s] INFO:colcon.colcon_core.shell:Creating package script '/home/bingflame/RoArm-M1/install/roarm/share/roarm/package.zsh'
[2.563s] Level 1:colcon.colcon_core.environment:create_file_with_runtime_dependencies(/home/bingflame/RoArm-M1/install/roarm/share/colcon-core/packages/roarm)
[2.624s] Level 1:colcon.colcon_core.environment:create_environment_scripts_only(roarm)
[2.625s] Level 1:colcon.colcon_core.environment:checking '/home/bingflame/RoArm-M1/install/roarm' for CMake module files
[2.626s] Level 1:colcon.colcon_core.environment:checking '/home/bingflame/RoArm-M1/install/roarm' for CMake config files
[2.628s] Level 1:colcon.colcon_core.shell:create_environment_hook('roarm', 'cmake_prefix_path')
[2.628s] INFO:colcon.colcon_core.shell:Creating environment hook '/home/bingflame/RoArm-M1/install/roarm/share/roarm/hook/cmake_prefix_path.ps1'
[2.630s] INFO:colcon.colcon_core.shell:Creating environment descriptor '/home/bingflame/RoArm-M1/install/roarm/share/roarm/hook/cmake_prefix_path.dsv'
[2.631s] INFO:colcon.colcon_core.shell:Creating environment hook '/home/bingflame/RoArm-M1/install/roarm/share/roarm/hook/cmake_prefix_path.sh'
[2.632s] Level 1:colcon.colcon_core.environment:checking '/home/bingflame/RoArm-M1/install/roarm/bin'
[2.633s] Level 1:colcon.colcon_core.environment:checking '/home/bingflame/RoArm-M1/install/roarm/lib/pkgconfig/roarm.pc'
[2.633s] Level 1:colcon.colcon_core.environment:checking '/home/bingflame/RoArm-M1/install/roarm/lib/python3.10/site-packages'
[2.634s] Level 1:colcon.colcon_core.environment:checking '/home/bingflame/RoArm-M1/install/roarm/bin'
[2.635s] INFO:colcon.colcon_core.shell:Creating package script '/home/bingflame/RoArm-M1/install/roarm/share/roarm/package.ps1'
[2.636s] INFO:colcon.colcon_core.shell:Creating package descriptor '/home/bingflame/RoArm-M1/install/roarm/share/roarm/package.dsv'
[2.637s] INFO:colcon.colcon_core.shell:Creating package script '/home/bingflame/RoArm-M1/install/roarm/share/roarm/package.sh'
[2.638s] INFO:colcon.colcon_core.shell:Creating package script '/home/bingflame/RoArm-M1/install/roarm/share/roarm/package.bash'
[2.640s] INFO:colcon.colcon_core.shell:Creating package script '/home/bingflame/RoArm-M1/install/roarm/share/roarm/package.zsh'
[2.641s] Level 1:colcon.colcon_core.environment:create_file_with_runtime_dependencies(/home/bingflame/RoArm-M1/install/roarm/share/colcon-core/packages/roarm)
[2.898s] DEBUG:colcon.colcon_core.event_handler.log_command:Invoking command in '/home/bingflame/RoArm-M1/build/astra_camera_msgs': CMAKE_PREFIX_PATH=${CMAKE_PREFIX_PATH}:/home/bingflame/RoArm-M1/install/serial_reader:/home/bingflame/RoArm-M1/install/serial_ctrl:/opt/ros/humble CONDA_PROMPT_MODIFIER=(base) /usr/bin/cmake --install /home/bingflame/RoArm-M1/build/astra_camera_msgs
[3.067s] Level 1:colcon.colcon_core.environment:create_environment_scripts_only(astra_camera_msgs)
[3.068s] Level 1:colcon.colcon_core.environment:checking '/home/bingflame/RoArm-M1/install/astra_camera_msgs' for CMake module files
[3.069s] Level 1:colcon.colcon_core.environment:checking '/home/bingflame/RoArm-M1/install/astra_camera_msgs' for CMake config files
[3.070s] Level 1:colcon.colcon_core.shell:create_environment_hook('astra_camera_msgs', 'cmake_prefix_path')
[3.070s] INFO:colcon.colcon_core.shell:Creating environment hook '/home/bingflame/RoArm-M1/install/astra_camera_msgs/share/astra_camera_msgs/hook/cmake_prefix_path.ps1'
[3.072s] INFO:colcon.colcon_core.shell:Creating environment descriptor '/home/bingflame/RoArm-M1/install/astra_camera_msgs/share/astra_camera_msgs/hook/cmake_prefix_path.dsv'
[3.073s] INFO:colcon.colcon_core.shell:Creating environment hook '/home/bingflame/RoArm-M1/install/astra_camera_msgs/share/astra_camera_msgs/hook/cmake_prefix_path.sh'
[3.074s] Level 1:colcon.colcon_core.environment:checking '/home/bingflame/RoArm-M1/install/astra_camera_msgs/lib'
[3.075s] Level 1:colcon.colcon_core.shell:create_environment_hook('astra_camera_msgs', 'ld_library_path_lib')
[3.075s] INFO:colcon.colcon_core.shell:Creating environment hook '/home/bingflame/RoArm-M1/install/astra_camera_msgs/share/astra_camera_msgs/hook/ld_library_path_lib.ps1'
[3.076s] INFO:colcon.colcon_core.shell:Creating environment descriptor '/home/bingflame/RoArm-M1/install/astra_camera_msgs/share/astra_camera_msgs/hook/ld_library_path_lib.dsv'
[3.077s] INFO:colcon.colcon_core.shell:Creating environment hook '/home/bingflame/RoArm-M1/install/astra_camera_msgs/share/astra_camera_msgs/hook/ld_library_path_lib.sh'
[3.078s] Level 1:colcon.colcon_core.environment:checking '/home/bingflame/RoArm-M1/install/astra_camera_msgs/bin'
[3.078s] Level 1:colcon.colcon_core.environment:checking '/home/bingflame/RoArm-M1/install/astra_camera_msgs/lib/pkgconfig/astra_camera_msgs.pc'
[3.079s] Level 1:colcon.colcon_core.environment:checking '/home/bingflame/RoArm-M1/install/astra_camera_msgs/lib/python3.10/site-packages'
[3.079s] Level 1:colcon.colcon_core.shell:create_environment_hook('astra_camera_msgs', 'pythonpath')
[3.080s] DEBUG:colcon.colcon_core.event_handler.log_command:Invoked command in '/home/bingflame/RoArm-M1/build/astra_camera_msgs' returned '0': CMAKE_PREFIX_PATH=${CMAKE_PREFIX_PATH}:/home/bingflame/RoArm-M1/install/serial_reader:/home/bingflame/RoArm-M1/install/serial_ctrl:/opt/ros/humble CONDA_PROMPT_MODIFIER=(base) /usr/bin/cmake --install /home/bingflame/RoArm-M1/build/astra_camera_msgs
[3.080s] INFO:colcon.colcon_core.shell:Creating environment hook '/home/bingflame/RoArm-M1/install/astra_camera_msgs/share/astra_camera_msgs/hook/pythonpath.ps1'
[3.081s] INFO:colcon.colcon_core.shell:Creating environment descriptor '/home/bingflame/RoArm-M1/install/astra_camera_msgs/share/astra_camera_msgs/hook/pythonpath.dsv'
[3.082s] INFO:colcon.colcon_core.shell:Creating environment hook '/home/bingflame/RoArm-M1/install/astra_camera_msgs/share/astra_camera_msgs/hook/pythonpath.sh'
[3.084s] Level 1:colcon.colcon_core.environment:checking '/home/bingflame/RoArm-M1/install/astra_camera_msgs/bin'
[3.084s] INFO:colcon.colcon_core.shell:Creating package script '/home/bingflame/RoArm-M1/install/astra_camera_msgs/share/astra_camera_msgs/package.ps1'
[3.086s] INFO:colcon.colcon_core.shell:Creating package descriptor '/home/bingflame/RoArm-M1/install/astra_camera_msgs/share/astra_camera_msgs/package.dsv'
[3.088s] INFO:colcon.colcon_core.shell:Creating package script '/home/bingflame/RoArm-M1/install/astra_camera_msgs/share/astra_camera_msgs/package.sh'
[3.089s] INFO:colcon.colcon_core.shell:Creating package script '/home/bingflame/RoArm-M1/install/astra_camera_msgs/share/astra_camera_msgs/package.bash'
[3.090s] INFO:colcon.colcon_core.shell:Creating package script '/home/bingflame/RoArm-M1/install/astra_camera_msgs/share/astra_camera_msgs/package.zsh'
[3.091s] Level 1:colcon.colcon_core.environment:create_file_with_runtime_dependencies(/home/bingflame/RoArm-M1/install/astra_camera_msgs/share/colcon-core/packages/astra_camera_msgs)
[3.258s] DEBUG:colcon.colcon_core.event_handler.log_command:Invoking command in '/home/bingflame/RoArm-M1/src/serial_reader': CONDA_PROMPT_MODIFIER=(base) PYTHONPATH=/home/bingflame/RoArm-M1/build/serial_reader/prefix_override:/usr/lib/python3/dist-packages/colcon_core/task/python/colcon_distutils_commands:/home/bingflame/RoArm-M1/install/serial_reader/lib/python3.10/site-packages:${PYTHONPATH} /usr/bin/python3 -W ignore:setup.py install is deprecated setup.py egg_info --egg-base ../../build/serial_reader build --build-base /home/bingflame/RoArm-M1/build/serial_reader/build install --record /home/bingflame/RoArm-M1/build/serial_reader/install.log --single-version-externally-managed install_data
[3.268s] DEBUG:colcon.colcon_core.event_handler.log_command:Invoking command in '/home/bingflame/RoArm-M1/src/serial_ctrl': CONDA_PROMPT_MODIFIER=(base) PYTHONPATH=/home/bingflame/RoArm-M1/build/serial_ctrl/prefix_override:/usr/lib/python3/dist-packages/colcon_core/task/python/colcon_distutils_commands:/home/bingflame/RoArm-M1/install/serial_ctrl/lib/python3.10/site-packages:${PYTHONPATH} /usr/bin/python3 -W ignore:setup.py install is deprecated setup.py egg_info --egg-base ../../build/serial_ctrl build --build-base /home/bingflame/RoArm-M1/build/serial_ctrl/build install --record /home/bingflame/RoArm-M1/build/serial_ctrl/install.log --single-version-externally-managed install_data
[3.615s] Level 1:colcon.colcon_core.environment:create_environment_scripts_only(astra_camera_msgs)
[3.616s] Level 1:colcon.colcon_core.environment:checking '/home/bingflame/RoArm-M1/install/astra_camera_msgs' for CMake module files
[3.617s] Level 1:colcon.colcon_core.environment:checking '/home/bingflame/RoArm-M1/install/astra_camera_msgs' for CMake config files
[3.618s] Level 1:colcon.colcon_core.shell:create_environment_hook('astra_camera_msgs', 'cmake_prefix_path')
[3.618s] INFO:colcon.colcon_core.shell:Creating environment hook '/home/bingflame/RoArm-M1/install/astra_camera_msgs/share/astra_camera_msgs/hook/cmake_prefix_path.ps1'
[3.620s] INFO:colcon.colcon_core.shell:Creating environment descriptor '/home/bingflame/RoArm-M1/install/astra_camera_msgs/share/astra_camera_msgs/hook/cmake_prefix_path.dsv'
[3.621s] INFO:colcon.colcon_core.shell:Creating environment hook '/home/bingflame/RoArm-M1/install/astra_camera_msgs/share/astra_camera_msgs/hook/cmake_prefix_path.sh'
[3.622s] Level 1:colcon.colcon_core.environment:checking '/home/bingflame/RoArm-M1/install/astra_camera_msgs/lib'
[3.622s] Level 1:colcon.colcon_core.shell:create_environment_hook('astra_camera_msgs', 'ld_library_path_lib')
[3.623s] INFO:colcon.colcon_core.shell:Creating environment hook '/home/bingflame/RoArm-M1/install/astra_camera_msgs/share/astra_camera_msgs/hook/ld_library_path_lib.ps1'
[3.624s] INFO:colcon.colcon_core.shell:Creating environment descriptor '/home/bingflame/RoArm-M1/install/astra_camera_msgs/share/astra_camera_msgs/hook/ld_library_path_lib.dsv'
[3.624s] INFO:colcon.colcon_core.shell:Creating environment hook '/home/bingflame/RoArm-M1/install/astra_camera_msgs/share/astra_camera_msgs/hook/ld_library_path_lib.sh'
[3.625s] Level 1:colcon.colcon_core.environment:checking '/home/bingflame/RoArm-M1/install/astra_camera_msgs/bin'
[3.625s] Level 1:colcon.colcon_core.environment:checking '/home/bingflame/RoArm-M1/install/astra_camera_msgs/lib/pkgconfig/astra_camera_msgs.pc'
[3.626s] Level 1:colcon.colcon_core.environment:checking '/home/bingflame/RoArm-M1/install/astra_camera_msgs/lib/python3.10/site-packages'
[3.626s] Level 1:colcon.colcon_core.shell:create_environment_hook('astra_camera_msgs', 'pythonpath')
[3.626s] INFO:colcon.colcon_core.shell:Creating environment hook '/home/bingflame/RoArm-M1/install/astra_camera_msgs/share/astra_camera_msgs/hook/pythonpath.ps1'
[3.627s] INFO:colcon.colcon_core.shell:Creating environment descriptor '/home/bingflame/RoArm-M1/install/astra_camera_msgs/share/astra_camera_msgs/hook/pythonpath.dsv'
[3.628s] INFO:colcon.colcon_core.shell:Creating environment hook '/home/bingflame/RoArm-M1/install/astra_camera_msgs/share/astra_camera_msgs/hook/pythonpath.sh'
[3.629s] Level 1:colcon.colcon_core.environment:checking '/home/bingflame/RoArm-M1/install/astra_camera_msgs/bin'
[3.630s] INFO:colcon.colcon_core.shell:Creating package script '/home/bingflame/RoArm-M1/install/astra_camera_msgs/share/astra_camera_msgs/package.ps1'
[3.631s] INFO:colcon.colcon_core.shell:Creating package descriptor '/home/bingflame/RoArm-M1/install/astra_camera_msgs/share/astra_camera_msgs/package.dsv'
[3.632s] INFO:colcon.colcon_core.shell:Creating package script '/home/bingflame/RoArm-M1/install/astra_camera_msgs/share/astra_camera_msgs/package.sh'
[3.634s] INFO:colcon.colcon_core.shell:Creating package script '/home/bingflame/RoArm-M1/install/astra_camera_msgs/share/astra_camera_msgs/package.bash'
[3.634s] INFO:colcon.colcon_core.shell:Creating package script '/home/bingflame/RoArm-M1/install/astra_camera_msgs/share/astra_camera_msgs/package.zsh'
[3.636s] Level 1:colcon.colcon_core.environment:create_file_with_runtime_dependencies(/home/bingflame/RoArm-M1/install/astra_camera_msgs/share/colcon-core/packages/astra_camera_msgs)
[3.637s] INFO:colcon.colcon_ros.task.ament_cmake.build:Building ROS package in '/home/bingflame/RoArm-M1/src/astra_camera' with build type 'ament_cmake'
[3.637s] INFO:colcon.colcon_cmake.task.cmake.build:Building CMake package in '/home/bingflame/RoArm-M1/src/astra_camera'
[3.638s] INFO:colcon.colcon_core.shell:Skip shell extension 'powershell' for command environment: Not usable outside of PowerShell
[3.638s] DEBUG:colcon.colcon_core.shell:Skip shell extension 'dsv' for command environment
[3.664s] DEBUG:colcon.colcon_core.event_handler.log_command:Invoking command in '/home/bingflame/RoArm-M1/build/astra_camera': CMAKE_PREFIX_PATH=/home/bingflame/RoArm-M1/install/astra_camera_msgs:/home/bingflame/RoArm-M1/install/roarm:/home/bingflame/RoArm-M1/install/astra_camera:/home/bingflame/RoArm-M1/install/serial_reader:/home/bingflame/RoArm-M1/install/serial_ctrl:/opt/ros/humble CONDA_PROMPT_MODIFIER=(base) LD_LIBRARY_PATH=/home/bingflame/RoArm-M1/install/astra_camera_msgs/lib:/home/bingflame/RoArm-M1/install/astra_camera/lib:/opt/ros/humble/opt/rviz_ogre_vendor/lib:/opt/ros/humble/lib/aarch64-linux-gnu:/opt/ros/humble/lib:/usr/local/cuda-12.6/lib64:/home/bingflame/xiugaihou/JetsonGPIO/build/ PYTHONPATH=/home/bingflame/RoArm-M1/install/astra_camera_msgs/lib/python3.10/site-packages:/home/bingflame/RoArm-M1/install/serial_reader/lib/python3.10/site-packages:/home/bingflame/RoArm-M1/install/serial_ctrl/lib/python3.10/site-packages:/opt/ros/humble/lib/python3.10/site-packages:/opt/ros/humble/local/lib/python3.10/dist-packages /usr/bin/cmake --build /home/bingflame/RoArm-M1/build/astra_camera -- -j6 -l6
[3.935s] Level 1:colcon.colcon_core.environment:checking '/home/bingflame/RoArm-M1/install/serial_reader' for CMake module files
[3.936s] Level 1:colcon.colcon_core.environment:checking '/home/bingflame/RoArm-M1/install/serial_reader' for CMake config files
[3.937s] DEBUG:colcon.colcon_core.event_handler.log_command:Invoked command in '/home/bingflame/RoArm-M1/src/serial_reader' returned '0': CONDA_PROMPT_MODIFIER=(base) PYTHONPATH=/home/bingflame/RoArm-M1/build/serial_reader/prefix_override:/usr/lib/python3/dist-packages/colcon_core/task/python/colcon_distutils_commands:/home/bingflame/RoArm-M1/install/serial_reader/lib/python3.10/site-packages:${PYTHONPATH} /usr/bin/python3 -W ignore:setup.py install is deprecated setup.py egg_info --egg-base ../../build/serial_reader build --build-base /home/bingflame/RoArm-M1/build/serial_reader/build install --record /home/bingflame/RoArm-M1/build/serial_reader/install.log --single-version-externally-managed install_data
[3.940s] Level 1:colcon.colcon_core.environment:checking '/home/bingflame/RoArm-M1/install/serial_reader/lib'
[3.940s] Level 1:colcon.colcon_core.environment:checking '/home/bingflame/RoArm-M1/install/serial_reader/bin'
[3.940s] Level 1:colcon.colcon_core.environment:checking '/home/bingflame/RoArm-M1/install/serial_reader/lib/pkgconfig/serial_reader.pc'
[3.941s] Level 1:colcon.colcon_core.environment:checking '/home/bingflame/RoArm-M1/install/serial_reader/lib/python3.10/site-packages'
[3.941s] Level 1:colcon.colcon_core.shell:create_environment_hook('serial_reader', 'pythonpath')
[3.942s] INFO:colcon.colcon_core.shell:Creating environment hook '/home/bingflame/RoArm-M1/install/serial_reader/share/serial_reader/hook/pythonpath.ps1'
[3.944s] INFO:colcon.colcon_core.shell:Creating environment descriptor '/home/bingflame/RoArm-M1/install/serial_reader/share/serial_reader/hook/pythonpath.dsv'
[3.946s] INFO:colcon.colcon_core.shell:Creating environment hook '/home/bingflame/RoArm-M1/install/serial_reader/share/serial_reader/hook/pythonpath.sh'
[3.948s] Level 1:colcon.colcon_core.environment:checking '/home/bingflame/RoArm-M1/install/serial_reader/bin'
[3.948s] Level 1:colcon.colcon_core.environment:create_environment_scripts_only(serial_reader)
[3.949s] INFO:colcon.colcon_core.shell:Creating package script '/home/bingflame/RoArm-M1/install/serial_reader/share/serial_reader/package.ps1'
[3.951s] INFO:colcon.colcon_core.shell:Creating package descriptor '/home/bingflame/RoArm-M1/install/serial_reader/share/serial_reader/package.dsv'
[3.953s] INFO:colcon.colcon_core.shell:Creating package script '/home/bingflame/RoArm-M1/install/serial_reader/share/serial_reader/package.sh'
[3.954s] INFO:colcon.colcon_core.shell:Creating package script '/home/bingflame/RoArm-M1/install/serial_reader/share/serial_reader/package.bash'
[3.956s] INFO:colcon.colcon_core.shell:Creating package script '/home/bingflame/RoArm-M1/install/serial_reader/share/serial_reader/package.zsh'
[3.957s] Level 1:colcon.colcon_core.environment:create_file_with_runtime_dependencies(/home/bingflame/RoArm-M1/install/serial_reader/share/colcon-core/packages/serial_reader)
[3.962s] Level 1:colcon.colcon_core.environment:checking '/home/bingflame/RoArm-M1/install/serial_ctrl' for CMake module files
[3.963s] DEBUG:colcon.colcon_core.event_handler.log_command:Invoked command in '/home/bingflame/RoArm-M1/src/serial_ctrl' returned '0': CONDA_PROMPT_MODIFIER=(base) PYTHONPATH=/home/bingflame/RoArm-M1/build/serial_ctrl/prefix_override:/usr/lib/python3/dist-packages/colcon_core/task/python/colcon_distutils_commands:/home/bingflame/RoArm-M1/install/serial_ctrl/lib/python3.10/site-packages:${PYTHONPATH} /usr/bin/python3 -W ignore:setup.py install is deprecated setup.py egg_info --egg-base ../../build/serial_ctrl build --build-base /home/bingflame/RoArm-M1/build/serial_ctrl/build install --record /home/bingflame/RoArm-M1/build/serial_ctrl/install.log --single-version-externally-managed install_data
[3.965s] Level 1:colcon.colcon_core.environment:checking '/home/bingflame/RoArm-M1/install/serial_ctrl' for CMake config files
[3.966s] Level 1:colcon.colcon_core.environment:checking '/home/bingflame/RoArm-M1/install/serial_ctrl/lib'
[3.966s] Level 1:colcon.colcon_core.environment:checking '/home/bingflame/RoArm-M1/install/serial_ctrl/bin'
[3.966s] Level 1:colcon.colcon_core.environment:checking '/home/bingflame/RoArm-M1/install/serial_ctrl/lib/pkgconfig/serial_ctrl.pc'
[3.967s] Level 1:colcon.colcon_core.environment:checking '/home/bingflame/RoArm-M1/install/serial_ctrl/lib/python3.10/site-packages'
[3.967s] Level 1:colcon.colcon_core.shell:create_environment_hook('serial_ctrl', 'pythonpath')
[3.968s] INFO:colcon.colcon_core.shell:Creating environment hook '/home/bingflame/RoArm-M1/install/serial_ctrl/share/serial_ctrl/hook/pythonpath.ps1'
[3.969s] INFO:colcon.colcon_core.shell:Creating environment descriptor '/home/bingflame/RoArm-M1/install/serial_ctrl/share/serial_ctrl/hook/pythonpath.dsv'
[3.970s] INFO:colcon.colcon_core.shell:Creating environment hook '/home/bingflame/RoArm-M1/install/serial_ctrl/share/serial_ctrl/hook/pythonpath.sh'
[3.972s] Level 1:colcon.colcon_core.environment:checking '/home/bingflame/RoArm-M1/install/serial_ctrl/bin'
[3.972s] Level 1:colcon.colcon_core.environment:create_environment_scripts_only(serial_ctrl)
[3.972s] INFO:colcon.colcon_core.shell:Creating package script '/home/bingflame/RoArm-M1/install/serial_ctrl/share/serial_ctrl/package.ps1'
[3.975s] INFO:colcon.colcon_core.shell:Creating package descriptor '/home/bingflame/RoArm-M1/install/serial_ctrl/share/serial_ctrl/package.dsv'
[3.976s] INFO:colcon.colcon_core.shell:Creating package script '/home/bingflame/RoArm-M1/install/serial_ctrl/share/serial_ctrl/package.sh'
[3.976s] INFO:colcon.colcon_core.shell:Creating package script '/home/bingflame/RoArm-M1/install/serial_ctrl/share/serial_ctrl/package.bash'
[3.977s] INFO:colcon.colcon_core.shell:Creating package script '/home/bingflame/RoArm-M1/install/serial_ctrl/share/serial_ctrl/package.zsh'
[3.978s] Level 1:colcon.colcon_core.environment:create_file_with_runtime_dependencies(/home/bingflame/RoArm-M1/install/serial_ctrl/share/colcon-core/packages/serial_ctrl)
[36.313s] DEBUG:colcon.colcon_core.event_handler.log_command:Invoked command in '/home/bingflame/RoArm-M1/build/astra_camera' returned '0': CMAKE_PREFIX_PATH=/home/bingflame/RoArm-M1/install/astra_camera_msgs:/home/bingflame/RoArm-M1/install/roarm:/home/bingflame/RoArm-M1/install/astra_camera:/home/bingflame/RoArm-M1/install/serial_reader:/home/bingflame/RoArm-M1/install/serial_ctrl:/opt/ros/humble CONDA_PROMPT_MODIFIER=(base) LD_LIBRARY_PATH=/home/bingflame/RoArm-M1/install/astra_camera_msgs/lib:/home/bingflame/RoArm-M1/install/astra_camera/lib:/opt/ros/humble/opt/rviz_ogre_vendor/lib:/opt/ros/humble/lib/aarch64-linux-gnu:/opt/ros/humble/lib:/usr/local/cuda-12.6/lib64:/home/bingflame/xiugaihou/JetsonGPIO/build/ PYTHONPATH=/home/bingflame/RoArm-M1/install/astra_camera_msgs/lib/python3.10/site-packages:/home/bingflame/RoArm-M1/install/serial_reader/lib/python3.10/site-packages:/home/bingflame/RoArm-M1/install/serial_ctrl/lib/python3.10/site-packages:/opt/ros/humble/lib/python3.10/site-packages:/opt/ros/humble/local/lib/python3.10/dist-packages /usr/bin/cmake --build /home/bingflame/RoArm-M1/build/astra_camera -- -j6 -l6
[36.450s] DEBUG:colcon.colcon_core.event_handler.log_command:Invoking command in '/home/bingflame/RoArm-M1/build/astra_camera': CMAKE_PREFIX_PATH=/home/bingflame/RoArm-M1/install/astra_camera_msgs:/home/bingflame/RoArm-M1/install/roarm:/home/bingflame/RoArm-M1/install/astra_camera:/home/bingflame/RoArm-M1/install/serial_reader:/home/bingflame/RoArm-M1/install/serial_ctrl:/opt/ros/humble CONDA_PROMPT_MODIFIER=(base) LD_LIBRARY_PATH=/home/bingflame/RoArm-M1/install/astra_camera_msgs/lib:/home/bingflame/RoArm-M1/install/astra_camera/lib:/opt/ros/humble/opt/rviz_ogre_vendor/lib:/opt/ros/humble/lib/aarch64-linux-gnu:/opt/ros/humble/lib:/usr/local/cuda-12.6/lib64:/home/bingflame/xiugaihou/JetsonGPIO/build/ PYTHONPATH=/home/bingflame/RoArm-M1/install/astra_camera_msgs/lib/python3.10/site-packages:/home/bingflame/RoArm-M1/install/serial_reader/lib/python3.10/site-packages:/home/bingflame/RoArm-M1/install/serial_ctrl/lib/python3.10/site-packages:/opt/ros/humble/lib/python3.10/site-packages:/opt/ros/humble/local/lib/python3.10/dist-packages /usr/bin/cmake --install /home/bingflame/RoArm-M1/build/astra_camera
[36.538s] Level 1:colcon.colcon_core.environment:create_environment_scripts_only(astra_camera)
[36.538s] Level 1:colcon.colcon_core.environment:checking '/home/bingflame/RoArm-M1/install/astra_camera' for CMake module files
[36.540s] DEBUG:colcon.colcon_core.event_handler.log_command:Invoked command in '/home/bingflame/RoArm-M1/build/astra_camera' returned '0': CMAKE_PREFIX_PATH=/home/bingflame/RoArm-M1/install/astra_camera_msgs:/home/bingflame/RoArm-M1/install/roarm:/home/bingflame/RoArm-M1/install/astra_camera:/home/bingflame/RoArm-M1/install/serial_reader:/home/bingflame/RoArm-M1/install/serial_ctrl:/opt/ros/humble CONDA_PROMPT_MODIFIER=(base) LD_LIBRARY_PATH=/home/bingflame/RoArm-M1/install/astra_camera_msgs/lib:/home/bingflame/RoArm-M1/install/astra_camera/lib:/opt/ros/humble/opt/rviz_ogre_vendor/lib:/opt/ros/humble/lib/aarch64-linux-gnu:/opt/ros/humble/lib:/usr/local/cuda-12.6/lib64:/home/bingflame/xiugaihou/JetsonGPIO/build/ PYTHONPATH=/home/bingflame/RoArm-M1/install/astra_camera_msgs/lib/python3.10/site-packages:/home/bingflame/RoArm-M1/install/serial_reader/lib/python3.10/site-packages:/home/bingflame/RoArm-M1/install/serial_ctrl/lib/python3.10/site-packages:/opt/ros/humble/lib/python3.10/site-packages:/opt/ros/humble/local/lib/python3.10/dist-packages /usr/bin/cmake --install /home/bingflame/RoArm-M1/build/astra_camera
[36.541s] Level 1:colcon.colcon_core.environment:checking '/home/bingflame/RoArm-M1/install/astra_camera' for CMake config files
[36.542s] Level 1:colcon.colcon_core.shell:create_environment_hook('astra_camera', 'cmake_prefix_path')
[36.542s] INFO:colcon.colcon_core.shell:Creating environment hook '/home/bingflame/RoArm-M1/install/astra_camera/share/astra_camera/hook/cmake_prefix_path.ps1'
[36.544s] INFO:colcon.colcon_core.shell:Creating environment descriptor '/home/bingflame/RoArm-M1/install/astra_camera/share/astra_camera/hook/cmake_prefix_path.dsv'
[36.546s] INFO:colcon.colcon_core.shell:Creating environment hook '/home/bingflame/RoArm-M1/install/astra_camera/share/astra_camera/hook/cmake_prefix_path.sh'
[36.547s] Level 1:colcon.colcon_core.environment:checking '/home/bingflame/RoArm-M1/install/astra_camera/lib'
[36.547s] Level 1:colcon.colcon_core.shell:create_environment_hook('astra_camera', 'ld_library_path_lib')
[36.548s] INFO:colcon.colcon_core.shell:Creating environment hook '/home/bingflame/RoArm-M1/install/astra_camera/share/astra_camera/hook/ld_library_path_lib.ps1'
[36.549s] INFO:colcon.colcon_core.shell:Creating environment descriptor '/home/bingflame/RoArm-M1/install/astra_camera/share/astra_camera/hook/ld_library_path_lib.dsv'
[36.550s] INFO:colcon.colcon_core.shell:Creating environment hook '/home/bingflame/RoArm-M1/install/astra_camera/share/astra_camera/hook/ld_library_path_lib.sh'
[36.550s] Level 1:colcon.colcon_core.environment:checking '/home/bingflame/RoArm-M1/install/astra_camera/bin'
[36.551s] Level 1:colcon.colcon_core.environment:checking '/home/bingflame/RoArm-M1/install/astra_camera/lib/pkgconfig/astra_camera.pc'
[36.551s] Level 1:colcon.colcon_core.environment:checking '/home/bingflame/RoArm-M1/install/astra_camera/lib/python3.10/site-packages'
[36.551s] Level 1:colcon.colcon_core.environment:checking '/home/bingflame/RoArm-M1/install/astra_camera/bin'
[36.552s] INFO:colcon.colcon_core.shell:Creating package script '/home/bingflame/RoArm-M1/install/astra_camera/share/astra_camera/package.ps1'
[36.553s] INFO:colcon.colcon_core.shell:Creating package descriptor '/home/bingflame/RoArm-M1/install/astra_camera/share/astra_camera/package.dsv'
[36.554s] INFO:colcon.colcon_core.shell:Creating package script '/home/bingflame/RoArm-M1/install/astra_camera/share/astra_camera/package.sh'
[36.555s] INFO:colcon.colcon_core.shell:Creating package script '/home/bingflame/RoArm-M1/install/astra_camera/share/astra_camera/package.bash'
[36.556s] INFO:colcon.colcon_core.shell:Creating package script '/home/bingflame/RoArm-M1/install/astra_camera/share/astra_camera/package.zsh'
[36.557s] Level 1:colcon.colcon_core.environment:create_file_with_runtime_dependencies(/home/bingflame/RoArm-M1/install/astra_camera/share/colcon-core/packages/astra_camera)
[36.659s] Level 1:colcon.colcon_core.environment:create_environment_scripts_only(astra_camera)
[36.660s] Level 1:colcon.colcon_core.environment:checking '/home/bingflame/RoArm-M1/install/astra_camera' for CMake module files
[36.661s] Level 1:colcon.colcon_core.environment:checking '/home/bingflame/RoArm-M1/install/astra_camera' for CMake config files
[36.662s] Level 1:colcon.colcon_core.shell:create_environment_hook('astra_camera', 'cmake_prefix_path')
[36.662s] INFO:colcon.colcon_core.shell:Creating environment hook '/home/bingflame/RoArm-M1/install/astra_camera/share/astra_camera/hook/cmake_prefix_path.ps1'
[36.664s] INFO:colcon.colcon_core.shell:Creating environment descriptor '/home/bingflame/RoArm-M1/install/astra_camera/share/astra_camera/hook/cmake_prefix_path.dsv'
[36.664s] INFO:colcon.colcon_core.shell:Creating environment hook '/home/bingflame/RoArm-M1/install/astra_camera/share/astra_camera/hook/cmake_prefix_path.sh'
[36.666s] Level 1:colcon.colcon_core.environment:checking '/home/bingflame/RoArm-M1/install/astra_camera/lib'
[36.666s] Level 1:colcon.colcon_core.shell:create_environment_hook('astra_camera', 'ld_library_path_lib')
[36.666s] INFO:colcon.colcon_core.shell:Creating environment hook '/home/bingflame/RoArm-M1/install/astra_camera/share/astra_camera/hook/ld_library_path_lib.ps1'
[36.667s] INFO:colcon.colcon_core.shell:Creating environment descriptor '/home/bingflame/RoArm-M1/install/astra_camera/share/astra_camera/hook/ld_library_path_lib.dsv'
[36.668s] INFO:colcon.colcon_core.shell:Creating environment hook '/home/bingflame/RoArm-M1/install/astra_camera/share/astra_camera/hook/ld_library_path_lib.sh'
[36.669s] Level 1:colcon.colcon_core.environment:checking '/home/bingflame/RoArm-M1/install/astra_camera/bin'
[36.669s] Level 1:colcon.colcon_core.environment:checking '/home/bingflame/RoArm-M1/install/astra_camera/lib/pkgconfig/astra_camera.pc'
[36.670s] Level 1:colcon.colcon_core.environment:checking '/home/bingflame/RoArm-M1/install/astra_camera/lib/python3.10/site-packages'
[36.670s] Level 1:colcon.colcon_core.environment:checking '/home/bingflame/RoArm-M1/install/astra_camera/bin'
[36.671s] INFO:colcon.colcon_core.shell:Creating package script '/home/bingflame/RoArm-M1/install/astra_camera/share/astra_camera/package.ps1'
[36.672s] INFO:colcon.colcon_core.shell:Creating package descriptor '/home/bingflame/RoArm-M1/install/astra_camera/share/astra_camera/package.dsv'
[36.674s] INFO:colcon.colcon_core.shell:Creating package script '/home/bingflame/RoArm-M1/install/astra_camera/share/astra_camera/package.sh'
[36.675s] INFO:colcon.colcon_core.shell:Creating package script '/home/bingflame/RoArm-M1/install/astra_camera/share/astra_camera/package.bash'
[36.676s] INFO:colcon.colcon_core.shell:Creating package script '/home/bingflame/RoArm-M1/install/astra_camera/share/astra_camera/package.zsh'
[36.677s] Level 1:colcon.colcon_core.environment:create_file_with_runtime_dependencies(/home/bingflame/RoArm-M1/install/astra_camera/share/colcon-core/packages/astra_camera)
[36.679s] DEBUG:colcon.colcon_parallel_executor.executor.parallel:closing loop
[36.679s] DEBUG:colcon.colcon_parallel_executor.executor.parallel:loop closed
[36.679s] DEBUG:colcon.colcon_parallel_executor.executor.parallel:run_until_complete finished with '0'
[36.679s] DEBUG:colcon.colcon_core.event_reactor:joining thread
[36.695s] INFO:colcon.colcon_core.plugin_system:Skipping extension 'colcon_notification.desktop_notification.terminal_notifier': Not used on non-Darwin systems
[36.696s] INFO:colcon.colcon_core.plugin_system:Skipping extension 'colcon_notification.desktop_notification.win32': Not used on non-Windows systems
[36.696s] INFO:colcon.colcon_notification.desktop_notification:Sending desktop notification using 'notify2'
[36.761s] DEBUG:colcon.colcon_notification.desktop_notification.notify2:Failed to initialize notify2: org.freedesktop.DBus.Error.Spawn.ChildExited: Process org.freedesktop.Notifications exited with status 1
[36.761s] DEBUG:colcon.colcon_core.event_reactor:joined thread
[36.762s] INFO:colcon.colcon_core.shell:Creating prefix script '/home/bingflame/RoArm-M1/install/local_setup.ps1'
[36.765s] INFO:colcon.colcon_core.shell:Creating prefix util module '/home/bingflame/RoArm-M1/install/_local_setup_util_ps1.py'
[36.768s] INFO:colcon.colcon_core.shell:Creating prefix chain script '/home/bingflame/RoArm-M1/install/setup.ps1'
[36.771s] INFO:colcon.colcon_core.shell:Creating prefix script '/home/bingflame/RoArm-M1/install/local_setup.sh'
[36.772s] INFO:colcon.colcon_core.shell:Creating prefix util module '/home/bingflame/RoArm-M1/install/_local_setup_util_sh.py'
[36.773s] INFO:colcon.colcon_core.shell:Creating prefix chain script '/home/bingflame/RoArm-M1/install/setup.sh'
[36.776s] INFO:colcon.colcon_core.shell:Creating prefix script '/home/bingflame/RoArm-M1/install/local_setup.bash'
[36.777s] INFO:colcon.colcon_core.shell:Creating prefix chain script '/home/bingflame/RoArm-M1/install/setup.bash'
[36.780s] INFO:colcon.colcon_core.shell:Creating prefix script '/home/bingflame/RoArm-M1/install/local_setup.zsh'
[36.781s] INFO:colcon.colcon_core.shell:Creating prefix chain script '/home/bingflame/RoArm-M1/install/setup.zsh'
