[0.022s] Invoking command in '/home/bingflame/RoArm-M1/build/astra_camera': CMAKE_PREFIX_PATH=/home/bingflame/RoArm-M1/install/astra_camera_msgs:/home/bingflame/RoArm-M1/install/roarm:/home/bingflame/RoArm-M1/install/astra_camera:/home/bingflame/RoArm-M1/install/serial_ctrl:/opt/ros/humble CONDA_PROMPT_MODIFIER=(base) LD_LIBRARY_PATH=/home/bingflame/RoArm-M1/install/astra_camera_msgs/lib:/home/bingflame/RoArm-M1/install/astra_camera/lib:/opt/ros/humble/opt/rviz_ogre_vendor/lib:/opt/ros/humble/lib/aarch64-linux-gnu:/opt/ros/humble/lib:/usr/local/cuda-12.6/lib64:/home/bingflame/xiugaihou/JetsonGPIO/build/ PYTHONPATH=/home/bingflame/RoArm-M1/install/astra_camera_msgs/lib/python3.10/site-packages:/home/bingflame/RoArm-M1/install/serial_ctrl/lib/python3.10/site-packages:/opt/ros/humble/lib/python3.10/site-packages:/opt/ros/humble/local/lib/python3.10/dist-packages /usr/bin/cmake --build /home/bingflame/RoArm-M1/build/astra_camera -- -j6 -l6
[0.114s] [35m[1mConsolidate compiler generated dependencies of target point_cloud_subscriber[0m
[0.153s] [ 11%] Built target point_cloud_subscriber
[0.183s] [ 88%] Built target astra_camera
[0.243s] [100%] Built target list_devices_node
[0.270s] Invoked command in '/home/bingflame/RoArm-M1/build/astra_camera' returned '0': CMAKE_PREFIX_PATH=/home/bingflame/RoArm-M1/install/astra_camera_msgs:/home/bingflame/RoArm-M1/install/roarm:/home/bingflame/RoArm-M1/install/astra_camera:/home/bingflame/RoArm-M1/install/serial_ctrl:/opt/ros/humble CONDA_PROMPT_MODIFIER=(base) LD_LIBRARY_PATH=/home/bingflame/RoArm-M1/install/astra_camera_msgs/lib:/home/bingflame/RoArm-M1/install/astra_camera/lib:/opt/ros/humble/opt/rviz_ogre_vendor/lib:/opt/ros/humble/lib/aarch64-linux-gnu:/opt/ros/humble/lib:/usr/local/cuda-12.6/lib64:/home/bingflame/xiugaihou/JetsonGPIO/build/ PYTHONPATH=/home/bingflame/RoArm-M1/install/astra_camera_msgs/lib/python3.10/site-packages:/home/bingflame/RoArm-M1/install/serial_ctrl/lib/python3.10/site-packages:/opt/ros/humble/lib/python3.10/site-packages:/opt/ros/humble/local/lib/python3.10/dist-packages /usr/bin/cmake --build /home/bingflame/RoArm-M1/build/astra_camera -- -j6 -l6
[0.370s] Invoking command in '/home/bingflame/RoArm-M1/build/astra_camera': CMAKE_PREFIX_PATH=/home/bingflame/RoArm-M1/install/astra_camera_msgs:/home/bingflame/RoArm-M1/install/roarm:/home/bingflame/RoArm-M1/install/astra_camera:/home/bingflame/RoArm-M1/install/serial_ctrl:/opt/ros/humble CONDA_PROMPT_MODIFIER=(base) LD_LIBRARY_PATH=/home/bingflame/RoArm-M1/install/astra_camera_msgs/lib:/home/bingflame/RoArm-M1/install/astra_camera/lib:/opt/ros/humble/opt/rviz_ogre_vendor/lib:/opt/ros/humble/lib/aarch64-linux-gnu:/opt/ros/humble/lib:/usr/local/cuda-12.6/lib64:/home/bingflame/xiugaihou/JetsonGPIO/build/ PYTHONPATH=/home/bingflame/RoArm-M1/install/astra_camera_msgs/lib/python3.10/site-packages:/home/bingflame/RoArm-M1/install/serial_ctrl/lib/python3.10/site-packages:/opt/ros/humble/lib/python3.10/site-packages:/opt/ros/humble/local/lib/python3.10/dist-packages /usr/bin/cmake --install /home/bingflame/RoArm-M1/build/astra_camera
[0.388s] -- Install configuration: "Debug"
[0.389s] -- Up-to-date: /home/bingflame/RoArm-M1/install/astra_camera/lib/libastra_camera.so
[0.389s] -- Up-to-date: /home/bingflame/RoArm-M1/install/astra_camera/lib/libOpenNI2.so
[0.389s] -- Up-to-date: /home/bingflame/RoArm-M1/install/astra_camera/lib//OpenNI2
[0.389s] -- Up-to-date: /home/bingflame/RoArm-M1/install/astra_camera/lib//OpenNI2/Drivers
[0.390s] -- Up-to-date: /home/bingflame/RoArm-M1/install/astra_camera/lib//OpenNI2/Drivers/liborbbec.so
[0.390s] -- Up-to-date: /home/bingflame/RoArm-M1/install/astra_camera/lib//OpenNI2/Drivers/libOniFile.so
[0.390s] -- Up-to-date: /home/bingflame/RoArm-M1/install/astra_camera/lib//OpenNI2/Drivers/OniFile.ini
[0.390s] -- Up-to-date: /home/bingflame/RoArm-M1/install/astra_camera/lib//OpenNI2/Drivers/orbbec.ini
[0.391s] -- Up-to-date: /home/bingflame/RoArm-M1/install/astra_camera/lib/astra_camera/list_devices_node
[0.391s] -- Up-to-date: /home/bingflame/RoArm-M1/install/astra_camera/include
[0.391s] -- Up-to-date: /home/bingflame/RoArm-M1/install/astra_camera/include/magic_enum.hpp
[0.391s] -- Up-to-date: /home/bingflame/RoArm-M1/install/astra_camera/include/openni2
[0.392s] -- Up-to-date: /home/bingflame/RoArm-M1/install/astra_camera/include/openni2/OniCEnums.h
[0.392s] -- Up-to-date: /home/bingflame/RoArm-M1/install/astra_camera/include/openni2/OniCTypes.h
[0.392s] -- Up-to-date: /home/bingflame/RoArm-M1/install/astra_camera/include/openni2/util.h
[0.392s] -- Up-to-date: /home/bingflame/RoArm-M1/install/astra_camera/include/openni2/openni2_redist
[0.393s] -- Up-to-date: /home/bingflame/RoArm-M1/install/astra_camera/include/openni2/openni2_redist/arm
[0.393s] -- Up-to-date: /home/bingflame/RoArm-M1/install/astra_camera/include/openni2/openni2_redist/arm/libDepthUtils.a
[0.393s] -- Up-to-date: /home/bingflame/RoArm-M1/install/astra_camera/include/openni2/openni2_redist/arm/OpenNI2
[0.393s] -- Up-to-date: /home/bingflame/RoArm-M1/install/astra_camera/include/openni2/openni2_redist/arm/OpenNI2/Drivers
[0.394s] -- Up-to-date: /home/bingflame/RoArm-M1/install/astra_camera/include/openni2/openni2_redist/arm/OpenNI2/Drivers/liborbbec.so
[0.394s] -- Up-to-date: /home/bingflame/RoArm-M1/install/astra_camera/include/openni2/openni2_redist/arm/OpenNI2/Drivers/libOniFile.so
[0.394s] -- Up-to-date: /home/bingflame/RoArm-M1/install/astra_camera/include/openni2/openni2_redist/arm/OpenNI2/Drivers/OniFile.ini
[0.395s] -- Up-to-date: /home/bingflame/RoArm-M1/install/astra_camera/include/openni2/openni2_redist/arm/OpenNI2/Drivers/orbbec.ini
[0.395s] -- Up-to-date: /home/bingflame/RoArm-M1/install/astra_camera/include/openni2/openni2_redist/arm/SimpleRead
[0.395s] -- Up-to-date: /home/bingflame/RoArm-M1/install/astra_camera/include/openni2/openni2_redist/arm/OpenNI.ini
[0.395s] -- Up-to-date: /home/bingflame/RoArm-M1/install/astra_camera/include/openni2/openni2_redist/arm/PS1080Console
[0.396s] -- Up-to-date: /home/bingflame/RoArm-M1/install/astra_camera/include/openni2/openni2_redist/arm/NiViewer
[0.396s] -- Up-to-date: /home/bingflame/RoArm-M1/install/astra_camera/include/openni2/openni2_redist/arm/libOpenNI2.so
[0.396s] -- Up-to-date: /home/bingflame/RoArm-M1/install/astra_camera/include/openni2/openni2_redist/x64
[0.397s] -- Up-to-date: /home/bingflame/RoArm-M1/install/astra_camera/include/openni2/openni2_redist/x64/OpenNI2
[0.397s] -- Up-to-date: /home/bingflame/RoArm-M1/install/astra_camera/include/openni2/openni2_redist/x64/OpenNI2/Drivers
[0.397s] -- Up-to-date: /home/bingflame/RoArm-M1/install/astra_camera/include/openni2/openni2_redist/x64/OpenNI2/Drivers/liborbbec.so
[0.397s] -- Up-to-date: /home/bingflame/RoArm-M1/install/astra_camera/include/openni2/openni2_redist/x64/OpenNI2/Drivers/libOniFile.so
[0.398s] -- Up-to-date: /home/bingflame/RoArm-M1/install/astra_camera/include/openni2/openni2_redist/x64/OpenNI2/Drivers/OniFile.ini
[0.398s] -- Up-to-date: /home/bingflame/RoArm-M1/install/astra_camera/include/openni2/openni2_redist/x64/OpenNI2/Drivers/orbbec.ini
[0.398s] -- Up-to-date: /home/bingflame/RoArm-M1/install/astra_camera/include/openni2/openni2_redist/x64/OpenNI.ini
[0.398s] -- Up-to-date: /home/bingflame/RoArm-M1/install/astra_camera/include/openni2/openni2_redist/x64/libOpenNI2.so
[0.398s] -- Up-to-date: /home/bingflame/RoArm-M1/install/astra_camera/include/openni2/openni2_redist/arm64
[0.399s] -- Up-to-date: /home/bingflame/RoArm-M1/install/astra_camera/include/openni2/openni2_redist/arm64/libDepthUtils.a
[0.399s] -- Up-to-date: /home/bingflame/RoArm-M1/install/astra_camera/include/openni2/openni2_redist/arm64/OpenNI2
[0.399s] -- Up-to-date: /home/bingflame/RoArm-M1/install/astra_camera/include/openni2/openni2_redist/arm64/OpenNI2/Drivers
[0.399s] -- Up-to-date: /home/bingflame/RoArm-M1/install/astra_camera/include/openni2/openni2_redist/arm64/OpenNI2/Drivers/liborbbec.so
[0.399s] -- Up-to-date: /home/bingflame/RoArm-M1/install/astra_camera/include/openni2/openni2_redist/arm64/OpenNI2/Drivers/libOniFile.so
[0.399s] -- Up-to-date: /home/bingflame/RoArm-M1/install/astra_camera/include/openni2/openni2_redist/arm64/OpenNI2/Drivers/OniFile.ini
[0.400s] -- Up-to-date: /home/bingflame/RoArm-M1/install/astra_camera/include/openni2/openni2_redist/arm64/OpenNI2/Drivers/orbbec.ini
[0.400s] -- Up-to-date: /home/bingflame/RoArm-M1/install/astra_camera/include/openni2/openni2_redist/arm64/SimpleRead
[0.400s] -- Up-to-date: /home/bingflame/RoArm-M1/install/astra_camera/include/openni2/openni2_redist/arm64/OpenNI.ini
[0.400s] -- Up-to-date: /home/bingflame/RoArm-M1/install/astra_camera/include/openni2/openni2_redist/arm64/PS1080Console
[0.400s] -- Up-to-date: /home/bingflame/RoArm-M1/install/astra_camera/include/openni2/openni2_redist/arm64/NiViewer
[0.400s] -- Up-to-date: /home/bingflame/RoArm-M1/install/astra_camera/include/openni2/openni2_redist/arm64/libOpenNI2.so
[0.401s] -- Up-to-date: /home/bingflame/RoArm-M1/install/astra_camera/include/openni2/KinectProperties.h
[0.401s] -- Up-to-date: /home/bingflame/RoArm-M1/install/astra_camera/include/openni2/OniVersion.h
[0.401s] -- Up-to-date: /home/bingflame/RoArm-M1/install/astra_camera/include/openni2/PSLink.h
[0.401s] -- Up-to-date: /home/bingflame/RoArm-M1/install/astra_camera/include/openni2/OniPlatform.h
[0.401s] -- Up-to-date: /home/bingflame/RoArm-M1/install/astra_camera/include/openni2/MacOSX
[0.401s] -- Up-to-date: /home/bingflame/RoArm-M1/install/astra_camera/include/openni2/MacOSX/OniPlatformMacOSX.h
[0.401s] -- Up-to-date: /home/bingflame/RoArm-M1/install/astra_camera/include/openni2/SonixCamera.h
[0.401s] -- Up-to-date: /home/bingflame/RoArm-M1/install/astra_camera/include/openni2/OniEnums.h
[0.402s] -- Up-to-date: /home/bingflame/RoArm-M1/install/astra_camera/include/openni2/OniCProperties.h
[0.402s] -- Up-to-date: /home/bingflame/RoArm-M1/install/astra_camera/include/openni2/OniProperties.h
[0.402s] -- Up-to-date: /home/bingflame/RoArm-M1/install/astra_camera/include/openni2/OniTest.h
[0.402s] -- Up-to-date: /home/bingflame/RoArm-M1/install/astra_camera/include/openni2/Linux-x86
[0.402s] -- Up-to-date: /home/bingflame/RoArm-M1/install/astra_camera/include/openni2/Linux-x86/OniPlatformLinux-x86.h
[0.402s] -- Up-to-date: /home/bingflame/RoArm-M1/install/astra_camera/include/openni2/OpenNI.h
[0.402s] -- Up-to-date: /home/bingflame/RoArm-M1/install/astra_camera/include/openni2/PrimeSense.h
[0.402s] -- Up-to-date: /home/bingflame/RoArm-M1/install/astra_camera/include/openni2/PS1080.h
[0.403s] -- Up-to-date: /home/bingflame/RoArm-M1/install/astra_camera/include/openni2/Driver
[0.403s] -- Up-to-date: /home/bingflame/RoArm-M1/install/astra_camera/include/openni2/Driver/OniDriverAPI.h
[0.403s] -- Up-to-date: /home/bingflame/RoArm-M1/install/astra_camera/include/openni2/Driver/OniDriverTypes.h
[0.403s] -- Up-to-date: /home/bingflame/RoArm-M1/install/astra_camera/include/openni2/Win32
[0.403s] -- Up-to-date: /home/bingflame/RoArm-M1/install/astra_camera/include/openni2/Win32/OniPlatformWin32.h
[0.403s] -- Up-to-date: /home/bingflame/RoArm-M1/install/astra_camera/include/openni2/Linux-Arm
[0.404s] -- Up-to-date: /home/bingflame/RoArm-M1/install/astra_camera/include/openni2/Linux-Arm/OniPlatformLinux-Arm.h
[0.409s] -- Up-to-date: /home/bingflame/RoArm-M1/install/astra_camera/include/openni2/OniCAPI.h
[0.410s] -- Up-to-date: /home/bingflame/RoArm-M1/install/astra_camera/include/openni2/Android-Arm
[0.410s] -- Up-to-date: /home/bingflame/RoArm-M1/install/astra_camera/include/openni2/Android-Arm/OniPlatformAndroid-Arm.h
[0.411s] -- Up-to-date: /home/bingflame/RoArm-M1/install/astra_camera/include/nlohmann
[0.411s] -- Up-to-date: /home/bingflame/RoArm-M1/install/astra_camera/include/nlohmann/json.hpp
[0.412s] -- Up-to-date: /home/bingflame/RoArm-M1/install/astra_camera/include/nlohmann/json_fwd.hpp
[0.412s] -- Up-to-date: /home/bingflame/RoArm-M1/install/astra_camera/include/nlohmann/thirdparty
[0.412s] -- Up-to-date: /home/bingflame/RoArm-M1/install/astra_camera/include/nlohmann/thirdparty/hedley
[0.413s] -- Up-to-date: /home/bingflame/RoArm-M1/install/astra_camera/include/nlohmann/thirdparty/hedley/hedley_undef.hpp
[0.413s] -- Up-to-date: /home/bingflame/RoArm-M1/install/astra_camera/include/nlohmann/thirdparty/hedley/hedley.hpp
[0.414s] -- Up-to-date: /home/bingflame/RoArm-M1/install/astra_camera/include/nlohmann/detail
[0.415s] -- Up-to-date: /home/bingflame/RoArm-M1/install/astra_camera/include/nlohmann/detail/abi_macros.hpp
[0.415s] -- Up-to-date: /home/bingflame/RoArm-M1/install/astra_camera/include/nlohmann/detail/conversions
[0.415s] -- Up-to-date: /home/bingflame/RoArm-M1/install/astra_camera/include/nlohmann/detail/conversions/from_json.hpp
[0.416s] -- Up-to-date: /home/bingflame/RoArm-M1/install/astra_camera/include/nlohmann/detail/conversions/to_json.hpp
[0.416s] -- Up-to-date: /home/bingflame/RoArm-M1/install/astra_camera/include/nlohmann/detail/conversions/to_chars.hpp
[0.416s] -- Up-to-date: /home/bingflame/RoArm-M1/install/astra_camera/include/nlohmann/detail/meta
[0.417s] -- Up-to-date: /home/bingflame/RoArm-M1/install/astra_camera/include/nlohmann/detail/meta/identity_tag.hpp
[0.417s] -- Up-to-date: /home/bingflame/RoArm-M1/install/astra_camera/include/nlohmann/detail/meta/type_traits.hpp
[0.417s] -- Up-to-date: /home/bingflame/RoArm-M1/install/astra_camera/include/nlohmann/detail/meta/detected.hpp
[0.418s] -- Up-to-date: /home/bingflame/RoArm-M1/install/astra_camera/include/nlohmann/detail/meta/std_fs.hpp
[0.418s] -- Up-to-date: /home/bingflame/RoArm-M1/install/astra_camera/include/nlohmann/detail/meta/cpp_future.hpp
[0.418s] -- Up-to-date: /home/bingflame/RoArm-M1/install/astra_camera/include/nlohmann/detail/meta/void_t.hpp
[0.419s] -- Up-to-date: /home/bingflame/RoArm-M1/install/astra_camera/include/nlohmann/detail/meta/is_sax.hpp
[0.419s] -- Up-to-date: /home/bingflame/RoArm-M1/install/astra_camera/include/nlohmann/detail/meta/call_std
[0.420s] -- Up-to-date: /home/bingflame/RoArm-M1/install/astra_camera/include/nlohmann/detail/meta/call_std/end.hpp
[0.421s] -- Up-to-date: /home/bingflame/RoArm-M1/install/astra_camera/include/nlohmann/detail/meta/call_std/begin.hpp
[0.422s] -- Up-to-date: /home/bingflame/RoArm-M1/install/astra_camera/include/nlohmann/detail/iterators
[0.423s] -- Up-to-date: /home/bingflame/RoArm-M1/install/astra_camera/include/nlohmann/detail/iterators/iterator_traits.hpp
[0.423s] -- Up-to-date: /home/bingflame/RoArm-M1/install/astra_camera/include/nlohmann/detail/iterators/json_reverse_iterator.hpp
[0.423s] -- Up-to-date: /home/bingflame/RoArm-M1/install/astra_camera/include/nlohmann/detail/iterators/internal_iterator.hpp
[0.423s] -- Up-to-date: /home/bingflame/RoArm-M1/install/astra_camera/include/nlohmann/detail/iterators/primitive_iterator.hpp
[0.424s] -- Up-to-date: /home/bingflame/RoArm-M1/install/astra_camera/include/nlohmann/detail/iterators/iteration_proxy.hpp
[0.424s] -- Up-to-date: /home/bingflame/RoArm-M1/install/astra_camera/include/nlohmann/detail/iterators/iter_impl.hpp
[0.425s] -- Up-to-date: /home/bingflame/RoArm-M1/install/astra_camera/include/nlohmann/detail/macro_unscope.hpp
[0.425s] -- Up-to-date: /home/bingflame/RoArm-M1/install/astra_camera/include/nlohmann/detail/macro_scope.hpp
[0.426s] -- Up-to-date: /home/bingflame/RoArm-M1/install/astra_camera/include/nlohmann/detail/output
[0.426s] -- Up-to-date: /home/bingflame/RoArm-M1/install/astra_camera/include/nlohmann/detail/output/binary_writer.hpp
[0.426s] -- Up-to-date: /home/bingflame/RoArm-M1/install/astra_camera/include/nlohmann/detail/output/serializer.hpp
[0.427s] -- Up-to-date: /home/bingflame/RoArm-M1/install/astra_camera/include/nlohmann/detail/output/output_adapters.hpp
[0.427s] -- Up-to-date: /home/bingflame/RoArm-M1/install/astra_camera/include/nlohmann/detail/input
[0.428s] -- Up-to-date: /home/bingflame/RoArm-M1/install/astra_camera/include/nlohmann/detail/input/binary_reader.hpp
[0.428s] -- Up-to-date: /home/bingflame/RoArm-M1/install/astra_camera/include/nlohmann/detail/input/input_adapters.hpp
[0.428s] -- Up-to-date: /home/bingflame/RoArm-M1/install/astra_camera/include/nlohmann/detail/input/parser.hpp
[0.429s] -- Up-to-date: /home/bingflame/RoArm-M1/install/astra_camera/include/nlohmann/detail/input/position_t.hpp
[0.429s] -- Up-to-date: /home/bingflame/RoArm-M1/install/astra_camera/include/nlohmann/detail/input/json_sax.hpp
[0.429s] -- Up-to-date: /home/bingflame/RoArm-M1/install/astra_camera/include/nlohmann/detail/input/lexer.hpp
[0.430s] -- Up-to-date: /home/bingflame/RoArm-M1/install/astra_camera/include/nlohmann/detail/string_concat.hpp
[0.430s] -- Up-to-date: /home/bingflame/RoArm-M1/install/astra_camera/include/nlohmann/detail/value_t.hpp
[0.430s] -- Up-to-date: /home/bingflame/RoArm-M1/install/astra_camera/include/nlohmann/detail/hash.hpp
[0.431s] -- Up-to-date: /home/bingflame/RoArm-M1/install/astra_camera/include/nlohmann/detail/json_custom_base_class.hpp
[0.431s] -- Up-to-date: /home/bingflame/RoArm-M1/install/astra_camera/include/nlohmann/detail/exceptions.hpp
[0.433s] -- Up-to-date: /home/bingflame/RoArm-M1/install/astra_camera/include/nlohmann/detail/json_ref.hpp
[0.433s] -- Up-to-date: /home/bingflame/RoArm-M1/install/astra_camera/include/nlohmann/detail/string_escape.hpp
[0.433s] -- Up-to-date: /home/bingflame/RoArm-M1/install/astra_camera/include/nlohmann/detail/json_pointer.hpp
[0.433s] -- Up-to-date: /home/bingflame/RoArm-M1/install/astra_camera/include/nlohmann/adl_serializer.hpp
[0.434s] -- Up-to-date: /home/bingflame/RoArm-M1/install/astra_camera/include/nlohmann/ordered_map.hpp
[0.434s] -- Up-to-date: /home/bingflame/RoArm-M1/install/astra_camera/include/nlohmann/byte_container_with_subtype.hpp
[0.434s] -- Up-to-date: /home/bingflame/RoArm-M1/install/astra_camera/include/astra_camera
[0.434s] -- Up-to-date: /home/bingflame/RoArm-M1/install/astra_camera/include/astra_camera/device_listener.h
[0.434s] -- Up-to-date: /home/bingflame/RoArm-M1/install/astra_camera/include/astra_camera/constants.h
[0.434s] -- Up-to-date: /home/bingflame/RoArm-M1/install/astra_camera/include/astra_camera/magic_enum.hpp
[0.434s] -- Up-to-date: /home/bingflame/RoArm-M1/install/astra_camera/include/astra_camera/point_cloud_proc
[0.435s] -- Up-to-date: /home/bingflame/RoArm-M1/install/astra_camera/include/astra_camera/point_cloud_proc/point_cloud_xyzrgb.h
[0.435s] -- Up-to-date: /home/bingflame/RoArm-M1/install/astra_camera/include/astra_camera/point_cloud_proc/depth_traits.h
[0.435s] -- Up-to-date: /home/bingflame/RoArm-M1/install/astra_camera/include/astra_camera/point_cloud_proc/point_cloud_xyz.h
[0.435s] -- Up-to-date: /home/bingflame/RoArm-M1/install/astra_camera/include/astra_camera/ob_timer_filter.h
[0.435s] -- Up-to-date: /home/bingflame/RoArm-M1/install/astra_camera/include/astra_camera/utils.h
[0.435s] -- Up-to-date: /home/bingflame/RoArm-M1/install/astra_camera/include/astra_camera/dynamic_params.h
[0.435s] -- Up-to-date: /home/bingflame/RoArm-M1/install/astra_camera/include/astra_camera/ob_camera_node_factory.h
[0.436s] -- Up-to-date: /home/bingflame/RoArm-M1/install/astra_camera/include/astra_camera/ob_camera_node.h
[0.436s] -- Up-to-date: /home/bingflame/RoArm-M1/install/astra_camera/include/astra_camera/ros_param_backend.h
[0.436s] -- Up-to-date: /home/bingflame/RoArm-M1/install/astra_camera/include/astra_camera/ob_frame_listener.h
[0.436s] -- Up-to-date: /home/bingflame/RoArm-M1/install/astra_camera/include/astra_camera/uvc_camera_driver.h
[0.436s] -- Up-to-date: /home/bingflame/RoArm-M1/install/astra_camera/include/astra_camera/types.h
[0.436s] -- Up-to-date: /home/bingflame/RoArm-M1/install/astra_camera/share/astra_camera//launch
[0.436s] -- Up-to-date: /home/bingflame/RoArm-M1/install/astra_camera/share/astra_camera//launch/dabai.launch.py
[0.437s] -- Up-to-date: /home/bingflame/RoArm-M1/install/astra_camera/share/astra_camera//launch/multi_astra_mini.launch.py
[0.438s] -- Up-to-date: /home/bingflame/RoArm-M1/install/astra_camera/share/astra_camera//launch/dabai_dw.launch.py
[0.438s] -- Up-to-date: /home/bingflame/RoArm-M1/install/astra_camera/share/astra_camera//launch/dabai_dcw.launch.py
[0.438s] -- Up-to-date: /home/bingflame/RoArm-M1/install/astra_camera/share/astra_camera//launch/multi_dabai.launch.py
[0.438s] -- Up-to-date: /home/bingflame/RoArm-M1/install/astra_camera/share/astra_camera//launch/.gitkeep
[0.438s] -- Up-to-date: /home/bingflame/RoArm-M1/install/astra_camera/share/astra_camera//launch/multi_dabai_dcw.launch.py
[0.439s] -- Up-to-date: /home/bingflame/RoArm-M1/install/astra_camera/share/astra_camera//launch/dabai_pro.launch.py
[0.439s] -- Up-to-date: /home/bingflame/RoArm-M1/install/astra_camera/share/astra_camera//launch/astra_mini.launch.py
[0.439s] -- Up-to-date: /home/bingflame/RoArm-M1/install/astra_camera/share/astra_camera//launch/multi_dabai_pro.launch.py
[0.439s] -- Up-to-date: /home/bingflame/RoArm-M1/install/astra_camera/share/astra_camera//launch/multi_dabai_dw.launch.py
[0.439s] -- Up-to-date: /home/bingflame/RoArm-M1/install/astra_camera/share/astra_camera//config
[0.439s] -- Up-to-date: /home/bingflame/RoArm-M1/install/astra_camera/share/astra_camera//config/.gitkeep
[0.439s] -- Up-to-date: /home/bingflame/RoArm-M1/install/astra_camera/share/astra_camera//params
[0.439s] -- Up-to-date: /home/bingflame/RoArm-M1/install/astra_camera/share/astra_camera//params/dabai_params.yaml
[0.440s] -- Up-to-date: /home/bingflame/RoArm-M1/install/astra_camera/share/astra_camera//params/camera_params_template.yaml
[0.440s] -- Up-to-date: /home/bingflame/RoArm-M1/install/astra_camera/share/astra_camera//params/.gitkeep
[0.440s] -- Up-to-date: /home/bingflame/RoArm-M1/install/astra_camera/share/astra_camera//params/dabai_pro_params.yaml
[0.440s] -- Up-to-date: /home/bingflame/RoArm-M1/install/astra_camera/share/astra_camera//params/astra_mini_params.yaml
[0.440s] -- Up-to-date: /home/bingflame/RoArm-M1/install/astra_camera/share/astra_camera//params/dabai_dw_params.yaml
[0.440s] -- Up-to-date: /home/bingflame/RoArm-M1/install/astra_camera/share/astra_camera//params/dabai_dcw_params.yaml
[0.440s] -- Up-to-date: /home/bingflame/RoArm-M1/install/astra_camera/share/astra_camera//rviz
[0.441s] -- Up-to-date: /home/bingflame/RoArm-M1/install/astra_camera/share/astra_camera//rviz/pointcloud.rviz
[0.441s] -- Up-to-date: /home/bingflame/RoArm-M1/install/astra_camera/share/astra_camera//rviz/.gitkeep
[0.441s] -- Up-to-date: /home/bingflame/RoArm-M1/install/astra_camera/share/astra_camera//rviz/multi_camera.rviz
[0.441s] -- Up-to-date: /home/bingflame/RoArm-M1/install/astra_camera/share/astra_camera/environment/library_path.sh
[0.441s] -- Up-to-date: /home/bingflame/RoArm-M1/install/astra_camera/share/astra_camera/environment/library_path.dsv
[0.441s] -- Up-to-date: /home/bingflame/RoArm-M1/install/astra_camera/share/ament_index/resource_index/package_run_dependencies/astra_camera
[0.441s] -- Up-to-date: /home/bingflame/RoArm-M1/install/astra_camera/share/ament_index/resource_index/parent_prefix_path/astra_camera
[0.442s] -- Up-to-date: /home/bingflame/RoArm-M1/install/astra_camera/share/astra_camera/environment/ament_prefix_path.sh
[0.442s] -- Up-to-date: /home/bingflame/RoArm-M1/install/astra_camera/share/astra_camera/environment/ament_prefix_path.dsv
[0.442s] -- Up-to-date: /home/bingflame/RoArm-M1/install/astra_camera/share/astra_camera/environment/path.sh
[0.442s] -- Up-to-date: /home/bingflame/RoArm-M1/install/astra_camera/share/astra_camera/environment/path.dsv
[0.442s] -- Up-to-date: /home/bingflame/RoArm-M1/install/astra_camera/share/astra_camera/local_setup.bash
[0.442s] -- Up-to-date: /home/bingflame/RoArm-M1/install/astra_camera/share/astra_camera/local_setup.sh
[0.442s] -- Up-to-date: /home/bingflame/RoArm-M1/install/astra_camera/share/astra_camera/local_setup.zsh
[0.443s] -- Up-to-date: /home/bingflame/RoArm-M1/install/astra_camera/share/astra_camera/local_setup.dsv
[0.443s] -- Installing: /home/bingflame/RoArm-M1/install/astra_camera/share/astra_camera/package.dsv
[0.443s] -- Up-to-date: /home/bingflame/RoArm-M1/install/astra_camera/share/ament_index/resource_index/packages/astra_camera
[0.443s] -- Up-to-date: /home/bingflame/RoArm-M1/install/astra_camera/share/ament_index/resource_index/rclcpp_components/astra_camera
[0.443s] -- Up-to-date: /home/bingflame/RoArm-M1/install/astra_camera/share/astra_camera/cmake/ament_cmake_export_include_directories-extras.cmake
[0.443s] -- Up-to-date: /home/bingflame/RoArm-M1/install/astra_camera/share/astra_camera/cmake/ament_cmake_export_libraries-extras.cmake
[0.443s] -- Up-to-date: /home/bingflame/RoArm-M1/install/astra_camera/share/astra_camera/cmake/ament_cmake_export_dependencies-extras.cmake
[0.444s] -- Up-to-date: /home/bingflame/RoArm-M1/install/astra_camera/share/astra_camera/cmake/astra_cameraConfig.cmake
[0.444s] -- Up-to-date: /home/bingflame/RoArm-M1/install/astra_camera/share/astra_camera/cmake/astra_cameraConfig-version.cmake
[0.444s] -- Up-to-date: /home/bingflame/RoArm-M1/install/astra_camera/share/astra_camera/package.xml
[0.444s] -- Up-to-date: /home/bingflame/RoArm-M1/install/astra_camera/lib/astra_camera/point_cloud_subscriber
[0.444s] Invoked command in '/home/bingflame/RoArm-M1/build/astra_camera' returned '0': CMAKE_PREFIX_PATH=/home/bingflame/RoArm-M1/install/astra_camera_msgs:/home/bingflame/RoArm-M1/install/roarm:/home/bingflame/RoArm-M1/install/astra_camera:/home/bingflame/RoArm-M1/install/serial_ctrl:/opt/ros/humble CONDA_PROMPT_MODIFIER=(base) LD_LIBRARY_PATH=/home/bingflame/RoArm-M1/install/astra_camera_msgs/lib:/home/bingflame/RoArm-M1/install/astra_camera/lib:/opt/ros/humble/opt/rviz_ogre_vendor/lib:/opt/ros/humble/lib/aarch64-linux-gnu:/opt/ros/humble/lib:/usr/local/cuda-12.6/lib64:/home/bingflame/xiugaihou/JetsonGPIO/build/ PYTHONPATH=/home/bingflame/RoArm-M1/install/astra_camera_msgs/lib/python3.10/site-packages:/home/bingflame/RoArm-M1/install/serial_ctrl/lib/python3.10/site-packages:/opt/ros/humble/lib/python3.10/site-packages:/opt/ros/humble/local/lib/python3.10/dist-packages /usr/bin/cmake --install /home/bingflame/RoArm-M1/build/astra_camera
