[1.851s] Invoking command in '/home/bingflame/firerush/src/serial_ctrl': PYTHONPATH=/home/bingflame/firerush/build/serial_ctrl/prefix_override:/usr/lib/python3/dist-packages/colcon_core/task/python/colcon_distutils_commands:/home/bingflame/firerush/install/serial_ctrl/lib/python3.10/site-packages:${PYTHONPATH} /usr/bin/python3 -W ignore:setup.py install is deprecated setup.py egg_info --egg-base ../../build/serial_ctrl build --build-base /home/bingflame/firerush/build/serial_ctrl/build install --record /home/bingflame/firerush/build/serial_ctrl/install.log --single-version-externally-managed install_data
[2.397s] running egg_info
[2.399s] creating ../../build/serial_ctrl/serial_ctrl.egg-info
[2.400s] writing ../../build/serial_ctrl/serial_ctrl.egg-info/PKG-INFO
[2.401s] writing dependency_links to ../../build/serial_ctrl/serial_ctrl.egg-info/dependency_links.txt
[2.402s] writing entry points to ../../build/serial_ctrl/serial_ctrl.egg-info/entry_points.txt
[2.403s] writing requirements to ../../build/serial_ctrl/serial_ctrl.egg-info/requires.txt
[2.404s] writing top-level names to ../../build/serial_ctrl/serial_ctrl.egg-info/top_level.txt
[2.405s] writing manifest file '../../build/serial_ctrl/serial_ctrl.egg-info/SOURCES.txt'
[2.411s] reading manifest file '../../build/serial_ctrl/serial_ctrl.egg-info/SOURCES.txt'
[2.413s] writing manifest file '../../build/serial_ctrl/serial_ctrl.egg-info/SOURCES.txt'
[2.414s] running build
[2.415s] running build_py
[2.415s] creating /home/bingflame/firerush/build/serial_ctrl/build
[2.416s] creating /home/bingflame/firerush/build/serial_ctrl/build/lib
[2.417s] creating /home/bingflame/firerush/build/serial_ctrl/build/lib/serial_ctrl
[2.417s] copying serial_ctrl/serial_ctrl_py.py -> /home/bingflame/firerush/build/serial_ctrl/build/lib/serial_ctrl
[2.418s] copying serial_ctrl/__init__.py -> /home/bingflame/firerush/build/serial_ctrl/build/lib/serial_ctrl
[2.419s] running install
[2.421s] running install_lib
[2.423s] creating /home/bingflame/firerush/install/serial_ctrl/lib/python3.10/site-packages/serial_ctrl
[2.424s] copying /home/bingflame/firerush/build/serial_ctrl/build/lib/serial_ctrl/serial_ctrl_py.py -> /home/bingflame/firerush/install/serial_ctrl/lib/python3.10/site-packages/serial_ctrl
[2.425s] copying /home/bingflame/firerush/build/serial_ctrl/build/lib/serial_ctrl/__init__.py -> /home/bingflame/firerush/install/serial_ctrl/lib/python3.10/site-packages/serial_ctrl
[2.427s] byte-compiling /home/bingflame/firerush/install/serial_ctrl/lib/python3.10/site-packages/serial_ctrl/serial_ctrl_py.py to serial_ctrl_py.cpython-310.pyc
[2.430s] byte-compiling /home/bingflame/firerush/install/serial_ctrl/lib/python3.10/site-packages/serial_ctrl/__init__.py to __init__.cpython-310.pyc
[2.431s] running install_data
[2.432s] creating /home/bingflame/firerush/install/serial_ctrl/share/ament_index
[2.432s] creating /home/bingflame/firerush/install/serial_ctrl/share/ament_index/resource_index
[2.433s] creating /home/bingflame/firerush/install/serial_ctrl/share/ament_index/resource_index/packages
[2.434s] copying resource/serial_ctrl -> /home/bingflame/firerush/install/serial_ctrl/share/ament_index/resource_index/packages
[2.435s] copying package.xml -> /home/bingflame/firerush/install/serial_ctrl/share/serial_ctrl
[2.435s] running install_egg_info
[2.440s] Copying ../../build/serial_ctrl/serial_ctrl.egg-info to /home/bingflame/firerush/install/serial_ctrl/lib/python3.10/site-packages/serial_ctrl-0.0.0-py3.10.egg-info
[2.443s] running install_scripts
[2.513s] Installing serial_ctrl script to /home/bingflame/firerush/install/serial_ctrl/lib/serial_ctrl
[2.514s] writing list of installed files to '/home/bingflame/firerush/build/serial_ctrl/install.log'
[2.703s] Invoked command in '/home/bingflame/firerush/src/serial_ctrl' returned '0': PYTHONPATH=/home/bingflame/firerush/build/serial_ctrl/prefix_override:/usr/lib/python3/dist-packages/colcon_core/task/python/colcon_distutils_commands:/home/bingflame/firerush/install/serial_ctrl/lib/python3.10/site-packages:${PYTHONPATH} /usr/bin/python3 -W ignore:setup.py install is deprecated setup.py egg_info --egg-base ../../build/serial_ctrl build --build-base /home/bingflame/firerush/build/serial_ctrl/build install --record /home/bingflame/firerush/build/serial_ctrl/install.log --single-version-externally-managed install_data
